[ 2018-01-02T11:55:41+08:00 ] 127.0.0.1 /
INFO: [ app_init ] --START--
INFO: Run Behavior\BuildLiteBehavior [ RunTime:0.000000s ]
INFO: [ app_init ] --END-- [ RunTime:0.000000s ]
ERR: SQLSTATE[HY000] [1049] Unknown database 'video_hd'
ERR: SQLSTATE[HY000] [1049] Unknown database 'video_hd'
ERR: SQLSTATE[HY000] [1049] Unknown database 'video_hd'
ERR: SQLSTATE[HY000] [1049] Unknown database 'video_hd'
ERR: SQLSTATE[HY000] [1049] Unknown database 'video_hd'
ERR: SQLSTATE[HY000] [1049] Unknown database 'video_hd'

[ 2018-01-02T11:57:08+08:00 ] 127.0.0.1 /
INFO: [ app_init ] --START--
INFO: Run Behavior\BuildLiteBehavior [ RunTime:0.000000s ]
INFO: [ app_init ] --END-- [ RunTime:0.000000s ]
ERR: SQLSTATE[HY000] [1049] Unknown database 'video_hd'
ERR: SQLSTATE[HY000] [1049] Unknown database 'video_hd'
ERR: SQLSTATE[HY000] [1049] Unknown database 'video_hd'
ERR: SQLSTATE[HY000] [1049] Unknown database 'video_hd'
ERR: SQLSTATE[HY000] [1049] Unknown database 'video_hd'
ERR: SQLSTATE[HY000] [1049] Unknown database 'video_hd'

[ 2018-01-02T11:57:10+08:00 ] 127.0.0.1 /
INFO: [ app_init ] --START--
INFO: Run Behavior\BuildLiteBehavior [ RunTime:0.000000s ]
INFO: [ app_init ] --END-- [ RunTime:0.000000s ]
ERR: SQLSTATE[HY000] [1049] Unknown database 'video_hd'
ERR: SQLSTATE[HY000] [1049] Unknown database 'video_hd'
ERR: SQLSTATE[HY000] [1049] Unknown database 'video_hd'
ERR: SQLSTATE[HY000] [1049] Unknown database 'video_hd'
ERR: SQLSTATE[HY000] [1049] Unknown database 'video_hd'
ERR: SQLSTATE[HY000] [1049] Unknown database 'video_hd'

