[ 2017-09-19T11:15:46+08:00 ] 127.0.0.1 /admin
INFO: [ app_init ] --START--
INFO: Run Behavior\BuildLiteBehavior [ RunTime:0.000000s ]
INFO: [ app_init ] --END-- [ RunTime:0.001000s ]
INFO: [ app_begin ] --START--
INFO: Run Behavior\ReadHtmlCacheBehavior [ RunTime:0.001000s ]
INFO: Run Behavior\CheckLangBehavior [ RunTime:0.004000s ]
INFO: [ app_begin ] --END-- [ RunTime:0.005000s ]
NOTIC: [2048] Declaration of Admin\Controller\AdminController::opVisible() should be compatible with Admin\Controller\PublicController::opVisible($is_tree = 0) E:\Little\web\video_hd\LQapps\Admin\Controller\AdminController.class.php 第 6 行.
NOTIC: [2048] Declaration of Admin\Controller\AdminController::opDelete() should be compatible with Admin\Controller\PublicController::opDelete($is_tree = 0) E:\Little\web\video_hd\LQapps\Admin\Controller\AdminController.class.php 第 6 行.

[ 2017-09-19T11:15:46+08:00 ] 127.0.0.1 /sys-index.php/Login/login
INFO: [ app_init ] --START--
INFO: Run Behavior\BuildLiteBehavior [ RunTime:0.000000s ]
INFO: [ app_init ] --END-- [ RunTime:0.001001s ]
INFO: [ app_begin ] --START--
INFO: Run Behavior\ReadHtmlCacheBehavior [ RunTime:0.001000s ]
INFO: Run Behavior\CheckLangBehavior [ RunTime:0.001000s ]
INFO: [ app_begin ] --END-- [ RunTime:0.002000s ]
INFO: [ view_parse ] --START--
INFO: [ template_filter ] --START--
INFO: Run Behavior\ContentReplaceBehavior [ RunTime:0.000000s ]
INFO: [ template_filter ] --END-- [ RunTime:0.000000s ]
INFO: Run Behavior\ParseTemplateBehavior [ RunTime:0.021001s ]
INFO: [ view_parse ] --END-- [ RunTime:0.021001s ]
INFO: [ view_filter ] --START--
INFO: Run Behavior\WriteHtmlCacheBehavior [ RunTime:0.000000s ]
INFO: Run Behavior\ShowRuntimeBehavior [ RunTime:0.000000s ]
INFO: Run Behavior\TokenBuildBehavior [ RunTime:0.000000s ]
INFO: [ view_filter ] --END-- [ RunTime:0.000000s ]
INFO: [ app_end ] --START--
INFO: Run Behavior\ShowPageTraceBehavior [ RunTime:0.000000s ]
INFO: [ app_end ] --END-- [ RunTime:0.000000s ]

[ 2017-09-19T11:15:46+08:00 ] 127.0.0.1 /sys-index.php/Login/checkCode
INFO: [ app_init ] --START--
INFO: Run Behavior\BuildLiteBehavior [ RunTime:0.000000s ]
INFO: [ app_init ] --END-- [ RunTime:0.001000s ]
INFO: [ app_begin ] --START--
INFO: Run Behavior\ReadHtmlCacheBehavior [ RunTime:0.000000s ]
INFO: Run Behavior\CheckLangBehavior [ RunTime:0.002001s ]
INFO: [ app_begin ] --END-- [ RunTime:0.002001s ]
INFO: [ app_end ] --START--
INFO: Run Behavior\ShowPageTraceBehavior [ RunTime:0.000000s ]
INFO: [ app_end ] --END-- [ RunTime:0.000000s ]

[ 2017-09-19T11:15:52+08:00 ] 127.0.0.1 /sys-index.php/Login/login
INFO: [ app_init ] --START--
INFO: Run Behavior\BuildLiteBehavior [ RunTime:0.000000s ]
INFO: [ app_init ] --END-- [ RunTime:0.000000s ]
INFO: [ app_begin ] --START--
INFO: Run Behavior\ReadHtmlCacheBehavior [ RunTime:0.001000s ]
INFO: Run Behavior\CheckLangBehavior [ RunTime:0.001000s ]
INFO: [ app_begin ] --END-- [ RunTime:0.002000s ]

[ 2017-09-19T11:15:53+08:00 ] 127.0.0.1 /sys-index.php/Login/checkCode/v/0.28929203703930395
INFO: [ app_init ] --START--
INFO: Run Behavior\BuildLiteBehavior [ RunTime:0.000000s ]
INFO: [ app_init ] --END-- [ RunTime:0.001000s ]
INFO: [ app_begin ] --START--
INFO: Run Behavior\ReadHtmlCacheBehavior [ RunTime:0.001000s ]
INFO: Run Behavior\CheckLangBehavior [ RunTime:0.001000s ]
INFO: [ app_begin ] --END-- [ RunTime:0.002000s ]
INFO: [ app_end ] --START--
INFO: Run Behavior\ShowPageTraceBehavior [ RunTime:0.001000s ]
INFO: [ app_end ] --END-- [ RunTime:0.001000s ]

[ 2017-09-19T11:15:56+08:00 ] 127.0.0.1 /sys-index.php/Login/login
INFO: [ app_init ] --START--
INFO: Run Behavior\BuildLiteBehavior [ RunTime:0.000000s ]
INFO: [ app_init ] --END-- [ RunTime:0.001000s ]
INFO: [ app_begin ] --START--
INFO: Run Behavior\ReadHtmlCacheBehavior [ RunTime:0.001000s ]
INFO: Run Behavior\CheckLangBehavior [ RunTime:0.001000s ]
INFO: [ app_begin ] --END-- [ RunTime:0.002000s ]
SQL: SELECT `id`,`zc_account`,`zc_email`,`zc_mobile`,`zc_password`,`zc_salt`,`zn_trylogin_times`,`zn_trylogin_lasttime`,`zl_visible` FROM `lq_admin` WHERE `zc_account` = 'littleHe' LIMIT 1   [ RunTime:0.0100s ]
SQL: UPDATE `lq_admin` SET `zn_login_times`=zn_login_times+1,`zn_last_login_time`='1505790956',`zn_mdate`='1505790956',`zn_trylogin_times`='0',`zn_trylogin_lasttime`='1505790956' WHERE `id` = 1 [ RunTime:0.0010s ]
SQL: SELECT * FROM `lq_admin` WHERE ( id = 1 ) LIMIT 1   [ RunTime:0.0010s ]
SQL: SELECT `id`,`zn_fid`,`zc_caption` FROM `lq_system_menu` WHERE ( zn_fid=1 and zl_is_menu=1 ) ORDER BY zn_sort ASC,id ASC  [ RunTime:0.0070s ]
NOTIC: [8] Undefined variable: index E:\Little\web\video_hd\LQapps\User\Model\AdminModel.class.php 第 495 行.
NOTIC: [8] Undefined index: zc_run E:\Little\web\video_hd\LQapps\User\Model\AdminModel.class.php 第 502 行.
SQL: SELECT `id`,`zn_fid`,`zc_caption`,`zc_run_table`,`zc_run`,`zn_type`,`zc_target` FROM `lq_system_menu` WHERE (  zl_visible=1 and zl_is_menu=1 and zn_fid=2 ) ORDER BY zn_sort ASC,id ASC  [ RunTime:0.0010s ]
SQL: SELECT `id`,`zn_fid`,`zc_caption`,`zc_run_table`,`zc_run`,`zn_type`,`zc_target` FROM `lq_system_menu` WHERE (  zl_visible=1 and zl_is_menu=1 and zn_fid=48 ) ORDER BY zn_sort ASC,id ASC  [ RunTime:0.0010s ]
SQL: SELECT `id`,`zn_fid`,`zc_caption`,`zc_run_table`,`zc_run`,`zn_type`,`zc_target` FROM `lq_system_menu` WHERE (  zl_visible=1 and zl_is_menu=1 and zn_fid=49 ) ORDER BY zn_sort ASC,id ASC  [ RunTime:0.0010s ]
SQL: SELECT `id`,`zn_fid`,`zc_caption`,`zc_run_table`,`zc_run`,`zn_type`,`zc_target` FROM `lq_system_menu` WHERE (  zl_visible=1 and zl_is_menu=1 and zn_fid=50 ) ORDER BY zn_sort ASC,id ASC  [ RunTime:0.0010s ]
NOTIC: [8] Undefined index: zc_run E:\Little\web\video_hd\LQapps\User\Model\AdminModel.class.php 第 502 行.
SQL: SELECT `id`,`zn_fid`,`zc_caption`,`zc_run_table`,`zc_run`,`zn_type`,`zc_target` FROM `lq_system_menu` WHERE (  zl_visible=1 and zl_is_menu=1 and zn_fid=41 ) ORDER BY zn_sort ASC,id ASC  [ RunTime:0.0000s ]
SQL: SELECT `id`,`zn_fid`,`zc_caption`,`zc_run_table`,`zc_run`,`zn_type`,`zc_target` FROM `lq_system_menu` WHERE (  zl_visible=1 and zl_is_menu=1 and zn_fid=65 ) ORDER BY zn_sort ASC,id ASC  [ RunTime:0.0010s ]
NOTIC: [8] Undefined index: zc_run E:\Little\web\video_hd\LQapps\User\Model\AdminModel.class.php 第 502 行.
SQL: SELECT `id`,`zn_fid`,`zc_caption`,`zc_run_table`,`zc_run`,`zn_type`,`zc_target` FROM `lq_system_menu` WHERE (  zl_visible=1 and zl_is_menu=1 and zn_fid=42 ) ORDER BY zn_sort ASC,id ASC  [ RunTime:0.0010s ]
SQL: SELECT `id`,`zn_fid`,`zc_caption`,`zc_run_table`,`zc_run`,`zn_type`,`zc_target` FROM `lq_system_menu` WHERE (  zl_visible=1 and zl_is_menu=1 and zn_fid=113 ) ORDER BY zn_sort ASC,id ASC  [ RunTime:0.0020s ]
NOTIC: [8] Undefined index: zc_run E:\Little\web\video_hd\LQapps\User\Model\AdminModel.class.php 第 502 行.
SQL: SELECT `id`,`zn_fid`,`zc_caption`,`zc_run_table`,`zc_run`,`zn_type`,`zc_target` FROM `lq_system_menu` WHERE (  zl_visible=1 and zl_is_menu=1 and zn_fid=45 ) ORDER BY zn_sort ASC,id ASC  [ RunTime:0.0020s ]
SQL: SELECT `id`,`zn_fid`,`zc_caption`,`zc_run_table`,`zc_run`,`zn_type`,`zc_target` FROM `lq_system_menu` WHERE (  zl_visible=1 and zl_is_menu=1 and zn_fid=67 ) ORDER BY zn_sort ASC,id ASC  [ RunTime:0.0020s ]
NOTIC: [8] Undefined index: zc_run E:\Little\web\video_hd\LQapps\User\Model\AdminModel.class.php 第 502 行.
SQL: SELECT `id`,`zn_fid`,`zc_caption`,`zc_run_table`,`zc_run`,`zn_type`,`zc_target` FROM `lq_system_menu` WHERE (  zl_visible=1 and zl_is_menu=1 and zn_fid=47 ) ORDER BY zn_sort ASC,id ASC  [ RunTime:0.0010s ]
NOTIC: [8] Undefined index: zc_run E:\Little\web\video_hd\LQapps\User\Model\AdminModel.class.php 第 502 行.
SQL: SELECT `id`,`zn_fid`,`zc_caption`,`zc_run_table`,`zc_run`,`zn_type`,`zc_target` FROM `lq_system_menu` WHERE (  zl_visible=1 and zl_is_menu=1 and zn_fid=110 ) ORDER BY zn_sort ASC,id ASC  [ RunTime:0.0010s ]
SQL: SELECT `id`,`zn_fid`,`zc_caption`,`zc_run_table`,`zc_run`,`zn_type`,`zc_target` FROM `lq_system_menu` WHERE (  zl_visible=1 and zl_is_menu=1 and zn_fid=69 ) ORDER BY zn_sort ASC,id ASC  [ RunTime:0.0010s ]
SQL: SELECT `id`,`zn_fid`,`zc_caption`,`zc_run_table`,`zc_run`,`zn_type`,`zc_target` FROM `lq_system_menu` WHERE (  zl_visible=1 and zl_is_menu=1 and zn_fid=73 ) ORDER BY zn_sort ASC,id ASC  [ RunTime:0.0010s ]
NOTIC: [8] Undefined index: zc_run E:\Little\web\video_hd\LQapps\User\Model\AdminModel.class.php 第 502 行.
SQL: SELECT `id`,`zn_fid`,`zc_caption`,`zc_run_table`,`zc_run`,`zn_type`,`zc_target` FROM `lq_system_menu` WHERE (  zl_visible=1 and zl_is_menu=1 and zn_fid=111 ) ORDER BY zn_sort ASC,id ASC  [ RunTime:0.0010s ]
NOTIC: [8] Undefined index: zc_run E:\Little\web\video_hd\LQapps\User\Model\AdminModel.class.php 第 502 行.
SQL: SELECT `id`,`zn_fid`,`zc_caption`,`zc_run_table`,`zc_run`,`zn_type`,`zc_target` FROM `lq_system_menu` WHERE (  zl_visible=1 and zl_is_menu=1 and zn_fid=46 ) ORDER BY zn_sort ASC,id ASC  [ RunTime:0.0000s ]
NOTIC: [8] Undefined index: zc_run E:\Little\web\video_hd\LQapps\User\Model\AdminModel.class.php 第 502 行.
SQL: SELECT `id`,`zn_fid`,`zc_caption`,`zc_run_table`,`zc_run`,`zn_type`,`zc_target` FROM `lq_system_menu` WHERE (  zl_visible=1 and zl_is_menu=1 and zn_fid=64 ) ORDER BY zn_sort ASC,id ASC  [ RunTime:0.0010s ]
SQL: SELECT `id`,`zn_fid`,`zc_caption`,`zc_run_table`,`zc_run`,`zn_type`,`zc_target` FROM `lq_system_menu` WHERE (  zl_visible=1 and zl_is_menu=1 and zn_fid=83 ) ORDER BY zn_sort ASC,id ASC  [ RunTime:0.0010s ]
SQL: SELECT `id`,`zn_fid`,`zc_caption`,`zc_run_table`,`zc_run`,`zn_type`,`zc_target` FROM `lq_system_menu` WHERE (  zl_visible=1 and zl_is_menu=1 and zn_fid=51 ) ORDER BY zn_sort ASC,id ASC  [ RunTime:0.0010s ]
SQL: SELECT `zc_popedom` FROM `lq_admin` WHERE ( id=0 ) LIMIT 1   [ RunTime:0.0010s ]
SQL: SELECT * FROM `lq_admin` WHERE ( id = 1 ) LIMIT 1   [ RunTime:0.0010s ]
SQL: SELECT `id`,`zn_fid`,`zc_caption` FROM `lq_system_menu` WHERE ( zn_fid=1 and zl_is_menu=1 ) ORDER BY zn_sort ASC,id ASC  [ RunTime:0.0000s ]
NOTIC: [8] Undefined variable: index E:\Little\web\video_hd\LQapps\User\Model\AdminModel.class.php 第 495 行.
NOTIC: [8] Undefined index: zc_run E:\Little\web\video_hd\LQapps\User\Model\AdminModel.class.php 第 502 行.
SQL: SELECT `id`,`zn_fid`,`zc_caption`,`zc_run_table`,`zc_run`,`zn_type`,`zc_target` FROM `lq_system_menu` WHERE (  zl_visible=1 and zl_is_menu=1 and zn_fid=2 ) ORDER BY zn_sort ASC,id ASC  [ RunTime:0.0000s ]
SQL: SELECT `id`,`zn_fid`,`zc_caption`,`zc_run_table`,`zc_run`,`zn_type`,`zc_target` FROM `lq_system_menu` WHERE (  zl_visible=1 and zl_is_menu=1 and zn_fid=48 ) ORDER BY zn_sort ASC,id ASC  [ RunTime:0.0000s ]
SQL: SELECT `id`,`zn_fid`,`zc_caption`,`zc_run_table`,`zc_run`,`zn_type`,`zc_target` FROM `lq_system_menu` WHERE (  zl_visible=1 and zl_is_menu=1 and zn_fid=49 ) ORDER BY zn_sort ASC,id ASC  [ RunTime:0.0000s ]
SQL: SELECT `id`,`zn_fid`,`zc_caption`,`zc_run_table`,`zc_run`,`zn_type`,`zc_target` FROM `lq_system_menu` WHERE (  zl_visible=1 and zl_is_menu=1 and zn_fid=50 ) ORDER BY zn_sort ASC,id ASC  [ RunTime:0.0000s ]
NOTIC: [8] Undefined index: zc_run E:\Little\web\video_hd\LQapps\User\Model\AdminModel.class.php 第 502 行.
SQL: SELECT `id`,`zn_fid`,`zc_caption`,`zc_run_table`,`zc_run`,`zn_type`,`zc_target` FROM `lq_system_menu` WHERE (  zl_visible=1 and zl_is_menu=1 and zn_fid=41 ) ORDER BY zn_sort ASC,id ASC  [ RunTime:0.0000s ]
SQL: SELECT `id`,`zn_fid`,`zc_caption`,`zc_run_table`,`zc_run`,`zn_type`,`zc_target` FROM `lq_system_menu` WHERE (  zl_visible=1 and zl_is_menu=1 and zn_fid=65 ) ORDER BY zn_sort ASC,id ASC  [ RunTime:0.0010s ]
NOTIC: [8] Undefined index: zc_run E:\Little\web\video_hd\LQapps\User\Model\AdminModel.class.php 第 502 行.
SQL: SELECT `id`,`zn_fid`,`zc_caption`,`zc_run_table`,`zc_run`,`zn_type`,`zc_target` FROM `lq_system_menu` WHERE (  zl_visible=1 and zl_is_menu=1 and zn_fid=42 ) ORDER BY zn_sort ASC,id ASC  [ RunTime:0.0000s ]
SQL: SELECT `id`,`zn_fid`,`zc_caption`,`zc_run_table`,`zc_run`,`zn_type`,`zc_target` FROM `lq_system_menu` WHERE (  zl_visible=1 and zl_is_menu=1 and zn_fid=113 ) ORDER BY zn_sort ASC,id ASC  [ RunTime:0.0010s ]
NOTIC: [8] Undefined index: zc_run E:\Little\web\video_hd\LQapps\User\Model\AdminModel.class.php 第 502 行.
SQL: SELECT `id`,`zn_fid`,`zc_caption`,`zc_run_table`,`zc_run`,`zn_type`,`zc_target` FROM `lq_system_menu` WHERE (  zl_visible=1 and zl_is_menu=1 and zn_fid=45 ) ORDER BY zn_sort ASC,id ASC  [ RunTime:0.0010s ]
SQL: SELECT `id`,`zn_fid`,`zc_caption`,`zc_run_table`,`zc_run`,`zn_type`,`zc_target` FROM `lq_system_menu` WHERE (  zl_visible=1 and zl_is_menu=1 and zn_fid=67 ) ORDER BY zn_sort ASC,id ASC  [ RunTime:0.0000s ]
NOTIC: [8] Undefined index: zc_run E:\Little\web\video_hd\LQapps\User\Model\AdminModel.class.php 第 502 行.
SQL: SELECT `id`,`zn_fid`,`zc_caption`,`zc_run_table`,`zc_run`,`zn_type`,`zc_target` FROM `lq_system_menu` WHERE (  zl_visible=1 and zl_is_menu=1 and zn_fid=47 ) ORDER BY zn_sort ASC,id ASC  [ RunTime:0.0000s ]
NOTIC: [8] Undefined index: zc_run E:\Little\web\video_hd\LQapps\User\Model\AdminModel.class.php 第 502 行.
SQL: SELECT `id`,`zn_fid`,`zc_caption`,`zc_run_table`,`zc_run`,`zn_type`,`zc_target` FROM `lq_system_menu` WHERE (  zl_visible=1 and zl_is_menu=1 and zn_fid=110 ) ORDER BY zn_sort ASC,id ASC  [ RunTime:0.0010s ]
SQL: SELECT `id`,`zn_fid`,`zc_caption`,`zc_run_table`,`zc_run`,`zn_type`,`zc_target` FROM `lq_system_menu` WHERE (  zl_visible=1 and zl_is_menu=1 and zn_fid=69 ) ORDER BY zn_sort ASC,id ASC  [ RunTime:0.0000s ]
SQL: SELECT `id`,`zn_fid`,`zc_caption`,`zc_run_table`,`zc_run`,`zn_type`,`zc_target` FROM `lq_system_menu` WHERE (  zl_visible=1 and zl_is_menu=1 and zn_fid=73 ) ORDER BY zn_sort ASC,id ASC  [ RunTime:0.0000s ]
NOTIC: [8] Undefined index: zc_run E:\Little\web\video_hd\LQapps\User\Model\AdminModel.class.php 第 502 行.
SQL: SELECT `id`,`zn_fid`,`zc_caption`,`zc_run_table`,`zc_run`,`zn_type`,`zc_target` FROM `lq_system_menu` WHERE (  zl_visible=1 and zl_is_menu=1 and zn_fid=111 ) ORDER BY zn_sort ASC,id ASC  [ RunTime:0.0010s ]
NOTIC: [8] Undefined index: zc_run E:\Little\web\video_hd\LQapps\User\Model\AdminModel.class.php 第 502 行.
SQL: SELECT `id`,`zn_fid`,`zc_caption`,`zc_run_table`,`zc_run`,`zn_type`,`zc_target` FROM `lq_system_menu` WHERE (  zl_visible=1 and zl_is_menu=1 and zn_fid=46 ) ORDER BY zn_sort ASC,id ASC  [ RunTime:0.0000s ]
NOTIC: [8] Undefined index: zc_run E:\Little\web\video_hd\LQapps\User\Model\AdminModel.class.php 第 502 行.
SQL: SELECT `id`,`zn_fid`,`zc_caption`,`zc_run_table`,`zc_run`,`zn_type`,`zc_target` FROM `lq_system_menu` WHERE (  zl_visible=1 and zl_is_menu=1 and zn_fid=64 ) ORDER BY zn_sort ASC,id ASC  [ RunTime:0.0000s ]
SQL: SELECT `id`,`zn_fid`,`zc_caption`,`zc_run_table`,`zc_run`,`zn_type`,`zc_target` FROM `lq_system_menu` WHERE (  zl_visible=1 and zl_is_menu=1 and zn_fid=83 ) ORDER BY zn_sort ASC,id ASC  [ RunTime:0.0000s ]
SQL: SELECT `id`,`zn_fid`,`zc_caption`,`zc_run_table`,`zc_run`,`zn_type`,`zc_target` FROM `lq_system_menu` WHERE (  zl_visible=1 and zl_is_menu=1 and zn_fid=51 ) ORDER BY zn_sort ASC,id ASC  [ RunTime:0.0000s ]
SQL: SELECT `zc_popedom` FROM `lq_admin` WHERE ( id=0 ) LIMIT 1   [ RunTime:0.0010s ]
SQL: SELECT * FROM `lq_admin` WHERE ( id = 1 ) LIMIT 1   [ RunTime:0.0000s ]
NOTIC: [8] Undefined index: login E:\Little\web\video_hd\LQapps\User\Api\AdminApi.class.php 第 326 行.
NOTIC: [8] Undefined index: description E:\Little\web\video_hd\LQapps\User\Api\AdminApi.class.php 第 339 行.
SQL: INSERT INTO `lq_admin_log` (`zn_type`,`zc_action`,`zc_table`,`zc_table_id`,`zc_description`,`zn_ip`,`zn_cdate`,`zn_operator`,`zc_account`) VALUES ('1','login','admin','1','littleHe对数据表admin进行操作。url请求:www.zier.com:80/sys-index.php/Login/login','2130706433','1505790956','1','littleHe') [ RunTime:0.0040s ]

[ 2017-09-19T11:15:56+08:00 ] 127.0.0.1 /sys-index.php/Index/index
INFO: [ app_init ] --START--
INFO: Run Behavior\BuildLiteBehavior [ RunTime:0.000000s ]
INFO: [ app_init ] --END-- [ RunTime:0.001000s ]
INFO: [ app_begin ] --START--
INFO: Run Behavior\ReadHtmlCacheBehavior [ RunTime:0.000000s ]
INFO: Run Behavior\CheckLangBehavior [ RunTime:0.001001s ]
INFO: [ app_begin ] --END-- [ RunTime:0.001001s ]
INFO: [ view_parse ] --START--
INFO: [ template_filter ] --START--
INFO: Run Behavior\ContentReplaceBehavior [ RunTime:0.001001s ]
INFO: [ template_filter ] --END-- [ RunTime:0.001001s ]
INFO: Run Behavior\ParseTemplateBehavior [ RunTime:0.069004s ]
INFO: [ view_parse ] --END-- [ RunTime:0.069004s ]
INFO: [ view_filter ] --START--
INFO: Run Behavior\WriteHtmlCacheBehavior [ RunTime:0.000000s ]
INFO: Run Behavior\ShowRuntimeBehavior [ RunTime:0.001000s ]
INFO: Run Behavior\TokenBuildBehavior [ RunTime:0.002000s ]
INFO: [ view_filter ] --END-- [ RunTime:0.003000s ]
INFO: [ app_end ] --START--
INFO: Run Behavior\ShowPageTraceBehavior [ RunTime:0.001000s ]
INFO: [ app_end ] --END-- [ RunTime:0.001000s ]

[ 2017-09-19T11:15:56+08:00 ] 127.0.0.1 /sys-index.php/Index/ajaxSearch
INFO: [ app_init ] --START--
INFO: Run Behavior\BuildLiteBehavior [ RunTime:0.000000s ]
INFO: [ app_init ] --END-- [ RunTime:0.000000s ]
INFO: [ app_begin ] --START--
INFO: Run Behavior\ReadHtmlCacheBehavior [ RunTime:0.001000s ]
INFO: Run Behavior\CheckLangBehavior [ RunTime:0.002000s ]
INFO: [ app_begin ] --END-- [ RunTime:0.003000s ]
SQL: SELECT COUNT(*) AS tp_count FROM `lq_live` LIMIT 1   [ RunTime:0.0010s ]
SQL: SELECT COUNT(*) AS tp_count FROM `lq_live` WHERE ( zl_status = 6 ) LIMIT 1   [ RunTime:0.0000s ]
SQL: SELECT COUNT(*) AS tp_count FROM `lq_vod` LIMIT 1   [ RunTime:0.0010s ]
SQL: SELECT COUNT(*) AS tp_count FROM `lq_vod` WHERE ( zl_status = 6 ) LIMIT 1   [ RunTime:0.0000s ]
SQL: SELECT COUNT(*) AS tp_count FROM `lq_member` WHERE ( zl_role=1 ) LIMIT 1   [ RunTime:0.0000s ]
SQL: SELECT COUNT(*) AS tp_count FROM `lq_member` WHERE ( zl_role=2 ) LIMIT 1   [ RunTime:0.0010s ]

[ 2017-09-19T11:15:57+08:00 ] 127.0.0.1 /sys-index.php/Index/ajaxLiveStatus
INFO: [ app_init ] --START--
INFO: Run Behavior\BuildLiteBehavior [ RunTime:0.000000s ]
INFO: [ app_init ] --END-- [ RunTime:0.001000s ]
INFO: [ app_begin ] --START--
INFO: Run Behavior\ReadHtmlCacheBehavior [ RunTime:0.000000s ]
INFO: Run Behavior\CheckLangBehavior [ RunTime:0.001000s ]
INFO: [ app_begin ] --END-- [ RunTime:0.002000s ]
SQL: SELECT COUNT(*) AS tp_count FROM `lq_lesson_live` WHERE ( zc_live_start >=1505232000 and zc_live_start<=1505318399 ) LIMIT 1   [ RunTime:0.0000s ]
SQL: SELECT COUNT(*) AS tp_count FROM `lq_member_favorite` WHERE ( zn_type = 1 and zn_cdate >=1505232000 and zn_cdate<=1505318399 ) LIMIT 1   [ RunTime:0.0000s ]
SQL: SELECT COUNT(*) AS tp_count FROM `lq_member_enroll` WHERE ( zn_type = 1 and zn_cdate >=1505232000 and zn_cdate<=1505318399 ) LIMIT 1   [ RunTime:0.0000s ]
SQL: SELECT COUNT(*) AS tp_count FROM `lq_lesson_live` WHERE ( zc_live_start >=1505318400 and zc_live_start<=1505404799 ) LIMIT 1   [ RunTime:0.0000s ]
SQL: SELECT COUNT(*) AS tp_count FROM `lq_member_favorite` WHERE ( zn_type = 1 and zn_cdate >=1505318400 and zn_cdate<=1505404799 ) LIMIT 1   [ RunTime:0.0000s ]
SQL: SELECT COUNT(*) AS tp_count FROM `lq_member_enroll` WHERE ( zn_type = 1 and zn_cdate >=1505318400 and zn_cdate<=1505404799 ) LIMIT 1   [ RunTime:0.0000s ]
SQL: SELECT COUNT(*) AS tp_count FROM `lq_lesson_live` WHERE ( zc_live_start >=1505404800 and zc_live_start<=1505491199 ) LIMIT 1   [ RunTime:0.0000s ]
SQL: SELECT COUNT(*) AS tp_count FROM `lq_member_favorite` WHERE ( zn_type = 1 and zn_cdate >=1505404800 and zn_cdate<=1505491199 ) LIMIT 1   [ RunTime:0.0000s ]
SQL: SELECT COUNT(*) AS tp_count FROM `lq_member_enroll` WHERE ( zn_type = 1 and zn_cdate >=1505404800 and zn_cdate<=1505491199 ) LIMIT 1   [ RunTime:0.0000s ]
SQL: SELECT COUNT(*) AS tp_count FROM `lq_lesson_live` WHERE ( zc_live_start >=1505491200 and zc_live_start<=1505577599 ) LIMIT 1   [ RunTime:0.0010s ]
SQL: SELECT COUNT(*) AS tp_count FROM `lq_member_favorite` WHERE ( zn_type = 1 and zn_cdate >=1505491200 and zn_cdate<=1505577599 ) LIMIT 1   [ RunTime:0.0000s ]
SQL: SELECT COUNT(*) AS tp_count FROM `lq_member_enroll` WHERE ( zn_type = 1 and zn_cdate >=1505491200 and zn_cdate<=1505577599 ) LIMIT 1   [ RunTime:0.0000s ]
SQL: SELECT COUNT(*) AS tp_count FROM `lq_lesson_live` WHERE ( zc_live_start >=1505577600 and zc_live_start<=1505663999 ) LIMIT 1   [ RunTime:0.0000s ]
SQL: SELECT COUNT(*) AS tp_count FROM `lq_member_favorite` WHERE ( zn_type = 1 and zn_cdate >=1505577600 and zn_cdate<=1505663999 ) LIMIT 1   [ RunTime:0.0000s ]
SQL: SELECT COUNT(*) AS tp_count FROM `lq_member_enroll` WHERE ( zn_type = 1 and zn_cdate >=1505577600 and zn_cdate<=1505663999 ) LIMIT 1   [ RunTime:0.0000s ]
SQL: SELECT COUNT(*) AS tp_count FROM `lq_lesson_live` WHERE ( zc_live_start >=1505664000 and zc_live_start<=1505750399 ) LIMIT 1   [ RunTime:0.0000s ]
SQL: SELECT COUNT(*) AS tp_count FROM `lq_member_favorite` WHERE ( zn_type = 1 and zn_cdate >=1505664000 and zn_cdate<=1505750399 ) LIMIT 1   [ RunTime:0.0000s ]
SQL: SELECT COUNT(*) AS tp_count FROM `lq_member_enroll` WHERE ( zn_type = 1 and zn_cdate >=1505664000 and zn_cdate<=1505750399 ) LIMIT 1   [ RunTime:0.0000s ]
SQL: SELECT COUNT(*) AS tp_count FROM `lq_lesson_live` WHERE ( zc_live_start >=1505750400 and zc_live_start<=1505836799 ) LIMIT 1   [ RunTime:0.0000s ]
SQL: SELECT COUNT(*) AS tp_count FROM `lq_member_favorite` WHERE ( zn_type = 1 and zn_cdate >=1505750400 and zn_cdate<=1505836799 ) LIMIT 1   [ RunTime:0.0000s ]
SQL: SELECT COUNT(*) AS tp_count FROM `lq_member_enroll` WHERE ( zn_type = 1 and zn_cdate >=1505750400 and zn_cdate<=1505836799 ) LIMIT 1   [ RunTime:0.0010s ]

[ 2017-09-19T11:15:57+08:00 ] 127.0.0.1 /sys-index.php/Index/ajaxVodStatus
INFO: [ app_init ] --START--
INFO: Run Behavior\BuildLiteBehavior [ RunTime:0.000000s ]
INFO: [ app_init ] --END-- [ RunTime:0.001000s ]
INFO: [ app_begin ] --START--
INFO: Run Behavior\ReadHtmlCacheBehavior [ RunTime:0.001000s ]
INFO: Run Behavior\CheckLangBehavior [ RunTime:0.002000s ]
INFO: [ app_begin ] --END-- [ RunTime:0.003000s ]
SQL: SELECT COUNT(*) AS tp_count FROM `lq_lesson_vod` WHERE ( zn_cdate >=1505232000 and zn_cdate<=1505318399 ) LIMIT 1   [ RunTime:0.0010s ]
SQL: SELECT COUNT(*) AS tp_count FROM `lq_member_favorite` WHERE ( zn_type = 2 and  zn_cdate >=1505232000 and zn_cdate<=1505318399 ) LIMIT 1   [ RunTime:0.0000s ]
SQL: SELECT COUNT(*) AS tp_count FROM `lq_member_enroll` WHERE ( zn_type = 2 and zn_cdate >=1505232000 and zn_cdate<=1505318399 ) LIMIT 1   [ RunTime:0.0000s ]
SQL: SELECT COUNT(*) AS tp_count FROM `lq_lesson_vod` WHERE ( zn_cdate >=1505318400 and zn_cdate<=1505404799 ) LIMIT 1   [ RunTime:0.0000s ]
SQL: SELECT COUNT(*) AS tp_count FROM `lq_member_favorite` WHERE ( zn_type = 2 and  zn_cdate >=1505318400 and zn_cdate<=1505404799 ) LIMIT 1   [ RunTime:0.0000s ]
SQL: SELECT COUNT(*) AS tp_count FROM `lq_member_enroll` WHERE ( zn_type = 2 and zn_cdate >=1505318400 and zn_cdate<=1505404799 ) LIMIT 1   [ RunTime:0.0000s ]
SQL: SELECT COUNT(*) AS tp_count FROM `lq_lesson_vod` WHERE ( zn_cdate >=1505404800 and zn_cdate<=1505491199 ) LIMIT 1   [ RunTime:0.0000s ]
SQL: SELECT COUNT(*) AS tp_count FROM `lq_member_favorite` WHERE ( zn_type = 2 and  zn_cdate >=1505404800 and zn_cdate<=1505491199 ) LIMIT 1   [ RunTime:0.0010s ]
SQL: SELECT COUNT(*) AS tp_count FROM `lq_member_enroll` WHERE ( zn_type = 2 and zn_cdate >=1505404800 and zn_cdate<=1505491199 ) LIMIT 1   [ RunTime:0.0000s ]
SQL: SELECT COUNT(*) AS tp_count FROM `lq_lesson_vod` WHERE ( zn_cdate >=1505491200 and zn_cdate<=1505577599 ) LIMIT 1   [ RunTime:0.0010s ]
SQL: SELECT COUNT(*) AS tp_count FROM `lq_member_favorite` WHERE ( zn_type = 2 and  zn_cdate >=1505491200 and zn_cdate<=1505577599 ) LIMIT 1   [ RunTime:0.0000s ]
SQL: SELECT COUNT(*) AS tp_count FROM `lq_member_enroll` WHERE ( zn_type = 2 and zn_cdate >=1505491200 and zn_cdate<=1505577599 ) LIMIT 1   [ RunTime:0.0000s ]
SQL: SELECT COUNT(*) AS tp_count FROM `lq_lesson_vod` WHERE ( zn_cdate >=1505577600 and zn_cdate<=1505663999 ) LIMIT 1   [ RunTime:0.0000s ]
SQL: SELECT COUNT(*) AS tp_count FROM `lq_member_favorite` WHERE ( zn_type = 2 and  zn_cdate >=1505577600 and zn_cdate<=1505663999 ) LIMIT 1   [ RunTime:0.0000s ]
SQL: SELECT COUNT(*) AS tp_count FROM `lq_member_enroll` WHERE ( zn_type = 2 and zn_cdate >=1505577600 and zn_cdate<=1505663999 ) LIMIT 1   [ RunTime:0.0000s ]
SQL: SELECT COUNT(*) AS tp_count FROM `lq_lesson_vod` WHERE ( zn_cdate >=1505664000 and zn_cdate<=1505750399 ) LIMIT 1   [ RunTime:0.0000s ]
SQL: SELECT COUNT(*) AS tp_count FROM `lq_member_favorite` WHERE ( zn_type = 2 and  zn_cdate >=1505664000 and zn_cdate<=1505750399 ) LIMIT 1   [ RunTime:0.0010s ]
SQL: SELECT COUNT(*) AS tp_count FROM `lq_member_enroll` WHERE ( zn_type = 2 and zn_cdate >=1505664000 and zn_cdate<=1505750399 ) LIMIT 1   [ RunTime:0.0000s ]
SQL: SELECT COUNT(*) AS tp_count FROM `lq_lesson_vod` WHERE ( zn_cdate >=1505750400 and zn_cdate<=1505836799 ) LIMIT 1   [ RunTime:0.0010s ]
SQL: SELECT COUNT(*) AS tp_count FROM `lq_member_favorite` WHERE ( zn_type = 2 and  zn_cdate >=1505750400 and zn_cdate<=1505836799 ) LIMIT 1   [ RunTime:0.0000s ]
SQL: SELECT COUNT(*) AS tp_count FROM `lq_member_enroll` WHERE ( zn_type = 2 and zn_cdate >=1505750400 and zn_cdate<=1505836799 ) LIMIT 1   [ RunTime:0.0000s ]

[ 2017-09-19T11:15:58+08:00 ] 127.0.0.1 /sys-index.php/OssFile
INFO: [ app_init ] --START--
INFO: Run Behavior\BuildLiteBehavior [ RunTime:0.000000s ]
INFO: [ app_init ] --END-- [ RunTime:0.001000s ]
INFO: [ app_begin ] --START--
INFO: Run Behavior\ReadHtmlCacheBehavior [ RunTime:0.001000s ]
INFO: Run Behavior\CheckLangBehavior [ RunTime:0.002000s ]
INFO: [ app_begin ] --END-- [ RunTime:0.004001s ]
NOTIC: [2048] Declaration of Admin\Model\OssFileModel::setProperty() should be compatible with Think\Model::setProperty($name, $value) E:\Little\web\video_hd\LQapps\Admin\Model\OssFileModel.class.php 第 6 行.
NOTIC: [8] Use of undefined constant SYSTEM_MENU_CURRENT - assumed 'SYSTEM_MENU_CURRENT' E:\Little\web\video_hd\LQapps\Admin\Controller\PublicController.class.php 第 481 行.
NOTIC: [8] Use of undefined constant SYSTEM_MENU_CURRENT - assumed 'SYSTEM_MENU_CURRENT' E:\Little\web\video_hd\LQapps\Admin\Controller\PublicController.class.php 第 484 行.
SQL: SELECT COUNT(*) AS tp_count FROM `lq_oss_file` WHERE (  1  ) LIMIT 1   [ RunTime:0.0040s ]
SQL: SELECT `id`,`zn_type`,`zn_lesson_type`,`zn_uid`,`zn_fid`,`zc_file_name`,`zn_lesson_id`,`zn_size`,`zn_cdate` FROM `lq_oss_file` WHERE (  1  ) ORDER BY id DESC LIMIT 0,5   [ RunTime:0.0020s ]
SQL: SELECT `zc_title` FROM `lq_live` WHERE ( id=36 ) LIMIT 1   [ RunTime:0.0000s ]
SQL: SELECT `zc_nickname` FROM `lq_member` WHERE ( id=4 ) LIMIT 1   [ RunTime:0.0010s ]
SQL: SELECT `zc_title` FROM `lq_live` WHERE ( id=36 ) LIMIT 1   [ RunTime:0.0000s ]
SQL: SELECT `zc_nickname` FROM `lq_member` WHERE ( id=4 ) LIMIT 1   [ RunTime:0.0010s ]
SQL: SELECT `zc_title` FROM `lq_vod` WHERE ( id=27 ) LIMIT 1   [ RunTime:0.0010s ]
SQL: SELECT `zc_nickname` FROM `lq_member` WHERE ( id=4 ) LIMIT 1   [ RunTime:0.0000s ]
SQL: SELECT `zc_title` FROM `lq_vod` WHERE ( id=29 ) LIMIT 1   [ RunTime:0.0010s ]
SQL: SELECT `zc_nickname` FROM `lq_member` WHERE ( id=4 ) LIMIT 1   [ RunTime:0.0000s ]
SQL: SELECT `zc_title` FROM `lq_vod` WHERE ( id=29 ) LIMIT 1   [ RunTime:0.0010s ]
SQL: SELECT `zc_nickname` FROM `lq_member` WHERE ( id=4 ) LIMIT 1   [ RunTime:0.0000s ]
INFO: [ view_parse ] --START--
INFO: [ template_filter ] --START--
INFO: Run Behavior\ContentReplaceBehavior [ RunTime:0.000000s ]
INFO: [ template_filter ] --END-- [ RunTime:0.000000s ]
INFO: Run Behavior\ParseTemplateBehavior [ RunTime:0.096005s ]
INFO: [ view_parse ] --END-- [ RunTime:0.096005s ]
INFO: [ view_filter ] --START--
INFO: Run Behavior\WriteHtmlCacheBehavior [ RunTime:0.000000s ]
INFO: Run Behavior\ShowRuntimeBehavior [ RunTime:0.002000s ]
INFO: Run Behavior\TokenBuildBehavior [ RunTime:0.002001s ]
INFO: [ view_filter ] --END-- [ RunTime:0.005001s ]
INFO: [ app_end ] --START--
INFO: Run Behavior\ShowPageTraceBehavior [ RunTime:0.001000s ]
INFO: [ app_end ] --END-- [ RunTime:0.001000s ]

[ 2017-09-19T11:21:56+08:00 ] 127.0.0.1 /sys-index.php/OssFile
INFO: [ app_init ] --START--
INFO: Run Behavior\BuildLiteBehavior [ RunTime:0.000000s ]
INFO: [ app_init ] --END-- [ RunTime:0.000000s ]
INFO: [ app_begin ] --START--
INFO: Run Behavior\ReadHtmlCacheBehavior [ RunTime:0.001000s ]
INFO: Run Behavior\CheckLangBehavior [ RunTime:0.001000s ]
INFO: [ app_begin ] --END-- [ RunTime:0.002000s ]
NOTIC: [2048] Declaration of Admin\Model\OssFileModel::setProperty() should be compatible with Think\Model::setProperty($name, $value) E:\Little\web\video_hd\LQapps\Admin\Model\OssFileModel.class.php 第 6 行.
NOTIC: [8] Use of undefined constant SYSTEM_MENU_CURRENT - assumed 'SYSTEM_MENU_CURRENT' E:\Little\web\video_hd\LQapps\Admin\Controller\PublicController.class.php 第 481 行.
NOTIC: [8] Use of undefined constant SYSTEM_MENU_CURRENT - assumed 'SYSTEM_MENU_CURRENT' E:\Little\web\video_hd\LQapps\Admin\Controller\PublicController.class.php 第 484 行.

[ 2017-09-19T11:22:02+08:00 ] 127.0.0.1 /sys-index.php/OssFile
INFO: [ app_init ] --START--
INFO: Run Behavior\BuildLiteBehavior [ RunTime:0.000000s ]
INFO: [ app_init ] --END-- [ RunTime:0.001000s ]
INFO: [ app_begin ] --START--
INFO: Run Behavior\ReadHtmlCacheBehavior [ RunTime:0.000000s ]
INFO: Run Behavior\CheckLangBehavior [ RunTime:0.002001s ]
INFO: [ app_begin ] --END-- [ RunTime:0.002001s ]
NOTIC: [2048] Declaration of Admin\Model\OssFileModel::setProperty() should be compatible with Think\Model::setProperty($name, $value) E:\Little\web\video_hd\LQapps\Admin\Model\OssFileModel.class.php 第 6 行.
NOTIC: [8] Use of undefined constant SYSTEM_MENU_CURRENT - assumed 'SYSTEM_MENU_CURRENT' E:\Little\web\video_hd\LQapps\Admin\Controller\PublicController.class.php 第 481 行.
NOTIC: [8] Use of undefined constant SYSTEM_MENU_CURRENT - assumed 'SYSTEM_MENU_CURRENT' E:\Little\web\video_hd\LQapps\Admin\Controller\PublicController.class.php 第 484 行.
SQL: SELECT COUNT(*) AS tp_count FROM `lq_oss_file` WHERE (  1  ) LIMIT 1   [ RunTime:0.0000s ]
SQL: SELECT `id`,`zn_type`,`zn_lesson_type`,`zn_uid`,`zn_fid`,`zc_file_name`,`zn_lesson_id`,`zn_size`,`zn_cdate` FROM `lq_oss_file` WHERE (  1  ) ORDER BY id DESC LIMIT 0,5   [ RunTime:0.0000s ]
SQL: SELECT `zc_title` FROM `lq_live` WHERE ( id=36 ) LIMIT 1   [ RunTime:0.0000s ]
SQL: SELECT `zc_nickname` FROM `lq_member` WHERE ( id=4 ) LIMIT 1   [ RunTime:0.0000s ]
SQL: SELECT `zc_title` FROM `lq_live` WHERE ( id=36 ) LIMIT 1   [ RunTime:0.0000s ]
SQL: SELECT `zc_nickname` FROM `lq_member` WHERE ( id=4 ) LIMIT 1   [ RunTime:0.0000s ]
SQL: SELECT `zc_title` FROM `lq_vod` WHERE ( id=27 ) LIMIT 1   [ RunTime:0.0000s ]
SQL: SELECT `zc_nickname` FROM `lq_member` WHERE ( id=4 ) LIMIT 1   [ RunTime:0.0000s ]
SQL: SELECT `zc_title` FROM `lq_vod` WHERE ( id=29 ) LIMIT 1   [ RunTime:0.0000s ]
SQL: SELECT `zc_nickname` FROM `lq_member` WHERE ( id=4 ) LIMIT 1   [ RunTime:0.0000s ]
SQL: SELECT `zc_title` FROM `lq_vod` WHERE ( id=29 ) LIMIT 1   [ RunTime:0.0000s ]
SQL: SELECT `zc_nickname` FROM `lq_member` WHERE ( id=4 ) LIMIT 1   [ RunTime:0.0000s ]
INFO: [ view_parse ] --START--
INFO: [ template_filter ] --START--
INFO: Run Behavior\ContentReplaceBehavior [ RunTime:0.000000s ]
INFO: [ template_filter ] --END-- [ RunTime:0.000000s ]
INFO: Run Behavior\ParseTemplateBehavior [ RunTime:0.034200s ]
INFO: [ view_parse ] --END-- [ RunTime:0.034200s ]
INFO: [ view_filter ] --START--
INFO: Run Behavior\WriteHtmlCacheBehavior [ RunTime:0.000000s ]
INFO: Run Behavior\ShowRuntimeBehavior [ RunTime:0.000000s ]
INFO: Run Behavior\TokenBuildBehavior [ RunTime:0.000000s ]
INFO: [ view_filter ] --END-- [ RunTime:0.000000s ]
INFO: [ app_end ] --START--
INFO: Run Behavior\ShowPageTraceBehavior [ RunTime:0.000000s ]
INFO: [ app_end ] --END-- [ RunTime:0.000000s ]

