[ 2018-02-01T10:56:43+08:00 ] 127.0.0.1 /sys-index.php
INFO: [ app_init ] --START--
INFO: Run Behavior\BuildLiteBehavior [ RunTime:0.000000s ]
INFO: [ app_init ] --END-- [ RunTime:0.000000s ]
INFO: [ app_begin ] --START--
INFO: Run Behavior\ReadHtmlCacheBehavior [ RunTime:0.000000s ]
INFO: Run Behavior\CheckLangBehavior [ RunTime:0.001000s ]
INFO: [ app_begin ] --END-- [ RunTime:0.001000s ]

[ 2018-02-01T10:56:43+08:00 ] 127.0.0.1 /sys-index.php/Login/login
INFO: [ app_init ] --START--
INFO: Run Behavior\BuildLiteBehavior [ RunTime:0.000000s ]
INFO: [ app_init ] --END-- [ RunTime:0.000000s ]
INFO: [ app_begin ] --START--
INFO: Run Behavior\ReadHtmlCacheBehavior [ RunTime:0.000000s ]
INFO: Run Behavior\CheckLangBehavior [ RunTime:0.001000s ]
INFO: [ app_begin ] --END-- [ RunTime:0.001000s ]
INFO: [ view_parse ] --START--
INFO: [ template_filter ] --START--
INFO: Run Behavior\ContentReplaceBehavior [ RunTime:0.000000s ]
INFO: [ template_filter ] --END-- [ RunTime:0.000000s ]
INFO: Run Behavior\ParseTemplateBehavior [ RunTime:0.005000s ]
INFO: [ view_parse ] --END-- [ RunTime:0.005000s ]
INFO: [ view_filter ] --START--
INFO: Run Behavior\WriteHtmlCacheBehavior [ RunTime:0.001000s ]
INFO: Run Behavior\ShowRuntimeBehavior [ RunTime:0.000000s ]
INFO: Run Behavior\TokenBuildBehavior [ RunTime:0.000000s ]
INFO: [ view_filter ] --END-- [ RunTime:0.001000s ]
INFO: [ app_end ] --START--
INFO: Run Behavior\ShowPageTraceBehavior [ RunTime:0.001000s ]
INFO: [ app_end ] --END-- [ RunTime:0.001000s ]

[ 2018-02-01T10:56:44+08:00 ] 127.0.0.1 /sys-index.php/Login/checkCode
INFO: [ app_init ] --START--
INFO: Run Behavior\BuildLiteBehavior [ RunTime:0.000000s ]
INFO: [ app_init ] --END-- [ RunTime:0.000000s ]
INFO: [ app_begin ] --START--
INFO: Run Behavior\ReadHtmlCacheBehavior [ RunTime:0.000000s ]
INFO: Run Behavior\CheckLangBehavior [ RunTime:0.001000s ]
INFO: [ app_begin ] --END-- [ RunTime:0.001000s ]
INFO: [ app_end ] --START--
INFO: Run Behavior\ShowPageTraceBehavior [ RunTime:0.000000s ]
INFO: [ app_end ] --END-- [ RunTime:0.000000s ]

[ 2018-02-01T10:56:49+08:00 ] 127.0.0.1 /sys-index.php/Login/login
INFO: [ app_init ] --START--
INFO: Run Behavior\BuildLiteBehavior [ RunTime:0.000000s ]
INFO: [ app_init ] --END-- [ RunTime:0.000000s ]
INFO: [ app_begin ] --START--
INFO: Run Behavior\ReadHtmlCacheBehavior [ RunTime:0.001000s ]
INFO: Run Behavior\CheckLangBehavior [ RunTime:0.001000s ]
INFO: [ app_begin ] --END-- [ RunTime:0.002000s ]
SQL: SELECT `id`,`zc_account`,`zc_email`,`zc_mobile`,`zc_password`,`zc_salt`,`zn_trylogin_times`,`zn_trylogin_lasttime`,`zl_visible` FROM `lq_admin` WHERE `zc_account` = 'littleHe' LIMIT 1   [ RunTime:0.0050s ]
SQL: UPDATE `lq_admin` SET `zn_login_times`=zn_login_times+1,`zn_last_login_time`='1517453808',`zn_mdate`='1517453808',`zn_trylogin_times`='0',`zn_trylogin_lasttime`='1517453808' WHERE `id` = 1 [ RunTime:0.0050s ]
NOTIC: [8] unserialize(): Error at offset 0 of 889 bytes C:\Users\Administrator\Desktop\niuniuGame\Public\ThinkPHP\Common\functions.php 第 1165 行.
SQL: SELECT * FROM `lq_admin` WHERE ( id = 1 ) LIMIT 1   [ RunTime:0.0040s ]
SQL: SELECT `id`,`zn_fid`,`zc_caption` FROM `lq_system_menu` WHERE ( zn_fid=1 and zl_is_menu=1 ) ORDER BY zn_sort ASC,id ASC  [ RunTime:0.0470s ]
NOTIC: [8] Undefined variable: index C:\Users\Administrator\Desktop\niuniuGame\LQapps\User\Model\AdminModel.class.php 第 465 行.
NOTIC: [8] Undefined index: zc_run C:\Users\Administrator\Desktop\niuniuGame\LQapps\User\Model\AdminModel.class.php 第 472 行.
SQL: SELECT `id`,`zn_fid`,`zc_caption`,`zc_run_table`,`zc_run`,`zn_type`,`zc_target` FROM `lq_system_menu` WHERE (  zl_visible=1 and zl_is_menu=1 and zn_fid=2 ) ORDER BY zn_sort ASC,id ASC  [ RunTime:0.0050s ]
SQL: SELECT `id`,`zn_fid`,`zc_caption`,`zc_run_table`,`zc_run`,`zn_type`,`zc_target` FROM `lq_system_menu` WHERE (  zl_visible=1 and zl_is_menu=1 and zn_fid=48 ) ORDER BY zn_sort ASC,id ASC  [ RunTime:0.0040s ]
SQL: SELECT `id`,`zn_fid`,`zc_caption`,`zc_run_table`,`zc_run`,`zn_type`,`zc_target` FROM `lq_system_menu` WHERE (  zl_visible=1 and zl_is_menu=1 and zn_fid=49 ) ORDER BY zn_sort ASC,id ASC  [ RunTime:0.0040s ]
SQL: SELECT `id`,`zn_fid`,`zc_caption`,`zc_run_table`,`zc_run`,`zn_type`,`zc_target` FROM `lq_system_menu` WHERE (  zl_visible=1 and zl_is_menu=1 and zn_fid=50 ) ORDER BY zn_sort ASC,id ASC  [ RunTime:0.0070s ]
NOTIC: [8] Undefined index: zc_run C:\Users\Administrator\Desktop\niuniuGame\LQapps\User\Model\AdminModel.class.php 第 472 行.
SQL: SELECT `id`,`zn_fid`,`zc_caption`,`zc_run_table`,`zc_run`,`zn_type`,`zc_target` FROM `lq_system_menu` WHERE (  zl_visible=1 and zl_is_menu=1 and zn_fid=41 ) ORDER BY zn_sort ASC,id ASC  [ RunTime:0.0040s ]
SQL: SELECT `id`,`zn_fid`,`zc_caption`,`zc_run_table`,`zc_run`,`zn_type`,`zc_target` FROM `lq_system_menu` WHERE (  zl_visible=1 and zl_is_menu=1 and zn_fid=70 ) ORDER BY zn_sort ASC,id ASC  [ RunTime:0.0050s ]
NOTIC: [8] Undefined index: zc_run C:\Users\Administrator\Desktop\niuniuGame\LQapps\User\Model\AdminModel.class.php 第 472 行.
SQL: SELECT `id`,`zn_fid`,`zc_caption`,`zc_run_table`,`zc_run`,`zn_type`,`zc_target` FROM `lq_system_menu` WHERE (  zl_visible=1 and zl_is_menu=1 and zn_fid=44 ) ORDER BY zn_sort ASC,id ASC  [ RunTime:0.0040s ]
SQL: SELECT `id`,`zn_fid`,`zc_caption`,`zc_run_table`,`zc_run`,`zn_type`,`zc_target` FROM `lq_system_menu` WHERE (  zl_visible=1 and zl_is_menu=1 and zn_fid=90 ) ORDER BY zn_sort ASC,id ASC  [ RunTime:0.0040s ]
NOTIC: [8] Undefined index: zc_run C:\Users\Administrator\Desktop\niuniuGame\LQapps\User\Model\AdminModel.class.php 第 472 行.
SQL: SELECT `id`,`zn_fid`,`zc_caption`,`zc_run_table`,`zc_run`,`zn_type`,`zc_target` FROM `lq_system_menu` WHERE (  zl_visible=1 and zl_is_menu=1 and zn_fid=45 ) ORDER BY zn_sort ASC,id ASC  [ RunTime:0.0040s ]
SQL: SELECT `id`,`zn_fid`,`zc_caption`,`zc_run_table`,`zc_run`,`zn_type`,`zc_target` FROM `lq_system_menu` WHERE (  zl_visible=1 and zl_is_menu=1 and zn_fid=67 ) ORDER BY zn_sort ASC,id ASC  [ RunTime:0.0230s ]
NOTIC: [8] Undefined index: zc_run C:\Users\Administrator\Desktop\niuniuGame\LQapps\User\Model\AdminModel.class.php 第 472 行.
SQL: SELECT `id`,`zn_fid`,`zc_caption`,`zc_run_table`,`zc_run`,`zn_type`,`zc_target` FROM `lq_system_menu` WHERE (  zl_visible=1 and zl_is_menu=1 and zn_fid=47 ) ORDER BY zn_sort ASC,id ASC  [ RunTime:0.0100s ]
SQL: SELECT `id`,`zn_fid`,`zc_caption`,`zc_run_table`,`zc_run`,`zn_type`,`zc_target` FROM `lq_system_menu` WHERE (  zl_visible=1 and zl_is_menu=1 and zn_fid=100 ) ORDER BY zn_sort ASC,id ASC  [ RunTime:0.0040s ]
SQL: SELECT `id`,`zn_fid`,`zc_caption`,`zc_run_table`,`zc_run`,`zn_type`,`zc_target` FROM `lq_system_menu` WHERE (  zl_visible=1 and zl_is_menu=1 and zn_fid=112 ) ORDER BY zn_sort ASC,id ASC  [ RunTime:0.0050s ]
NOTIC: [8] Undefined index: zc_run C:\Users\Administrator\Desktop\niuniuGame\LQapps\User\Model\AdminModel.class.php 第 472 行.
SQL: SELECT `id`,`zn_fid`,`zc_caption`,`zc_run_table`,`zc_run`,`zn_type`,`zc_target` FROM `lq_system_menu` WHERE (  zl_visible=1 and zl_is_menu=1 and zn_fid=110 ) ORDER BY zn_sort ASC,id ASC  [ RunTime:0.0070s ]
SQL: SELECT `id`,`zn_fid`,`zc_caption`,`zc_run_table`,`zc_run`,`zn_type`,`zc_target` FROM `lq_system_menu` WHERE (  zl_visible=1 and zl_is_menu=1 and zn_fid=69 ) ORDER BY zn_sort ASC,id ASC  [ RunTime:0.0480s ]
SQL: SELECT `id`,`zn_fid`,`zc_caption`,`zc_run_table`,`zc_run`,`zn_type`,`zc_target` FROM `lq_system_menu` WHERE (  zl_visible=1 and zl_is_menu=1 and zn_fid=73 ) ORDER BY zn_sort ASC,id ASC  [ RunTime:0.0270s ]
NOTIC: [8] Undefined index: zc_run C:\Users\Administrator\Desktop\niuniuGame\LQapps\User\Model\AdminModel.class.php 第 472 行.
SQL: SELECT `id`,`zn_fid`,`zc_caption`,`zc_run_table`,`zc_run`,`zn_type`,`zc_target` FROM `lq_system_menu` WHERE (  zl_visible=1 and zl_is_menu=1 and zn_fid=111 ) ORDER BY zn_sort ASC,id ASC  [ RunTime:0.0060s ]
SQL: SELECT `id`,`zn_fid`,`zc_caption`,`zc_run_table`,`zc_run`,`zn_type`,`zc_target` FROM `lq_system_menu` WHERE (  zl_visible=1 and zl_is_menu=1 and zn_fid=103 ) ORDER BY zn_sort ASC,id ASC  [ RunTime:0.0040s ]
NOTIC: [8] Undefined index: zc_run C:\Users\Administrator\Desktop\niuniuGame\LQapps\User\Model\AdminModel.class.php 第 472 行.
SQL: SELECT `id`,`zn_fid`,`zc_caption`,`zc_run_table`,`zc_run`,`zn_type`,`zc_target` FROM `lq_system_menu` WHERE (  zl_visible=1 and zl_is_menu=1 and zn_fid=46 ) ORDER BY zn_sort ASC,id ASC  [ RunTime:0.0390s ]
NOTIC: [8] Undefined index: zc_run C:\Users\Administrator\Desktop\niuniuGame\LQapps\User\Model\AdminModel.class.php 第 472 行.
SQL: SELECT `id`,`zn_fid`,`zc_caption`,`zc_run_table`,`zc_run`,`zn_type`,`zc_target` FROM `lq_system_menu` WHERE (  zl_visible=1 and zl_is_menu=1 and zn_fid=64 ) ORDER BY zn_sort ASC,id ASC  [ RunTime:0.0060s ]
SQL: SELECT `id`,`zn_fid`,`zc_caption`,`zc_run_table`,`zc_run`,`zn_type`,`zc_target` FROM `lq_system_menu` WHERE (  zl_visible=1 and zl_is_menu=1 and zn_fid=51 ) ORDER BY zn_sort ASC,id ASC  [ RunTime:0.0040s ]
SQL: SELECT `zc_popedom` FROM `lq_admin` WHERE ( id=0 ) LIMIT 1   [ RunTime:0.0030s ]
SQL: SELECT * FROM `lq_admin` WHERE ( id = 1 ) LIMIT 1   [ RunTime:0.0040s ]
NOTIC: [8] Uninitialized string offset: 1 C:\Users\Administrator\Desktop\niuniuGame\LQapps\User\Model\AdminModel.class.php 第 235 行.
NOTIC: [2] Illegal string offset 'title' C:\Users\Administrator\Desktop\niuniuGame\LQapps\User\Model\AdminModel.class.php 第 235 行.
NOTIC: [8] Uninitialized string offset: 0 C:\Users\Administrator\Desktop\niuniuGame\LQapps\User\Model\AdminModel.class.php 第 235 行.
SQL: SELECT `id`,`zn_fid`,`zc_caption` FROM `lq_system_menu` WHERE ( zn_fid=1 and zl_is_menu=1 ) ORDER BY zn_sort ASC,id ASC  [ RunTime:0.0030s ]
NOTIC: [8] Undefined variable: index C:\Users\Administrator\Desktop\niuniuGame\LQapps\User\Model\AdminModel.class.php 第 465 行.
NOTIC: [8] Undefined index: zc_run C:\Users\Administrator\Desktop\niuniuGame\LQapps\User\Model\AdminModel.class.php 第 472 行.
SQL: SELECT `id`,`zn_fid`,`zc_caption`,`zc_run_table`,`zc_run`,`zn_type`,`zc_target` FROM `lq_system_menu` WHERE (  zl_visible=1 and zl_is_menu=1 and zn_fid=2 ) ORDER BY zn_sort ASC,id ASC  [ RunTime:0.0110s ]
SQL: SELECT `id`,`zn_fid`,`zc_caption`,`zc_run_table`,`zc_run`,`zn_type`,`zc_target` FROM `lq_system_menu` WHERE (  zl_visible=1 and zl_is_menu=1 and zn_fid=48 ) ORDER BY zn_sort ASC,id ASC  [ RunTime:0.0240s ]
SQL: SELECT `id`,`zn_fid`,`zc_caption`,`zc_run_table`,`zc_run`,`zn_type`,`zc_target` FROM `lq_system_menu` WHERE (  zl_visible=1 and zl_is_menu=1 and zn_fid=49 ) ORDER BY zn_sort ASC,id ASC  [ RunTime:0.0060s ]
SQL: SELECT `id`,`zn_fid`,`zc_caption`,`zc_run_table`,`zc_run`,`zn_type`,`zc_target` FROM `lq_system_menu` WHERE (  zl_visible=1 and zl_is_menu=1 and zn_fid=50 ) ORDER BY zn_sort ASC,id ASC  [ RunTime:0.0040s ]
NOTIC: [8] Undefined index: zc_run C:\Users\Administrator\Desktop\niuniuGame\LQapps\User\Model\AdminModel.class.php 第 472 行.
SQL: SELECT `id`,`zn_fid`,`zc_caption`,`zc_run_table`,`zc_run`,`zn_type`,`zc_target` FROM `lq_system_menu` WHERE (  zl_visible=1 and zl_is_menu=1 and zn_fid=41 ) ORDER BY zn_sort ASC,id ASC  [ RunTime:0.0040s ]
SQL: SELECT `id`,`zn_fid`,`zc_caption`,`zc_run_table`,`zc_run`,`zn_type`,`zc_target` FROM `lq_system_menu` WHERE (  zl_visible=1 and zl_is_menu=1 and zn_fid=70 ) ORDER BY zn_sort ASC,id ASC  [ RunTime:0.0040s ]
NOTIC: [8] Undefined index: zc_run C:\Users\Administrator\Desktop\niuniuGame\LQapps\User\Model\AdminModel.class.php 第 472 行.
SQL: SELECT `id`,`zn_fid`,`zc_caption`,`zc_run_table`,`zc_run`,`zn_type`,`zc_target` FROM `lq_system_menu` WHERE (  zl_visible=1 and zl_is_menu=1 and zn_fid=44 ) ORDER BY zn_sort ASC,id ASC  [ RunTime:0.0050s ]
SQL: SELECT `id`,`zn_fid`,`zc_caption`,`zc_run_table`,`zc_run`,`zn_type`,`zc_target` FROM `lq_system_menu` WHERE (  zl_visible=1 and zl_is_menu=1 and zn_fid=90 ) ORDER BY zn_sort ASC,id ASC  [ RunTime:0.0040s ]
NOTIC: [8] Undefined index: zc_run C:\Users\Administrator\Desktop\niuniuGame\LQapps\User\Model\AdminModel.class.php 第 472 行.
SQL: SELECT `id`,`zn_fid`,`zc_caption`,`zc_run_table`,`zc_run`,`zn_type`,`zc_target` FROM `lq_system_menu` WHERE (  zl_visible=1 and zl_is_menu=1 and zn_fid=45 ) ORDER BY zn_sort ASC,id ASC  [ RunTime:0.0410s ]
SQL: SELECT `id`,`zn_fid`,`zc_caption`,`zc_run_table`,`zc_run`,`zn_type`,`zc_target` FROM `lq_system_menu` WHERE (  zl_visible=1 and zl_is_menu=1 and zn_fid=67 ) ORDER BY zn_sort ASC,id ASC  [ RunTime:0.0040s ]
NOTIC: [8] Undefined index: zc_run C:\Users\Administrator\Desktop\niuniuGame\LQapps\User\Model\AdminModel.class.php 第 472 行.
SQL: SELECT `id`,`zn_fid`,`zc_caption`,`zc_run_table`,`zc_run`,`zn_type`,`zc_target` FROM `lq_system_menu` WHERE (  zl_visible=1 and zl_is_menu=1 and zn_fid=47 ) ORDER BY zn_sort ASC,id ASC  [ RunTime:0.0040s ]
SQL: SELECT `id`,`zn_fid`,`zc_caption`,`zc_run_table`,`zc_run`,`zn_type`,`zc_target` FROM `lq_system_menu` WHERE (  zl_visible=1 and zl_is_menu=1 and zn_fid=100 ) ORDER BY zn_sort ASC,id ASC  [ RunTime:0.0030s ]
SQL: SELECT `id`,`zn_fid`,`zc_caption`,`zc_run_table`,`zc_run`,`zn_type`,`zc_target` FROM `lq_system_menu` WHERE (  zl_visible=1 and zl_is_menu=1 and zn_fid=112 ) ORDER BY zn_sort ASC,id ASC  [ RunTime:0.0030s ]
NOTIC: [8] Undefined index: zc_run C:\Users\Administrator\Desktop\niuniuGame\LQapps\User\Model\AdminModel.class.php 第 472 行.
SQL: SELECT `id`,`zn_fid`,`zc_caption`,`zc_run_table`,`zc_run`,`zn_type`,`zc_target` FROM `lq_system_menu` WHERE (  zl_visible=1 and zl_is_menu=1 and zn_fid=110 ) ORDER BY zn_sort ASC,id ASC  [ RunTime:0.0040s ]
SQL: SELECT `id`,`zn_fid`,`zc_caption`,`zc_run_table`,`zc_run`,`zn_type`,`zc_target` FROM `lq_system_menu` WHERE (  zl_visible=1 and zl_is_menu=1 and zn_fid=69 ) ORDER BY zn_sort ASC,id ASC  [ RunTime:0.0040s ]
SQL: SELECT `id`,`zn_fid`,`zc_caption`,`zc_run_table`,`zc_run`,`zn_type`,`zc_target` FROM `lq_system_menu` WHERE (  zl_visible=1 and zl_is_menu=1 and zn_fid=73 ) ORDER BY zn_sort ASC,id ASC  [ RunTime:0.0040s ]
NOTIC: [8] Undefined index: zc_run C:\Users\Administrator\Desktop\niuniuGame\LQapps\User\Model\AdminModel.class.php 第 472 行.
SQL: SELECT `id`,`zn_fid`,`zc_caption`,`zc_run_table`,`zc_run`,`zn_type`,`zc_target` FROM `lq_system_menu` WHERE (  zl_visible=1 and zl_is_menu=1 and zn_fid=111 ) ORDER BY zn_sort ASC,id ASC  [ RunTime:0.0340s ]
SQL: SELECT `id`,`zn_fid`,`zc_caption`,`zc_run_table`,`zc_run`,`zn_type`,`zc_target` FROM `lq_system_menu` WHERE (  zl_visible=1 and zl_is_menu=1 and zn_fid=103 ) ORDER BY zn_sort ASC,id ASC  [ RunTime:0.0150s ]
NOTIC: [8] Undefined index: zc_run C:\Users\Administrator\Desktop\niuniuGame\LQapps\User\Model\AdminModel.class.php 第 472 行.
SQL: SELECT `id`,`zn_fid`,`zc_caption`,`zc_run_table`,`zc_run`,`zn_type`,`zc_target` FROM `lq_system_menu` WHERE (  zl_visible=1 and zl_is_menu=1 and zn_fid=46 ) ORDER BY zn_sort ASC,id ASC  [ RunTime:0.0050s ]
NOTIC: [8] Undefined index: zc_run C:\Users\Administrator\Desktop\niuniuGame\LQapps\User\Model\AdminModel.class.php 第 472 行.
SQL: SELECT `id`,`zn_fid`,`zc_caption`,`zc_run_table`,`zc_run`,`zn_type`,`zc_target` FROM `lq_system_menu` WHERE (  zl_visible=1 and zl_is_menu=1 and zn_fid=64 ) ORDER BY zn_sort ASC,id ASC  [ RunTime:0.0040s ]
SQL: SELECT `id`,`zn_fid`,`zc_caption`,`zc_run_table`,`zc_run`,`zn_type`,`zc_target` FROM `lq_system_menu` WHERE (  zl_visible=1 and zl_is_menu=1 and zn_fid=51 ) ORDER BY zn_sort ASC,id ASC  [ RunTime:0.0040s ]
SQL: SELECT `zc_popedom` FROM `lq_admin` WHERE ( id=0 ) LIMIT 1   [ RunTime:0.0030s ]
SQL: SELECT * FROM `lq_admin` WHERE ( id = 1 ) LIMIT 1   [ RunTime:0.0040s ]
NOTIC: [8] Uninitialized string offset: 1 C:\Users\Administrator\Desktop\niuniuGame\LQapps\User\Model\AdminModel.class.php 第 235 行.
NOTIC: [2] Illegal string offset 'title' C:\Users\Administrator\Desktop\niuniuGame\LQapps\User\Model\AdminModel.class.php 第 235 行.
NOTIC: [8] Uninitialized string offset: 0 C:\Users\Administrator\Desktop\niuniuGame\LQapps\User\Model\AdminModel.class.php 第 235 行.
NOTIC: [8] unserialize(): Error at offset 0 of 1826 bytes C:\Users\Administrator\Desktop\niuniuGame\Public\ThinkPHP\Common\functions.php 第 1165 行.
NOTIC: [2] array_key_exists() expects parameter 2 to be array, boolean given C:\Users\Administrator\Desktop\niuniuGame\LQapps\User\Api\AdminApi.class.php 第 325 行.
NOTIC: [8] Undefined index: login C:\Users\Administrator\Desktop\niuniuGame\LQapps\User\Api\AdminApi.class.php 第 329 行.
NOTIC: [8] Undefined index: description C:\Users\Administrator\Desktop\niuniuGame\LQapps\User\Api\AdminApi.class.php 第 339 行.
SQL: INSERT INTO `lq_admin_log` (`zn_type`,`zc_action`,`zc_table`,`zc_table_id`,`zc_description`,`zn_ip`,`zn_cdate`,`zn_operator`,`zc_account`) VALUES ('0','login','admin','1','littleHe对admin模型,进行login操作。url请求:niuniugame.dev:80/sys-index.php/Login/login','2130706433','1517453808','1','littleHe') [ RunTime:0.0420s ]

[ 2018-02-01T10:56:49+08:00 ] 127.0.0.1 /sys-index.php/Index/index
INFO: [ app_init ] --START--
INFO: Run Behavior\BuildLiteBehavior [ RunTime:0.001000s ]
INFO: [ app_init ] --END-- [ RunTime:0.001000s ]
INFO: [ app_begin ] --START--
INFO: Run Behavior\ReadHtmlCacheBehavior [ RunTime:0.001000s ]
INFO: Run Behavior\CheckLangBehavior [ RunTime:0.000000s ]
INFO: [ app_begin ] --END-- [ RunTime:0.001000s ]
INFO: [ view_parse ] --START--
INFO: [ template_filter ] --START--
INFO: Run Behavior\ContentReplaceBehavior [ RunTime:0.000000s ]
INFO: [ template_filter ] --END-- [ RunTime:0.000000s ]
INFO: Run Behavior\ParseTemplateBehavior [ RunTime:0.014000s ]
INFO: [ view_parse ] --END-- [ RunTime:0.014000s ]
INFO: [ view_filter ] --START--
INFO: Run Behavior\WriteHtmlCacheBehavior [ RunTime:0.000000s ]
INFO: Run Behavior\ShowRuntimeBehavior [ RunTime:0.001000s ]
INFO: Run Behavior\TokenBuildBehavior [ RunTime:0.001000s ]
INFO: [ view_filter ] --END-- [ RunTime:0.002000s ]
INFO: [ app_end ] --START--
INFO: Run Behavior\ShowPageTraceBehavior [ RunTime:0.000000s ]
INFO: [ app_end ] --END-- [ RunTime:0.000000s ]

[ 2018-02-01T10:56:49+08:00 ] 127.0.0.1 /sys-index.php/Index/ajaxSearch/tcop/text
INFO: [ app_init ] --START--
INFO: Run Behavior\BuildLiteBehavior [ RunTime:0.000000s ]
INFO: [ app_init ] --END-- [ RunTime:0.000000s ]
INFO: [ app_begin ] --START--
INFO: Run Behavior\ReadHtmlCacheBehavior [ RunTime:0.000000s ]
INFO: Run Behavior\CheckLangBehavior [ RunTime:0.000000s ]
INFO: [ app_begin ] --END-- [ RunTime:0.000000s ]
NOTIC: [2] session_start(): Cannot send session cache limiter - headers already sent C:\Users\Administrator\Desktop\niuniuGame\Public\ThinkPHP\Common\functions.php 第 1280 行.
SQL: SELECT COUNT(*) AS tp_count FROM `lq_member` WHERE ( zn_cdate >=1516896000 and zn_cdate<=1516982399 ) LIMIT 1   [ RunTime:0.0030s ]
SQL: SELECT COUNT(*) AS tp_count FROM `lq_room` WHERE ( zn_cdate >=1516896000 and zn_cdate<=1516982399 ) LIMIT 1   [ RunTime:0.0030s ]
SQL: SELECT COUNT(*) AS tp_count FROM `lq_game_log` WHERE ( zn_cdate >=1516896000 and zn_cdate<=1516982399 ) LIMIT 1   [ RunTime:0.0290s ]
SQL: SELECT COUNT(*) AS tp_count FROM `lq_recharge` WHERE ( zn_cdate >=1516896000 and zn_cdate<=1516982399 ) LIMIT 1   [ RunTime:0.0050s ]
SQL: SELECT COUNT(*) AS tp_count FROM `lq_card_log` WHERE ( zn_cdate >=1516896000 and zn_cdate<=1516982399 ) LIMIT 1   [ RunTime:0.0040s ]
SQL: SELECT COUNT(*) AS tp_count FROM `lq_chat` WHERE ( zn_cdate >=1516896000 and zn_cdate<=1516982399 ) LIMIT 1   [ RunTime:0.0100s ]
SQL: SELECT COUNT(*) AS tp_count FROM `lq_member` WHERE ( zn_cdate >=1516982400 and zn_cdate<=1517068799 ) LIMIT 1   [ RunTime:0.0040s ]
SQL: SELECT COUNT(*) AS tp_count FROM `lq_room` WHERE ( zn_cdate >=1516982400 and zn_cdate<=1517068799 ) LIMIT 1   [ RunTime:0.0030s ]
SQL: SELECT COUNT(*) AS tp_count FROM `lq_game_log` WHERE ( zn_cdate >=1516982400 and zn_cdate<=1517068799 ) LIMIT 1   [ RunTime:0.0030s ]
SQL: SELECT COUNT(*) AS tp_count FROM `lq_recharge` WHERE ( zn_cdate >=1516982400 and zn_cdate<=1517068799 ) LIMIT 1   [ RunTime:0.0100s ]
SQL: SELECT COUNT(*) AS tp_count FROM `lq_card_log` WHERE ( zn_cdate >=1516982400 and zn_cdate<=1517068799 ) LIMIT 1   [ RunTime:0.0300s ]
SQL: SELECT COUNT(*) AS tp_count FROM `lq_chat` WHERE ( zn_cdate >=1516982400 and zn_cdate<=1517068799 ) LIMIT 1   [ RunTime:0.0040s ]
SQL: SELECT COUNT(*) AS tp_count FROM `lq_member` WHERE ( zn_cdate >=1517068800 and zn_cdate<=1517155199 ) LIMIT 1   [ RunTime:0.0030s ]
SQL: SELECT COUNT(*) AS tp_count FROM `lq_room` WHERE ( zn_cdate >=1517068800 and zn_cdate<=1517155199 ) LIMIT 1   [ RunTime:0.0120s ]
SQL: SELECT COUNT(*) AS tp_count FROM `lq_game_log` WHERE ( zn_cdate >=1517068800 and zn_cdate<=1517155199 ) LIMIT 1   [ RunTime:0.0050s ]
SQL: SELECT COUNT(*) AS tp_count FROM `lq_recharge` WHERE ( zn_cdate >=1517068800 and zn_cdate<=1517155199 ) LIMIT 1   [ RunTime:0.0280s ]
SQL: SELECT COUNT(*) AS tp_count FROM `lq_card_log` WHERE ( zn_cdate >=1517068800 and zn_cdate<=1517155199 ) LIMIT 1   [ RunTime:0.0170s ]
SQL: SELECT COUNT(*) AS tp_count FROM `lq_chat` WHERE ( zn_cdate >=1517068800 and zn_cdate<=1517155199 ) LIMIT 1   [ RunTime:0.0080s ]
SQL: SELECT COUNT(*) AS tp_count FROM `lq_member` WHERE ( zn_cdate >=1517155200 and zn_cdate<=1517241599 ) LIMIT 1   [ RunTime:0.0040s ]
SQL: SELECT COUNT(*) AS tp_count FROM `lq_room` WHERE ( zn_cdate >=1517155200 and zn_cdate<=1517241599 ) LIMIT 1   [ RunTime:0.0050s ]
SQL: SELECT COUNT(*) AS tp_count FROM `lq_game_log` WHERE ( zn_cdate >=1517155200 and zn_cdate<=1517241599 ) LIMIT 1   [ RunTime:0.0030s ]
SQL: SELECT COUNT(*) AS tp_count FROM `lq_recharge` WHERE ( zn_cdate >=1517155200 and zn_cdate<=1517241599 ) LIMIT 1   [ RunTime:0.0040s ]
SQL: SELECT COUNT(*) AS tp_count FROM `lq_card_log` WHERE ( zn_cdate >=1517155200 and zn_cdate<=1517241599 ) LIMIT 1   [ RunTime:0.0030s ]
SQL: SELECT COUNT(*) AS tp_count FROM `lq_chat` WHERE ( zn_cdate >=1517155200 and zn_cdate<=1517241599 ) LIMIT 1   [ RunTime:0.0030s ]
SQL: SELECT COUNT(*) AS tp_count FROM `lq_member` WHERE ( zn_cdate >=1517241600 and zn_cdate<=1517327999 ) LIMIT 1   [ RunTime:0.0120s ]
SQL: SELECT COUNT(*) AS tp_count FROM `lq_room` WHERE ( zn_cdate >=1517241600 and zn_cdate<=1517327999 ) LIMIT 1   [ RunTime:0.0120s ]
SQL: SELECT COUNT(*) AS tp_count FROM `lq_game_log` WHERE ( zn_cdate >=1517241600 and zn_cdate<=1517327999 ) LIMIT 1   [ RunTime:0.0030s ]
SQL: SELECT COUNT(*) AS tp_count FROM `lq_recharge` WHERE ( zn_cdate >=1517241600 and zn_cdate<=1517327999 ) LIMIT 1   [ RunTime:0.0040s ]
SQL: SELECT COUNT(*) AS tp_count FROM `lq_card_log` WHERE ( zn_cdate >=1517241600 and zn_cdate<=1517327999 ) LIMIT 1   [ RunTime:0.0190s ]
SQL: SELECT COUNT(*) AS tp_count FROM `lq_chat` WHERE ( zn_cdate >=1517241600 and zn_cdate<=1517327999 ) LIMIT 1   [ RunTime:0.0040s ]
SQL: SELECT COUNT(*) AS tp_count FROM `lq_member` WHERE ( zn_cdate >=1517328000 and zn_cdate<=1517414399 ) LIMIT 1   [ RunTime:0.0030s ]
SQL: SELECT COUNT(*) AS tp_count FROM `lq_room` WHERE ( zn_cdate >=1517328000 and zn_cdate<=1517414399 ) LIMIT 1   [ RunTime:0.0030s ]
SQL: SELECT COUNT(*) AS tp_count FROM `lq_game_log` WHERE ( zn_cdate >=1517328000 and zn_cdate<=1517414399 ) LIMIT 1   [ RunTime:0.0330s ]
SQL: SELECT COUNT(*) AS tp_count FROM `lq_recharge` WHERE ( zn_cdate >=1517328000 and zn_cdate<=1517414399 ) LIMIT 1   [ RunTime:0.0130s ]
SQL: SELECT COUNT(*) AS tp_count FROM `lq_card_log` WHERE ( zn_cdate >=1517328000 and zn_cdate<=1517414399 ) LIMIT 1   [ RunTime:0.0040s ]
SQL: SELECT COUNT(*) AS tp_count FROM `lq_chat` WHERE ( zn_cdate >=1517328000 and zn_cdate<=1517414399 ) LIMIT 1   [ RunTime:0.0050s ]
SQL: SELECT COUNT(*) AS tp_count FROM `lq_member` WHERE ( zn_cdate >=1517414400 and zn_cdate<=1517500799 ) LIMIT 1   [ RunTime:0.0040s ]
SQL: SELECT COUNT(*) AS tp_count FROM `lq_room` WHERE ( zn_cdate >=1517414400 and zn_cdate<=1517500799 ) LIMIT 1   [ RunTime:0.0040s ]
SQL: SELECT COUNT(*) AS tp_count FROM `lq_game_log` WHERE ( zn_cdate >=1517414400 and zn_cdate<=1517500799 ) LIMIT 1   [ RunTime:0.0040s ]
SQL: SELECT COUNT(*) AS tp_count FROM `lq_recharge` WHERE ( zn_cdate >=1517414400 and zn_cdate<=1517500799 ) LIMIT 1   [ RunTime:0.0030s ]
SQL: SELECT COUNT(*) AS tp_count FROM `lq_card_log` WHERE ( zn_cdate >=1517414400 and zn_cdate<=1517500799 ) LIMIT 1   [ RunTime:0.0100s ]
SQL: SELECT COUNT(*) AS tp_count FROM `lq_chat` WHERE ( zn_cdate >=1517414400 and zn_cdate<=1517500799 ) LIMIT 1   [ RunTime:0.0350s ]
NOTIC: [2] Cannot modify header information - headers already sent C:\Users\Administrator\Desktop\niuniuGame\Public\ThinkPHP\Library\Think\Controller.class.php 第 220 行.

[ 2018-02-01T10:56:52+08:00 ] 127.0.0.1 /sys-index.php/ApiDocument/index
INFO: [ app_init ] --START--
INFO: Run Behavior\BuildLiteBehavior [ RunTime:0.000000s ]
INFO: [ app_init ] --END-- [ RunTime:0.000000s ]
INFO: [ app_begin ] --START--
INFO: Run Behavior\ReadHtmlCacheBehavior [ RunTime:0.000000s ]
INFO: Run Behavior\CheckLangBehavior [ RunTime:0.001000s ]
INFO: [ app_begin ] --END-- [ RunTime:0.001000s ]
NOTIC: [8] Use of undefined constant SYSTEM_MENU_CURRENT - assumed 'SYSTEM_MENU_CURRENT' C:\Users\Administrator\Desktop\niuniuGame\LQapps\Admin\Controller\PublicController.class.php 第 477 行.
NOTIC: [8] Use of undefined constant SYSTEM_MENU_CURRENT - assumed 'SYSTEM_MENU_CURRENT' C:\Users\Administrator\Desktop\niuniuGame\LQapps\Admin\Controller\PublicController.class.php 第 481 行.
SQL: SELECT COUNT(*) AS tp_count FROM `lq_api_document` WHERE (  1  ) LIMIT 1   [ RunTime:0.0030s ]
SQL: SELECT `id`,`zl_type`,`zc_title`,`zl_visible` FROM `lq_api_document` WHERE (  1  ) ORDER BY id DESC LIMIT 0,10   [ RunTime:0.0140s ]
INFO: [ view_parse ] --START--
INFO: [ template_filter ] --START--
INFO: Run Behavior\ContentReplaceBehavior [ RunTime:0.000000s ]
INFO: [ template_filter ] --END-- [ RunTime:0.000000s ]
NOTIC: [8] Undefined index: zc_caption C:\Users\Administrator\Desktop\niuniuGame\Runtime\Cache\Admin\a80a2f6d0988ff20ec5a915486da997d.php 第 279 行.
NOTIC: [8] Undefined index: zc_caption C:\Users\Administrator\Desktop\niuniuGame\Runtime\Cache\Admin\a80a2f6d0988ff20ec5a915486da997d.php 第 279 行.
NOTIC: [8] Undefined index: zc_caption C:\Users\Administrator\Desktop\niuniuGame\Runtime\Cache\Admin\a80a2f6d0988ff20ec5a915486da997d.php 第 279 行.
NOTIC: [8] Undefined index: zc_caption C:\Users\Administrator\Desktop\niuniuGame\Runtime\Cache\Admin\a80a2f6d0988ff20ec5a915486da997d.php 第 279 行.
NOTIC: [8] Undefined index: zc_caption C:\Users\Administrator\Desktop\niuniuGame\Runtime\Cache\Admin\a80a2f6d0988ff20ec5a915486da997d.php 第 279 行.
NOTIC: [8] Undefined index: zc_caption C:\Users\Administrator\Desktop\niuniuGame\Runtime\Cache\Admin\a80a2f6d0988ff20ec5a915486da997d.php 第 279 行.
NOTIC: [8] Undefined index: zc_caption C:\Users\Administrator\Desktop\niuniuGame\Runtime\Cache\Admin\a80a2f6d0988ff20ec5a915486da997d.php 第 279 行.
NOTIC: [8] Undefined index: zc_caption C:\Users\Administrator\Desktop\niuniuGame\Runtime\Cache\Admin\a80a2f6d0988ff20ec5a915486da997d.php 第 279 行.
NOTIC: [8] Undefined index: zc_caption C:\Users\Administrator\Desktop\niuniuGame\Runtime\Cache\Admin\a80a2f6d0988ff20ec5a915486da997d.php 第 279 行.
NOTIC: [8] Undefined index: zc_caption C:\Users\Administrator\Desktop\niuniuGame\Runtime\Cache\Admin\a80a2f6d0988ff20ec5a915486da997d.php 第 279 行.
INFO: Run Behavior\ParseTemplateBehavior [ RunTime:0.028000s ]
INFO: [ view_parse ] --END-- [ RunTime:0.028000s ]
INFO: [ view_filter ] --START--
INFO: Run Behavior\WriteHtmlCacheBehavior [ RunTime:0.000000s ]
INFO: Run Behavior\ShowRuntimeBehavior [ RunTime:0.001000s ]
INFO: Run Behavior\TokenBuildBehavior [ RunTime:0.002000s ]
INFO: [ view_filter ] --END-- [ RunTime:0.003000s ]
INFO: [ app_end ] --START--
INFO: Run Behavior\ShowPageTraceBehavior [ RunTime:0.001000s ]
INFO: [ app_end ] --END-- [ RunTime:0.001000s ]

[ 2018-02-01T10:56:55+08:00 ] 127.0.0.1 /sys-index.php/ApiDocument/index/p/2
INFO: [ app_init ] --START--
INFO: Run Behavior\BuildLiteBehavior [ RunTime:0.000000s ]
INFO: [ app_init ] --END-- [ RunTime:0.000000s ]
INFO: [ app_begin ] --START--
INFO: Run Behavior\ReadHtmlCacheBehavior [ RunTime:0.000000s ]
INFO: Run Behavior\CheckLangBehavior [ RunTime:0.001000s ]
INFO: [ app_begin ] --END-- [ RunTime:0.001000s ]
NOTIC: [8] Use of undefined constant SYSTEM_MENU_CURRENT - assumed 'SYSTEM_MENU_CURRENT' C:\Users\Administrator\Desktop\niuniuGame\LQapps\Admin\Controller\PublicController.class.php 第 477 行.
NOTIC: [8] Use of undefined constant SYSTEM_MENU_CURRENT - assumed 'SYSTEM_MENU_CURRENT' C:\Users\Administrator\Desktop\niuniuGame\LQapps\Admin\Controller\PublicController.class.php 第 481 行.
SQL: SELECT COUNT(*) AS tp_count FROM `lq_api_document` WHERE (  1  ) LIMIT 1   [ RunTime:0.0030s ]
SQL: SELECT `id`,`zl_type`,`zc_title`,`zl_visible` FROM `lq_api_document` WHERE (  1  ) ORDER BY id DESC LIMIT 10,10   [ RunTime:0.0040s ]
INFO: [ view_parse ] --START--
INFO: [ template_filter ] --START--
INFO: Run Behavior\ContentReplaceBehavior [ RunTime:0.000000s ]
INFO: [ template_filter ] --END-- [ RunTime:0.000000s ]
NOTIC: [8] Undefined index: zc_caption C:\Users\Administrator\Desktop\niuniuGame\Runtime\Cache\Admin\a80a2f6d0988ff20ec5a915486da997d.php 第 279 行.
NOTIC: [8] Undefined index: zc_caption C:\Users\Administrator\Desktop\niuniuGame\Runtime\Cache\Admin\a80a2f6d0988ff20ec5a915486da997d.php 第 279 行.
NOTIC: [8] Undefined index: zc_caption C:\Users\Administrator\Desktop\niuniuGame\Runtime\Cache\Admin\a80a2f6d0988ff20ec5a915486da997d.php 第 279 行.
NOTIC: [8] Undefined index: zc_caption C:\Users\Administrator\Desktop\niuniuGame\Runtime\Cache\Admin\a80a2f6d0988ff20ec5a915486da997d.php 第 279 行.
NOTIC: [8] Undefined index: zc_caption C:\Users\Administrator\Desktop\niuniuGame\Runtime\Cache\Admin\a80a2f6d0988ff20ec5a915486da997d.php 第 279 行.
NOTIC: [8] Undefined index: zc_caption C:\Users\Administrator\Desktop\niuniuGame\Runtime\Cache\Admin\a80a2f6d0988ff20ec5a915486da997d.php 第 279 行.
NOTIC: [8] Undefined index: zc_caption C:\Users\Administrator\Desktop\niuniuGame\Runtime\Cache\Admin\a80a2f6d0988ff20ec5a915486da997d.php 第 279 行.
NOTIC: [8] Undefined index: zc_caption C:\Users\Administrator\Desktop\niuniuGame\Runtime\Cache\Admin\a80a2f6d0988ff20ec5a915486da997d.php 第 279 行.
NOTIC: [8] Undefined index: zc_caption C:\Users\Administrator\Desktop\niuniuGame\Runtime\Cache\Admin\a80a2f6d0988ff20ec5a915486da997d.php 第 279 行.
NOTIC: [8] Undefined index: zc_caption C:\Users\Administrator\Desktop\niuniuGame\Runtime\Cache\Admin\a80a2f6d0988ff20ec5a915486da997d.php 第 279 行.
INFO: Run Behavior\ParseTemplateBehavior [ RunTime:0.013000s ]
INFO: [ view_parse ] --END-- [ RunTime:0.013000s ]
INFO: [ view_filter ] --START--
INFO: Run Behavior\WriteHtmlCacheBehavior [ RunTime:0.000000s ]
INFO: Run Behavior\ShowRuntimeBehavior [ RunTime:0.001000s ]
INFO: Run Behavior\TokenBuildBehavior [ RunTime:0.001000s ]
INFO: [ view_filter ] --END-- [ RunTime:0.002000s ]
INFO: [ app_end ] --START--
INFO: Run Behavior\ShowPageTraceBehavior [ RunTime:0.000000s ]
INFO: [ app_end ] --END-- [ RunTime:0.000000s ]

[ 2018-02-01T10:56:57+08:00 ] 127.0.0.1 /sys-index.php/ApiDocument/index/p/3
INFO: [ app_init ] --START--
INFO: Run Behavior\BuildLiteBehavior [ RunTime:0.000000s ]
INFO: [ app_init ] --END-- [ RunTime:0.000000s ]
INFO: [ app_begin ] --START--
INFO: Run Behavior\ReadHtmlCacheBehavior [ RunTime:0.000000s ]
INFO: Run Behavior\CheckLangBehavior [ RunTime:0.001000s ]
INFO: [ app_begin ] --END-- [ RunTime:0.001000s ]
NOTIC: [8] Use of undefined constant SYSTEM_MENU_CURRENT - assumed 'SYSTEM_MENU_CURRENT' C:\Users\Administrator\Desktop\niuniuGame\LQapps\Admin\Controller\PublicController.class.php 第 477 行.
NOTIC: [8] Use of undefined constant SYSTEM_MENU_CURRENT - assumed 'SYSTEM_MENU_CURRENT' C:\Users\Administrator\Desktop\niuniuGame\LQapps\Admin\Controller\PublicController.class.php 第 481 行.
SQL: SELECT COUNT(*) AS tp_count FROM `lq_api_document` WHERE (  1  ) LIMIT 1   [ RunTime:0.0140s ]
SQL: SELECT `id`,`zl_type`,`zc_title`,`zl_visible` FROM `lq_api_document` WHERE (  1  ) ORDER BY id DESC LIMIT 20,10   [ RunTime:0.0140s ]
INFO: [ view_parse ] --START--
INFO: [ template_filter ] --START--
INFO: Run Behavior\ContentReplaceBehavior [ RunTime:0.000000s ]
INFO: [ template_filter ] --END-- [ RunTime:0.000000s ]
NOTIC: [8] Undefined index: zc_caption C:\Users\Administrator\Desktop\niuniuGame\Runtime\Cache\Admin\a80a2f6d0988ff20ec5a915486da997d.php 第 279 行.
NOTIC: [8] Undefined index: zc_caption C:\Users\Administrator\Desktop\niuniuGame\Runtime\Cache\Admin\a80a2f6d0988ff20ec5a915486da997d.php 第 279 行.
NOTIC: [8] Undefined index: zc_caption C:\Users\Administrator\Desktop\niuniuGame\Runtime\Cache\Admin\a80a2f6d0988ff20ec5a915486da997d.php 第 279 行.
NOTIC: [8] Undefined index: zc_caption C:\Users\Administrator\Desktop\niuniuGame\Runtime\Cache\Admin\a80a2f6d0988ff20ec5a915486da997d.php 第 279 行.
NOTIC: [8] Undefined index: zc_caption C:\Users\Administrator\Desktop\niuniuGame\Runtime\Cache\Admin\a80a2f6d0988ff20ec5a915486da997d.php 第 279 行.
NOTIC: [8] Undefined index: zc_caption C:\Users\Administrator\Desktop\niuniuGame\Runtime\Cache\Admin\a80a2f6d0988ff20ec5a915486da997d.php 第 279 行.
NOTIC: [8] Undefined index: zc_caption C:\Users\Administrator\Desktop\niuniuGame\Runtime\Cache\Admin\a80a2f6d0988ff20ec5a915486da997d.php 第 279 行.
NOTIC: [8] Undefined index: zc_caption C:\Users\Administrator\Desktop\niuniuGame\Runtime\Cache\Admin\a80a2f6d0988ff20ec5a915486da997d.php 第 279 行.
NOTIC: [8] Undefined index: zc_caption C:\Users\Administrator\Desktop\niuniuGame\Runtime\Cache\Admin\a80a2f6d0988ff20ec5a915486da997d.php 第 279 行.
NOTIC: [8] Undefined index: zc_caption C:\Users\Administrator\Desktop\niuniuGame\Runtime\Cache\Admin\a80a2f6d0988ff20ec5a915486da997d.php 第 279 行.
INFO: Run Behavior\ParseTemplateBehavior [ RunTime:0.039000s ]
INFO: [ view_parse ] --END-- [ RunTime:0.040000s ]
INFO: [ view_filter ] --START--
INFO: Run Behavior\WriteHtmlCacheBehavior [ RunTime:0.001000s ]
INFO: Run Behavior\ShowRuntimeBehavior [ RunTime:0.000000s ]
INFO: Run Behavior\TokenBuildBehavior [ RunTime:0.002000s ]
INFO: [ view_filter ] --END-- [ RunTime:0.003000s ]
INFO: [ app_end ] --START--
INFO: Run Behavior\ShowPageTraceBehavior [ RunTime:0.000000s ]
INFO: [ app_end ] --END-- [ RunTime:0.000000s ]

[ 2018-02-01T10:57:04+08:00 ] 127.0.0.1 /sys-index.php/ApiDocument/index/p/4
INFO: [ app_init ] --START--
INFO: Run Behavior\BuildLiteBehavior [ RunTime:0.000000s ]
INFO: [ app_init ] --END-- [ RunTime:0.000000s ]
INFO: [ app_begin ] --START--
INFO: Run Behavior\ReadHtmlCacheBehavior [ RunTime:0.000000s ]
INFO: Run Behavior\CheckLangBehavior [ RunTime:0.001000s ]
INFO: [ app_begin ] --END-- [ RunTime:0.001000s ]
NOTIC: [8] Use of undefined constant SYSTEM_MENU_CURRENT - assumed 'SYSTEM_MENU_CURRENT' C:\Users\Administrator\Desktop\niuniuGame\LQapps\Admin\Controller\PublicController.class.php 第 477 行.
NOTIC: [8] Use of undefined constant SYSTEM_MENU_CURRENT - assumed 'SYSTEM_MENU_CURRENT' C:\Users\Administrator\Desktop\niuniuGame\LQapps\Admin\Controller\PublicController.class.php 第 481 行.
SQL: SELECT COUNT(*) AS tp_count FROM `lq_api_document` WHERE (  1  ) LIMIT 1   [ RunTime:0.0030s ]
SQL: SELECT `id`,`zl_type`,`zc_title`,`zl_visible` FROM `lq_api_document` WHERE (  1  ) ORDER BY id DESC LIMIT 30,10   [ RunTime:0.0040s ]
INFO: [ view_parse ] --START--
INFO: [ template_filter ] --START--
INFO: Run Behavior\ContentReplaceBehavior [ RunTime:0.000000s ]
INFO: [ template_filter ] --END-- [ RunTime:0.000000s ]
NOTIC: [8] Undefined index: zc_caption C:\Users\Administrator\Desktop\niuniuGame\Runtime\Cache\Admin\a80a2f6d0988ff20ec5a915486da997d.php 第 279 行.
NOTIC: [8] Undefined index: zc_caption C:\Users\Administrator\Desktop\niuniuGame\Runtime\Cache\Admin\a80a2f6d0988ff20ec5a915486da997d.php 第 279 行.
NOTIC: [8] Undefined index: zc_caption C:\Users\Administrator\Desktop\niuniuGame\Runtime\Cache\Admin\a80a2f6d0988ff20ec5a915486da997d.php 第 279 行.
NOTIC: [8] Undefined index: zc_caption C:\Users\Administrator\Desktop\niuniuGame\Runtime\Cache\Admin\a80a2f6d0988ff20ec5a915486da997d.php 第 279 行.
NOTIC: [8] Undefined index: zc_caption C:\Users\Administrator\Desktop\niuniuGame\Runtime\Cache\Admin\a80a2f6d0988ff20ec5a915486da997d.php 第 279 行.
NOTIC: [8] Undefined index: zc_caption C:\Users\Administrator\Desktop\niuniuGame\Runtime\Cache\Admin\a80a2f6d0988ff20ec5a915486da997d.php 第 279 行.
NOTIC: [8] Undefined index: zc_caption C:\Users\Administrator\Desktop\niuniuGame\Runtime\Cache\Admin\a80a2f6d0988ff20ec5a915486da997d.php 第 279 行.
NOTIC: [8] Undefined index: zc_caption C:\Users\Administrator\Desktop\niuniuGame\Runtime\Cache\Admin\a80a2f6d0988ff20ec5a915486da997d.php 第 279 行.
NOTIC: [8] Undefined index: zc_caption C:\Users\Administrator\Desktop\niuniuGame\Runtime\Cache\Admin\a80a2f6d0988ff20ec5a915486da997d.php 第 279 行.
NOTIC: [8] Undefined index: zc_caption C:\Users\Administrator\Desktop\niuniuGame\Runtime\Cache\Admin\a80a2f6d0988ff20ec5a915486da997d.php 第 279 行.
INFO: Run Behavior\ParseTemplateBehavior [ RunTime:0.018000s ]
INFO: [ view_parse ] --END-- [ RunTime:0.018000s ]
INFO: [ view_filter ] --START--
INFO: Run Behavior\WriteHtmlCacheBehavior [ RunTime:0.000000s ]
INFO: Run Behavior\ShowRuntimeBehavior [ RunTime:0.001000s ]
INFO: Run Behavior\TokenBuildBehavior [ RunTime:0.001000s ]
INFO: [ view_filter ] --END-- [ RunTime:0.002000s ]
INFO: [ app_end ] --START--
INFO: Run Behavior\ShowPageTraceBehavior [ RunTime:0.000000s ]
INFO: [ app_end ] --END-- [ RunTime:0.000000s ]

[ 2018-02-01T10:57:08+08:00 ] 127.0.0.1 /sys-index.php/ApiDocument/index/p/3
INFO: [ app_init ] --START--
INFO: Run Behavior\BuildLiteBehavior [ RunTime:0.000000s ]
INFO: [ app_init ] --END-- [ RunTime:0.000000s ]
INFO: [ app_begin ] --START--
INFO: Run Behavior\ReadHtmlCacheBehavior [ RunTime:0.000000s ]
INFO: Run Behavior\CheckLangBehavior [ RunTime:0.001000s ]
INFO: [ app_begin ] --END-- [ RunTime:0.001000s ]
NOTIC: [8] Use of undefined constant SYSTEM_MENU_CURRENT - assumed 'SYSTEM_MENU_CURRENT' C:\Users\Administrator\Desktop\niuniuGame\LQapps\Admin\Controller\PublicController.class.php 第 477 行.
NOTIC: [8] Use of undefined constant SYSTEM_MENU_CURRENT - assumed 'SYSTEM_MENU_CURRENT' C:\Users\Administrator\Desktop\niuniuGame\LQapps\Admin\Controller\PublicController.class.php 第 481 行.
SQL: SELECT COUNT(*) AS tp_count FROM `lq_api_document` WHERE (  1  ) LIMIT 1   [ RunTime:0.0030s ]
SQL: SELECT `id`,`zl_type`,`zc_title`,`zl_visible` FROM `lq_api_document` WHERE (  1  ) ORDER BY id DESC LIMIT 20,10   [ RunTime:0.0030s ]
INFO: [ view_parse ] --START--
INFO: [ template_filter ] --START--
INFO: Run Behavior\ContentReplaceBehavior [ RunTime:0.000000s ]
INFO: [ template_filter ] --END-- [ RunTime:0.000000s ]
NOTIC: [8] Undefined index: zc_caption C:\Users\Administrator\Desktop\niuniuGame\Runtime\Cache\Admin\a80a2f6d0988ff20ec5a915486da997d.php 第 279 行.
NOTIC: [8] Undefined index: zc_caption C:\Users\Administrator\Desktop\niuniuGame\Runtime\Cache\Admin\a80a2f6d0988ff20ec5a915486da997d.php 第 279 行.
NOTIC: [8] Undefined index: zc_caption C:\Users\Administrator\Desktop\niuniuGame\Runtime\Cache\Admin\a80a2f6d0988ff20ec5a915486da997d.php 第 279 行.
NOTIC: [8] Undefined index: zc_caption C:\Users\Administrator\Desktop\niuniuGame\Runtime\Cache\Admin\a80a2f6d0988ff20ec5a915486da997d.php 第 279 行.
NOTIC: [8] Undefined index: zc_caption C:\Users\Administrator\Desktop\niuniuGame\Runtime\Cache\Admin\a80a2f6d0988ff20ec5a915486da997d.php 第 279 行.
NOTIC: [8] Undefined index: zc_caption C:\Users\Administrator\Desktop\niuniuGame\Runtime\Cache\Admin\a80a2f6d0988ff20ec5a915486da997d.php 第 279 行.
NOTIC: [8] Undefined index: zc_caption C:\Users\Administrator\Desktop\niuniuGame\Runtime\Cache\Admin\a80a2f6d0988ff20ec5a915486da997d.php 第 279 行.
NOTIC: [8] Undefined index: zc_caption C:\Users\Administrator\Desktop\niuniuGame\Runtime\Cache\Admin\a80a2f6d0988ff20ec5a915486da997d.php 第 279 行.
NOTIC: [8] Undefined index: zc_caption C:\Users\Administrator\Desktop\niuniuGame\Runtime\Cache\Admin\a80a2f6d0988ff20ec5a915486da997d.php 第 279 行.
NOTIC: [8] Undefined index: zc_caption C:\Users\Administrator\Desktop\niuniuGame\Runtime\Cache\Admin\a80a2f6d0988ff20ec5a915486da997d.php 第 279 行.
INFO: Run Behavior\ParseTemplateBehavior [ RunTime:0.014000s ]
INFO: [ view_parse ] --END-- [ RunTime:0.014000s ]
INFO: [ view_filter ] --START--
INFO: Run Behavior\WriteHtmlCacheBehavior [ RunTime:0.001000s ]
INFO: Run Behavior\ShowRuntimeBehavior [ RunTime:0.000000s ]
INFO: Run Behavior\TokenBuildBehavior [ RunTime:0.001000s ]
INFO: [ view_filter ] --END-- [ RunTime:0.002000s ]
INFO: [ app_end ] --START--
INFO: Run Behavior\ShowPageTraceBehavior [ RunTime:0.001000s ]
INFO: [ app_end ] --END-- [ RunTime:0.001000s ]

[ 2018-02-01T10:57:10+08:00 ] 127.0.0.1 /sys-index.php/ApiDocument/edit/tnid/89
INFO: [ app_init ] --START--
INFO: Run Behavior\BuildLiteBehavior [ RunTime:0.000000s ]
INFO: [ app_init ] --END-- [ RunTime:0.000000s ]
INFO: [ app_begin ] --START--
INFO: Run Behavior\ReadHtmlCacheBehavior [ RunTime:0.000000s ]
INFO: Run Behavior\CheckLangBehavior [ RunTime:0.001000s ]
INFO: [ app_begin ] --END-- [ RunTime:0.001000s ]
NOTIC: [8] Use of undefined constant SYSTEM_MENU_CURRENT - assumed 'SYSTEM_MENU_CURRENT' C:\Users\Administrator\Desktop\niuniuGame\LQapps\Admin\Controller\PublicController.class.php 第 477 行.
NOTIC: [8] Use of undefined constant SYSTEM_MENU_CURRENT - assumed 'SYSTEM_MENU_CURRENT' C:\Users\Administrator\Desktop\niuniuGame\LQapps\Admin\Controller\PublicController.class.php 第 481 行.
SQL: SELECT * FROM `lq_api_document` WHERE ( id=89 ) LIMIT 1   [ RunTime:0.0090s ]
SQL: SELECT `id`,`zc_title` FROM `lq_api_document` WHERE ( id>89 ) ORDER BY `id` ASC LIMIT 0,1   [ RunTime:0.0040s ]
SQL: SELECT `id`,`zc_title` FROM `lq_api_document` WHERE ( id<89 ) ORDER BY `id` DESC LIMIT 0,1   [ RunTime:0.0040s ]
NOTIC: [8] Undefined index: display C:\Users\Administrator\Desktop\niuniuGame\LQapps\Common\LQLibs\Util\BootstrapForm.class.php 第 60 行.
NOTIC: [8] Undefined index: controlTitle C:\Users\Administrator\Desktop\niuniuGame\LQapps\Common\LQLibs\Util\BootstrapForm.class.php 第 90 行.
NOTIC: [8] Undefined index: confirm C:\Users\Administrator\Desktop\niuniuGame\LQapps\Common\LQLibs\Util\BootstrapForm.class.php 第 94 行.
NOTIC: [8] Undefined index: dataBetween C:\Users\Administrator\Desktop\niuniuGame\LQapps\Common\LQLibs\Util\BootstrapForm.class.php 第 96 行.
NOTIC: [8] Undefined index: rows C:\Users\Administrator\Desktop\niuniuGame\LQapps\Common\LQLibs\Util\BootstrapForm.class.php 第 99 行.
NOTIC: [8] Undefined index: maxl C:\Users\Administrator\Desktop\niuniuGame\LQapps\Common\LQLibs\Util\BootstrapForm.class.php 第 100 行.
NOTIC: [8] Undefined index: width C:\Users\Administrator\Desktop\niuniuGame\LQapps\Common\LQLibs\Util\BootstrapForm.class.php 第 101 行.
NOTIC: [8] Undefined index: height C:\Users\Administrator\Desktop\niuniuGame\LQapps\Common\LQLibs\Util\BootstrapForm.class.php 第 102 行.
NOTIC: [8] Undefined index: style C:\Users\Administrator\Desktop\niuniuGame\LQapps\Common\LQLibs\Util\BootstrapForm.class.php 第 103 行.
NOTIC: [8] Undefined index: display C:\Users\Administrator\Desktop\niuniuGame\LQapps\Common\LQLibs\Util\BootstrapForm.class.php 第 60 行.
NOTIC: [8] Undefined index: fast-fill C:\Users\Administrator\Desktop\niuniuGame\LQapps\Common\LQLibs\Util\BootstrapForm.class.php 第 161 行.
NOTIC: [8] Undefined index: controlTitle C:\Users\Administrator\Desktop\niuniuGame\LQapps\Common\LQLibs\Util\BootstrapForm.class.php 第 90 行.
NOTIC: [8] Undefined index: confirm C:\Users\Administrator\Desktop\niuniuGame\LQapps\Common\LQLibs\Util\BootstrapForm.class.php 第 94 行.
NOTIC: [8] Undefined index: dataBetween C:\Users\Administrator\Desktop\niuniuGame\LQapps\Common\LQLibs\Util\BootstrapForm.class.php 第 96 行.
NOTIC: [8] Undefined index: rows C:\Users\Administrator\Desktop\niuniuGame\LQapps\Common\LQLibs\Util\BootstrapForm.class.php 第 99 行.
NOTIC: [8] Undefined index: maxl C:\Users\Administrator\Desktop\niuniuGame\LQapps\Common\LQLibs\Util\BootstrapForm.class.php 第 100 行.
NOTIC: [8] Undefined index: width C:\Users\Administrator\Desktop\niuniuGame\LQapps\Common\LQLibs\Util\BootstrapForm.class.php 第 101 行.
NOTIC: [8] Undefined index: height C:\Users\Administrator\Desktop\niuniuGame\LQapps\Common\LQLibs\Util\BootstrapForm.class.php 第 102 行.
NOTIC: [8] Undefined index: style C:\Users\Administrator\Desktop\niuniuGame\LQapps\Common\LQLibs\Util\BootstrapForm.class.php 第 103 行.
NOTIC: [8] Undefined index: display C:\Users\Administrator\Desktop\niuniuGame\LQapps\Common\LQLibs\Util\BootstrapForm.class.php 第 60 行.
NOTIC: [8] Undefined index: fast-fill C:\Users\Administrator\Desktop\niuniuGame\LQapps\Common\LQLibs\Util\BootstrapForm.class.php 第 161 行.
NOTIC: [8] Undefined index: controlTitle C:\Users\Administrator\Desktop\niuniuGame\LQapps\Common\LQLibs\Util\BootstrapForm.class.php 第 90 行.
NOTIC: [8] Undefined index: confirm C:\Users\Administrator\Desktop\niuniuGame\LQapps\Common\LQLibs\Util\BootstrapForm.class.php 第 94 行.
NOTIC: [8] Undefined index: dataBetween C:\Users\Administrator\Desktop\niuniuGame\LQapps\Common\LQLibs\Util\BootstrapForm.class.php 第 96 行.
NOTIC: [8] Undefined index: rows C:\Users\Administrator\Desktop\niuniuGame\LQapps\Common\LQLibs\Util\BootstrapForm.class.php 第 99 行.
NOTIC: [8] Undefined index: maxl C:\Users\Administrator\Desktop\niuniuGame\LQapps\Common\LQLibs\Util\BootstrapForm.class.php 第 100 行.
NOTIC: [8] Undefined index: width C:\Users\Administrator\Desktop\niuniuGame\LQapps\Common\LQLibs\Util\BootstrapForm.class.php 第 101 行.
NOTIC: [8] Undefined index: height C:\Users\Administrator\Desktop\niuniuGame\LQapps\Common\LQLibs\Util\BootstrapForm.class.php 第 102 行.
NOTIC: [8] Undefined index: style C:\Users\Administrator\Desktop\niuniuGame\LQapps\Common\LQLibs\Util\BootstrapForm.class.php 第 103 行.
NOTIC: [8] Undefined index: display C:\Users\Administrator\Desktop\niuniuGame\LQapps\Common\LQLibs\Util\BootstrapForm.class.php 第 60 行.
NOTIC: [8] Undefined index: fast-fill C:\Users\Administrator\Desktop\niuniuGame\LQapps\Common\LQLibs\Util\BootstrapForm.class.php 第 161 行.
NOTIC: [8] Undefined index: controlTitle C:\Users\Administrator\Desktop\niuniuGame\LQapps\Common\LQLibs\Util\BootstrapForm.class.php 第 90 行.
NOTIC: [8] Undefined index: confirm C:\Users\Administrator\Desktop\niuniuGame\LQapps\Common\LQLibs\Util\BootstrapForm.class.php 第 94 行.
NOTIC: [8] Undefined index: dataBetween C:\Users\Administrator\Desktop\niuniuGame\LQapps\Common\LQLibs\Util\BootstrapForm.class.php 第 96 行.
NOTIC: [8] Undefined index: rows C:\Users\Administrator\Desktop\niuniuGame\LQapps\Common\LQLibs\Util\BootstrapForm.class.php 第 99 行.
NOTIC: [8] Undefined index: maxl C:\Users\Administrator\Desktop\niuniuGame\LQapps\Common\LQLibs\Util\BootstrapForm.class.php 第 100 行.
NOTIC: [8] Undefined index: width C:\Users\Administrator\Desktop\niuniuGame\LQapps\Common\LQLibs\Util\BootstrapForm.class.php 第 101 行.
NOTIC: [8] Undefined index: height C:\Users\Administrator\Desktop\niuniuGame\LQapps\Common\LQLibs\Util\BootstrapForm.class.php 第 102 行.
NOTIC: [8] Undefined index: style C:\Users\Administrator\Desktop\niuniuGame\LQapps\Common\LQLibs\Util\BootstrapForm.class.php 第 103 行.
NOTIC: [8] Undefined index: display C:\Users\Administrator\Desktop\niuniuGame\LQapps\Common\LQLibs\Util\BootstrapForm.class.php 第 60 行.
INFO: [ view_parse ] --START--
INFO: [ template_filter ] --START--
INFO: Run Behavior\ContentReplaceBehavior [ RunTime:0.000000s ]
INFO: [ template_filter ] --END-- [ RunTime:0.000000s ]
INFO: Run Behavior\ParseTemplateBehavior [ RunTime:0.013000s ]
INFO: [ view_parse ] --END-- [ RunTime:0.013000s ]
INFO: [ view_filter ] --START--
INFO: Run Behavior\WriteHtmlCacheBehavior [ RunTime:0.000000s ]
INFO: Run Behavior\ShowRuntimeBehavior [ RunTime:0.000000s ]
INFO: Run Behavior\TokenBuildBehavior [ RunTime:0.001000s ]
INFO: [ view_filter ] --END-- [ RunTime:0.001000s ]
INFO: [ app_end ] --START--
INFO: Run Behavior\ShowPageTraceBehavior [ RunTime:0.001000s ]
INFO: [ app_end ] --END-- [ RunTime:0.001000s ]

[ 2018-02-01T10:57:10+08:00 ] 127.0.0.1 /sys-index.php/index/ueditorConfig//noCache/1517453830340
INFO: [ app_init ] --START--
INFO: Run Behavior\BuildLiteBehavior [ RunTime:0.000000s ]
INFO: [ app_init ] --END-- [ RunTime:0.000000s ]
INFO: [ app_begin ] --START--
INFO: Run Behavior\ReadHtmlCacheBehavior [ RunTime:0.000000s ]
INFO: Run Behavior\CheckLangBehavior [ RunTime:0.001000s ]
INFO: [ app_begin ] --END-- [ RunTime:0.001000s ]
NOTIC: [8] Undefined index: editorfile C:\Users\Administrator\Desktop\niuniuGame\LQapps\Common\LQPublic\Controller\Base.class.php 第 231 行.

[ 2018-02-01T10:58:30+08:00 ] 127.0.0.1 /sys-index.php/ApiDocument/edit/tnid/89
INFO: [ app_init ] --START--
INFO: Run Behavior\BuildLiteBehavior [ RunTime:0.000000s ]
INFO: [ app_init ] --END-- [ RunTime:0.000000s ]
INFO: [ app_begin ] --START--
INFO: Run Behavior\ReadHtmlCacheBehavior [ RunTime:0.000000s ]
INFO: Run Behavior\CheckLangBehavior [ RunTime:0.001000s ]
INFO: [ app_begin ] --END-- [ RunTime:0.001000s ]
NOTIC: [8] Use of undefined constant SYSTEM_MENU_CURRENT - assumed 'SYSTEM_MENU_CURRENT' C:\Users\Administrator\Desktop\niuniuGame\LQapps\Admin\Controller\PublicController.class.php 第 477 行.
NOTIC: [8] Use of undefined constant SYSTEM_MENU_CURRENT - assumed 'SYSTEM_MENU_CURRENT' C:\Users\Administrator\Desktop\niuniuGame\LQapps\Admin\Controller\PublicController.class.php 第 481 行.
NOTIC: [8] Undefined variable: returndata C:\Users\Administrator\Desktop\niuniuGame\LQapps\Common\LQPublic\Model\Base.class.php 第 39 行.
SQL: SELECT * FROM `lq_api_document` WHERE `zc_title` = '压分接口（压分必调用，重要!!!!!!!!）' AND `id` <> 89 LIMIT 1   [ RunTime:0.0050s ]
NOTIC: [8] Undefined index: auto C:\Users\Administrator\Desktop\niuniuGame\Public\ThinkPHP\Library\Think\Model.class.php 第 1173 行.
NOTIC: [8192] Function ereg() is deprecated C:\Users\Administrator\Desktop\niuniuGame\LQapps\Common\Common\function.php 第 837 行.
SQL: UPDATE `lq_api_document` SET `zl_type`='3',`zc_title`='压分接口（压分必调用，重要!!!!!!!!）',`zc_url`='http://niuniugame.dev/RoomJion/chargePoints',`zn_sort`='100',`zc_content`='&lt;p style=&quot;white-space: normal;&quot;&gt;请求方式：post(默认)&lt;/p&gt;&lt;p style=&quot;white-space: normal;&quot;&gt;token:需要&lt;/p&gt;&lt;p style=&quot;white-space: normal;&quot;&gt;参数列表：&lt;/p&gt;&lt;p style=&quot;white-space: normal;&quot;&gt;id int 用户id&lt;/p&gt;&lt;p style=&quot;white-space: normal;&quot;&gt;roomid&amp;nbsp; int 房间id&lt;/p&gt;&lt;p style=&quot;white-space: normal;&quot;&gt;score int 压分分数&lt;br/&gt;&lt;/p&gt;&lt;p style=&quot;white-space: normal;&quot;&gt;few int 第几副牌&lt;/p&gt;&lt;p style=&quot;white-space: normal;&quot;&gt;maxmag int 倍率（可选，会在socket返回，如没返回或者null，则此次下注不翻倍）&lt;br/&gt;&lt;/p&gt;&lt;p style=&quot;white-space: normal;&quot;&gt;&lt;br/&gt;&lt;/p&gt;&lt;p style=&quot;white-space: normal;&quot;&gt;&lt;br/&gt;&lt;/p&gt;&lt;p style=&quot;white-space: normal;&quot;&gt;&lt;br/&gt;&lt;/p&gt;&lt;p style=&quot;white-space: normal;&quot;&gt;返回列子：&lt;/p&gt;&lt;pre style=&quot;background-color: rgb(255, 255, 255); font-size: 12pt; font-family: 宋体;&quot;&gt;{
&amp;nbsp;&amp;nbsp;&amp;nbsp;&amp;nbsp;&amp;quot;msg&amp;quot;:&amp;nbsp;&amp;quot;上分成功&amp;quot;,
&amp;nbsp;&amp;nbsp;&amp;nbsp;&amp;nbsp;&amp;quot;status&amp;quot;:&amp;nbsp;0,
&amp;nbsp;&amp;nbsp;&amp;nbsp;&amp;nbsp;&amp;quot;data&amp;quot;:&amp;nbsp;{
&amp;nbsp;&amp;nbsp;&amp;nbsp;&amp;nbsp;&amp;nbsp;&amp;nbsp;&amp;nbsp;&amp;nbsp;&amp;quot;score&amp;quot;:&amp;nbsp;&amp;quot;10&amp;quot;
&amp;nbsp;&amp;nbsp;&amp;nbsp;&amp;nbsp;&amp;nbsp;&amp;nbsp;&amp;nbsp;&amp;nbsp;&amp;quot;maxmag&amp;quot;:&amp;quot;10&amp;quot;
&amp;nbsp;&amp;nbsp;&amp;nbsp;&amp;nbsp;}
}&lt;/pre&gt;&lt;p&gt;socre:减少的分数&lt;/p&gt;',`zn_mdate`='1517453910' WHERE `id` = 89 [ RunTime:0.0040s ]
NOTIC: [8] unserialize(): Error at offset 0 of 1826 bytes C:\Users\Administrator\Desktop\niuniuGame\Public\ThinkPHP\Common\functions.php 第 1165 行.
NOTIC: [2] array_key_exists() expects parameter 2 to be array, boolean given C:\Users\Administrator\Desktop\niuniuGame\LQapps\User\Api\AdminApi.class.php 第 325 行.
NOTIC: [8] Undefined index: description C:\Users\Administrator\Desktop\niuniuGame\LQapps\User\Api\AdminApi.class.php 第 339 行.
SQL: INSERT INTO `lq_admin_log` (`zn_type`,`zc_action`,`zc_table`,`zc_table_id`,`zc_description`,`zn_ip`,`zn_cdate`,`zn_operator`,`zc_account`) VALUES ('0','edit','api_document','89','littleHe对ApiDocument模型,进行修改页面操作。url请求:niuniugame.dev:80/sys-index.php/ApiDocument/edit/tnid/89','2130706433','1517453910','1','littleHe') [ RunTime:0.0030s ]

[ 2018-02-01T10:58:31+08:00 ] 127.0.0.1 /sys-index.php/ApiDocument/edit/tnid/89
INFO: [ app_init ] --START--
INFO: Run Behavior\BuildLiteBehavior [ RunTime:0.000000s ]
INFO: [ app_init ] --END-- [ RunTime:0.000000s ]
INFO: [ app_begin ] --START--
INFO: Run Behavior\ReadHtmlCacheBehavior [ RunTime:0.000000s ]
INFO: Run Behavior\CheckLangBehavior [ RunTime:0.001000s ]
INFO: [ app_begin ] --END-- [ RunTime:0.001000s ]
NOTIC: [8] Use of undefined constant SYSTEM_MENU_CURRENT - assumed 'SYSTEM_MENU_CURRENT' C:\Users\Administrator\Desktop\niuniuGame\LQapps\Admin\Controller\PublicController.class.php 第 477 行.
NOTIC: [8] Use of undefined constant SYSTEM_MENU_CURRENT - assumed 'SYSTEM_MENU_CURRENT' C:\Users\Administrator\Desktop\niuniuGame\LQapps\Admin\Controller\PublicController.class.php 第 481 行.
SQL: SELECT * FROM `lq_api_document` WHERE ( id=89 ) LIMIT 1   [ RunTime:0.0050s ]
SQL: SELECT `id`,`zc_title` FROM `lq_api_document` WHERE ( id>89 ) ORDER BY `id` ASC LIMIT 0,1   [ RunTime:0.0030s ]
SQL: SELECT `id`,`zc_title` FROM `lq_api_document` WHERE ( id<89 ) ORDER BY `id` DESC LIMIT 0,1   [ RunTime:0.0080s ]
NOTIC: [8] Undefined index: display C:\Users\Administrator\Desktop\niuniuGame\LQapps\Common\LQLibs\Util\BootstrapForm.class.php 第 60 行.
NOTIC: [8] Undefined index: controlTitle C:\Users\Administrator\Desktop\niuniuGame\LQapps\Common\LQLibs\Util\BootstrapForm.class.php 第 90 行.
NOTIC: [8] Undefined index: confirm C:\Users\Administrator\Desktop\niuniuGame\LQapps\Common\LQLibs\Util\BootstrapForm.class.php 第 94 行.
NOTIC: [8] Undefined index: dataBetween C:\Users\Administrator\Desktop\niuniuGame\LQapps\Common\LQLibs\Util\BootstrapForm.class.php 第 96 行.
NOTIC: [8] Undefined index: rows C:\Users\Administrator\Desktop\niuniuGame\LQapps\Common\LQLibs\Util\BootstrapForm.class.php 第 99 行.
NOTIC: [8] Undefined index: maxl C:\Users\Administrator\Desktop\niuniuGame\LQapps\Common\LQLibs\Util\BootstrapForm.class.php 第 100 行.
NOTIC: [8] Undefined index: width C:\Users\Administrator\Desktop\niuniuGame\LQapps\Common\LQLibs\Util\BootstrapForm.class.php 第 101 行.
NOTIC: [8] Undefined index: height C:\Users\Administrator\Desktop\niuniuGame\LQapps\Common\LQLibs\Util\BootstrapForm.class.php 第 102 行.
NOTIC: [8] Undefined index: style C:\Users\Administrator\Desktop\niuniuGame\LQapps\Common\LQLibs\Util\BootstrapForm.class.php 第 103 行.
NOTIC: [8] Undefined index: display C:\Users\Administrator\Desktop\niuniuGame\LQapps\Common\LQLibs\Util\BootstrapForm.class.php 第 60 行.
NOTIC: [8] Undefined index: fast-fill C:\Users\Administrator\Desktop\niuniuGame\LQapps\Common\LQLibs\Util\BootstrapForm.class.php 第 161 行.
NOTIC: [8] Undefined index: controlTitle C:\Users\Administrator\Desktop\niuniuGame\LQapps\Common\LQLibs\Util\BootstrapForm.class.php 第 90 行.
NOTIC: [8] Undefined index: confirm C:\Users\Administrator\Desktop\niuniuGame\LQapps\Common\LQLibs\Util\BootstrapForm.class.php 第 94 行.
NOTIC: [8] Undefined index: dataBetween C:\Users\Administrator\Desktop\niuniuGame\LQapps\Common\LQLibs\Util\BootstrapForm.class.php 第 96 行.
NOTIC: [8] Undefined index: rows C:\Users\Administrator\Desktop\niuniuGame\LQapps\Common\LQLibs\Util\BootstrapForm.class.php 第 99 行.
NOTIC: [8] Undefined index: maxl C:\Users\Administrator\Desktop\niuniuGame\LQapps\Common\LQLibs\Util\BootstrapForm.class.php 第 100 行.
NOTIC: [8] Undefined index: width C:\Users\Administrator\Desktop\niuniuGame\LQapps\Common\LQLibs\Util\BootstrapForm.class.php 第 101 行.
NOTIC: [8] Undefined index: height C:\Users\Administrator\Desktop\niuniuGame\LQapps\Common\LQLibs\Util\BootstrapForm.class.php 第 102 行.
NOTIC: [8] Undefined index: style C:\Users\Administrator\Desktop\niuniuGame\LQapps\Common\LQLibs\Util\BootstrapForm.class.php 第 103 行.
NOTIC: [8] Undefined index: display C:\Users\Administrator\Desktop\niuniuGame\LQapps\Common\LQLibs\Util\BootstrapForm.class.php 第 60 行.
NOTIC: [8] Undefined index: fast-fill C:\Users\Administrator\Desktop\niuniuGame\LQapps\Common\LQLibs\Util\BootstrapForm.class.php 第 161 行.
NOTIC: [8] Undefined index: controlTitle C:\Users\Administrator\Desktop\niuniuGame\LQapps\Common\LQLibs\Util\BootstrapForm.class.php 第 90 行.
NOTIC: [8] Undefined index: confirm C:\Users\Administrator\Desktop\niuniuGame\LQapps\Common\LQLibs\Util\BootstrapForm.class.php 第 94 行.
NOTIC: [8] Undefined index: dataBetween C:\Users\Administrator\Desktop\niuniuGame\LQapps\Common\LQLibs\Util\BootstrapForm.class.php 第 96 行.
NOTIC: [8] Undefined index: rows C:\Users\Administrator\Desktop\niuniuGame\LQapps\Common\LQLibs\Util\BootstrapForm.class.php 第 99 行.
NOTIC: [8] Undefined index: maxl C:\Users\Administrator\Desktop\niuniuGame\LQapps\Common\LQLibs\Util\BootstrapForm.class.php 第 100 行.
NOTIC: [8] Undefined index: width C:\Users\Administrator\Desktop\niuniuGame\LQapps\Common\LQLibs\Util\BootstrapForm.class.php 第 101 行.
NOTIC: [8] Undefined index: height C:\Users\Administrator\Desktop\niuniuGame\LQapps\Common\LQLibs\Util\BootstrapForm.class.php 第 102 行.
NOTIC: [8] Undefined index: style C:\Users\Administrator\Desktop\niuniuGame\LQapps\Common\LQLibs\Util\BootstrapForm.class.php 第 103 行.
NOTIC: [8] Undefined index: display C:\Users\Administrator\Desktop\niuniuGame\LQapps\Common\LQLibs\Util\BootstrapForm.class.php 第 60 行.
NOTIC: [8] Undefined index: fast-fill C:\Users\Administrator\Desktop\niuniuGame\LQapps\Common\LQLibs\Util\BootstrapForm.class.php 第 161 行.
NOTIC: [8] Undefined index: controlTitle C:\Users\Administrator\Desktop\niuniuGame\LQapps\Common\LQLibs\Util\BootstrapForm.class.php 第 90 行.
NOTIC: [8] Undefined index: confirm C:\Users\Administrator\Desktop\niuniuGame\LQapps\Common\LQLibs\Util\BootstrapForm.class.php 第 94 行.
NOTIC: [8] Undefined index: dataBetween C:\Users\Administrator\Desktop\niuniuGame\LQapps\Common\LQLibs\Util\BootstrapForm.class.php 第 96 行.
NOTIC: [8] Undefined index: rows C:\Users\Administrator\Desktop\niuniuGame\LQapps\Common\LQLibs\Util\BootstrapForm.class.php 第 99 行.
NOTIC: [8] Undefined index: maxl C:\Users\Administrator\Desktop\niuniuGame\LQapps\Common\LQLibs\Util\BootstrapForm.class.php 第 100 行.
NOTIC: [8] Undefined index: width C:\Users\Administrator\Desktop\niuniuGame\LQapps\Common\LQLibs\Util\BootstrapForm.class.php 第 101 行.
NOTIC: [8] Undefined index: height C:\Users\Administrator\Desktop\niuniuGame\LQapps\Common\LQLibs\Util\BootstrapForm.class.php 第 102 行.
NOTIC: [8] Undefined index: style C:\Users\Administrator\Desktop\niuniuGame\LQapps\Common\LQLibs\Util\BootstrapForm.class.php 第 103 行.
NOTIC: [8] Undefined index: display C:\Users\Administrator\Desktop\niuniuGame\LQapps\Common\LQLibs\Util\BootstrapForm.class.php 第 60 行.
INFO: [ view_parse ] --START--
INFO: [ template_filter ] --START--
INFO: Run Behavior\ContentReplaceBehavior [ RunTime:0.000000s ]
INFO: [ template_filter ] --END-- [ RunTime:0.000000s ]
INFO: Run Behavior\ParseTemplateBehavior [ RunTime:0.019000s ]
INFO: [ view_parse ] --END-- [ RunTime:0.019000s ]
INFO: [ view_filter ] --START--
INFO: Run Behavior\WriteHtmlCacheBehavior [ RunTime:0.001000s ]
INFO: Run Behavior\ShowRuntimeBehavior [ RunTime:0.000000s ]
INFO: Run Behavior\TokenBuildBehavior [ RunTime:0.001000s ]
INFO: [ view_filter ] --END-- [ RunTime:0.002000s ]
INFO: [ app_end ] --START--
INFO: Run Behavior\ShowPageTraceBehavior [ RunTime:0.000000s ]
INFO: [ app_end ] --END-- [ RunTime:0.000000s ]

[ 2018-02-01T10:58:32+08:00 ] 127.0.0.1 /sys-index.php/index/ueditorConfig//noCache/1517453912233
INFO: [ app_init ] --START--
INFO: Run Behavior\BuildLiteBehavior [ RunTime:0.000000s ]
INFO: [ app_init ] --END-- [ RunTime:0.000000s ]
INFO: [ app_begin ] --START--
INFO: Run Behavior\ReadHtmlCacheBehavior [ RunTime:0.000000s ]
INFO: Run Behavior\CheckLangBehavior [ RunTime:0.003000s ]
INFO: [ app_begin ] --END-- [ RunTime:0.003000s ]
NOTIC: [8] Undefined index: editorfile C:\Users\Administrator\Desktop\niuniuGame\LQapps\Common\LQPublic\Controller\Base.class.php 第 231 行.

[ 2018-02-01T11:02:38+08:00 ] 127.0.0.1 /sys-index.php/ApiDocument/index
INFO: [ app_init ] --START--
INFO: Run Behavior\BuildLiteBehavior [ RunTime:0.000000s ]
INFO: [ app_init ] --END-- [ RunTime:0.000000s ]
INFO: [ app_begin ] --START--
INFO: Run Behavior\ReadHtmlCacheBehavior [ RunTime:0.000000s ]
INFO: Run Behavior\CheckLangBehavior [ RunTime:0.001000s ]
INFO: [ app_begin ] --END-- [ RunTime:0.001000s ]
NOTIC: [8] Use of undefined constant SYSTEM_MENU_CURRENT - assumed 'SYSTEM_MENU_CURRENT' C:\Users\Administrator\Desktop\niuniuGame\LQapps\Admin\Controller\PublicController.class.php 第 477 行.
NOTIC: [8] Use of undefined constant SYSTEM_MENU_CURRENT - assumed 'SYSTEM_MENU_CURRENT' C:\Users\Administrator\Desktop\niuniuGame\LQapps\Admin\Controller\PublicController.class.php 第 481 行.
SQL: SELECT COUNT(*) AS tp_count FROM `lq_api_document` WHERE (  1  ) LIMIT 1   [ RunTime:0.0040s ]
SQL: SELECT `id`,`zl_type`,`zc_title`,`zl_visible` FROM `lq_api_document` WHERE (  1  ) ORDER BY id DESC LIMIT 0,10   [ RunTime:0.0050s ]
INFO: [ view_parse ] --START--
INFO: [ template_filter ] --START--
INFO: Run Behavior\ContentReplaceBehavior [ RunTime:0.001000s ]
INFO: [ template_filter ] --END-- [ RunTime:0.001000s ]
NOTIC: [8] Undefined index: zc_caption C:\Users\Administrator\Desktop\niuniuGame\Runtime\Cache\Admin\a80a2f6d0988ff20ec5a915486da997d.php 第 279 行.
NOTIC: [8] Undefined index: zc_caption C:\Users\Administrator\Desktop\niuniuGame\Runtime\Cache\Admin\a80a2f6d0988ff20ec5a915486da997d.php 第 279 行.
NOTIC: [8] Undefined index: zc_caption C:\Users\Administrator\Desktop\niuniuGame\Runtime\Cache\Admin\a80a2f6d0988ff20ec5a915486da997d.php 第 279 行.
NOTIC: [8] Undefined index: zc_caption C:\Users\Administrator\Desktop\niuniuGame\Runtime\Cache\Admin\a80a2f6d0988ff20ec5a915486da997d.php 第 279 行.
NOTIC: [8] Undefined index: zc_caption C:\Users\Administrator\Desktop\niuniuGame\Runtime\Cache\Admin\a80a2f6d0988ff20ec5a915486da997d.php 第 279 行.
NOTIC: [8] Undefined index: zc_caption C:\Users\Administrator\Desktop\niuniuGame\Runtime\Cache\Admin\a80a2f6d0988ff20ec5a915486da997d.php 第 279 行.
NOTIC: [8] Undefined index: zc_caption C:\Users\Administrator\Desktop\niuniuGame\Runtime\Cache\Admin\a80a2f6d0988ff20ec5a915486da997d.php 第 279 行.
NOTIC: [8] Undefined index: zc_caption C:\Users\Administrator\Desktop\niuniuGame\Runtime\Cache\Admin\a80a2f6d0988ff20ec5a915486da997d.php 第 279 行.
NOTIC: [8] Undefined index: zc_caption C:\Users\Administrator\Desktop\niuniuGame\Runtime\Cache\Admin\a80a2f6d0988ff20ec5a915486da997d.php 第 279 行.
NOTIC: [8] Undefined index: zc_caption C:\Users\Administrator\Desktop\niuniuGame\Runtime\Cache\Admin\a80a2f6d0988ff20ec5a915486da997d.php 第 279 行.
INFO: Run Behavior\ParseTemplateBehavior [ RunTime:0.055000s ]
INFO: [ view_parse ] --END-- [ RunTime:0.055000s ]
INFO: [ view_filter ] --START--
INFO: Run Behavior\WriteHtmlCacheBehavior [ RunTime:0.001000s ]
INFO: Run Behavior\ShowRuntimeBehavior [ RunTime:0.001000s ]
INFO: Run Behavior\TokenBuildBehavior [ RunTime:0.003000s ]
INFO: [ view_filter ] --END-- [ RunTime:0.005000s ]
INFO: [ app_end ] --START--
INFO: Run Behavior\ShowPageTraceBehavior [ RunTime:0.001000s ]
INFO: [ app_end ] --END-- [ RunTime:0.001000s ]

