[ 2018-01-08T11:37:05+08:00 ] 127.0.0.1 /sys-index.php
INFO: [ app_init ] --START--
INFO: Run Behavior\BuildLiteBehavior [ RunTime:0.000000s ]
INFO: [ app_init ] --END-- [ RunTime:0.000000s ]
INFO: [ app_begin ] --START--
INFO: Run Behavior\ReadHtmlCacheBehavior [ RunTime:0.001000s ]
INFO: Run Behavior\CheckLangBehavior [ RunTime:0.002000s ]
INFO: [ app_begin ] --END-- [ RunTime:0.003000s ]
NOTIC: [8] unserialize(): Error at offset 0 of 2045 bytes C:\Users\Administrator\Desktop\niuniuGame\Public\ThinkPHP\Common\functions.php 第 1165 行.
SQL: SHOW COLUMNS FROM `lq_admin` [ RunTime:0.0620s ]
SQL: select COLUMN_NAME,COLUMN_COMMENT,character_maximum_length FROM INFORMATION_SCHEMA.COLUMNS WHERE TABLE_NAME='lq_admin' and TABLE_SCHEMA='games' [ RunTime:0.0730s ]
NOTIC: [8] unserialize(): Error at offset 0 of 1137 bytes C:\Users\Administrator\Desktop\niuniuGame\Public\ThinkPHP\Common\functions.php 第 1165 行.
SQL: SHOW COLUMNS FROM `lq_admin_log` [ RunTime:0.0470s ]
SQL: select COLUMN_NAME,COLUMN_COMMENT,character_maximum_length FROM INFORMATION_SCHEMA.COLUMNS WHERE TABLE_NAME='lq_admin_log' and TABLE_SCHEMA='games' [ RunTime:0.0930s ]

[ 2018-01-08T11:37:05+08:00 ] 127.0.0.1 /sys-index.php/Login/login
INFO: [ app_init ] --START--
INFO: Run Behavior\BuildLiteBehavior [ RunTime:0.000000s ]
INFO: [ app_init ] --END-- [ RunTime:0.000000s ]
INFO: [ app_begin ] --START--
INFO: Run Behavior\ReadHtmlCacheBehavior [ RunTime:0.001000s ]
INFO: Run Behavior\CheckLangBehavior [ RunTime:0.002000s ]
INFO: [ app_begin ] --END-- [ RunTime:0.003000s ]
INFO: [ view_parse ] --START--
INFO: [ template_filter ] --START--
INFO: Run Behavior\ContentReplaceBehavior [ RunTime:0.001000s ]
INFO: [ template_filter ] --END-- [ RunTime:0.001000s ]
INFO: Run Behavior\ParseTemplateBehavior [ RunTime:0.014000s ]
INFO: [ view_parse ] --END-- [ RunTime:0.015000s ]
INFO: [ view_filter ] --START--
INFO: Run Behavior\WriteHtmlCacheBehavior [ RunTime:0.001000s ]
INFO: Run Behavior\ShowRuntimeBehavior [ RunTime:0.001000s ]
INFO: Run Behavior\TokenBuildBehavior [ RunTime:0.002000s ]
INFO: [ view_filter ] --END-- [ RunTime:0.004000s ]
INFO: [ app_end ] --START--
INFO: Run Behavior\ShowPageTraceBehavior [ RunTime:0.001000s ]
INFO: [ app_end ] --END-- [ RunTime:0.001000s ]

[ 2018-01-08T11:37:05+08:00 ] 127.0.0.1 /sys-index.php/Login/checkCode
INFO: [ app_init ] --START--
INFO: Run Behavior\BuildLiteBehavior [ RunTime:0.000000s ]
INFO: [ app_init ] --END-- [ RunTime:0.000000s ]
INFO: [ app_begin ] --START--
INFO: Run Behavior\ReadHtmlCacheBehavior [ RunTime:0.001000s ]
INFO: Run Behavior\CheckLangBehavior [ RunTime:0.001000s ]
INFO: [ app_begin ] --END-- [ RunTime:0.002000s ]
INFO: [ app_end ] --START--
INFO: Run Behavior\ShowPageTraceBehavior [ RunTime:0.000000s ]
INFO: [ app_end ] --END-- [ RunTime:0.000000s ]

[ 2018-01-08T11:37:13+08:00 ] 127.0.0.1 /sys-index.php/Login/login
INFO: [ app_init ] --START--
INFO: Run Behavior\BuildLiteBehavior [ RunTime:0.000000s ]
INFO: [ app_init ] --END-- [ RunTime:0.000000s ]
INFO: [ app_begin ] --START--
INFO: Run Behavior\ReadHtmlCacheBehavior [ RunTime:0.000000s ]
INFO: Run Behavior\CheckLangBehavior [ RunTime:0.001000s ]
INFO: [ app_begin ] --END-- [ RunTime:0.001000s ]
INFO: [ view_parse ] --START--
INFO: [ template_filter ] --START--
INFO: Run Behavior\ContentReplaceBehavior [ RunTime:0.000000s ]
INFO: [ template_filter ] --END-- [ RunTime:0.000000s ]
INFO: Run Behavior\ParseTemplateBehavior [ RunTime:0.006000s ]
INFO: [ view_parse ] --END-- [ RunTime:0.006000s ]
INFO: [ view_filter ] --START--
INFO: Run Behavior\WriteHtmlCacheBehavior [ RunTime:0.001000s ]
INFO: Run Behavior\ShowRuntimeBehavior [ RunTime:0.000000s ]
INFO: Run Behavior\TokenBuildBehavior [ RunTime:0.001000s ]
INFO: [ view_filter ] --END-- [ RunTime:0.002000s ]
INFO: [ app_end ] --START--
INFO: Run Behavior\ShowPageTraceBehavior [ RunTime:0.000000s ]
INFO: [ app_end ] --END-- [ RunTime:0.000000s ]

[ 2018-01-08T11:37:13+08:00 ] 127.0.0.1 /sys-index.php/Login/checkCode
INFO: [ app_init ] --START--
INFO: Run Behavior\BuildLiteBehavior [ RunTime:0.000000s ]
INFO: [ app_init ] --END-- [ RunTime:0.000000s ]
INFO: [ app_begin ] --START--
INFO: Run Behavior\ReadHtmlCacheBehavior [ RunTime:0.000000s ]
INFO: Run Behavior\CheckLangBehavior [ RunTime:0.001000s ]
INFO: [ app_begin ] --END-- [ RunTime:0.002000s ]
INFO: [ app_end ] --START--
INFO: Run Behavior\ShowPageTraceBehavior [ RunTime:0.002000s ]
INFO: [ app_end ] --END-- [ RunTime:0.002000s ]

[ 2018-01-08T11:37:59+08:00 ] 127.0.0.1 /sys-index.php/Login/login
INFO: [ app_init ] --START--
INFO: Run Behavior\BuildLiteBehavior [ RunTime:0.000000s ]
INFO: [ app_init ] --END-- [ RunTime:0.000000s ]
INFO: [ app_begin ] --START--
INFO: Run Behavior\ReadHtmlCacheBehavior [ RunTime:0.000000s ]
INFO: Run Behavior\CheckLangBehavior [ RunTime:0.000000s ]
INFO: [ app_begin ] --END-- [ RunTime:0.001000s ]
SQL: SELECT `id`,`zc_account`,`zc_email`,`zc_mobile`,`zc_password`,`zc_salt`,`zn_trylogin_times`,`zn_trylogin_lasttime`,`zl_visible` FROM `lq_admin` WHERE `zc_account` = 'littleHe' LIMIT 1   [ RunTime:0.0060s ]
SQL: UPDATE `lq_admin` SET `zn_login_times`=zn_login_times+1,`zn_last_login_time`='1515382678',`zn_mdate`='1515382678',`zn_trylogin_times`='0',`zn_trylogin_lasttime`='1515382678' WHERE `id` = 1 [ RunTime:0.0160s ]
NOTIC: [8] unserialize(): Error at offset 0 of 1508 bytes C:\Users\Administrator\Desktop\niuniuGame\Public\ThinkPHP\Common\functions.php 第 1165 行.
SQL: SELECT * FROM `lq_admin` WHERE ( id = 1 ) LIMIT 1   [ RunTime:0.0050s ]
NOTIC: [8] unserialize(): Error at offset 0 of 1894 bytes C:\Users\Administrator\Desktop\niuniuGame\Public\ThinkPHP\Common\functions.php 第 1165 行.
SQL: SHOW COLUMNS FROM `lq_system_menu` [ RunTime:0.0120s ]
SQL: select COLUMN_NAME,COLUMN_COMMENT,character_maximum_length FROM INFORMATION_SCHEMA.COLUMNS WHERE TABLE_NAME='lq_system_menu' and TABLE_SCHEMA='games' [ RunTime:0.0170s ]
SQL: SELECT `id`,`zn_fid`,`zc_caption` FROM `lq_system_menu` WHERE ( zn_fid=1 and zl_is_menu=1 ) ORDER BY zn_sort ASC,id ASC  [ RunTime:0.0050s ]
NOTIC: [8] Undefined variable: index C:\Users\Administrator\Desktop\niuniuGame\LQapps\User\Model\AdminModel.class.php 第 465 行.
NOTIC: [8] Undefined index: zc_run C:\Users\Administrator\Desktop\niuniuGame\LQapps\User\Model\AdminModel.class.php 第 472 行.
SQL: SELECT `id`,`zn_fid`,`zc_caption`,`zc_run_table`,`zc_run`,`zn_type`,`zc_target` FROM `lq_system_menu` WHERE (  zl_visible=1 and zl_is_menu=1 and zn_fid=2 ) ORDER BY zn_sort ASC,id ASC  [ RunTime:0.0040s ]
SQL: SELECT `id`,`zn_fid`,`zc_caption`,`zc_run_table`,`zc_run`,`zn_type`,`zc_target` FROM `lq_system_menu` WHERE (  zl_visible=1 and zl_is_menu=1 and zn_fid=48 ) ORDER BY zn_sort ASC,id ASC  [ RunTime:0.0040s ]
SQL: SELECT `id`,`zn_fid`,`zc_caption`,`zc_run_table`,`zc_run`,`zn_type`,`zc_target` FROM `lq_system_menu` WHERE (  zl_visible=1 and zl_is_menu=1 and zn_fid=49 ) ORDER BY zn_sort ASC,id ASC  [ RunTime:0.0040s ]
SQL: SELECT `id`,`zn_fid`,`zc_caption`,`zc_run_table`,`zc_run`,`zn_type`,`zc_target` FROM `lq_system_menu` WHERE (  zl_visible=1 and zl_is_menu=1 and zn_fid=50 ) ORDER BY zn_sort ASC,id ASC  [ RunTime:0.0060s ]
NOTIC: [8] Undefined index: zc_run C:\Users\Administrator\Desktop\niuniuGame\LQapps\User\Model\AdminModel.class.php 第 472 行.
SQL: SELECT `id`,`zn_fid`,`zc_caption`,`zc_run_table`,`zc_run`,`zn_type`,`zc_target` FROM `lq_system_menu` WHERE (  zl_visible=1 and zl_is_menu=1 and zn_fid=41 ) ORDER BY zn_sort ASC,id ASC  [ RunTime:0.0080s ]
SQL: SELECT `id`,`zn_fid`,`zc_caption`,`zc_run_table`,`zc_run`,`zn_type`,`zc_target` FROM `lq_system_menu` WHERE (  zl_visible=1 and zl_is_menu=1 and zn_fid=70 ) ORDER BY zn_sort ASC,id ASC  [ RunTime:0.0050s ]
NOTIC: [8] Undefined index: zc_run C:\Users\Administrator\Desktop\niuniuGame\LQapps\User\Model\AdminModel.class.php 第 472 行.
SQL: SELECT `id`,`zn_fid`,`zc_caption`,`zc_run_table`,`zc_run`,`zn_type`,`zc_target` FROM `lq_system_menu` WHERE (  zl_visible=1 and zl_is_menu=1 and zn_fid=44 ) ORDER BY zn_sort ASC,id ASC  [ RunTime:0.0250s ]
SQL: SELECT `id`,`zn_fid`,`zc_caption`,`zc_run_table`,`zc_run`,`zn_type`,`zc_target` FROM `lq_system_menu` WHERE (  zl_visible=1 and zl_is_menu=1 and zn_fid=90 ) ORDER BY zn_sort ASC,id ASC  [ RunTime:0.0090s ]
NOTIC: [8] Undefined index: zc_run C:\Users\Administrator\Desktop\niuniuGame\LQapps\User\Model\AdminModel.class.php 第 472 行.
SQL: SELECT `id`,`zn_fid`,`zc_caption`,`zc_run_table`,`zc_run`,`zn_type`,`zc_target` FROM `lq_system_menu` WHERE (  zl_visible=1 and zl_is_menu=1 and zn_fid=45 ) ORDER BY zn_sort ASC,id ASC  [ RunTime:0.0040s ]
SQL: SELECT `id`,`zn_fid`,`zc_caption`,`zc_run_table`,`zc_run`,`zn_type`,`zc_target` FROM `lq_system_menu` WHERE (  zl_visible=1 and zl_is_menu=1 and zn_fid=67 ) ORDER BY zn_sort ASC,id ASC  [ RunTime:0.0070s ]
NOTIC: [8] Undefined index: zc_run C:\Users\Administrator\Desktop\niuniuGame\LQapps\User\Model\AdminModel.class.php 第 472 行.
SQL: SELECT `id`,`zn_fid`,`zc_caption`,`zc_run_table`,`zc_run`,`zn_type`,`zc_target` FROM `lq_system_menu` WHERE (  zl_visible=1 and zl_is_menu=1 and zn_fid=47 ) ORDER BY zn_sort ASC,id ASC  [ RunTime:0.0040s ]
SQL: SELECT `id`,`zn_fid`,`zc_caption`,`zc_run_table`,`zc_run`,`zn_type`,`zc_target` FROM `lq_system_menu` WHERE (  zl_visible=1 and zl_is_menu=1 and zn_fid=100 ) ORDER BY zn_sort ASC,id ASC  [ RunTime:0.0070s ]
SQL: SELECT `id`,`zn_fid`,`zc_caption`,`zc_run_table`,`zc_run`,`zn_type`,`zc_target` FROM `lq_system_menu` WHERE (  zl_visible=1 and zl_is_menu=1 and zn_fid=112 ) ORDER BY zn_sort ASC,id ASC  [ RunTime:0.0070s ]
NOTIC: [8] Undefined index: zc_run C:\Users\Administrator\Desktop\niuniuGame\LQapps\User\Model\AdminModel.class.php 第 472 行.
SQL: SELECT `id`,`zn_fid`,`zc_caption`,`zc_run_table`,`zc_run`,`zn_type`,`zc_target` FROM `lq_system_menu` WHERE (  zl_visible=1 and zl_is_menu=1 and zn_fid=110 ) ORDER BY zn_sort ASC,id ASC  [ RunTime:0.0040s ]
SQL: SELECT `id`,`zn_fid`,`zc_caption`,`zc_run_table`,`zc_run`,`zn_type`,`zc_target` FROM `lq_system_menu` WHERE (  zl_visible=1 and zl_is_menu=1 and zn_fid=69 ) ORDER BY zn_sort ASC,id ASC  [ RunTime:0.0050s ]
SQL: SELECT `id`,`zn_fid`,`zc_caption`,`zc_run_table`,`zc_run`,`zn_type`,`zc_target` FROM `lq_system_menu` WHERE (  zl_visible=1 and zl_is_menu=1 and zn_fid=73 ) ORDER BY zn_sort ASC,id ASC  [ RunTime:0.0040s ]
NOTIC: [8] Undefined index: zc_run C:\Users\Administrator\Desktop\niuniuGame\LQapps\User\Model\AdminModel.class.php 第 472 行.
SQL: SELECT `id`,`zn_fid`,`zc_caption`,`zc_run_table`,`zc_run`,`zn_type`,`zc_target` FROM `lq_system_menu` WHERE (  zl_visible=1 and zl_is_menu=1 and zn_fid=111 ) ORDER BY zn_sort ASC,id ASC  [ RunTime:0.0040s ]
SQL: SELECT `id`,`zn_fid`,`zc_caption`,`zc_run_table`,`zc_run`,`zn_type`,`zc_target` FROM `lq_system_menu` WHERE (  zl_visible=1 and zl_is_menu=1 and zn_fid=103 ) ORDER BY zn_sort ASC,id ASC  [ RunTime:0.0040s ]
NOTIC: [8] Undefined index: zc_run C:\Users\Administrator\Desktop\niuniuGame\LQapps\User\Model\AdminModel.class.php 第 472 行.
SQL: SELECT `id`,`zn_fid`,`zc_caption`,`zc_run_table`,`zc_run`,`zn_type`,`zc_target` FROM `lq_system_menu` WHERE (  zl_visible=1 and zl_is_menu=1 and zn_fid=46 ) ORDER BY zn_sort ASC,id ASC  [ RunTime:0.0040s ]
SQL: SELECT `id`,`zn_fid`,`zc_caption`,`zc_run_table`,`zc_run`,`zn_type`,`zc_target` FROM `lq_system_menu` WHERE (  zl_visible=1 and zl_is_menu=1 and zn_fid=107 ) ORDER BY zn_sort ASC,id ASC  [ RunTime:0.0040s ]
NOTIC: [8] Undefined index: zc_run C:\Users\Administrator\Desktop\niuniuGame\LQapps\User\Model\AdminModel.class.php 第 472 行.
SQL: SELECT `id`,`zn_fid`,`zc_caption`,`zc_run_table`,`zc_run`,`zn_type`,`zc_target` FROM `lq_system_menu` WHERE (  zl_visible=1 and zl_is_menu=1 and zn_fid=64 ) ORDER BY zn_sort ASC,id ASC  [ RunTime:0.0040s ]
SQL: SELECT `id`,`zn_fid`,`zc_caption`,`zc_run_table`,`zc_run`,`zn_type`,`zc_target` FROM `lq_system_menu` WHERE (  zl_visible=1 and zl_is_menu=1 and zn_fid=83 ) ORDER BY zn_sort ASC,id ASC  [ RunTime:0.0060s ]
SQL: SELECT `id`,`zn_fid`,`zc_caption`,`zc_run_table`,`zc_run`,`zn_type`,`zc_target` FROM `lq_system_menu` WHERE (  zl_visible=1 and zl_is_menu=1 and zn_fid=51 ) ORDER BY zn_sort ASC,id ASC  [ RunTime:0.0050s ]
SQL: SELECT `zc_popedom` FROM `lq_admin` WHERE ( id=0 ) LIMIT 1   [ RunTime:0.0040s ]
SQL: SELECT * FROM `lq_admin` WHERE ( id = 1 ) LIMIT 1   [ RunTime:0.0050s ]
NOTIC: [8] Uninitialized string offset: 1 C:\Users\Administrator\Desktop\niuniuGame\LQapps\User\Model\AdminModel.class.php 第 235 行.
NOTIC: [2] Illegal string offset 'title' C:\Users\Administrator\Desktop\niuniuGame\LQapps\User\Model\AdminModel.class.php 第 235 行.
NOTIC: [8] Uninitialized string offset: 0 C:\Users\Administrator\Desktop\niuniuGame\LQapps\User\Model\AdminModel.class.php 第 235 行.
SQL: SELECT `id`,`zn_fid`,`zc_caption` FROM `lq_system_menu` WHERE ( zn_fid=1 and zl_is_menu=1 ) ORDER BY zn_sort ASC,id ASC  [ RunTime:0.0060s ]
NOTIC: [8] Undefined variable: index C:\Users\Administrator\Desktop\niuniuGame\LQapps\User\Model\AdminModel.class.php 第 465 行.
NOTIC: [8] Undefined index: zc_run C:\Users\Administrator\Desktop\niuniuGame\LQapps\User\Model\AdminModel.class.php 第 472 行.
SQL: SELECT `id`,`zn_fid`,`zc_caption`,`zc_run_table`,`zc_run`,`zn_type`,`zc_target` FROM `lq_system_menu` WHERE (  zl_visible=1 and zl_is_menu=1 and zn_fid=2 ) ORDER BY zn_sort ASC,id ASC  [ RunTime:0.0050s ]
SQL: SELECT `id`,`zn_fid`,`zc_caption`,`zc_run_table`,`zc_run`,`zn_type`,`zc_target` FROM `lq_system_menu` WHERE (  zl_visible=1 and zl_is_menu=1 and zn_fid=48 ) ORDER BY zn_sort ASC,id ASC  [ RunTime:0.0130s ]
SQL: SELECT `id`,`zn_fid`,`zc_caption`,`zc_run_table`,`zc_run`,`zn_type`,`zc_target` FROM `lq_system_menu` WHERE (  zl_visible=1 and zl_is_menu=1 and zn_fid=49 ) ORDER BY zn_sort ASC,id ASC  [ RunTime:0.0070s ]
SQL: SELECT `id`,`zn_fid`,`zc_caption`,`zc_run_table`,`zc_run`,`zn_type`,`zc_target` FROM `lq_system_menu` WHERE (  zl_visible=1 and zl_is_menu=1 and zn_fid=50 ) ORDER BY zn_sort ASC,id ASC  [ RunTime:0.0040s ]
NOTIC: [8] Undefined index: zc_run C:\Users\Administrator\Desktop\niuniuGame\LQapps\User\Model\AdminModel.class.php 第 472 行.
SQL: SELECT `id`,`zn_fid`,`zc_caption`,`zc_run_table`,`zc_run`,`zn_type`,`zc_target` FROM `lq_system_menu` WHERE (  zl_visible=1 and zl_is_menu=1 and zn_fid=41 ) ORDER BY zn_sort ASC,id ASC  [ RunTime:0.0030s ]
SQL: SELECT `id`,`zn_fid`,`zc_caption`,`zc_run_table`,`zc_run`,`zn_type`,`zc_target` FROM `lq_system_menu` WHERE (  zl_visible=1 and zl_is_menu=1 and zn_fid=70 ) ORDER BY zn_sort ASC,id ASC  [ RunTime:0.0040s ]
NOTIC: [8] Undefined index: zc_run C:\Users\Administrator\Desktop\niuniuGame\LQapps\User\Model\AdminModel.class.php 第 472 行.
SQL: SELECT `id`,`zn_fid`,`zc_caption`,`zc_run_table`,`zc_run`,`zn_type`,`zc_target` FROM `lq_system_menu` WHERE (  zl_visible=1 and zl_is_menu=1 and zn_fid=44 ) ORDER BY zn_sort ASC,id ASC  [ RunTime:0.0250s ]
SQL: SELECT `id`,`zn_fid`,`zc_caption`,`zc_run_table`,`zc_run`,`zn_type`,`zc_target` FROM `lq_system_menu` WHERE (  zl_visible=1 and zl_is_menu=1 and zn_fid=90 ) ORDER BY zn_sort ASC,id ASC  [ RunTime:0.0040s ]
NOTIC: [8] Undefined index: zc_run C:\Users\Administrator\Desktop\niuniuGame\LQapps\User\Model\AdminModel.class.php 第 472 行.
SQL: SELECT `id`,`zn_fid`,`zc_caption`,`zc_run_table`,`zc_run`,`zn_type`,`zc_target` FROM `lq_system_menu` WHERE (  zl_visible=1 and zl_is_menu=1 and zn_fid=45 ) ORDER BY zn_sort ASC,id ASC  [ RunTime:0.0040s ]
SQL: SELECT `id`,`zn_fid`,`zc_caption`,`zc_run_table`,`zc_run`,`zn_type`,`zc_target` FROM `lq_system_menu` WHERE (  zl_visible=1 and zl_is_menu=1 and zn_fid=67 ) ORDER BY zn_sort ASC,id ASC  [ RunTime:0.0040s ]
NOTIC: [8] Undefined index: zc_run C:\Users\Administrator\Desktop\niuniuGame\LQapps\User\Model\AdminModel.class.php 第 472 行.
SQL: SELECT `id`,`zn_fid`,`zc_caption`,`zc_run_table`,`zc_run`,`zn_type`,`zc_target` FROM `lq_system_menu` WHERE (  zl_visible=1 and zl_is_menu=1 and zn_fid=47 ) ORDER BY zn_sort ASC,id ASC  [ RunTime:0.0040s ]
SQL: SELECT `id`,`zn_fid`,`zc_caption`,`zc_run_table`,`zc_run`,`zn_type`,`zc_target` FROM `lq_system_menu` WHERE (  zl_visible=1 and zl_is_menu=1 and zn_fid=100 ) ORDER BY zn_sort ASC,id ASC  [ RunTime:0.0050s ]
SQL: SELECT `id`,`zn_fid`,`zc_caption`,`zc_run_table`,`zc_run`,`zn_type`,`zc_target` FROM `lq_system_menu` WHERE (  zl_visible=1 and zl_is_menu=1 and zn_fid=112 ) ORDER BY zn_sort ASC,id ASC  [ RunTime:0.0050s ]
NOTIC: [8] Undefined index: zc_run C:\Users\Administrator\Desktop\niuniuGame\LQapps\User\Model\AdminModel.class.php 第 472 行.
SQL: SELECT `id`,`zn_fid`,`zc_caption`,`zc_run_table`,`zc_run`,`zn_type`,`zc_target` FROM `lq_system_menu` WHERE (  zl_visible=1 and zl_is_menu=1 and zn_fid=110 ) ORDER BY zn_sort ASC,id ASC  [ RunTime:0.0040s ]
SQL: SELECT `id`,`zn_fid`,`zc_caption`,`zc_run_table`,`zc_run`,`zn_type`,`zc_target` FROM `lq_system_menu` WHERE (  zl_visible=1 and zl_is_menu=1 and zn_fid=69 ) ORDER BY zn_sort ASC,id ASC  [ RunTime:0.0040s ]
SQL: SELECT `id`,`zn_fid`,`zc_caption`,`zc_run_table`,`zc_run`,`zn_type`,`zc_target` FROM `lq_system_menu` WHERE (  zl_visible=1 and zl_is_menu=1 and zn_fid=73 ) ORDER BY zn_sort ASC,id ASC  [ RunTime:0.0040s ]
NOTIC: [8] Undefined index: zc_run C:\Users\Administrator\Desktop\niuniuGame\LQapps\User\Model\AdminModel.class.php 第 472 行.
SQL: SELECT `id`,`zn_fid`,`zc_caption`,`zc_run_table`,`zc_run`,`zn_type`,`zc_target` FROM `lq_system_menu` WHERE (  zl_visible=1 and zl_is_menu=1 and zn_fid=111 ) ORDER BY zn_sort ASC,id ASC  [ RunTime:0.0050s ]
SQL: SELECT `id`,`zn_fid`,`zc_caption`,`zc_run_table`,`zc_run`,`zn_type`,`zc_target` FROM `lq_system_menu` WHERE (  zl_visible=1 and zl_is_menu=1 and zn_fid=103 ) ORDER BY zn_sort ASC,id ASC  [ RunTime:0.0070s ]
NOTIC: [8] Undefined index: zc_run C:\Users\Administrator\Desktop\niuniuGame\LQapps\User\Model\AdminModel.class.php 第 472 行.
SQL: SELECT `id`,`zn_fid`,`zc_caption`,`zc_run_table`,`zc_run`,`zn_type`,`zc_target` FROM `lq_system_menu` WHERE (  zl_visible=1 and zl_is_menu=1 and zn_fid=46 ) ORDER BY zn_sort ASC,id ASC  [ RunTime:0.0080s ]
SQL: SELECT `id`,`zn_fid`,`zc_caption`,`zc_run_table`,`zc_run`,`zn_type`,`zc_target` FROM `lq_system_menu` WHERE (  zl_visible=1 and zl_is_menu=1 and zn_fid=107 ) ORDER BY zn_sort ASC,id ASC  [ RunTime:0.0040s ]
NOTIC: [8] Undefined index: zc_run C:\Users\Administrator\Desktop\niuniuGame\LQapps\User\Model\AdminModel.class.php 第 472 行.
SQL: SELECT `id`,`zn_fid`,`zc_caption`,`zc_run_table`,`zc_run`,`zn_type`,`zc_target` FROM `lq_system_menu` WHERE (  zl_visible=1 and zl_is_menu=1 and zn_fid=64 ) ORDER BY zn_sort ASC,id ASC  [ RunTime:0.0040s ]
SQL: SELECT `id`,`zn_fid`,`zc_caption`,`zc_run_table`,`zc_run`,`zn_type`,`zc_target` FROM `lq_system_menu` WHERE (  zl_visible=1 and zl_is_menu=1 and zn_fid=83 ) ORDER BY zn_sort ASC,id ASC  [ RunTime:0.0050s ]
SQL: SELECT `id`,`zn_fid`,`zc_caption`,`zc_run_table`,`zc_run`,`zn_type`,`zc_target` FROM `lq_system_menu` WHERE (  zl_visible=1 and zl_is_menu=1 and zn_fid=51 ) ORDER BY zn_sort ASC,id ASC  [ RunTime:0.0120s ]
SQL: SELECT `zc_popedom` FROM `lq_admin` WHERE ( id=0 ) LIMIT 1   [ RunTime:0.0030s ]
SQL: SELECT * FROM `lq_admin` WHERE ( id = 1 ) LIMIT 1   [ RunTime:0.0040s ]
NOTIC: [8] Uninitialized string offset: 1 C:\Users\Administrator\Desktop\niuniuGame\LQapps\User\Model\AdminModel.class.php 第 235 行.
NOTIC: [2] Illegal string offset 'title' C:\Users\Administrator\Desktop\niuniuGame\LQapps\User\Model\AdminModel.class.php 第 235 行.
NOTIC: [8] Uninitialized string offset: 0 C:\Users\Administrator\Desktop\niuniuGame\LQapps\User\Model\AdminModel.class.php 第 235 行.
NOTIC: [8] unserialize(): Error at offset 0 of 1747 bytes C:\Users\Administrator\Desktop\niuniuGame\Public\ThinkPHP\Common\functions.php 第 1165 行.
NOTIC: [8] unserialize(): Error at offset 0 of 1349 bytes C:\Users\Administrator\Desktop\niuniuGame\Public\ThinkPHP\Common\functions.php 第 1165 行.
NOTIC: [2] array_key_exists() expects parameter 2 to be array, boolean given C:\Users\Administrator\Desktop\niuniuGame\LQapps\User\Api\AdminApi.class.php 第 325 行.
NOTIC: [8] Undefined index: description C:\Users\Administrator\Desktop\niuniuGame\LQapps\User\Api\AdminApi.class.php 第 339 行.
SQL: INSERT INTO `lq_admin_log` (`zn_type`,`zc_action`,`zc_table`,`zc_table_id`,`zc_description`,`zn_ip`,`zn_cdate`,`zn_operator`,`zc_account`) VALUES ('0','login','admin','1','littleHe对admin模型,进行login操作。url请求:niuniugame.dev:80/sys-index.php/Login/login','2130706433','1515382678','1','littleHe') [ RunTime:0.0040s ]

[ 2018-01-08T11:37:59+08:00 ] 127.0.0.1 /sys-index.php/Index/index
INFO: [ app_init ] --START--
INFO: Run Behavior\BuildLiteBehavior [ RunTime:0.000000s ]
INFO: [ app_init ] --END-- [ RunTime:0.000000s ]
INFO: [ app_begin ] --START--
INFO: Run Behavior\ReadHtmlCacheBehavior [ RunTime:0.001000s ]
INFO: Run Behavior\CheckLangBehavior [ RunTime:0.001000s ]
INFO: [ app_begin ] --END-- [ RunTime:0.002000s ]
NOTIC: [8] unserialize(): Error at offset 0 of 1990 bytes C:\Users\Administrator\Desktop\niuniuGame\Public\ThinkPHP\Common\functions.php 第 1165 行.
INFO: [ view_parse ] --START--
INFO: [ template_filter ] --START--
INFO: Run Behavior\ContentReplaceBehavior [ RunTime:0.000000s ]
INFO: [ template_filter ] --END-- [ RunTime:0.000000s ]
INFO: Run Behavior\ParseTemplateBehavior [ RunTime:0.015000s ]
INFO: [ view_parse ] --END-- [ RunTime:0.015000s ]
INFO: [ view_filter ] --START--
INFO: Run Behavior\WriteHtmlCacheBehavior [ RunTime:0.001000s ]
INFO: Run Behavior\ShowRuntimeBehavior [ RunTime:0.001000s ]
INFO: Run Behavior\TokenBuildBehavior [ RunTime:0.001000s ]
INFO: [ view_filter ] --END-- [ RunTime:0.003000s ]
INFO: [ app_end ] --START--
INFO: Run Behavior\ShowPageTraceBehavior [ RunTime:0.001000s ]
INFO: [ app_end ] --END-- [ RunTime:0.001000s ]

[ 2018-01-08T11:37:59+08:00 ] 127.0.0.1 /sys-index.php/Index/ajaxSearch/tcop/hdorder
INFO: [ app_init ] --START--
INFO: Run Behavior\BuildLiteBehavior [ RunTime:0.000000s ]
INFO: [ app_init ] --END-- [ RunTime:0.000000s ]
INFO: [ app_begin ] --START--
INFO: Run Behavior\ReadHtmlCacheBehavior [ RunTime:0.000000s ]
INFO: Run Behavior\CheckLangBehavior [ RunTime:0.001000s ]
INFO: [ app_begin ] --END-- [ RunTime:0.001000s ]
NOTIC: [8] unserialize(): Error at offset 0 of 1990 bytes C:\Users\Administrator\Desktop\niuniuGame\Public\ThinkPHP\Common\functions.php 第 1165 行.
ERR: 1146:Table 'games.lq_hd_application' doesn't exist
 [ SQL语句 ] : SHOW COLUMNS FROM `lq_hd_application`
ERR: 1146:Table 'games.lq_hd_application' doesn't exist
 [ SQL语句 ] : SHOW COLUMNS FROM `lq_hd_application`

[ 2018-01-08T11:37:59+08:00 ] 127.0.0.1 /sys-index.php/Index/ajaxSearch/tcop/subscribe
INFO: [ app_init ] --START--
INFO: Run Behavior\BuildLiteBehavior [ RunTime:0.000000s ]
INFO: [ app_init ] --END-- [ RunTime:0.000000s ]
INFO: [ app_begin ] --START--
INFO: Run Behavior\ReadHtmlCacheBehavior [ RunTime:0.001000s ]
INFO: Run Behavior\CheckLangBehavior [ RunTime:0.000000s ]
INFO: [ app_begin ] --END-- [ RunTime:0.001000s ]
NOTIC: [8] unserialize(): Error at offset 0 of 1990 bytes C:\Users\Administrator\Desktop\niuniuGame\Public\ThinkPHP\Common\functions.php 第 1165 行.
NOTIC: [8] unserialize(): Error at offset 0 of 4412 bytes C:\Users\Administrator\Desktop\niuniuGame\Public\ThinkPHP\Common\functions.php 第 1165 行.
SQL: SHOW COLUMNS FROM `lq_member` [ RunTime:0.0110s ]
SQL: select COLUMN_NAME,COLUMN_COMMENT,character_maximum_length FROM INFORMATION_SCHEMA.COLUMNS WHERE TABLE_NAME='lq_member' and TABLE_SCHEMA='games' [ RunTime:0.0100s ]
NOTIC: [8] unserialize(): Error at offset 0 of 2403 bytes C:\Users\Administrator\Desktop\niuniuGame\Public\ThinkPHP\Common\functions.php 第 1165 行.
SQL: SHOW COLUMNS FROM `lq_follow` [ RunTime:0.0180s ]
SQL: select COLUMN_NAME,COLUMN_COMMENT,character_maximum_length FROM INFORMATION_SCHEMA.COLUMNS WHERE TABLE_NAME='lq_follow' and TABLE_SCHEMA='games' [ RunTime:0.0090s ]
NOTIC: [8] unserialize(): Error at offset 0 of 1108 bytes C:\Users\Administrator\Desktop\niuniuGame\Public\ThinkPHP\Common\functions.php 第 1165 行.
SQL: SHOW COLUMNS FROM `lq_member_log` [ RunTime:0.0080s ]
SQL: select COLUMN_NAME,COLUMN_COMMENT,character_maximum_length FROM INFORMATION_SCHEMA.COLUMNS WHERE TABLE_NAME='lq_member_log' and TABLE_SCHEMA='games' [ RunTime:0.0030s ]
ERR: 1146:Table 'games.lq_designer' doesn't exist
 [ SQL语句 ] : SHOW COLUMNS FROM `lq_designer`
ERR: 1146:Table 'games.lq_designer' doesn't exist
 [ SQL语句 ] : SHOW COLUMNS FROM `lq_designer`

