[ 2018-02-02T11:15:26+08:00 ] 127.0.0.1 /sys-index.php
INFO: [ app_init ] --START--
INFO: Run Behavior\BuildLiteBehavior [ RunTime:0.000000s ]
INFO: [ app_init ] --END-- [ RunTime:0.000000s ]
INFO: [ app_begin ] --START--
INFO: Run Behavior\ReadHtmlCacheBehavior [ RunTime:0.001000s ]
INFO: Run Behavior\CheckLangBehavior [ RunTime:0.002000s ]
INFO: [ app_begin ] --END-- [ RunTime:0.003000s ]

[ 2018-02-02T11:15:26+08:00 ] 127.0.0.1 /sys-index.php/Login/login
INFO: [ app_init ] --START--
INFO: Run Behavior\BuildLiteBehavior [ RunTime:0.000000s ]
INFO: [ app_init ] --END-- [ RunTime:0.000000s ]
INFO: [ app_begin ] --START--
INFO: Run Behavior\ReadHtmlCacheBehavior [ RunTime:0.000000s ]
INFO: Run Behavior\CheckLangBehavior [ RunTime:0.001000s ]
INFO: [ app_begin ] --END-- [ RunTime:0.001000s ]
INFO: [ view_parse ] --START--
INFO: [ template_filter ] --START--
INFO: Run Behavior\ContentReplaceBehavior [ RunTime:0.000000s ]
INFO: [ template_filter ] --END-- [ RunTime:0.001000s ]
INFO: Run Behavior\ParseTemplateBehavior [ RunTime:0.009000s ]
INFO: [ view_parse ] --END-- [ RunTime:0.009000s ]
INFO: [ view_filter ] --START--
INFO: Run Behavior\WriteHtmlCacheBehavior [ RunTime:0.000000s ]
INFO: Run Behavior\ShowRuntimeBehavior [ RunTime:0.000000s ]
INFO: Run Behavior\TokenBuildBehavior [ RunTime:0.001000s ]
INFO: [ view_filter ] --END-- [ RunTime:0.001000s ]
INFO: [ app_end ] --START--
INFO: Run Behavior\ShowPageTraceBehavior [ RunTime:0.000000s ]
INFO: [ app_end ] --END-- [ RunTime:0.000000s ]

[ 2018-02-02T11:15:26+08:00 ] 127.0.0.1 /sys-index.php/Login/checkCode
INFO: [ app_init ] --START--
INFO: Run Behavior\BuildLiteBehavior [ RunTime:0.000000s ]
INFO: [ app_init ] --END-- [ RunTime:0.000000s ]
INFO: [ app_begin ] --START--
INFO: Run Behavior\ReadHtmlCacheBehavior [ RunTime:0.000000s ]
INFO: Run Behavior\CheckLangBehavior [ RunTime:0.000000s ]
INFO: [ app_begin ] --END-- [ RunTime:0.000000s ]
INFO: [ app_end ] --START--
INFO: Run Behavior\ShowPageTraceBehavior [ RunTime:0.001000s ]
INFO: [ app_end ] --END-- [ RunTime:0.001000s ]

[ 2018-02-02T11:15:31+08:00 ] 127.0.0.1 /sys-index.php/Login/login
INFO: [ app_init ] --START--
INFO: Run Behavior\BuildLiteBehavior [ RunTime:0.000000s ]
INFO: [ app_init ] --END-- [ RunTime:0.000000s ]
INFO: [ app_begin ] --START--
INFO: Run Behavior\ReadHtmlCacheBehavior [ RunTime:0.000000s ]
INFO: Run Behavior\CheckLangBehavior [ RunTime:0.001000s ]
INFO: [ app_begin ] --END-- [ RunTime:0.001000s ]
SQL: SELECT `id`,`zc_account`,`zc_email`,`zc_mobile`,`zc_password`,`zc_salt`,`zn_trylogin_times`,`zn_trylogin_lasttime`,`zl_visible` FROM `lq_admin` WHERE `zc_account` = 'littleHe' LIMIT 1   [ RunTime:0.0070s ]
SQL: UPDATE `lq_admin` SET `zn_login_times`=zn_login_times+1,`zn_last_login_time`='1517541330',`zn_mdate`='1517541330',`zn_trylogin_times`='0',`zn_trylogin_lasttime`='1517541330' WHERE `id` = 1 [ RunTime:0.0040s ]
NOTIC: [8] unserialize(): Error at offset 0 of 889 bytes C:\Users\Administrator\Desktop\niuniuGame\Public\ThinkPHP\Common\functions.php 第 1165 行.
SQL: SELECT * FROM `lq_admin` WHERE ( id = 1 ) LIMIT 1   [ RunTime:0.0050s ]
SQL: SELECT `id`,`zn_fid`,`zc_caption` FROM `lq_system_menu` WHERE ( zn_fid=1 and zl_is_menu=1 ) ORDER BY zn_sort ASC,id ASC  [ RunTime:0.0660s ]
NOTIC: [8] Undefined variable: index C:\Users\Administrator\Desktop\niuniuGame\LQapps\User\Model\AdminModel.class.php 第 465 行.
NOTIC: [8] Undefined index: zc_run C:\Users\Administrator\Desktop\niuniuGame\LQapps\User\Model\AdminModel.class.php 第 472 行.
SQL: SELECT `id`,`zn_fid`,`zc_caption`,`zc_run_table`,`zc_run`,`zn_type`,`zc_target` FROM `lq_system_menu` WHERE (  zl_visible=1 and zl_is_menu=1 and zn_fid=2 ) ORDER BY zn_sort ASC,id ASC  [ RunTime:0.0060s ]
SQL: SELECT `id`,`zn_fid`,`zc_caption`,`zc_run_table`,`zc_run`,`zn_type`,`zc_target` FROM `lq_system_menu` WHERE (  zl_visible=1 and zl_is_menu=1 and zn_fid=48 ) ORDER BY zn_sort ASC,id ASC  [ RunTime:0.0060s ]
SQL: SELECT `id`,`zn_fid`,`zc_caption`,`zc_run_table`,`zc_run`,`zn_type`,`zc_target` FROM `lq_system_menu` WHERE (  zl_visible=1 and zl_is_menu=1 and zn_fid=49 ) ORDER BY zn_sort ASC,id ASC  [ RunTime:0.0240s ]
SQL: SELECT `id`,`zn_fid`,`zc_caption`,`zc_run_table`,`zc_run`,`zn_type`,`zc_target` FROM `lq_system_menu` WHERE (  zl_visible=1 and zl_is_menu=1 and zn_fid=50 ) ORDER BY zn_sort ASC,id ASC  [ RunTime:0.0140s ]
NOTIC: [8] Undefined index: zc_run C:\Users\Administrator\Desktop\niuniuGame\LQapps\User\Model\AdminModel.class.php 第 472 行.
SQL: SELECT `id`,`zn_fid`,`zc_caption`,`zc_run_table`,`zc_run`,`zn_type`,`zc_target` FROM `lq_system_menu` WHERE (  zl_visible=1 and zl_is_menu=1 and zn_fid=41 ) ORDER BY zn_sort ASC,id ASC  [ RunTime:0.0210s ]
SQL: SELECT `id`,`zn_fid`,`zc_caption`,`zc_run_table`,`zc_run`,`zn_type`,`zc_target` FROM `lq_system_menu` WHERE (  zl_visible=1 and zl_is_menu=1 and zn_fid=70 ) ORDER BY zn_sort ASC,id ASC  [ RunTime:0.0040s ]
NOTIC: [8] Undefined index: zc_run C:\Users\Administrator\Desktop\niuniuGame\LQapps\User\Model\AdminModel.class.php 第 472 行.
SQL: SELECT `id`,`zn_fid`,`zc_caption`,`zc_run_table`,`zc_run`,`zn_type`,`zc_target` FROM `lq_system_menu` WHERE (  zl_visible=1 and zl_is_menu=1 and zn_fid=44 ) ORDER BY zn_sort ASC,id ASC  [ RunTime:0.0060s ]
SQL: SELECT `id`,`zn_fid`,`zc_caption`,`zc_run_table`,`zc_run`,`zn_type`,`zc_target` FROM `lq_system_menu` WHERE (  zl_visible=1 and zl_is_menu=1 and zn_fid=90 ) ORDER BY zn_sort ASC,id ASC  [ RunTime:0.0040s ]
NOTIC: [8] Undefined index: zc_run C:\Users\Administrator\Desktop\niuniuGame\LQapps\User\Model\AdminModel.class.php 第 472 行.
SQL: SELECT `id`,`zn_fid`,`zc_caption`,`zc_run_table`,`zc_run`,`zn_type`,`zc_target` FROM `lq_system_menu` WHERE (  zl_visible=1 and zl_is_menu=1 and zn_fid=45 ) ORDER BY zn_sort ASC,id ASC  [ RunTime:0.0030s ]
SQL: SELECT `id`,`zn_fid`,`zc_caption`,`zc_run_table`,`zc_run`,`zn_type`,`zc_target` FROM `lq_system_menu` WHERE (  zl_visible=1 and zl_is_menu=1 and zn_fid=67 ) ORDER BY zn_sort ASC,id ASC  [ RunTime:0.0710s ]
NOTIC: [8] Undefined index: zc_run C:\Users\Administrator\Desktop\niuniuGame\LQapps\User\Model\AdminModel.class.php 第 472 行.
SQL: SELECT `id`,`zn_fid`,`zc_caption`,`zc_run_table`,`zc_run`,`zn_type`,`zc_target` FROM `lq_system_menu` WHERE (  zl_visible=1 and zl_is_menu=1 and zn_fid=47 ) ORDER BY zn_sort ASC,id ASC  [ RunTime:0.0040s ]
SQL: SELECT `id`,`zn_fid`,`zc_caption`,`zc_run_table`,`zc_run`,`zn_type`,`zc_target` FROM `lq_system_menu` WHERE (  zl_visible=1 and zl_is_menu=1 and zn_fid=100 ) ORDER BY zn_sort ASC,id ASC  [ RunTime:0.0040s ]
SQL: SELECT `id`,`zn_fid`,`zc_caption`,`zc_run_table`,`zc_run`,`zn_type`,`zc_target` FROM `lq_system_menu` WHERE (  zl_visible=1 and zl_is_menu=1 and zn_fid=112 ) ORDER BY zn_sort ASC,id ASC  [ RunTime:0.0050s ]
NOTIC: [8] Undefined index: zc_run C:\Users\Administrator\Desktop\niuniuGame\LQapps\User\Model\AdminModel.class.php 第 472 行.
SQL: SELECT `id`,`zn_fid`,`zc_caption`,`zc_run_table`,`zc_run`,`zn_type`,`zc_target` FROM `lq_system_menu` WHERE (  zl_visible=1 and zl_is_menu=1 and zn_fid=110 ) ORDER BY zn_sort ASC,id ASC  [ RunTime:0.0080s ]
SQL: SELECT `id`,`zn_fid`,`zc_caption`,`zc_run_table`,`zc_run`,`zn_type`,`zc_target` FROM `lq_system_menu` WHERE (  zl_visible=1 and zl_is_menu=1 and zn_fid=69 ) ORDER BY zn_sort ASC,id ASC  [ RunTime:0.0040s ]
SQL: SELECT `id`,`zn_fid`,`zc_caption`,`zc_run_table`,`zc_run`,`zn_type`,`zc_target` FROM `lq_system_menu` WHERE (  zl_visible=1 and zl_is_menu=1 and zn_fid=73 ) ORDER BY zn_sort ASC,id ASC  [ RunTime:0.0040s ]
NOTIC: [8] Undefined index: zc_run C:\Users\Administrator\Desktop\niuniuGame\LQapps\User\Model\AdminModel.class.php 第 472 行.
SQL: SELECT `id`,`zn_fid`,`zc_caption`,`zc_run_table`,`zc_run`,`zn_type`,`zc_target` FROM `lq_system_menu` WHERE (  zl_visible=1 and zl_is_menu=1 and zn_fid=111 ) ORDER BY zn_sort ASC,id ASC  [ RunTime:0.0040s ]
SQL: SELECT `id`,`zn_fid`,`zc_caption`,`zc_run_table`,`zc_run`,`zn_type`,`zc_target` FROM `lq_system_menu` WHERE (  zl_visible=1 and zl_is_menu=1 and zn_fid=103 ) ORDER BY zn_sort ASC,id ASC  [ RunTime:0.0080s ]
NOTIC: [8] Undefined index: zc_run C:\Users\Administrator\Desktop\niuniuGame\LQapps\User\Model\AdminModel.class.php 第 472 行.
SQL: SELECT `id`,`zn_fid`,`zc_caption`,`zc_run_table`,`zc_run`,`zn_type`,`zc_target` FROM `lq_system_menu` WHERE (  zl_visible=1 and zl_is_menu=1 and zn_fid=46 ) ORDER BY zn_sort ASC,id ASC  [ RunTime:0.1370s ]
NOTIC: [8] Undefined index: zc_run C:\Users\Administrator\Desktop\niuniuGame\LQapps\User\Model\AdminModel.class.php 第 472 行.
SQL: SELECT `id`,`zn_fid`,`zc_caption`,`zc_run_table`,`zc_run`,`zn_type`,`zc_target` FROM `lq_system_menu` WHERE (  zl_visible=1 and zl_is_menu=1 and zn_fid=64 ) ORDER BY zn_sort ASC,id ASC  [ RunTime:0.0180s ]
SQL: SELECT `id`,`zn_fid`,`zc_caption`,`zc_run_table`,`zc_run`,`zn_type`,`zc_target` FROM `lq_system_menu` WHERE (  zl_visible=1 and zl_is_menu=1 and zn_fid=51 ) ORDER BY zn_sort ASC,id ASC  [ RunTime:0.0050s ]
SQL: SELECT `zc_popedom` FROM `lq_admin` WHERE ( id=0 ) LIMIT 1   [ RunTime:0.0030s ]
SQL: SELECT * FROM `lq_admin` WHERE ( id = 1 ) LIMIT 1   [ RunTime:0.0040s ]
NOTIC: [8] Uninitialized string offset: 1 C:\Users\Administrator\Desktop\niuniuGame\LQapps\User\Model\AdminModel.class.php 第 235 行.
NOTIC: [2] Illegal string offset 'title' C:\Users\Administrator\Desktop\niuniuGame\LQapps\User\Model\AdminModel.class.php 第 235 行.
NOTIC: [8] Uninitialized string offset: 0 C:\Users\Administrator\Desktop\niuniuGame\LQapps\User\Model\AdminModel.class.php 第 235 行.
SQL: SELECT `id`,`zn_fid`,`zc_caption` FROM `lq_system_menu` WHERE ( zn_fid=1 and zl_is_menu=1 ) ORDER BY zn_sort ASC,id ASC  [ RunTime:0.0040s ]
NOTIC: [8] Undefined variable: index C:\Users\Administrator\Desktop\niuniuGame\LQapps\User\Model\AdminModel.class.php 第 465 行.
NOTIC: [8] Undefined index: zc_run C:\Users\Administrator\Desktop\niuniuGame\LQapps\User\Model\AdminModel.class.php 第 472 行.
SQL: SELECT `id`,`zn_fid`,`zc_caption`,`zc_run_table`,`zc_run`,`zn_type`,`zc_target` FROM `lq_system_menu` WHERE (  zl_visible=1 and zl_is_menu=1 and zn_fid=2 ) ORDER BY zn_sort ASC,id ASC  [ RunTime:0.0060s ]
SQL: SELECT `id`,`zn_fid`,`zc_caption`,`zc_run_table`,`zc_run`,`zn_type`,`zc_target` FROM `lq_system_menu` WHERE (  zl_visible=1 and zl_is_menu=1 and zn_fid=48 ) ORDER BY zn_sort ASC,id ASC  [ RunTime:0.0300s ]
SQL: SELECT `id`,`zn_fid`,`zc_caption`,`zc_run_table`,`zc_run`,`zn_type`,`zc_target` FROM `lq_system_menu` WHERE (  zl_visible=1 and zl_is_menu=1 and zn_fid=49 ) ORDER BY zn_sort ASC,id ASC  [ RunTime:0.0040s ]
SQL: SELECT `id`,`zn_fid`,`zc_caption`,`zc_run_table`,`zc_run`,`zn_type`,`zc_target` FROM `lq_system_menu` WHERE (  zl_visible=1 and zl_is_menu=1 and zn_fid=50 ) ORDER BY zn_sort ASC,id ASC  [ RunTime:0.0040s ]
NOTIC: [8] Undefined index: zc_run C:\Users\Administrator\Desktop\niuniuGame\LQapps\User\Model\AdminModel.class.php 第 472 行.
SQL: SELECT `id`,`zn_fid`,`zc_caption`,`zc_run_table`,`zc_run`,`zn_type`,`zc_target` FROM `lq_system_menu` WHERE (  zl_visible=1 and zl_is_menu=1 and zn_fid=41 ) ORDER BY zn_sort ASC,id ASC  [ RunTime:0.0030s ]
SQL: SELECT `id`,`zn_fid`,`zc_caption`,`zc_run_table`,`zc_run`,`zn_type`,`zc_target` FROM `lq_system_menu` WHERE (  zl_visible=1 and zl_is_menu=1 and zn_fid=70 ) ORDER BY zn_sort ASC,id ASC  [ RunTime:0.0040s ]
NOTIC: [8] Undefined index: zc_run C:\Users\Administrator\Desktop\niuniuGame\LQapps\User\Model\AdminModel.class.php 第 472 行.
SQL: SELECT `id`,`zn_fid`,`zc_caption`,`zc_run_table`,`zc_run`,`zn_type`,`zc_target` FROM `lq_system_menu` WHERE (  zl_visible=1 and zl_is_menu=1 and zn_fid=44 ) ORDER BY zn_sort ASC,id ASC  [ RunTime:0.0040s ]
SQL: SELECT `id`,`zn_fid`,`zc_caption`,`zc_run_table`,`zc_run`,`zn_type`,`zc_target` FROM `lq_system_menu` WHERE (  zl_visible=1 and zl_is_menu=1 and zn_fid=90 ) ORDER BY zn_sort ASC,id ASC  [ RunTime:0.0070s ]
NOTIC: [8] Undefined index: zc_run C:\Users\Administrator\Desktop\niuniuGame\LQapps\User\Model\AdminModel.class.php 第 472 行.
SQL: SELECT `id`,`zn_fid`,`zc_caption`,`zc_run_table`,`zc_run`,`zn_type`,`zc_target` FROM `lq_system_menu` WHERE (  zl_visible=1 and zl_is_menu=1 and zn_fid=45 ) ORDER BY zn_sort ASC,id ASC  [ RunTime:0.0060s ]
SQL: SELECT `id`,`zn_fid`,`zc_caption`,`zc_run_table`,`zc_run`,`zn_type`,`zc_target` FROM `lq_system_menu` WHERE (  zl_visible=1 and zl_is_menu=1 and zn_fid=67 ) ORDER BY zn_sort ASC,id ASC  [ RunTime:0.0350s ]
NOTIC: [8] Undefined index: zc_run C:\Users\Administrator\Desktop\niuniuGame\LQapps\User\Model\AdminModel.class.php 第 472 行.
SQL: SELECT `id`,`zn_fid`,`zc_caption`,`zc_run_table`,`zc_run`,`zn_type`,`zc_target` FROM `lq_system_menu` WHERE (  zl_visible=1 and zl_is_menu=1 and zn_fid=47 ) ORDER BY zn_sort ASC,id ASC  [ RunTime:0.0090s ]
SQL: SELECT `id`,`zn_fid`,`zc_caption`,`zc_run_table`,`zc_run`,`zn_type`,`zc_target` FROM `lq_system_menu` WHERE (  zl_visible=1 and zl_is_menu=1 and zn_fid=100 ) ORDER BY zn_sort ASC,id ASC  [ RunTime:0.0030s ]
SQL: SELECT `id`,`zn_fid`,`zc_caption`,`zc_run_table`,`zc_run`,`zn_type`,`zc_target` FROM `lq_system_menu` WHERE (  zl_visible=1 and zl_is_menu=1 and zn_fid=112 ) ORDER BY zn_sort ASC,id ASC  [ RunTime:0.0090s ]
NOTIC: [8] Undefined index: zc_run C:\Users\Administrator\Desktop\niuniuGame\LQapps\User\Model\AdminModel.class.php 第 472 行.
SQL: SELECT `id`,`zn_fid`,`zc_caption`,`zc_run_table`,`zc_run`,`zn_type`,`zc_target` FROM `lq_system_menu` WHERE (  zl_visible=1 and zl_is_menu=1 and zn_fid=110 ) ORDER BY zn_sort ASC,id ASC  [ RunTime:0.0030s ]
SQL: SELECT `id`,`zn_fid`,`zc_caption`,`zc_run_table`,`zc_run`,`zn_type`,`zc_target` FROM `lq_system_menu` WHERE (  zl_visible=1 and zl_is_menu=1 and zn_fid=69 ) ORDER BY zn_sort ASC,id ASC  [ RunTime:0.0040s ]
SQL: SELECT `id`,`zn_fid`,`zc_caption`,`zc_run_table`,`zc_run`,`zn_type`,`zc_target` FROM `lq_system_menu` WHERE (  zl_visible=1 and zl_is_menu=1 and zn_fid=73 ) ORDER BY zn_sort ASC,id ASC  [ RunTime:0.0110s ]
NOTIC: [8] Undefined index: zc_run C:\Users\Administrator\Desktop\niuniuGame\LQapps\User\Model\AdminModel.class.php 第 472 行.
SQL: SELECT `id`,`zn_fid`,`zc_caption`,`zc_run_table`,`zc_run`,`zn_type`,`zc_target` FROM `lq_system_menu` WHERE (  zl_visible=1 and zl_is_menu=1 and zn_fid=111 ) ORDER BY zn_sort ASC,id ASC  [ RunTime:0.0150s ]
SQL: SELECT `id`,`zn_fid`,`zc_caption`,`zc_run_table`,`zc_run`,`zn_type`,`zc_target` FROM `lq_system_menu` WHERE (  zl_visible=1 and zl_is_menu=1 and zn_fid=103 ) ORDER BY zn_sort ASC,id ASC  [ RunTime:0.0060s ]
NOTIC: [8] Undefined index: zc_run C:\Users\Administrator\Desktop\niuniuGame\LQapps\User\Model\AdminModel.class.php 第 472 行.
SQL: SELECT `id`,`zn_fid`,`zc_caption`,`zc_run_table`,`zc_run`,`zn_type`,`zc_target` FROM `lq_system_menu` WHERE (  zl_visible=1 and zl_is_menu=1 and zn_fid=46 ) ORDER BY zn_sort ASC,id ASC  [ RunTime:0.0050s ]
NOTIC: [8] Undefined index: zc_run C:\Users\Administrator\Desktop\niuniuGame\LQapps\User\Model\AdminModel.class.php 第 472 行.
SQL: SELECT `id`,`zn_fid`,`zc_caption`,`zc_run_table`,`zc_run`,`zn_type`,`zc_target` FROM `lq_system_menu` WHERE (  zl_visible=1 and zl_is_menu=1 and zn_fid=64 ) ORDER BY zn_sort ASC,id ASC  [ RunTime:0.0050s ]
SQL: SELECT `id`,`zn_fid`,`zc_caption`,`zc_run_table`,`zc_run`,`zn_type`,`zc_target` FROM `lq_system_menu` WHERE (  zl_visible=1 and zl_is_menu=1 and zn_fid=51 ) ORDER BY zn_sort ASC,id ASC  [ RunTime:0.0060s ]
SQL: SELECT `zc_popedom` FROM `lq_admin` WHERE ( id=0 ) LIMIT 1   [ RunTime:0.0040s ]
SQL: SELECT * FROM `lq_admin` WHERE ( id = 1 ) LIMIT 1   [ RunTime:0.0060s ]
NOTIC: [8] Uninitialized string offset: 1 C:\Users\Administrator\Desktop\niuniuGame\LQapps\User\Model\AdminModel.class.php 第 235 行.
NOTIC: [2] Illegal string offset 'title' C:\Users\Administrator\Desktop\niuniuGame\LQapps\User\Model\AdminModel.class.php 第 235 行.
NOTIC: [8] Uninitialized string offset: 0 C:\Users\Administrator\Desktop\niuniuGame\LQapps\User\Model\AdminModel.class.php 第 235 行.
NOTIC: [8] unserialize(): Error at offset 0 of 1826 bytes C:\Users\Administrator\Desktop\niuniuGame\Public\ThinkPHP\Common\functions.php 第 1165 行.
NOTIC: [2] array_key_exists() expects parameter 2 to be array, boolean given C:\Users\Administrator\Desktop\niuniuGame\LQapps\User\Api\AdminApi.class.php 第 325 行.
NOTIC: [8] Undefined index: login C:\Users\Administrator\Desktop\niuniuGame\LQapps\User\Api\AdminApi.class.php 第 329 行.
NOTIC: [8] Undefined index: description C:\Users\Administrator\Desktop\niuniuGame\LQapps\User\Api\AdminApi.class.php 第 339 行.
SQL: INSERT INTO `lq_admin_log` (`zn_type`,`zc_action`,`zc_table`,`zc_table_id`,`zc_description`,`zn_ip`,`zn_cdate`,`zn_operator`,`zc_account`) VALUES ('0','login','admin','1','littleHe对admin模型,进行login操作。url请求:niuniugame.dev:80/sys-index.php/Login/login','2130706433','1517541330','1','littleHe') [ RunTime:0.0500s ]

[ 2018-02-02T11:15:31+08:00 ] 127.0.0.1 /sys-index.php/Index/index
INFO: [ app_init ] --START--
INFO: Run Behavior\BuildLiteBehavior [ RunTime:0.000000s ]
INFO: [ app_init ] --END-- [ RunTime:0.000000s ]
INFO: [ app_begin ] --START--
INFO: Run Behavior\ReadHtmlCacheBehavior [ RunTime:0.000000s ]
INFO: Run Behavior\CheckLangBehavior [ RunTime:0.000000s ]
INFO: [ app_begin ] --END-- [ RunTime:0.000000s ]
INFO: [ view_parse ] --START--
INFO: [ template_filter ] --START--
INFO: Run Behavior\ContentReplaceBehavior [ RunTime:0.000000s ]
INFO: [ template_filter ] --END-- [ RunTime:0.000000s ]
INFO: Run Behavior\ParseTemplateBehavior [ RunTime:0.013000s ]
INFO: [ view_parse ] --END-- [ RunTime:0.013000s ]
INFO: [ view_filter ] --START--
INFO: Run Behavior\WriteHtmlCacheBehavior [ RunTime:0.000000s ]
INFO: Run Behavior\ShowRuntimeBehavior [ RunTime:0.000000s ]
INFO: Run Behavior\TokenBuildBehavior [ RunTime:0.001000s ]
INFO: [ view_filter ] --END-- [ RunTime:0.002000s ]
INFO: [ app_end ] --START--
INFO: Run Behavior\ShowPageTraceBehavior [ RunTime:0.001000s ]
INFO: [ app_end ] --END-- [ RunTime:0.001000s ]

[ 2018-02-02T11:15:32+08:00 ] 127.0.0.1 /sys-index.php/Index/ajaxSearch/tcop/text
INFO: [ app_init ] --START--
INFO: Run Behavior\BuildLiteBehavior [ RunTime:0.000000s ]
INFO: [ app_init ] --END-- [ RunTime:0.000000s ]
INFO: [ app_begin ] --START--
INFO: Run Behavior\ReadHtmlCacheBehavior [ RunTime:0.000000s ]
INFO: Run Behavior\CheckLangBehavior [ RunTime:0.001000s ]
INFO: [ app_begin ] --END-- [ RunTime:0.001000s ]
NOTIC: [2] session_start(): Cannot send session cache limiter - headers already sent C:\Users\Administrator\Desktop\niuniuGame\Public\ThinkPHP\Common\functions.php 第 1280 行.
SQL: SELECT COUNT(*) AS tp_count FROM `lq_member` WHERE ( zn_cdate >=1516982400 and zn_cdate<=1517068799 ) LIMIT 1   [ RunTime:0.0270s ]
SQL: SELECT COUNT(*) AS tp_count FROM `lq_room` WHERE ( zn_cdate >=1516982400 and zn_cdate<=1517068799 ) LIMIT 1   [ RunTime:0.0070s ]
SQL: SELECT COUNT(*) AS tp_count FROM `lq_game_log` WHERE ( zn_cdate >=1516982400 and zn_cdate<=1517068799 ) LIMIT 1   [ RunTime:0.0230s ]
SQL: SELECT COUNT(*) AS tp_count FROM `lq_recharge` WHERE ( zn_cdate >=1516982400 and zn_cdate<=1517068799 ) LIMIT 1   [ RunTime:0.0040s ]
SQL: SELECT COUNT(*) AS tp_count FROM `lq_card_log` WHERE ( zn_cdate >=1516982400 and zn_cdate<=1517068799 ) LIMIT 1   [ RunTime:0.0040s ]
SQL: SELECT COUNT(*) AS tp_count FROM `lq_chat` WHERE ( zn_cdate >=1516982400 and zn_cdate<=1517068799 ) LIMIT 1   [ RunTime:0.0340s ]
SQL: SELECT COUNT(*) AS tp_count FROM `lq_member` WHERE ( zn_cdate >=1517068800 and zn_cdate<=1517155199 ) LIMIT 1   [ RunTime:0.0050s ]
SQL: SELECT COUNT(*) AS tp_count FROM `lq_room` WHERE ( zn_cdate >=1517068800 and zn_cdate<=1517155199 ) LIMIT 1   [ RunTime:0.0160s ]
SQL: SELECT COUNT(*) AS tp_count FROM `lq_game_log` WHERE ( zn_cdate >=1517068800 and zn_cdate<=1517155199 ) LIMIT 1   [ RunTime:0.0040s ]
SQL: SELECT COUNT(*) AS tp_count FROM `lq_recharge` WHERE ( zn_cdate >=1517068800 and zn_cdate<=1517155199 ) LIMIT 1   [ RunTime:0.0170s ]
SQL: SELECT COUNT(*) AS tp_count FROM `lq_card_log` WHERE ( zn_cdate >=1517068800 and zn_cdate<=1517155199 ) LIMIT 1   [ RunTime:0.0050s ]
SQL: SELECT COUNT(*) AS tp_count FROM `lq_chat` WHERE ( zn_cdate >=1517068800 and zn_cdate<=1517155199 ) LIMIT 1   [ RunTime:0.0100s ]
SQL: SELECT COUNT(*) AS tp_count FROM `lq_member` WHERE ( zn_cdate >=1517155200 and zn_cdate<=1517241599 ) LIMIT 1   [ RunTime:0.0160s ]
SQL: SELECT COUNT(*) AS tp_count FROM `lq_room` WHERE ( zn_cdate >=1517155200 and zn_cdate<=1517241599 ) LIMIT 1   [ RunTime:0.0100s ]
SQL: SELECT COUNT(*) AS tp_count FROM `lq_game_log` WHERE ( zn_cdate >=1517155200 and zn_cdate<=1517241599 ) LIMIT 1   [ RunTime:0.0070s ]
SQL: SELECT COUNT(*) AS tp_count FROM `lq_recharge` WHERE ( zn_cdate >=1517155200 and zn_cdate<=1517241599 ) LIMIT 1   [ RunTime:0.0220s ]
SQL: SELECT COUNT(*) AS tp_count FROM `lq_card_log` WHERE ( zn_cdate >=1517155200 and zn_cdate<=1517241599 ) LIMIT 1   [ RunTime:0.0040s ]
SQL: SELECT COUNT(*) AS tp_count FROM `lq_chat` WHERE ( zn_cdate >=1517155200 and zn_cdate<=1517241599 ) LIMIT 1   [ RunTime:0.0040s ]
SQL: SELECT COUNT(*) AS tp_count FROM `lq_member` WHERE ( zn_cdate >=1517241600 and zn_cdate<=1517327999 ) LIMIT 1   [ RunTime:0.0050s ]
SQL: SELECT COUNT(*) AS tp_count FROM `lq_room` WHERE ( zn_cdate >=1517241600 and zn_cdate<=1517327999 ) LIMIT 1   [ RunTime:0.0040s ]
SQL: SELECT COUNT(*) AS tp_count FROM `lq_game_log` WHERE ( zn_cdate >=1517241600 and zn_cdate<=1517327999 ) LIMIT 1   [ RunTime:0.0090s ]
SQL: SELECT COUNT(*) AS tp_count FROM `lq_recharge` WHERE ( zn_cdate >=1517241600 and zn_cdate<=1517327999 ) LIMIT 1   [ RunTime:0.0050s ]
SQL: SELECT COUNT(*) AS tp_count FROM `lq_card_log` WHERE ( zn_cdate >=1517241600 and zn_cdate<=1517327999 ) LIMIT 1   [ RunTime:0.0060s ]
SQL: SELECT COUNT(*) AS tp_count FROM `lq_chat` WHERE ( zn_cdate >=1517241600 and zn_cdate<=1517327999 ) LIMIT 1   [ RunTime:0.0700s ]
SQL: SELECT COUNT(*) AS tp_count FROM `lq_member` WHERE ( zn_cdate >=1517328000 and zn_cdate<=1517414399 ) LIMIT 1   [ RunTime:0.0040s ]
SQL: SELECT COUNT(*) AS tp_count FROM `lq_room` WHERE ( zn_cdate >=1517328000 and zn_cdate<=1517414399 ) LIMIT 1   [ RunTime:0.0050s ]
SQL: SELECT COUNT(*) AS tp_count FROM `lq_game_log` WHERE ( zn_cdate >=1517328000 and zn_cdate<=1517414399 ) LIMIT 1   [ RunTime:0.0030s ]
SQL: SELECT COUNT(*) AS tp_count FROM `lq_recharge` WHERE ( zn_cdate >=1517328000 and zn_cdate<=1517414399 ) LIMIT 1   [ RunTime:0.0060s ]
SQL: SELECT COUNT(*) AS tp_count FROM `lq_card_log` WHERE ( zn_cdate >=1517328000 and zn_cdate<=1517414399 ) LIMIT 1   [ RunTime:0.0040s ]
SQL: SELECT COUNT(*) AS tp_count FROM `lq_chat` WHERE ( zn_cdate >=1517328000 and zn_cdate<=1517414399 ) LIMIT 1   [ RunTime:0.0040s ]
SQL: SELECT COUNT(*) AS tp_count FROM `lq_member` WHERE ( zn_cdate >=1517414400 and zn_cdate<=1517500799 ) LIMIT 1   [ RunTime:0.0150s ]
SQL: SELECT COUNT(*) AS tp_count FROM `lq_room` WHERE ( zn_cdate >=1517414400 and zn_cdate<=1517500799 ) LIMIT 1   [ RunTime:0.0050s ]
SQL: SELECT COUNT(*) AS tp_count FROM `lq_game_log` WHERE ( zn_cdate >=1517414400 and zn_cdate<=1517500799 ) LIMIT 1   [ RunTime:0.0040s ]
SQL: SELECT COUNT(*) AS tp_count FROM `lq_recharge` WHERE ( zn_cdate >=1517414400 and zn_cdate<=1517500799 ) LIMIT 1   [ RunTime:0.0240s ]
SQL: SELECT COUNT(*) AS tp_count FROM `lq_card_log` WHERE ( zn_cdate >=1517414400 and zn_cdate<=1517500799 ) LIMIT 1   [ RunTime:0.0190s ]
SQL: SELECT COUNT(*) AS tp_count FROM `lq_chat` WHERE ( zn_cdate >=1517414400 and zn_cdate<=1517500799 ) LIMIT 1   [ RunTime:0.0100s ]
SQL: SELECT COUNT(*) AS tp_count FROM `lq_member` WHERE ( zn_cdate >=1517500800 and zn_cdate<=1517587199 ) LIMIT 1   [ RunTime:0.0080s ]
SQL: SELECT COUNT(*) AS tp_count FROM `lq_room` WHERE ( zn_cdate >=1517500800 and zn_cdate<=1517587199 ) LIMIT 1   [ RunTime:0.0110s ]
SQL: SELECT COUNT(*) AS tp_count FROM `lq_game_log` WHERE ( zn_cdate >=1517500800 and zn_cdate<=1517587199 ) LIMIT 1   [ RunTime:0.0140s ]
SQL: SELECT COUNT(*) AS tp_count FROM `lq_recharge` WHERE ( zn_cdate >=1517500800 and zn_cdate<=1517587199 ) LIMIT 1   [ RunTime:0.0180s ]
SQL: SELECT COUNT(*) AS tp_count FROM `lq_card_log` WHERE ( zn_cdate >=1517500800 and zn_cdate<=1517587199 ) LIMIT 1   [ RunTime:0.0050s ]
SQL: SELECT COUNT(*) AS tp_count FROM `lq_chat` WHERE ( zn_cdate >=1517500800 and zn_cdate<=1517587199 ) LIMIT 1   [ RunTime:0.0350s ]
NOTIC: [2] Cannot modify header information - headers already sent C:\Users\Administrator\Desktop\niuniuGame\Public\ThinkPHP\Library\Think\Controller.class.php 第 220 行.

[ 2018-02-02T12:34:32+08:00 ] 127.0.0.1 /sys-index.php/Chat
INFO: [ app_init ] --START--
INFO: Run Behavior\BuildLiteBehavior [ RunTime:0.000000s ]
INFO: [ app_init ] --END-- [ RunTime:0.000000s ]
INFO: [ app_begin ] --START--
INFO: Run Behavior\ReadHtmlCacheBehavior [ RunTime:0.000000s ]
INFO: Run Behavior\CheckLangBehavior [ RunTime:0.001000s ]
INFO: [ app_begin ] --END-- [ RunTime:0.001000s ]

[ 2018-02-02T12:34:32+08:00 ] 127.0.0.1 /sys-index.php/Login/login
INFO: [ app_init ] --START--
INFO: Run Behavior\BuildLiteBehavior [ RunTime:0.000000s ]
INFO: [ app_init ] --END-- [ RunTime:0.000000s ]
INFO: [ app_begin ] --START--
INFO: Run Behavior\ReadHtmlCacheBehavior [ RunTime:0.000000s ]
INFO: Run Behavior\CheckLangBehavior [ RunTime:0.001000s ]
INFO: [ app_begin ] --END-- [ RunTime:0.001000s ]
INFO: [ view_parse ] --START--
INFO: [ template_filter ] --START--
INFO: Run Behavior\ContentReplaceBehavior [ RunTime:0.000000s ]
INFO: [ template_filter ] --END-- [ RunTime:0.000000s ]
INFO: Run Behavior\ParseTemplateBehavior [ RunTime:0.009000s ]
INFO: [ view_parse ] --END-- [ RunTime:0.009000s ]
INFO: [ view_filter ] --START--
INFO: Run Behavior\WriteHtmlCacheBehavior [ RunTime:0.000000s ]
INFO: Run Behavior\ShowRuntimeBehavior [ RunTime:0.000000s ]
INFO: Run Behavior\TokenBuildBehavior [ RunTime:0.001000s ]
INFO: [ view_filter ] --END-- [ RunTime:0.001000s ]
INFO: [ app_end ] --START--
INFO: Run Behavior\ShowPageTraceBehavior [ RunTime:0.000000s ]
INFO: [ app_end ] --END-- [ RunTime:0.000000s ]

[ 2018-02-02T12:34:32+08:00 ] 127.0.0.1 /sys-index.php/Login/checkCode
INFO: [ app_init ] --START--
INFO: Run Behavior\BuildLiteBehavior [ RunTime:0.000000s ]
INFO: [ app_init ] --END-- [ RunTime:0.000000s ]
INFO: [ app_begin ] --START--
INFO: Run Behavior\ReadHtmlCacheBehavior [ RunTime:0.000000s ]
INFO: Run Behavior\CheckLangBehavior [ RunTime:0.001000s ]
INFO: [ app_begin ] --END-- [ RunTime:0.001000s ]
INFO: [ app_end ] --START--
INFO: Run Behavior\ShowPageTraceBehavior [ RunTime:0.000000s ]
INFO: [ app_end ] --END-- [ RunTime:0.000000s ]

[ 2018-02-02T12:34:39+08:00 ] 127.0.0.1 /sys-index.php/Login/checkCode/v/0.05898075958150417
INFO: [ app_init ] --START--
INFO: Run Behavior\BuildLiteBehavior [ RunTime:0.000000s ]
INFO: [ app_init ] --END-- [ RunTime:0.000000s ]
INFO: [ app_begin ] --START--
INFO: Run Behavior\ReadHtmlCacheBehavior [ RunTime:0.000000s ]
INFO: Run Behavior\CheckLangBehavior [ RunTime:0.001000s ]
INFO: [ app_begin ] --END-- [ RunTime:0.001000s ]
INFO: [ app_end ] --START--
INFO: Run Behavior\ShowPageTraceBehavior [ RunTime:0.000000s ]
INFO: [ app_end ] --END-- [ RunTime:0.000000s ]

[ 2018-02-02T12:34:44+08:00 ] 127.0.0.1 /sys-index.php/Login/login
INFO: [ app_init ] --START--
INFO: Run Behavior\BuildLiteBehavior [ RunTime:0.000000s ]
INFO: [ app_init ] --END-- [ RunTime:0.000000s ]
INFO: [ app_begin ] --START--
INFO: Run Behavior\ReadHtmlCacheBehavior [ RunTime:0.000000s ]
INFO: Run Behavior\CheckLangBehavior [ RunTime:0.001000s ]
INFO: [ app_begin ] --END-- [ RunTime:0.001000s ]
SQL: SELECT `id`,`zc_account`,`zc_email`,`zc_mobile`,`zc_password`,`zc_salt`,`zn_trylogin_times`,`zn_trylogin_lasttime`,`zl_visible` FROM `lq_admin` WHERE `zc_account` = 'littleHe' LIMIT 1   [ RunTime:0.0050s ]
SQL: UPDATE `lq_admin` SET `zn_login_times`=zn_login_times+1,`zn_last_login_time`='1517546084',`zn_mdate`='1517546084',`zn_trylogin_times`='0',`zn_trylogin_lasttime`='1517546084' WHERE `id` = 1 [ RunTime:0.0050s ]
NOTIC: [8] unserialize(): Error at offset 0 of 889 bytes C:\Users\Administrator\Desktop\niuniuGame\Public\ThinkPHP\Common\functions.php 第 1165 行.
SQL: SELECT * FROM `lq_admin` WHERE ( id = 1 ) LIMIT 1   [ RunTime:0.0040s ]
SQL: SELECT `id`,`zn_fid`,`zc_caption` FROM `lq_system_menu` WHERE ( zn_fid=1 and zl_is_menu=1 ) ORDER BY zn_sort ASC,id ASC  [ RunTime:0.0050s ]
NOTIC: [8] Undefined variable: index C:\Users\Administrator\Desktop\niuniuGame\LQapps\User\Model\AdminModel.class.php 第 465 行.
NOTIC: [8] Undefined index: zc_run C:\Users\Administrator\Desktop\niuniuGame\LQapps\User\Model\AdminModel.class.php 第 472 行.
SQL: SELECT `id`,`zn_fid`,`zc_caption`,`zc_run_table`,`zc_run`,`zn_type`,`zc_target` FROM `lq_system_menu` WHERE (  zl_visible=1 and zl_is_menu=1 and zn_fid=2 ) ORDER BY zn_sort ASC,id ASC  [ RunTime:0.0070s ]
SQL: SELECT `id`,`zn_fid`,`zc_caption`,`zc_run_table`,`zc_run`,`zn_type`,`zc_target` FROM `lq_system_menu` WHERE (  zl_visible=1 and zl_is_menu=1 and zn_fid=48 ) ORDER BY zn_sort ASC,id ASC  [ RunTime:0.0060s ]
SQL: SELECT `id`,`zn_fid`,`zc_caption`,`zc_run_table`,`zc_run`,`zn_type`,`zc_target` FROM `lq_system_menu` WHERE (  zl_visible=1 and zl_is_menu=1 and zn_fid=49 ) ORDER BY zn_sort ASC,id ASC  [ RunTime:0.0040s ]
SQL: SELECT `id`,`zn_fid`,`zc_caption`,`zc_run_table`,`zc_run`,`zn_type`,`zc_target` FROM `lq_system_menu` WHERE (  zl_visible=1 and zl_is_menu=1 and zn_fid=50 ) ORDER BY zn_sort ASC,id ASC  [ RunTime:0.0060s ]
NOTIC: [8] Undefined index: zc_run C:\Users\Administrator\Desktop\niuniuGame\LQapps\User\Model\AdminModel.class.php 第 472 行.
SQL: SELECT `id`,`zn_fid`,`zc_caption`,`zc_run_table`,`zc_run`,`zn_type`,`zc_target` FROM `lq_system_menu` WHERE (  zl_visible=1 and zl_is_menu=1 and zn_fid=41 ) ORDER BY zn_sort ASC,id ASC  [ RunTime:0.0070s ]
SQL: SELECT `id`,`zn_fid`,`zc_caption`,`zc_run_table`,`zc_run`,`zn_type`,`zc_target` FROM `lq_system_menu` WHERE (  zl_visible=1 and zl_is_menu=1 and zn_fid=70 ) ORDER BY zn_sort ASC,id ASC  [ RunTime:0.0040s ]
NOTIC: [8] Undefined index: zc_run C:\Users\Administrator\Desktop\niuniuGame\LQapps\User\Model\AdminModel.class.php 第 472 行.
SQL: SELECT `id`,`zn_fid`,`zc_caption`,`zc_run_table`,`zc_run`,`zn_type`,`zc_target` FROM `lq_system_menu` WHERE (  zl_visible=1 and zl_is_menu=1 and zn_fid=44 ) ORDER BY zn_sort ASC,id ASC  [ RunTime:0.0040s ]
SQL: SELECT `id`,`zn_fid`,`zc_caption`,`zc_run_table`,`zc_run`,`zn_type`,`zc_target` FROM `lq_system_menu` WHERE (  zl_visible=1 and zl_is_menu=1 and zn_fid=90 ) ORDER BY zn_sort ASC,id ASC  [ RunTime:0.0040s ]
NOTIC: [8] Undefined index: zc_run C:\Users\Administrator\Desktop\niuniuGame\LQapps\User\Model\AdminModel.class.php 第 472 行.
SQL: SELECT `id`,`zn_fid`,`zc_caption`,`zc_run_table`,`zc_run`,`zn_type`,`zc_target` FROM `lq_system_menu` WHERE (  zl_visible=1 and zl_is_menu=1 and zn_fid=45 ) ORDER BY zn_sort ASC,id ASC  [ RunTime:0.0040s ]
SQL: SELECT `id`,`zn_fid`,`zc_caption`,`zc_run_table`,`zc_run`,`zn_type`,`zc_target` FROM `lq_system_menu` WHERE (  zl_visible=1 and zl_is_menu=1 and zn_fid=67 ) ORDER BY zn_sort ASC,id ASC  [ RunTime:0.0090s ]
NOTIC: [8] Undefined index: zc_run C:\Users\Administrator\Desktop\niuniuGame\LQapps\User\Model\AdminModel.class.php 第 472 行.
SQL: SELECT `id`,`zn_fid`,`zc_caption`,`zc_run_table`,`zc_run`,`zn_type`,`zc_target` FROM `lq_system_menu` WHERE (  zl_visible=1 and zl_is_menu=1 and zn_fid=47 ) ORDER BY zn_sort ASC,id ASC  [ RunTime:0.0040s ]
SQL: SELECT `id`,`zn_fid`,`zc_caption`,`zc_run_table`,`zc_run`,`zn_type`,`zc_target` FROM `lq_system_menu` WHERE (  zl_visible=1 and zl_is_menu=1 and zn_fid=100 ) ORDER BY zn_sort ASC,id ASC  [ RunTime:0.0050s ]
SQL: SELECT `id`,`zn_fid`,`zc_caption`,`zc_run_table`,`zc_run`,`zn_type`,`zc_target` FROM `lq_system_menu` WHERE (  zl_visible=1 and zl_is_menu=1 and zn_fid=112 ) ORDER BY zn_sort ASC,id ASC  [ RunTime:0.0090s ]
NOTIC: [8] Undefined index: zc_run C:\Users\Administrator\Desktop\niuniuGame\LQapps\User\Model\AdminModel.class.php 第 472 行.
SQL: SELECT `id`,`zn_fid`,`zc_caption`,`zc_run_table`,`zc_run`,`zn_type`,`zc_target` FROM `lq_system_menu` WHERE (  zl_visible=1 and zl_is_menu=1 and zn_fid=110 ) ORDER BY zn_sort ASC,id ASC  [ RunTime:0.0040s ]
SQL: SELECT `id`,`zn_fid`,`zc_caption`,`zc_run_table`,`zc_run`,`zn_type`,`zc_target` FROM `lq_system_menu` WHERE (  zl_visible=1 and zl_is_menu=1 and zn_fid=69 ) ORDER BY zn_sort ASC,id ASC  [ RunTime:0.0040s ]
SQL: SELECT `id`,`zn_fid`,`zc_caption`,`zc_run_table`,`zc_run`,`zn_type`,`zc_target` FROM `lq_system_menu` WHERE (  zl_visible=1 and zl_is_menu=1 and zn_fid=73 ) ORDER BY zn_sort ASC,id ASC  [ RunTime:0.0040s ]
NOTIC: [8] Undefined index: zc_run C:\Users\Administrator\Desktop\niuniuGame\LQapps\User\Model\AdminModel.class.php 第 472 行.
SQL: SELECT `id`,`zn_fid`,`zc_caption`,`zc_run_table`,`zc_run`,`zn_type`,`zc_target` FROM `lq_system_menu` WHERE (  zl_visible=1 and zl_is_menu=1 and zn_fid=111 ) ORDER BY zn_sort ASC,id ASC  [ RunTime:0.0040s ]
SQL: SELECT `id`,`zn_fid`,`zc_caption`,`zc_run_table`,`zc_run`,`zn_type`,`zc_target` FROM `lq_system_menu` WHERE (  zl_visible=1 and zl_is_menu=1 and zn_fid=103 ) ORDER BY zn_sort ASC,id ASC  [ RunTime:0.0050s ]
NOTIC: [8] Undefined index: zc_run C:\Users\Administrator\Desktop\niuniuGame\LQapps\User\Model\AdminModel.class.php 第 472 行.
SQL: SELECT `id`,`zn_fid`,`zc_caption`,`zc_run_table`,`zc_run`,`zn_type`,`zc_target` FROM `lq_system_menu` WHERE (  zl_visible=1 and zl_is_menu=1 and zn_fid=46 ) ORDER BY zn_sort ASC,id ASC  [ RunTime:0.0070s ]
NOTIC: [8] Undefined index: zc_run C:\Users\Administrator\Desktop\niuniuGame\LQapps\User\Model\AdminModel.class.php 第 472 行.
SQL: SELECT `id`,`zn_fid`,`zc_caption`,`zc_run_table`,`zc_run`,`zn_type`,`zc_target` FROM `lq_system_menu` WHERE (  zl_visible=1 and zl_is_menu=1 and zn_fid=64 ) ORDER BY zn_sort ASC,id ASC  [ RunTime:0.0050s ]
SQL: SELECT `id`,`zn_fid`,`zc_caption`,`zc_run_table`,`zc_run`,`zn_type`,`zc_target` FROM `lq_system_menu` WHERE (  zl_visible=1 and zl_is_menu=1 and zn_fid=51 ) ORDER BY zn_sort ASC,id ASC  [ RunTime:0.0040s ]
SQL: SELECT `zc_popedom` FROM `lq_admin` WHERE ( id=0 ) LIMIT 1   [ RunTime:0.0190s ]
SQL: SELECT * FROM `lq_admin` WHERE ( id = 1 ) LIMIT 1   [ RunTime:0.0050s ]
NOTIC: [8] Uninitialized string offset: 1 C:\Users\Administrator\Desktop\niuniuGame\LQapps\User\Model\AdminModel.class.php 第 235 行.
NOTIC: [2] Illegal string offset 'title' C:\Users\Administrator\Desktop\niuniuGame\LQapps\User\Model\AdminModel.class.php 第 235 行.
NOTIC: [8] Uninitialized string offset: 0 C:\Users\Administrator\Desktop\niuniuGame\LQapps\User\Model\AdminModel.class.php 第 235 行.
SQL: SELECT `id`,`zn_fid`,`zc_caption` FROM `lq_system_menu` WHERE ( zn_fid=1 and zl_is_menu=1 ) ORDER BY zn_sort ASC,id ASC  [ RunTime:0.0050s ]
NOTIC: [8] Undefined variable: index C:\Users\Administrator\Desktop\niuniuGame\LQapps\User\Model\AdminModel.class.php 第 465 行.
NOTIC: [8] Undefined index: zc_run C:\Users\Administrator\Desktop\niuniuGame\LQapps\User\Model\AdminModel.class.php 第 472 行.
SQL: SELECT `id`,`zn_fid`,`zc_caption`,`zc_run_table`,`zc_run`,`zn_type`,`zc_target` FROM `lq_system_menu` WHERE (  zl_visible=1 and zl_is_menu=1 and zn_fid=2 ) ORDER BY zn_sort ASC,id ASC  [ RunTime:0.0040s ]
SQL: SELECT `id`,`zn_fid`,`zc_caption`,`zc_run_table`,`zc_run`,`zn_type`,`zc_target` FROM `lq_system_menu` WHERE (  zl_visible=1 and zl_is_menu=1 and zn_fid=48 ) ORDER BY zn_sort ASC,id ASC  [ RunTime:0.0070s ]
SQL: SELECT `id`,`zn_fid`,`zc_caption`,`zc_run_table`,`zc_run`,`zn_type`,`zc_target` FROM `lq_system_menu` WHERE (  zl_visible=1 and zl_is_menu=1 and zn_fid=49 ) ORDER BY zn_sort ASC,id ASC  [ RunTime:0.0190s ]
SQL: SELECT `id`,`zn_fid`,`zc_caption`,`zc_run_table`,`zc_run`,`zn_type`,`zc_target` FROM `lq_system_menu` WHERE (  zl_visible=1 and zl_is_menu=1 and zn_fid=50 ) ORDER BY zn_sort ASC,id ASC  [ RunTime:0.0040s ]
NOTIC: [8] Undefined index: zc_run C:\Users\Administrator\Desktop\niuniuGame\LQapps\User\Model\AdminModel.class.php 第 472 行.
SQL: SELECT `id`,`zn_fid`,`zc_caption`,`zc_run_table`,`zc_run`,`zn_type`,`zc_target` FROM `lq_system_menu` WHERE (  zl_visible=1 and zl_is_menu=1 and zn_fid=41 ) ORDER BY zn_sort ASC,id ASC  [ RunTime:0.0050s ]
SQL: SELECT `id`,`zn_fid`,`zc_caption`,`zc_run_table`,`zc_run`,`zn_type`,`zc_target` FROM `lq_system_menu` WHERE (  zl_visible=1 and zl_is_menu=1 and zn_fid=70 ) ORDER BY zn_sort ASC,id ASC  [ RunTime:0.0060s ]
NOTIC: [8] Undefined index: zc_run C:\Users\Administrator\Desktop\niuniuGame\LQapps\User\Model\AdminModel.class.php 第 472 行.
SQL: SELECT `id`,`zn_fid`,`zc_caption`,`zc_run_table`,`zc_run`,`zn_type`,`zc_target` FROM `lq_system_menu` WHERE (  zl_visible=1 and zl_is_menu=1 and zn_fid=44 ) ORDER BY zn_sort ASC,id ASC  [ RunTime:0.0140s ]
SQL: SELECT `id`,`zn_fid`,`zc_caption`,`zc_run_table`,`zc_run`,`zn_type`,`zc_target` FROM `lq_system_menu` WHERE (  zl_visible=1 and zl_is_menu=1 and zn_fid=90 ) ORDER BY zn_sort ASC,id ASC  [ RunTime:0.0220s ]
NOTIC: [8] Undefined index: zc_run C:\Users\Administrator\Desktop\niuniuGame\LQapps\User\Model\AdminModel.class.php 第 472 行.
SQL: SELECT `id`,`zn_fid`,`zc_caption`,`zc_run_table`,`zc_run`,`zn_type`,`zc_target` FROM `lq_system_menu` WHERE (  zl_visible=1 and zl_is_menu=1 and zn_fid=45 ) ORDER BY zn_sort ASC,id ASC  [ RunTime:0.0050s ]
SQL: SELECT `id`,`zn_fid`,`zc_caption`,`zc_run_table`,`zc_run`,`zn_type`,`zc_target` FROM `lq_system_menu` WHERE (  zl_visible=1 and zl_is_menu=1 and zn_fid=67 ) ORDER BY zn_sort ASC,id ASC  [ RunTime:0.0050s ]
NOTIC: [8] Undefined index: zc_run C:\Users\Administrator\Desktop\niuniuGame\LQapps\User\Model\AdminModel.class.php 第 472 行.
SQL: SELECT `id`,`zn_fid`,`zc_caption`,`zc_run_table`,`zc_run`,`zn_type`,`zc_target` FROM `lq_system_menu` WHERE (  zl_visible=1 and zl_is_menu=1 and zn_fid=47 ) ORDER BY zn_sort ASC,id ASC  [ RunTime:0.0040s ]
SQL: SELECT `id`,`zn_fid`,`zc_caption`,`zc_run_table`,`zc_run`,`zn_type`,`zc_target` FROM `lq_system_menu` WHERE (  zl_visible=1 and zl_is_menu=1 and zn_fid=100 ) ORDER BY zn_sort ASC,id ASC  [ RunTime:0.0050s ]
SQL: SELECT `id`,`zn_fid`,`zc_caption`,`zc_run_table`,`zc_run`,`zn_type`,`zc_target` FROM `lq_system_menu` WHERE (  zl_visible=1 and zl_is_menu=1 and zn_fid=112 ) ORDER BY zn_sort ASC,id ASC  [ RunTime:0.0070s ]
NOTIC: [8] Undefined index: zc_run C:\Users\Administrator\Desktop\niuniuGame\LQapps\User\Model\AdminModel.class.php 第 472 行.
SQL: SELECT `id`,`zn_fid`,`zc_caption`,`zc_run_table`,`zc_run`,`zn_type`,`zc_target` FROM `lq_system_menu` WHERE (  zl_visible=1 and zl_is_menu=1 and zn_fid=110 ) ORDER BY zn_sort ASC,id ASC  [ RunTime:0.0040s ]
SQL: SELECT `id`,`zn_fid`,`zc_caption`,`zc_run_table`,`zc_run`,`zn_type`,`zc_target` FROM `lq_system_menu` WHERE (  zl_visible=1 and zl_is_menu=1 and zn_fid=69 ) ORDER BY zn_sort ASC,id ASC  [ RunTime:0.0070s ]
SQL: SELECT `id`,`zn_fid`,`zc_caption`,`zc_run_table`,`zc_run`,`zn_type`,`zc_target` FROM `lq_system_menu` WHERE (  zl_visible=1 and zl_is_menu=1 and zn_fid=73 ) ORDER BY zn_sort ASC,id ASC  [ RunTime:0.0050s ]
NOTIC: [8] Undefined index: zc_run C:\Users\Administrator\Desktop\niuniuGame\LQapps\User\Model\AdminModel.class.php 第 472 行.
SQL: SELECT `id`,`zn_fid`,`zc_caption`,`zc_run_table`,`zc_run`,`zn_type`,`zc_target` FROM `lq_system_menu` WHERE (  zl_visible=1 and zl_is_menu=1 and zn_fid=111 ) ORDER BY zn_sort ASC,id ASC  [ RunTime:0.0050s ]
SQL: SELECT `id`,`zn_fid`,`zc_caption`,`zc_run_table`,`zc_run`,`zn_type`,`zc_target` FROM `lq_system_menu` WHERE (  zl_visible=1 and zl_is_menu=1 and zn_fid=103 ) ORDER BY zn_sort ASC,id ASC  [ RunTime:0.0040s ]
NOTIC: [8] Undefined index: zc_run C:\Users\Administrator\Desktop\niuniuGame\LQapps\User\Model\AdminModel.class.php 第 472 行.
SQL: SELECT `id`,`zn_fid`,`zc_caption`,`zc_run_table`,`zc_run`,`zn_type`,`zc_target` FROM `lq_system_menu` WHERE (  zl_visible=1 and zl_is_menu=1 and zn_fid=46 ) ORDER BY zn_sort ASC,id ASC  [ RunTime:0.0050s ]
NOTIC: [8] Undefined index: zc_run C:\Users\Administrator\Desktop\niuniuGame\LQapps\User\Model\AdminModel.class.php 第 472 行.
SQL: SELECT `id`,`zn_fid`,`zc_caption`,`zc_run_table`,`zc_run`,`zn_type`,`zc_target` FROM `lq_system_menu` WHERE (  zl_visible=1 and zl_is_menu=1 and zn_fid=64 ) ORDER BY zn_sort ASC,id ASC  [ RunTime:0.0120s ]
SQL: SELECT `id`,`zn_fid`,`zc_caption`,`zc_run_table`,`zc_run`,`zn_type`,`zc_target` FROM `lq_system_menu` WHERE (  zl_visible=1 and zl_is_menu=1 and zn_fid=51 ) ORDER BY zn_sort ASC,id ASC  [ RunTime:0.0230s ]
SQL: SELECT `zc_popedom` FROM `lq_admin` WHERE ( id=0 ) LIMIT 1   [ RunTime:0.0040s ]
SQL: SELECT * FROM `lq_admin` WHERE ( id = 1 ) LIMIT 1   [ RunTime:0.0040s ]
NOTIC: [8] Uninitialized string offset: 1 C:\Users\Administrator\Desktop\niuniuGame\LQapps\User\Model\AdminModel.class.php 第 235 行.
NOTIC: [2] Illegal string offset 'title' C:\Users\Administrator\Desktop\niuniuGame\LQapps\User\Model\AdminModel.class.php 第 235 行.
NOTIC: [8] Uninitialized string offset: 0 C:\Users\Administrator\Desktop\niuniuGame\LQapps\User\Model\AdminModel.class.php 第 235 行.
NOTIC: [8] unserialize(): Error at offset 0 of 1826 bytes C:\Users\Administrator\Desktop\niuniuGame\Public\ThinkPHP\Common\functions.php 第 1165 行.
NOTIC: [2] array_key_exists() expects parameter 2 to be array, boolean given C:\Users\Administrator\Desktop\niuniuGame\LQapps\User\Api\AdminApi.class.php 第 325 行.
NOTIC: [8] Undefined index: login C:\Users\Administrator\Desktop\niuniuGame\LQapps\User\Api\AdminApi.class.php 第 329 行.
NOTIC: [8] Undefined index: description C:\Users\Administrator\Desktop\niuniuGame\LQapps\User\Api\AdminApi.class.php 第 339 行.
SQL: INSERT INTO `lq_admin_log` (`zn_type`,`zc_action`,`zc_table`,`zc_table_id`,`zc_description`,`zn_ip`,`zn_cdate`,`zn_operator`,`zc_account`) VALUES ('0','login','admin','1','littleHe对admin模型,进行login操作。url请求:niuniugame.dev:80/sys-index.php/Login/login','2130706433','1517546084','1','littleHe') [ RunTime:0.0050s ]

[ 2018-02-02T12:34:44+08:00 ] 127.0.0.1 /sys-index.php/Index/index
INFO: [ app_init ] --START--
INFO: Run Behavior\BuildLiteBehavior [ RunTime:0.000000s ]
INFO: [ app_init ] --END-- [ RunTime:0.000000s ]
INFO: [ app_begin ] --START--
INFO: Run Behavior\ReadHtmlCacheBehavior [ RunTime:0.000000s ]
INFO: Run Behavior\CheckLangBehavior [ RunTime:0.001000s ]
INFO: [ app_begin ] --END-- [ RunTime:0.001000s ]
INFO: [ view_parse ] --START--
INFO: [ template_filter ] --START--
INFO: Run Behavior\ContentReplaceBehavior [ RunTime:0.000000s ]
INFO: [ template_filter ] --END-- [ RunTime:0.000000s ]
INFO: Run Behavior\ParseTemplateBehavior [ RunTime:0.010000s ]
INFO: [ view_parse ] --END-- [ RunTime:0.010000s ]
INFO: [ view_filter ] --START--
INFO: Run Behavior\WriteHtmlCacheBehavior [ RunTime:0.000000s ]
INFO: Run Behavior\ShowRuntimeBehavior [ RunTime:0.000000s ]
INFO: Run Behavior\TokenBuildBehavior [ RunTime:0.001000s ]
INFO: [ view_filter ] --END-- [ RunTime:0.001000s ]
INFO: [ app_end ] --START--
INFO: Run Behavior\ShowPageTraceBehavior [ RunTime:0.001000s ]
INFO: [ app_end ] --END-- [ RunTime:0.001000s ]

[ 2018-02-02T12:34:45+08:00 ] 127.0.0.1 /sys-index.php/Index/ajaxSearch/tcop/text
INFO: [ app_init ] --START--
INFO: Run Behavior\BuildLiteBehavior [ RunTime:0.000000s ]
INFO: [ app_init ] --END-- [ RunTime:0.000000s ]
INFO: [ app_begin ] --START--
INFO: Run Behavior\ReadHtmlCacheBehavior [ RunTime:0.001000s ]
INFO: Run Behavior\CheckLangBehavior [ RunTime:0.000000s ]
INFO: [ app_begin ] --END-- [ RunTime:0.001000s ]
NOTIC: [2] session_start(): Cannot send session cache limiter - headers already sent C:\Users\Administrator\Desktop\niuniuGame\Public\ThinkPHP\Common\functions.php 第 1280 行.
SQL: SELECT COUNT(*) AS tp_count FROM `lq_member` WHERE ( zn_cdate >=1516982400 and zn_cdate<=1517068799 ) LIMIT 1   [ RunTime:0.0050s ]
SQL: SELECT COUNT(*) AS tp_count FROM `lq_room` WHERE ( zn_cdate >=1516982400 and zn_cdate<=1517068799 ) LIMIT 1   [ RunTime:0.0040s ]
SQL: SELECT COUNT(*) AS tp_count FROM `lq_game_log` WHERE ( zn_cdate >=1516982400 and zn_cdate<=1517068799 ) LIMIT 1   [ RunTime:0.0100s ]
SQL: SELECT COUNT(*) AS tp_count FROM `lq_recharge` WHERE ( zn_cdate >=1516982400 and zn_cdate<=1517068799 ) LIMIT 1   [ RunTime:0.0050s ]
SQL: SELECT COUNT(*) AS tp_count FROM `lq_card_log` WHERE ( zn_cdate >=1516982400 and zn_cdate<=1517068799 ) LIMIT 1   [ RunTime:0.0060s ]
SQL: SELECT COUNT(*) AS tp_count FROM `lq_chat` WHERE ( zn_cdate >=1516982400 and zn_cdate<=1517068799 ) LIMIT 1   [ RunTime:0.0060s ]
SQL: SELECT COUNT(*) AS tp_count FROM `lq_member` WHERE ( zn_cdate >=1517068800 and zn_cdate<=1517155199 ) LIMIT 1   [ RunTime:0.0040s ]
SQL: SELECT COUNT(*) AS tp_count FROM `lq_room` WHERE ( zn_cdate >=1517068800 and zn_cdate<=1517155199 ) LIMIT 1   [ RunTime:0.0040s ]
SQL: SELECT COUNT(*) AS tp_count FROM `lq_game_log` WHERE ( zn_cdate >=1517068800 and zn_cdate<=1517155199 ) LIMIT 1   [ RunTime:0.0050s ]
SQL: SELECT COUNT(*) AS tp_count FROM `lq_recharge` WHERE ( zn_cdate >=1517068800 and zn_cdate<=1517155199 ) LIMIT 1   [ RunTime:0.0040s ]
SQL: SELECT COUNT(*) AS tp_count FROM `lq_card_log` WHERE ( zn_cdate >=1517068800 and zn_cdate<=1517155199 ) LIMIT 1   [ RunTime:0.0080s ]
SQL: SELECT COUNT(*) AS tp_count FROM `lq_chat` WHERE ( zn_cdate >=1517068800 and zn_cdate<=1517155199 ) LIMIT 1   [ RunTime:0.0040s ]
SQL: SELECT COUNT(*) AS tp_count FROM `lq_member` WHERE ( zn_cdate >=1517155200 and zn_cdate<=1517241599 ) LIMIT 1   [ RunTime:0.0040s ]
SQL: SELECT COUNT(*) AS tp_count FROM `lq_room` WHERE ( zn_cdate >=1517155200 and zn_cdate<=1517241599 ) LIMIT 1   [ RunTime:0.0210s ]
SQL: SELECT COUNT(*) AS tp_count FROM `lq_game_log` WHERE ( zn_cdate >=1517155200 and zn_cdate<=1517241599 ) LIMIT 1   [ RunTime:0.0040s ]
SQL: SELECT COUNT(*) AS tp_count FROM `lq_recharge` WHERE ( zn_cdate >=1517155200 and zn_cdate<=1517241599 ) LIMIT 1   [ RunTime:0.0060s ]
SQL: SELECT COUNT(*) AS tp_count FROM `lq_card_log` WHERE ( zn_cdate >=1517155200 and zn_cdate<=1517241599 ) LIMIT 1   [ RunTime:0.0040s ]
SQL: SELECT COUNT(*) AS tp_count FROM `lq_chat` WHERE ( zn_cdate >=1517155200 and zn_cdate<=1517241599 ) LIMIT 1   [ RunTime:0.0040s ]
SQL: SELECT COUNT(*) AS tp_count FROM `lq_member` WHERE ( zn_cdate >=1517241600 and zn_cdate<=1517327999 ) LIMIT 1   [ RunTime:0.0040s ]
SQL: SELECT COUNT(*) AS tp_count FROM `lq_room` WHERE ( zn_cdate >=1517241600 and zn_cdate<=1517327999 ) LIMIT 1   [ RunTime:0.0050s ]
SQL: SELECT COUNT(*) AS tp_count FROM `lq_game_log` WHERE ( zn_cdate >=1517241600 and zn_cdate<=1517327999 ) LIMIT 1   [ RunTime:0.0080s ]
SQL: SELECT COUNT(*) AS tp_count FROM `lq_recharge` WHERE ( zn_cdate >=1517241600 and zn_cdate<=1517327999 ) LIMIT 1   [ RunTime:0.0040s ]
SQL: SELECT COUNT(*) AS tp_count FROM `lq_card_log` WHERE ( zn_cdate >=1517241600 and zn_cdate<=1517327999 ) LIMIT 1   [ RunTime:0.0030s ]
SQL: SELECT COUNT(*) AS tp_count FROM `lq_chat` WHERE ( zn_cdate >=1517241600 and zn_cdate<=1517327999 ) LIMIT 1   [ RunTime:0.0040s ]
SQL: SELECT COUNT(*) AS tp_count FROM `lq_member` WHERE ( zn_cdate >=1517328000 and zn_cdate<=1517414399 ) LIMIT 1   [ RunTime:0.0040s ]
SQL: SELECT COUNT(*) AS tp_count FROM `lq_room` WHERE ( zn_cdate >=1517328000 and zn_cdate<=1517414399 ) LIMIT 1   [ RunTime:0.0130s ]
SQL: SELECT COUNT(*) AS tp_count FROM `lq_game_log` WHERE ( zn_cdate >=1517328000 and zn_cdate<=1517414399 ) LIMIT 1   [ RunTime:0.0040s ]
SQL: SELECT COUNT(*) AS tp_count FROM `lq_recharge` WHERE ( zn_cdate >=1517328000 and zn_cdate<=1517414399 ) LIMIT 1   [ RunTime:0.0050s ]
SQL: SELECT COUNT(*) AS tp_count FROM `lq_card_log` WHERE ( zn_cdate >=1517328000 and zn_cdate<=1517414399 ) LIMIT 1   [ RunTime:0.0270s ]
SQL: SELECT COUNT(*) AS tp_count FROM `lq_chat` WHERE ( zn_cdate >=1517328000 and zn_cdate<=1517414399 ) LIMIT 1   [ RunTime:0.0050s ]
SQL: SELECT COUNT(*) AS tp_count FROM `lq_member` WHERE ( zn_cdate >=1517414400 and zn_cdate<=1517500799 ) LIMIT 1   [ RunTime:0.0100s ]
SQL: SELECT COUNT(*) AS tp_count FROM `lq_room` WHERE ( zn_cdate >=1517414400 and zn_cdate<=1517500799 ) LIMIT 1   [ RunTime:0.0060s ]
SQL: SELECT COUNT(*) AS tp_count FROM `lq_game_log` WHERE ( zn_cdate >=1517414400 and zn_cdate<=1517500799 ) LIMIT 1   [ RunTime:0.0070s ]
SQL: SELECT COUNT(*) AS tp_count FROM `lq_recharge` WHERE ( zn_cdate >=1517414400 and zn_cdate<=1517500799 ) LIMIT 1   [ RunTime:0.0050s ]
SQL: SELECT COUNT(*) AS tp_count FROM `lq_card_log` WHERE ( zn_cdate >=1517414400 and zn_cdate<=1517500799 ) LIMIT 1   [ RunTime:0.0040s ]
SQL: SELECT COUNT(*) AS tp_count FROM `lq_chat` WHERE ( zn_cdate >=1517414400 and zn_cdate<=1517500799 ) LIMIT 1   [ RunTime:0.0040s ]
SQL: SELECT COUNT(*) AS tp_count FROM `lq_member` WHERE ( zn_cdate >=1517500800 and zn_cdate<=1517587199 ) LIMIT 1   [ RunTime:0.0060s ]
SQL: SELECT COUNT(*) AS tp_count FROM `lq_room` WHERE ( zn_cdate >=1517500800 and zn_cdate<=1517587199 ) LIMIT 1   [ RunTime:0.0280s ]
SQL: SELECT COUNT(*) AS tp_count FROM `lq_game_log` WHERE ( zn_cdate >=1517500800 and zn_cdate<=1517587199 ) LIMIT 1   [ RunTime:0.0060s ]
SQL: SELECT COUNT(*) AS tp_count FROM `lq_recharge` WHERE ( zn_cdate >=1517500800 and zn_cdate<=1517587199 ) LIMIT 1   [ RunTime:0.0060s ]
SQL: SELECT COUNT(*) AS tp_count FROM `lq_card_log` WHERE ( zn_cdate >=1517500800 and zn_cdate<=1517587199 ) LIMIT 1   [ RunTime:0.0050s ]
SQL: SELECT COUNT(*) AS tp_count FROM `lq_chat` WHERE ( zn_cdate >=1517500800 and zn_cdate<=1517587199 ) LIMIT 1   [ RunTime:0.0050s ]
NOTIC: [2] Cannot modify header information - headers already sent C:\Users\Administrator\Desktop\niuniuGame\Public\ThinkPHP\Library\Think\Controller.class.php 第 220 行.

[ 2018-02-02T12:34:54+08:00 ] 127.0.0.1 /sys-index.php/Room
INFO: [ app_init ] --START--
INFO: Run Behavior\BuildLiteBehavior [ RunTime:0.000000s ]
INFO: [ app_init ] --END-- [ RunTime:0.001000s ]
INFO: [ app_begin ] --START--
INFO: Run Behavior\ReadHtmlCacheBehavior [ RunTime:0.000000s ]
INFO: Run Behavior\CheckLangBehavior [ RunTime:0.001000s ]
INFO: [ app_begin ] --END-- [ RunTime:0.001000s ]
NOTIC: [2048] Declaration of Admin\Model\RoomModel::setProperty() should be compatible with Think\Model::setProperty($name, $value) C:\Users\Administrator\Desktop\niuniuGame\LQapps\Admin\Model\RoomModel.class.php 第 6 行.
NOTIC: [8] Use of undefined constant SYSTEM_MENU_CURRENT - assumed 'SYSTEM_MENU_CURRENT' C:\Users\Administrator\Desktop\niuniuGame\LQapps\Admin\Controller\PublicController.class.php 第 477 行.
NOTIC: [8] unserialize(): Error at offset 0 of 547 bytes C:\Users\Administrator\Desktop\niuniuGame\Public\ThinkPHP\Common\functions.php 第 1165 行.
NOTIC: [8] Undefined variable: s C:\Users\Administrator\Desktop\niuniuGame\LQapps\Common\Common\function.php 第 921 行.
NOTIC: [8] Undefined variable: s C:\Users\Administrator\Desktop\niuniuGame\LQapps\Common\Common\function.php 第 921 行.
NOTIC: [8] Undefined variable: s C:\Users\Administrator\Desktop\niuniuGame\LQapps\Common\Common\function.php 第 921 行.
NOTIC: [8] Undefined variable: s C:\Users\Administrator\Desktop\niuniuGame\LQapps\Common\Common\function.php 第 921 行.
SQL: SELECT COUNT(*) AS tp_count FROM lq_room p WHERE (  1  ) LIMIT 1   [ RunTime:0.0060s ]
NOTIC: [8] Undefined index: field C:\Users\Administrator\Desktop\niuniuGame\LQapps\Admin\Model\RoomModel.class.php 第 30 行.
SQL: SELECT * FROM `lq_room` WHERE (  1  ) ORDER BY zn_mdate DESC,id DESC LIMIT 0,10   [ RunTime:0.0050s ]
SQL: SELECT * FROM `lq_member` WHERE (  id = 964 ) LIMIT 1   [ RunTime:0.0040s ]
SQL: SELECT * FROM `lq_member` WHERE (  id = 965 ) LIMIT 1   [ RunTime:0.0050s ]
SQL: SELECT * FROM `lq_member` WHERE (  id = 11 ) LIMIT 1   [ RunTime:0.0310s ]
INFO: [ view_parse ] --START--
INFO: [ template_filter ] --START--
INFO: Run Behavior\ContentReplaceBehavior [ RunTime:0.000000s ]
INFO: [ template_filter ] --END-- [ RunTime:0.000000s ]
NOTIC: [8] Undefined variable: os_lock C:\Users\Administrator\Desktop\niuniuGame\Runtime\Cache\Admin\17157bbf6ab23e30400adaea9c88650d.php 第 121 行.
NOTIC: [8] Undefined variable: sys_current C:\Users\Administrator\Desktop\niuniuGame\Runtime\Cache\Admin\17157bbf6ab23e30400adaea9c88650d.php 第 134 行.
NOTIC: [8] Undefined variable: os_lock C:\Users\Administrator\Desktop\niuniuGame\Runtime\Cache\Admin\17157bbf6ab23e30400adaea9c88650d.php 第 142 行.
NOTIC: [8] Undefined variable: sys_heading C:\Users\Administrator\Desktop\niuniuGame\Runtime\Cache\Admin\17157bbf6ab23e30400adaea9c88650d.php 第 292 行.
NOTIC: [8] Undefined variable: os_lock C:\Users\Administrator\Desktop\niuniuGame\Runtime\Cache\Admin\17157bbf6ab23e30400adaea9c88650d.php 第 297 行.
NOTIC: [8] Undefined variable: os_lock C:\Users\Administrator\Desktop\niuniuGame\Runtime\Cache\Admin\17157bbf6ab23e30400adaea9c88650d.php 第 301 行.
NOTIC: [8] Undefined variable: os_lock C:\Users\Administrator\Desktop\niuniuGame\Runtime\Cache\Admin\17157bbf6ab23e30400adaea9c88650d.php 第 305 行.
NOTIC: [8] Undefined variable: os_lock C:\Users\Administrator\Desktop\niuniuGame\Runtime\Cache\Admin\17157bbf6ab23e30400adaea9c88650d.php 第 309 行.
NOTIC: [8] Undefined variable: os_lock C:\Users\Administrator\Desktop\niuniuGame\Runtime\Cache\Admin\17157bbf6ab23e30400adaea9c88650d.php 第 312 行.
INFO: Run Behavior\ParseTemplateBehavior [ RunTime:0.046000s ]
INFO: [ view_parse ] --END-- [ RunTime:0.046000s ]
INFO: [ view_filter ] --START--
INFO: Run Behavior\WriteHtmlCacheBehavior [ RunTime:0.000000s ]
INFO: Run Behavior\ShowRuntimeBehavior [ RunTime:0.001000s ]
INFO: Run Behavior\TokenBuildBehavior [ RunTime:0.003000s ]
INFO: [ view_filter ] --END-- [ RunTime:0.004000s ]
INFO: [ app_end ] --START--
INFO: Run Behavior\ShowPageTraceBehavior [ RunTime:0.000000s ]
INFO: [ app_end ] --END-- [ RunTime:0.000000s ]

[ 2018-02-02T12:57:48+08:00 ] 127.0.0.1 /sys-index.php/Room
INFO: [ app_init ] --START--
INFO: Run Behavior\BuildLiteBehavior [ RunTime:0.000000s ]
INFO: [ app_init ] --END-- [ RunTime:0.000000s ]
INFO: [ app_begin ] --START--
INFO: Run Behavior\ReadHtmlCacheBehavior [ RunTime:0.000000s ]
INFO: Run Behavior\CheckLangBehavior [ RunTime:0.001000s ]
INFO: [ app_begin ] --END-- [ RunTime:0.001000s ]
NOTIC: [2048] Declaration of Admin\Model\RoomModel::setProperty() should be compatible with Think\Model::setProperty($name, $value) C:\Users\Administrator\Desktop\niuniuGame\LQapps\Admin\Model\RoomModel.class.php 第 6 行.
NOTIC: [8] Use of undefined constant SYSTEM_MENU_CURRENT - assumed 'SYSTEM_MENU_CURRENT' C:\Users\Administrator\Desktop\niuniuGame\LQapps\Admin\Controller\PublicController.class.php 第 477 行.
NOTIC: [8] unserialize(): Error at offset 0 of 547 bytes C:\Users\Administrator\Desktop\niuniuGame\Public\ThinkPHP\Common\functions.php 第 1165 行.
NOTIC: [8] Undefined variable: s C:\Users\Administrator\Desktop\niuniuGame\LQapps\Common\Common\function.php 第 921 行.
NOTIC: [8] Undefined variable: s C:\Users\Administrator\Desktop\niuniuGame\LQapps\Common\Common\function.php 第 921 行.
NOTIC: [8] Undefined variable: s C:\Users\Administrator\Desktop\niuniuGame\LQapps\Common\Common\function.php 第 921 行.
NOTIC: [8] Undefined variable: s C:\Users\Administrator\Desktop\niuniuGame\LQapps\Common\Common\function.php 第 921 行.
SQL: SELECT COUNT(*) AS tp_count FROM lq_room p WHERE (  1  ) LIMIT 1   [ RunTime:0.0040s ]
NOTIC: [8] Undefined index: field C:\Users\Administrator\Desktop\niuniuGame\LQapps\Admin\Model\RoomModel.class.php 第 30 行.
SQL: SELECT * FROM `lq_room` WHERE (  1  ) ORDER BY zn_mdate DESC,id DESC LIMIT 0,10   [ RunTime:0.0150s ]
SQL: SELECT * FROM `lq_member` WHERE (  id = 958 ) LIMIT 1   [ RunTime:0.0310s ]
SQL: SELECT * FROM `lq_member` WHERE (  id = 11 ) LIMIT 1   [ RunTime:0.0060s ]
INFO: [ view_parse ] --START--
INFO: [ template_filter ] --START--
INFO: Run Behavior\ContentReplaceBehavior [ RunTime:0.001000s ]
INFO: [ template_filter ] --END-- [ RunTime:0.001000s ]
NOTIC: [8] Undefined variable: os_lock C:\Users\Administrator\Desktop\niuniuGame\Runtime\Cache\Admin\17157bbf6ab23e30400adaea9c88650d.php 第 121 行.
NOTIC: [8] Undefined variable: sys_current C:\Users\Administrator\Desktop\niuniuGame\Runtime\Cache\Admin\17157bbf6ab23e30400adaea9c88650d.php 第 134 行.
NOTIC: [8] Undefined variable: os_lock C:\Users\Administrator\Desktop\niuniuGame\Runtime\Cache\Admin\17157bbf6ab23e30400adaea9c88650d.php 第 142 行.
NOTIC: [8] Undefined variable: sys_heading C:\Users\Administrator\Desktop\niuniuGame\Runtime\Cache\Admin\17157bbf6ab23e30400adaea9c88650d.php 第 292 行.
NOTIC: [8] Undefined variable: os_lock C:\Users\Administrator\Desktop\niuniuGame\Runtime\Cache\Admin\17157bbf6ab23e30400adaea9c88650d.php 第 297 行.
NOTIC: [8] Undefined variable: os_lock C:\Users\Administrator\Desktop\niuniuGame\Runtime\Cache\Admin\17157bbf6ab23e30400adaea9c88650d.php 第 301 行.
NOTIC: [8] Undefined variable: os_lock C:\Users\Administrator\Desktop\niuniuGame\Runtime\Cache\Admin\17157bbf6ab23e30400adaea9c88650d.php 第 305 行.
NOTIC: [8] Undefined variable: os_lock C:\Users\Administrator\Desktop\niuniuGame\Runtime\Cache\Admin\17157bbf6ab23e30400adaea9c88650d.php 第 309 行.
NOTIC: [8] Undefined variable: os_lock C:\Users\Administrator\Desktop\niuniuGame\Runtime\Cache\Admin\17157bbf6ab23e30400adaea9c88650d.php 第 312 行.
INFO: Run Behavior\ParseTemplateBehavior [ RunTime:0.052000s ]
INFO: [ view_parse ] --END-- [ RunTime:0.052000s ]
INFO: [ view_filter ] --START--
INFO: Run Behavior\WriteHtmlCacheBehavior [ RunTime:0.000000s ]
INFO: Run Behavior\ShowRuntimeBehavior [ RunTime:0.001000s ]
INFO: Run Behavior\TokenBuildBehavior [ RunTime:0.002000s ]
INFO: [ view_filter ] --END-- [ RunTime:0.003000s ]
INFO: [ app_end ] --START--
INFO: Run Behavior\ShowPageTraceBehavior [ RunTime:0.000000s ]
INFO: [ app_end ] --END-- [ RunTime:0.000000s ]

