[ 2018-01-10T11:24:57+08:00 ] 127.0.0.1 /sys-index.php
INFO: [ app_init ] --START--
INFO: Run Behavior\BuildLiteBehavior [ RunTime:0.000000s ]
INFO: [ app_init ] --END-- [ RunTime:0.003000s ]
INFO: [ app_begin ] --START--
INFO: Run Behavior\ReadHtmlCacheBehavior [ RunTime:0.000000s ]
INFO: Run Behavior\CheckLangBehavior [ RunTime:0.008000s ]
INFO: [ app_begin ] --END-- [ RunTime:0.008000s ]

[ 2018-01-10T11:24:57+08:00 ] 127.0.0.1 /sys-index.php/Login/login
INFO: [ app_init ] --START--
INFO: Run Behavior\BuildLiteBehavior [ RunTime:0.000000s ]
INFO: [ app_init ] --END-- [ RunTime:0.000000s ]
INFO: [ app_begin ] --START--
INFO: Run Behavior\ReadHtmlCacheBehavior [ RunTime:0.001000s ]
INFO: Run Behavior\CheckLangBehavior [ RunTime:0.001000s ]
INFO: [ app_begin ] --END-- [ RunTime:0.002000s ]
INFO: [ view_parse ] --START--
INFO: [ template_filter ] --START--
INFO: Run Behavior\ContentReplaceBehavior [ RunTime:0.000000s ]
INFO: [ template_filter ] --END-- [ RunTime:0.000000s ]
INFO: Run Behavior\ParseTemplateBehavior [ RunTime:0.011000s ]
INFO: [ view_parse ] --END-- [ RunTime:0.011000s ]
INFO: [ view_filter ] --START--
INFO: Run Behavior\WriteHtmlCacheBehavior [ RunTime:0.000000s ]
INFO: Run Behavior\ShowRuntimeBehavior [ RunTime:0.001000s ]
INFO: Run Behavior\TokenBuildBehavior [ RunTime:0.000000s ]
INFO: [ view_filter ] --END-- [ RunTime:0.001000s ]
INFO: [ app_end ] --START--
INFO: Run Behavior\ShowPageTraceBehavior [ RunTime:0.001000s ]
INFO: [ app_end ] --END-- [ RunTime:0.001000s ]

[ 2018-01-10T11:24:57+08:00 ] 127.0.0.1 /sys-index.php/Login/checkCode
INFO: [ app_init ] --START--
INFO: Run Behavior\BuildLiteBehavior [ RunTime:0.000000s ]
INFO: [ app_init ] --END-- [ RunTime:0.000000s ]
INFO: [ app_begin ] --START--
INFO: Run Behavior\ReadHtmlCacheBehavior [ RunTime:0.001000s ]
INFO: Run Behavior\CheckLangBehavior [ RunTime:0.002000s ]
INFO: [ app_begin ] --END-- [ RunTime:0.003000s ]
INFO: [ app_end ] --START--
INFO: Run Behavior\ShowPageTraceBehavior [ RunTime:0.000000s ]
INFO: [ app_end ] --END-- [ RunTime:0.000000s ]

[ 2018-01-10T11:25:03+08:00 ] 127.0.0.1 /sys-index.php
INFO: [ app_init ] --START--
INFO: Run Behavior\BuildLiteBehavior [ RunTime:0.000000s ]
INFO: [ app_init ] --END-- [ RunTime:0.000000s ]
INFO: [ app_begin ] --START--
INFO: Run Behavior\ReadHtmlCacheBehavior [ RunTime:0.002000s ]
INFO: Run Behavior\CheckLangBehavior [ RunTime:0.003000s ]
INFO: [ app_begin ] --END-- [ RunTime:0.006000s ]

[ 2018-01-10T11:25:09+08:00 ] 127.0.0.1 /sys-index.php/Login/login
INFO: [ app_init ] --START--
INFO: Run Behavior\BuildLiteBehavior [ RunTime:0.000000s ]
INFO: [ app_init ] --END-- [ RunTime:0.001000s ]
INFO: [ app_begin ] --START--
INFO: Run Behavior\ReadHtmlCacheBehavior [ RunTime:0.000000s ]
INFO: Run Behavior\CheckLangBehavior [ RunTime:0.001000s ]
INFO: [ app_begin ] --END-- [ RunTime:0.001000s ]
SQL: SELECT `id`,`zc_account`,`zc_email`,`zc_mobile`,`zc_password`,`zc_salt`,`zn_trylogin_times`,`zn_trylogin_lasttime`,`zl_visible` FROM `lq_admin` WHERE `zc_account` = 'littleHe' LIMIT 1   [ RunTime:0.0040s ]
SQL: UPDATE `lq_admin` SET `zn_login_times`=zn_login_times+1,`zn_last_login_time`='1515554707',`zn_mdate`='1515554707',`zn_trylogin_times`='0',`zn_trylogin_lasttime`='1515554707' WHERE `id` = 1 [ RunTime:0.0070s ]
NOTIC: [8] unserialize(): Error at offset 0 of 889 bytes C:\Users\Administrator\Desktop\niuniuGame\Public\ThinkPHP\Common\functions.php 第 1165 行.
SQL: SELECT * FROM `lq_admin` WHERE ( id = 1 ) LIMIT 1   [ RunTime:0.0070s ]
SQL: SELECT `id`,`zn_fid`,`zc_caption` FROM `lq_system_menu` WHERE ( zn_fid=1 and zl_is_menu=1 ) ORDER BY zn_sort ASC,id ASC  [ RunTime:0.0050s ]
NOTIC: [8] Undefined variable: index C:\Users\Administrator\Desktop\niuniuGame\LQapps\User\Model\AdminModel.class.php 第 465 行.
NOTIC: [8] Undefined index: zc_run C:\Users\Administrator\Desktop\niuniuGame\LQapps\User\Model\AdminModel.class.php 第 472 行.
SQL: SELECT `id`,`zn_fid`,`zc_caption`,`zc_run_table`,`zc_run`,`zn_type`,`zc_target` FROM `lq_system_menu` WHERE (  zl_visible=1 and zl_is_menu=1 and zn_fid=2 ) ORDER BY zn_sort ASC,id ASC  [ RunTime:0.0070s ]
SQL: SELECT `id`,`zn_fid`,`zc_caption`,`zc_run_table`,`zc_run`,`zn_type`,`zc_target` FROM `lq_system_menu` WHERE (  zl_visible=1 and zl_is_menu=1 and zn_fid=48 ) ORDER BY zn_sort ASC,id ASC  [ RunTime:0.0040s ]
SQL: SELECT `id`,`zn_fid`,`zc_caption`,`zc_run_table`,`zc_run`,`zn_type`,`zc_target` FROM `lq_system_menu` WHERE (  zl_visible=1 and zl_is_menu=1 and zn_fid=49 ) ORDER BY zn_sort ASC,id ASC  [ RunTime:0.0120s ]
SQL: SELECT `id`,`zn_fid`,`zc_caption`,`zc_run_table`,`zc_run`,`zn_type`,`zc_target` FROM `lq_system_menu` WHERE (  zl_visible=1 and zl_is_menu=1 and zn_fid=50 ) ORDER BY zn_sort ASC,id ASC  [ RunTime:0.0040s ]
NOTIC: [8] Undefined index: zc_run C:\Users\Administrator\Desktop\niuniuGame\LQapps\User\Model\AdminModel.class.php 第 472 行.
SQL: SELECT `id`,`zn_fid`,`zc_caption`,`zc_run_table`,`zc_run`,`zn_type`,`zc_target` FROM `lq_system_menu` WHERE (  zl_visible=1 and zl_is_menu=1 and zn_fid=41 ) ORDER BY zn_sort ASC,id ASC  [ RunTime:0.0070s ]
SQL: SELECT `id`,`zn_fid`,`zc_caption`,`zc_run_table`,`zc_run`,`zn_type`,`zc_target` FROM `lq_system_menu` WHERE (  zl_visible=1 and zl_is_menu=1 and zn_fid=70 ) ORDER BY zn_sort ASC,id ASC  [ RunTime:0.0050s ]
NOTIC: [8] Undefined index: zc_run C:\Users\Administrator\Desktop\niuniuGame\LQapps\User\Model\AdminModel.class.php 第 472 行.
SQL: SELECT `id`,`zn_fid`,`zc_caption`,`zc_run_table`,`zc_run`,`zn_type`,`zc_target` FROM `lq_system_menu` WHERE (  zl_visible=1 and zl_is_menu=1 and zn_fid=44 ) ORDER BY zn_sort ASC,id ASC  [ RunTime:0.0090s ]
SQL: SELECT `id`,`zn_fid`,`zc_caption`,`zc_run_table`,`zc_run`,`zn_type`,`zc_target` FROM `lq_system_menu` WHERE (  zl_visible=1 and zl_is_menu=1 and zn_fid=90 ) ORDER BY zn_sort ASC,id ASC  [ RunTime:0.0070s ]
NOTIC: [8] Undefined index: zc_run C:\Users\Administrator\Desktop\niuniuGame\LQapps\User\Model\AdminModel.class.php 第 472 行.
SQL: SELECT `id`,`zn_fid`,`zc_caption`,`zc_run_table`,`zc_run`,`zn_type`,`zc_target` FROM `lq_system_menu` WHERE (  zl_visible=1 and zl_is_menu=1 and zn_fid=45 ) ORDER BY zn_sort ASC,id ASC  [ RunTime:0.0040s ]
SQL: SELECT `id`,`zn_fid`,`zc_caption`,`zc_run_table`,`zc_run`,`zn_type`,`zc_target` FROM `lq_system_menu` WHERE (  zl_visible=1 and zl_is_menu=1 and zn_fid=67 ) ORDER BY zn_sort ASC,id ASC  [ RunTime:0.0100s ]
NOTIC: [8] Undefined index: zc_run C:\Users\Administrator\Desktop\niuniuGame\LQapps\User\Model\AdminModel.class.php 第 472 行.
SQL: SELECT `id`,`zn_fid`,`zc_caption`,`zc_run_table`,`zc_run`,`zn_type`,`zc_target` FROM `lq_system_menu` WHERE (  zl_visible=1 and zl_is_menu=1 and zn_fid=47 ) ORDER BY zn_sort ASC,id ASC  [ RunTime:0.0210s ]
SQL: SELECT `id`,`zn_fid`,`zc_caption`,`zc_run_table`,`zc_run`,`zn_type`,`zc_target` FROM `lq_system_menu` WHERE (  zl_visible=1 and zl_is_menu=1 and zn_fid=100 ) ORDER BY zn_sort ASC,id ASC  [ RunTime:0.0050s ]
SQL: SELECT `id`,`zn_fid`,`zc_caption`,`zc_run_table`,`zc_run`,`zn_type`,`zc_target` FROM `lq_system_menu` WHERE (  zl_visible=1 and zl_is_menu=1 and zn_fid=112 ) ORDER BY zn_sort ASC,id ASC  [ RunTime:0.0210s ]
NOTIC: [8] Undefined index: zc_run C:\Users\Administrator\Desktop\niuniuGame\LQapps\User\Model\AdminModel.class.php 第 472 行.
SQL: SELECT `id`,`zn_fid`,`zc_caption`,`zc_run_table`,`zc_run`,`zn_type`,`zc_target` FROM `lq_system_menu` WHERE (  zl_visible=1 and zl_is_menu=1 and zn_fid=110 ) ORDER BY zn_sort ASC,id ASC  [ RunTime:0.0070s ]
SQL: SELECT `id`,`zn_fid`,`zc_caption`,`zc_run_table`,`zc_run`,`zn_type`,`zc_target` FROM `lq_system_menu` WHERE (  zl_visible=1 and zl_is_menu=1 and zn_fid=69 ) ORDER BY zn_sort ASC,id ASC  [ RunTime:0.0030s ]
SQL: SELECT `id`,`zn_fid`,`zc_caption`,`zc_run_table`,`zc_run`,`zn_type`,`zc_target` FROM `lq_system_menu` WHERE (  zl_visible=1 and zl_is_menu=1 and zn_fid=73 ) ORDER BY zn_sort ASC,id ASC  [ RunTime:0.0040s ]
NOTIC: [8] Undefined index: zc_run C:\Users\Administrator\Desktop\niuniuGame\LQapps\User\Model\AdminModel.class.php 第 472 行.
SQL: SELECT `id`,`zn_fid`,`zc_caption`,`zc_run_table`,`zc_run`,`zn_type`,`zc_target` FROM `lq_system_menu` WHERE (  zl_visible=1 and zl_is_menu=1 and zn_fid=111 ) ORDER BY zn_sort ASC,id ASC  [ RunTime:0.0040s ]
SQL: SELECT `id`,`zn_fid`,`zc_caption`,`zc_run_table`,`zc_run`,`zn_type`,`zc_target` FROM `lq_system_menu` WHERE (  zl_visible=1 and zl_is_menu=1 and zn_fid=103 ) ORDER BY zn_sort ASC,id ASC  [ RunTime:0.0120s ]
NOTIC: [8] Undefined index: zc_run C:\Users\Administrator\Desktop\niuniuGame\LQapps\User\Model\AdminModel.class.php 第 472 行.
SQL: SELECT `id`,`zn_fid`,`zc_caption`,`zc_run_table`,`zc_run`,`zn_type`,`zc_target` FROM `lq_system_menu` WHERE (  zl_visible=1 and zl_is_menu=1 and zn_fid=46 ) ORDER BY zn_sort ASC,id ASC  [ RunTime:0.0040s ]
SQL: SELECT `id`,`zn_fid`,`zc_caption`,`zc_run_table`,`zc_run`,`zn_type`,`zc_target` FROM `lq_system_menu` WHERE (  zl_visible=1 and zl_is_menu=1 and zn_fid=107 ) ORDER BY zn_sort ASC,id ASC  [ RunTime:0.0040s ]
NOTIC: [8] Undefined index: zc_run C:\Users\Administrator\Desktop\niuniuGame\LQapps\User\Model\AdminModel.class.php 第 472 行.
SQL: SELECT `id`,`zn_fid`,`zc_caption`,`zc_run_table`,`zc_run`,`zn_type`,`zc_target` FROM `lq_system_menu` WHERE (  zl_visible=1 and zl_is_menu=1 and zn_fid=64 ) ORDER BY zn_sort ASC,id ASC  [ RunTime:0.0040s ]
SQL: SELECT `id`,`zn_fid`,`zc_caption`,`zc_run_table`,`zc_run`,`zn_type`,`zc_target` FROM `lq_system_menu` WHERE (  zl_visible=1 and zl_is_menu=1 and zn_fid=83 ) ORDER BY zn_sort ASC,id ASC  [ RunTime:0.0080s ]
SQL: SELECT `id`,`zn_fid`,`zc_caption`,`zc_run_table`,`zc_run`,`zn_type`,`zc_target` FROM `lq_system_menu` WHERE (  zl_visible=1 and zl_is_menu=1 and zn_fid=51 ) ORDER BY zn_sort ASC,id ASC  [ RunTime:0.0070s ]
SQL: SELECT `zc_popedom` FROM `lq_admin` WHERE ( id=0 ) LIMIT 1   [ RunTime:0.0040s ]
SQL: SELECT * FROM `lq_admin` WHERE ( id = 1 ) LIMIT 1   [ RunTime:0.0050s ]
NOTIC: [8] Uninitialized string offset: 1 C:\Users\Administrator\Desktop\niuniuGame\LQapps\User\Model\AdminModel.class.php 第 235 行.
NOTIC: [2] Illegal string offset 'title' C:\Users\Administrator\Desktop\niuniuGame\LQapps\User\Model\AdminModel.class.php 第 235 行.
NOTIC: [8] Uninitialized string offset: 0 C:\Users\Administrator\Desktop\niuniuGame\LQapps\User\Model\AdminModel.class.php 第 235 行.
SQL: SELECT `id`,`zn_fid`,`zc_caption` FROM `lq_system_menu` WHERE ( zn_fid=1 and zl_is_menu=1 ) ORDER BY zn_sort ASC,id ASC  [ RunTime:0.0060s ]
NOTIC: [8] Undefined variable: index C:\Users\Administrator\Desktop\niuniuGame\LQapps\User\Model\AdminModel.class.php 第 465 行.
NOTIC: [8] Undefined index: zc_run C:\Users\Administrator\Desktop\niuniuGame\LQapps\User\Model\AdminModel.class.php 第 472 行.
SQL: SELECT `id`,`zn_fid`,`zc_caption`,`zc_run_table`,`zc_run`,`zn_type`,`zc_target` FROM `lq_system_menu` WHERE (  zl_visible=1 and zl_is_menu=1 and zn_fid=2 ) ORDER BY zn_sort ASC,id ASC  [ RunTime:0.0050s ]
SQL: SELECT `id`,`zn_fid`,`zc_caption`,`zc_run_table`,`zc_run`,`zn_type`,`zc_target` FROM `lq_system_menu` WHERE (  zl_visible=1 and zl_is_menu=1 and zn_fid=48 ) ORDER BY zn_sort ASC,id ASC  [ RunTime:0.0040s ]
SQL: SELECT `id`,`zn_fid`,`zc_caption`,`zc_run_table`,`zc_run`,`zn_type`,`zc_target` FROM `lq_system_menu` WHERE (  zl_visible=1 and zl_is_menu=1 and zn_fid=49 ) ORDER BY zn_sort ASC,id ASC  [ RunTime:0.0070s ]
SQL: SELECT `id`,`zn_fid`,`zc_caption`,`zc_run_table`,`zc_run`,`zn_type`,`zc_target` FROM `lq_system_menu` WHERE (  zl_visible=1 and zl_is_menu=1 and zn_fid=50 ) ORDER BY zn_sort ASC,id ASC  [ RunTime:0.0040s ]
NOTIC: [8] Undefined index: zc_run C:\Users\Administrator\Desktop\niuniuGame\LQapps\User\Model\AdminModel.class.php 第 472 行.
SQL: SELECT `id`,`zn_fid`,`zc_caption`,`zc_run_table`,`zc_run`,`zn_type`,`zc_target` FROM `lq_system_menu` WHERE (  zl_visible=1 and zl_is_menu=1 and zn_fid=41 ) ORDER BY zn_sort ASC,id ASC  [ RunTime:0.0040s ]
SQL: SELECT `id`,`zn_fid`,`zc_caption`,`zc_run_table`,`zc_run`,`zn_type`,`zc_target` FROM `lq_system_menu` WHERE (  zl_visible=1 and zl_is_menu=1 and zn_fid=70 ) ORDER BY zn_sort ASC,id ASC  [ RunTime:0.0050s ]
NOTIC: [8] Undefined index: zc_run C:\Users\Administrator\Desktop\niuniuGame\LQapps\User\Model\AdminModel.class.php 第 472 行.
SQL: SELECT `id`,`zn_fid`,`zc_caption`,`zc_run_table`,`zc_run`,`zn_type`,`zc_target` FROM `lq_system_menu` WHERE (  zl_visible=1 and zl_is_menu=1 and zn_fid=44 ) ORDER BY zn_sort ASC,id ASC  [ RunTime:0.0030s ]
SQL: SELECT `id`,`zn_fid`,`zc_caption`,`zc_run_table`,`zc_run`,`zn_type`,`zc_target` FROM `lq_system_menu` WHERE (  zl_visible=1 and zl_is_menu=1 and zn_fid=90 ) ORDER BY zn_sort ASC,id ASC  [ RunTime:0.0060s ]
NOTIC: [8] Undefined index: zc_run C:\Users\Administrator\Desktop\niuniuGame\LQapps\User\Model\AdminModel.class.php 第 472 行.
SQL: SELECT `id`,`zn_fid`,`zc_caption`,`zc_run_table`,`zc_run`,`zn_type`,`zc_target` FROM `lq_system_menu` WHERE (  zl_visible=1 and zl_is_menu=1 and zn_fid=45 ) ORDER BY zn_sort ASC,id ASC  [ RunTime:0.0040s ]
SQL: SELECT `id`,`zn_fid`,`zc_caption`,`zc_run_table`,`zc_run`,`zn_type`,`zc_target` FROM `lq_system_menu` WHERE (  zl_visible=1 and zl_is_menu=1 and zn_fid=67 ) ORDER BY zn_sort ASC,id ASC  [ RunTime:0.0050s ]
NOTIC: [8] Undefined index: zc_run C:\Users\Administrator\Desktop\niuniuGame\LQapps\User\Model\AdminModel.class.php 第 472 行.
SQL: SELECT `id`,`zn_fid`,`zc_caption`,`zc_run_table`,`zc_run`,`zn_type`,`zc_target` FROM `lq_system_menu` WHERE (  zl_visible=1 and zl_is_menu=1 and zn_fid=47 ) ORDER BY zn_sort ASC,id ASC  [ RunTime:0.0040s ]
SQL: SELECT `id`,`zn_fid`,`zc_caption`,`zc_run_table`,`zc_run`,`zn_type`,`zc_target` FROM `lq_system_menu` WHERE (  zl_visible=1 and zl_is_menu=1 and zn_fid=100 ) ORDER BY zn_sort ASC,id ASC  [ RunTime:0.0040s ]
SQL: SELECT `id`,`zn_fid`,`zc_caption`,`zc_run_table`,`zc_run`,`zn_type`,`zc_target` FROM `lq_system_menu` WHERE (  zl_visible=1 and zl_is_menu=1 and zn_fid=112 ) ORDER BY zn_sort ASC,id ASC  [ RunTime:0.0110s ]
NOTIC: [8] Undefined index: zc_run C:\Users\Administrator\Desktop\niuniuGame\LQapps\User\Model\AdminModel.class.php 第 472 行.
SQL: SELECT `id`,`zn_fid`,`zc_caption`,`zc_run_table`,`zc_run`,`zn_type`,`zc_target` FROM `lq_system_menu` WHERE (  zl_visible=1 and zl_is_menu=1 and zn_fid=110 ) ORDER BY zn_sort ASC,id ASC  [ RunTime:0.0070s ]
SQL: SELECT `id`,`zn_fid`,`zc_caption`,`zc_run_table`,`zc_run`,`zn_type`,`zc_target` FROM `lq_system_menu` WHERE (  zl_visible=1 and zl_is_menu=1 and zn_fid=69 ) ORDER BY zn_sort ASC,id ASC  [ RunTime:0.0060s ]
SQL: SELECT `id`,`zn_fid`,`zc_caption`,`zc_run_table`,`zc_run`,`zn_type`,`zc_target` FROM `lq_system_menu` WHERE (  zl_visible=1 and zl_is_menu=1 and zn_fid=73 ) ORDER BY zn_sort ASC,id ASC  [ RunTime:0.0040s ]
NOTIC: [8] Undefined index: zc_run C:\Users\Administrator\Desktop\niuniuGame\LQapps\User\Model\AdminModel.class.php 第 472 行.
SQL: SELECT `id`,`zn_fid`,`zc_caption`,`zc_run_table`,`zc_run`,`zn_type`,`zc_target` FROM `lq_system_menu` WHERE (  zl_visible=1 and zl_is_menu=1 and zn_fid=111 ) ORDER BY zn_sort ASC,id ASC  [ RunTime:0.0040s ]
SQL: SELECT `id`,`zn_fid`,`zc_caption`,`zc_run_table`,`zc_run`,`zn_type`,`zc_target` FROM `lq_system_menu` WHERE (  zl_visible=1 and zl_is_menu=1 and zn_fid=103 ) ORDER BY zn_sort ASC,id ASC  [ RunTime:0.0090s ]
NOTIC: [8] Undefined index: zc_run C:\Users\Administrator\Desktop\niuniuGame\LQapps\User\Model\AdminModel.class.php 第 472 行.
SQL: SELECT `id`,`zn_fid`,`zc_caption`,`zc_run_table`,`zc_run`,`zn_type`,`zc_target` FROM `lq_system_menu` WHERE (  zl_visible=1 and zl_is_menu=1 and zn_fid=46 ) ORDER BY zn_sort ASC,id ASC  [ RunTime:0.0030s ]
SQL: SELECT `id`,`zn_fid`,`zc_caption`,`zc_run_table`,`zc_run`,`zn_type`,`zc_target` FROM `lq_system_menu` WHERE (  zl_visible=1 and zl_is_menu=1 and zn_fid=107 ) ORDER BY zn_sort ASC,id ASC  [ RunTime:0.0040s ]
NOTIC: [8] Undefined index: zc_run C:\Users\Administrator\Desktop\niuniuGame\LQapps\User\Model\AdminModel.class.php 第 472 行.
SQL: SELECT `id`,`zn_fid`,`zc_caption`,`zc_run_table`,`zc_run`,`zn_type`,`zc_target` FROM `lq_system_menu` WHERE (  zl_visible=1 and zl_is_menu=1 and zn_fid=64 ) ORDER BY zn_sort ASC,id ASC  [ RunTime:0.0070s ]
SQL: SELECT `id`,`zn_fid`,`zc_caption`,`zc_run_table`,`zc_run`,`zn_type`,`zc_target` FROM `lq_system_menu` WHERE (  zl_visible=1 and zl_is_menu=1 and zn_fid=83 ) ORDER BY zn_sort ASC,id ASC  [ RunTime:0.0040s ]
SQL: SELECT `id`,`zn_fid`,`zc_caption`,`zc_run_table`,`zc_run`,`zn_type`,`zc_target` FROM `lq_system_menu` WHERE (  zl_visible=1 and zl_is_menu=1 and zn_fid=51 ) ORDER BY zn_sort ASC,id ASC  [ RunTime:0.0050s ]
SQL: SELECT `zc_popedom` FROM `lq_admin` WHERE ( id=0 ) LIMIT 1   [ RunTime:0.0060s ]
SQL: SELECT * FROM `lq_admin` WHERE ( id = 1 ) LIMIT 1   [ RunTime:0.0040s ]
NOTIC: [8] Uninitialized string offset: 1 C:\Users\Administrator\Desktop\niuniuGame\LQapps\User\Model\AdminModel.class.php 第 235 行.
NOTIC: [2] Illegal string offset 'title' C:\Users\Administrator\Desktop\niuniuGame\LQapps\User\Model\AdminModel.class.php 第 235 行.
NOTIC: [8] Uninitialized string offset: 0 C:\Users\Administrator\Desktop\niuniuGame\LQapps\User\Model\AdminModel.class.php 第 235 行.
NOTIC: [8] unserialize(): Error at offset 0 of 3190 bytes C:\Users\Administrator\Desktop\niuniuGame\Public\ThinkPHP\Common\functions.php 第 1165 行.
NOTIC: [2] array_key_exists() expects parameter 2 to be array, boolean given C:\Users\Administrator\Desktop\niuniuGame\LQapps\User\Api\AdminApi.class.php 第 325 行.
NOTIC: [8] Undefined index: login C:\Users\Administrator\Desktop\niuniuGame\LQapps\User\Api\AdminApi.class.php 第 329 行.
NOTIC: [8] Undefined index: description C:\Users\Administrator\Desktop\niuniuGame\LQapps\User\Api\AdminApi.class.php 第 339 行.
SQL: INSERT INTO `lq_admin_log` (`zn_type`,`zc_action`,`zc_table`,`zc_table_id`,`zc_description`,`zn_ip`,`zn_cdate`,`zn_operator`,`zc_account`) VALUES ('0','login','admin','1','littleHe对admin模型,进行login操作。url请求:niuniugame.dev:80/sys-index.php/Login/login','2130706433','1515554707','1','littleHe') [ RunTime:0.0050s ]

[ 2018-01-10T11:25:09+08:00 ] 127.0.0.1 /sys-index.php/Index/index
INFO: [ app_init ] --START--
INFO: Run Behavior\BuildLiteBehavior [ RunTime:0.000000s ]
INFO: [ app_init ] --END-- [ RunTime:0.000000s ]
INFO: [ app_begin ] --START--
INFO: Run Behavior\ReadHtmlCacheBehavior [ RunTime:0.000000s ]
INFO: Run Behavior\CheckLangBehavior [ RunTime:0.000000s ]
INFO: [ app_begin ] --END-- [ RunTime:0.001000s ]
INFO: [ view_parse ] --START--
INFO: [ template_filter ] --START--
INFO: Run Behavior\ContentReplaceBehavior [ RunTime:0.001000s ]
INFO: [ template_filter ] --END-- [ RunTime:0.001000s ]
INFO: Run Behavior\ParseTemplateBehavior [ RunTime:0.013000s ]
INFO: [ view_parse ] --END-- [ RunTime:0.013000s ]
INFO: [ view_filter ] --START--
INFO: Run Behavior\WriteHtmlCacheBehavior [ RunTime:0.000000s ]
INFO: Run Behavior\ShowRuntimeBehavior [ RunTime:0.001000s ]
INFO: Run Behavior\TokenBuildBehavior [ RunTime:0.001000s ]
INFO: [ view_filter ] --END-- [ RunTime:0.002000s ]
INFO: [ app_end ] --START--
INFO: Run Behavior\ShowPageTraceBehavior [ RunTime:0.000000s ]
INFO: [ app_end ] --END-- [ RunTime:0.000000s ]

[ 2018-01-10T11:25:09+08:00 ] 127.0.0.1 /sys-index.php/Index/ajaxSearch/tcop/subscribe
INFO: [ app_init ] --START--
INFO: Run Behavior\BuildLiteBehavior [ RunTime:0.000000s ]
INFO: [ app_init ] --END-- [ RunTime:0.000000s ]
INFO: [ app_begin ] --START--
INFO: Run Behavior\ReadHtmlCacheBehavior [ RunTime:0.000000s ]
INFO: Run Behavior\CheckLangBehavior [ RunTime:0.001000s ]
INFO: [ app_begin ] --END-- [ RunTime:0.001000s ]

[ 2018-01-10T11:25:09+08:00 ] 127.0.0.1 /sys-index.php/Index/ajaxSearch/tcop/hdorder
INFO: [ app_init ] --START--
INFO: Run Behavior\BuildLiteBehavior [ RunTime:0.000000s ]
INFO: [ app_init ] --END-- [ RunTime:0.000000s ]
INFO: [ app_begin ] --START--
INFO: Run Behavior\ReadHtmlCacheBehavior [ RunTime:0.000000s ]
INFO: Run Behavior\CheckLangBehavior [ RunTime:0.001000s ]
INFO: [ app_begin ] --END-- [ RunTime:0.001000s ]
ERR: 1146:Table 'games.lq_hd_application' doesn't exist
 [ SQL语句 ] : SHOW COLUMNS FROM `lq_hd_application`
ERR: 1146:Table 'games.lq_hd_application' doesn't exist
 [ SQL语句 ] : SHOW COLUMNS FROM `lq_hd_application`

[ 2018-01-10T11:25:25+08:00 ] 127.0.0.1 /sys-index.php/ApiDocument/index
INFO: [ app_init ] --START--
INFO: Run Behavior\BuildLiteBehavior [ RunTime:0.000000s ]
INFO: [ app_init ] --END-- [ RunTime:0.000000s ]
INFO: [ app_begin ] --START--
INFO: Run Behavior\ReadHtmlCacheBehavior [ RunTime:0.000000s ]
INFO: Run Behavior\CheckLangBehavior [ RunTime:0.001000s ]
INFO: [ app_begin ] --END-- [ RunTime:0.002000s ]
NOTIC: [8] Use of undefined constant SYSTEM_MENU_CURRENT - assumed 'SYSTEM_MENU_CURRENT' C:\Users\Administrator\Desktop\niuniuGame\LQapps\Admin\Controller\PublicController.class.php 第 477 行.
NOTIC: [8] Use of undefined constant SYSTEM_MENU_CURRENT - assumed 'SYSTEM_MENU_CURRENT' C:\Users\Administrator\Desktop\niuniuGame\LQapps\Admin\Controller\PublicController.class.php 第 481 行.
SQL: SELECT COUNT(*) AS tp_count FROM `lq_api_document` WHERE (  1  ) LIMIT 1   [ RunTime:0.0070s ]
SQL: SELECT `id`,`zl_type`,`zc_title`,`zl_visible` FROM `lq_api_document` WHERE (  1  ) ORDER BY id DESC LIMIT 0,10   [ RunTime:0.0220s ]
INFO: [ view_parse ] --START--
INFO: [ template_filter ] --START--
INFO: Run Behavior\ContentReplaceBehavior [ RunTime:0.001000s ]
INFO: [ template_filter ] --END-- [ RunTime:0.001000s ]
NOTIC: [8] Undefined index: zc_caption C:\Users\Administrator\Desktop\niuniuGame\Runtime\Cache\Admin\a80a2f6d0988ff20ec5a915486da997d.php 第 279 行.
NOTIC: [8] Undefined index: zc_caption C:\Users\Administrator\Desktop\niuniuGame\Runtime\Cache\Admin\a80a2f6d0988ff20ec5a915486da997d.php 第 279 行.
NOTIC: [8] Undefined index: zc_caption C:\Users\Administrator\Desktop\niuniuGame\Runtime\Cache\Admin\a80a2f6d0988ff20ec5a915486da997d.php 第 279 行.
NOTIC: [8] Undefined index: zc_caption C:\Users\Administrator\Desktop\niuniuGame\Runtime\Cache\Admin\a80a2f6d0988ff20ec5a915486da997d.php 第 279 行.
NOTIC: [8] Undefined index: zc_caption C:\Users\Administrator\Desktop\niuniuGame\Runtime\Cache\Admin\a80a2f6d0988ff20ec5a915486da997d.php 第 279 行.
INFO: Run Behavior\ParseTemplateBehavior [ RunTime:0.026000s ]
INFO: [ view_parse ] --END-- [ RunTime:0.026000s ]
INFO: [ view_filter ] --START--
INFO: Run Behavior\WriteHtmlCacheBehavior [ RunTime:0.000000s ]
INFO: Run Behavior\ShowRuntimeBehavior [ RunTime:0.001000s ]
INFO: Run Behavior\TokenBuildBehavior [ RunTime:0.002000s ]
INFO: [ view_filter ] --END-- [ RunTime:0.003000s ]
INFO: [ app_end ] --START--
INFO: Run Behavior\ShowPageTraceBehavior [ RunTime:0.001000s ]
INFO: [ app_end ] --END-- [ RunTime:0.001000s ]

[ 2018-01-10T11:25:42+08:00 ] 127.0.0.1 /sys-index.php/ApiDocument/edit/tnid/76
INFO: [ app_init ] --START--
INFO: Run Behavior\BuildLiteBehavior [ RunTime:0.000000s ]
INFO: [ app_init ] --END-- [ RunTime:0.000000s ]
INFO: [ app_begin ] --START--
INFO: Run Behavior\ReadHtmlCacheBehavior [ RunTime:0.000000s ]
INFO: Run Behavior\CheckLangBehavior [ RunTime:0.001000s ]
INFO: [ app_begin ] --END-- [ RunTime:0.001000s ]
NOTIC: [8] Use of undefined constant SYSTEM_MENU_CURRENT - assumed 'SYSTEM_MENU_CURRENT' C:\Users\Administrator\Desktop\niuniuGame\LQapps\Admin\Controller\PublicController.class.php 第 477 行.
NOTIC: [8] Use of undefined constant SYSTEM_MENU_CURRENT - assumed 'SYSTEM_MENU_CURRENT' C:\Users\Administrator\Desktop\niuniuGame\LQapps\Admin\Controller\PublicController.class.php 第 481 行.
SQL: SELECT * FROM `lq_api_document` WHERE ( id=76 ) LIMIT 1   [ RunTime:0.0110s ]
SQL: SELECT `id`,`zc_title` FROM `lq_api_document` WHERE ( id>76 ) ORDER BY `id` ASC LIMIT 0,1   [ RunTime:0.0190s ]
SQL: SELECT `id`,`zc_title` FROM `lq_api_document` WHERE ( id<76 ) ORDER BY `id` DESC LIMIT 0,1   [ RunTime:0.0030s ]
NOTIC: [8] Undefined index: display C:\Users\Administrator\Desktop\niuniuGame\LQapps\Common\LQLibs\Util\BootstrapForm.class.php 第 60 行.
NOTIC: [8] Undefined index: controlTitle C:\Users\Administrator\Desktop\niuniuGame\LQapps\Common\LQLibs\Util\BootstrapForm.class.php 第 90 行.
NOTIC: [8] Undefined index: confirm C:\Users\Administrator\Desktop\niuniuGame\LQapps\Common\LQLibs\Util\BootstrapForm.class.php 第 94 行.
NOTIC: [8] Undefined index: dataBetween C:\Users\Administrator\Desktop\niuniuGame\LQapps\Common\LQLibs\Util\BootstrapForm.class.php 第 96 行.
NOTIC: [8] Undefined index: rows C:\Users\Administrator\Desktop\niuniuGame\LQapps\Common\LQLibs\Util\BootstrapForm.class.php 第 99 行.
NOTIC: [8] Undefined index: maxl C:\Users\Administrator\Desktop\niuniuGame\LQapps\Common\LQLibs\Util\BootstrapForm.class.php 第 100 行.
NOTIC: [8] Undefined index: width C:\Users\Administrator\Desktop\niuniuGame\LQapps\Common\LQLibs\Util\BootstrapForm.class.php 第 101 行.
NOTIC: [8] Undefined index: height C:\Users\Administrator\Desktop\niuniuGame\LQapps\Common\LQLibs\Util\BootstrapForm.class.php 第 102 行.
NOTIC: [8] Undefined index: style C:\Users\Administrator\Desktop\niuniuGame\LQapps\Common\LQLibs\Util\BootstrapForm.class.php 第 103 行.
NOTIC: [8] Undefined index: display C:\Users\Administrator\Desktop\niuniuGame\LQapps\Common\LQLibs\Util\BootstrapForm.class.php 第 60 行.
NOTIC: [8] Undefined index: fast-fill C:\Users\Administrator\Desktop\niuniuGame\LQapps\Common\LQLibs\Util\BootstrapForm.class.php 第 161 行.
NOTIC: [8] Undefined index: controlTitle C:\Users\Administrator\Desktop\niuniuGame\LQapps\Common\LQLibs\Util\BootstrapForm.class.php 第 90 行.
NOTIC: [8] Undefined index: confirm C:\Users\Administrator\Desktop\niuniuGame\LQapps\Common\LQLibs\Util\BootstrapForm.class.php 第 94 行.
NOTIC: [8] Undefined index: dataBetween C:\Users\Administrator\Desktop\niuniuGame\LQapps\Common\LQLibs\Util\BootstrapForm.class.php 第 96 行.
NOTIC: [8] Undefined index: rows C:\Users\Administrator\Desktop\niuniuGame\LQapps\Common\LQLibs\Util\BootstrapForm.class.php 第 99 行.
NOTIC: [8] Undefined index: maxl C:\Users\Administrator\Desktop\niuniuGame\LQapps\Common\LQLibs\Util\BootstrapForm.class.php 第 100 行.
NOTIC: [8] Undefined index: width C:\Users\Administrator\Desktop\niuniuGame\LQapps\Common\LQLibs\Util\BootstrapForm.class.php 第 101 行.
NOTIC: [8] Undefined index: height C:\Users\Administrator\Desktop\niuniuGame\LQapps\Common\LQLibs\Util\BootstrapForm.class.php 第 102 行.
NOTIC: [8] Undefined index: style C:\Users\Administrator\Desktop\niuniuGame\LQapps\Common\LQLibs\Util\BootstrapForm.class.php 第 103 行.
NOTIC: [8] Undefined index: display C:\Users\Administrator\Desktop\niuniuGame\LQapps\Common\LQLibs\Util\BootstrapForm.class.php 第 60 行.
NOTIC: [8] Undefined index: fast-fill C:\Users\Administrator\Desktop\niuniuGame\LQapps\Common\LQLibs\Util\BootstrapForm.class.php 第 161 行.
NOTIC: [8] Undefined index: controlTitle C:\Users\Administrator\Desktop\niuniuGame\LQapps\Common\LQLibs\Util\BootstrapForm.class.php 第 90 行.
NOTIC: [8] Undefined index: confirm C:\Users\Administrator\Desktop\niuniuGame\LQapps\Common\LQLibs\Util\BootstrapForm.class.php 第 94 行.
NOTIC: [8] Undefined index: dataBetween C:\Users\Administrator\Desktop\niuniuGame\LQapps\Common\LQLibs\Util\BootstrapForm.class.php 第 96 行.
NOTIC: [8] Undefined index: rows C:\Users\Administrator\Desktop\niuniuGame\LQapps\Common\LQLibs\Util\BootstrapForm.class.php 第 99 行.
NOTIC: [8] Undefined index: maxl C:\Users\Administrator\Desktop\niuniuGame\LQapps\Common\LQLibs\Util\BootstrapForm.class.php 第 100 行.
NOTIC: [8] Undefined index: width C:\Users\Administrator\Desktop\niuniuGame\LQapps\Common\LQLibs\Util\BootstrapForm.class.php 第 101 行.
NOTIC: [8] Undefined index: height C:\Users\Administrator\Desktop\niuniuGame\LQapps\Common\LQLibs\Util\BootstrapForm.class.php 第 102 行.
NOTIC: [8] Undefined index: style C:\Users\Administrator\Desktop\niuniuGame\LQapps\Common\LQLibs\Util\BootstrapForm.class.php 第 103 行.
NOTIC: [8] Undefined index: display C:\Users\Administrator\Desktop\niuniuGame\LQapps\Common\LQLibs\Util\BootstrapForm.class.php 第 60 行.
NOTIC: [8] Undefined index: fast-fill C:\Users\Administrator\Desktop\niuniuGame\LQapps\Common\LQLibs\Util\BootstrapForm.class.php 第 161 行.
NOTIC: [8] Undefined index: controlTitle C:\Users\Administrator\Desktop\niuniuGame\LQapps\Common\LQLibs\Util\BootstrapForm.class.php 第 90 行.
NOTIC: [8] Undefined index: confirm C:\Users\Administrator\Desktop\niuniuGame\LQapps\Common\LQLibs\Util\BootstrapForm.class.php 第 94 行.
NOTIC: [8] Undefined index: dataBetween C:\Users\Administrator\Desktop\niuniuGame\LQapps\Common\LQLibs\Util\BootstrapForm.class.php 第 96 行.
NOTIC: [8] Undefined index: rows C:\Users\Administrator\Desktop\niuniuGame\LQapps\Common\LQLibs\Util\BootstrapForm.class.php 第 99 行.
NOTIC: [8] Undefined index: maxl C:\Users\Administrator\Desktop\niuniuGame\LQapps\Common\LQLibs\Util\BootstrapForm.class.php 第 100 行.
NOTIC: [8] Undefined index: width C:\Users\Administrator\Desktop\niuniuGame\LQapps\Common\LQLibs\Util\BootstrapForm.class.php 第 101 行.
NOTIC: [8] Undefined index: height C:\Users\Administrator\Desktop\niuniuGame\LQapps\Common\LQLibs\Util\BootstrapForm.class.php 第 102 行.
NOTIC: [8] Undefined index: style C:\Users\Administrator\Desktop\niuniuGame\LQapps\Common\LQLibs\Util\BootstrapForm.class.php 第 103 行.
NOTIC: [8] Undefined index: display C:\Users\Administrator\Desktop\niuniuGame\LQapps\Common\LQLibs\Util\BootstrapForm.class.php 第 60 行.
INFO: [ view_parse ] --START--
INFO: [ template_filter ] --START--
INFO: Run Behavior\ContentReplaceBehavior [ RunTime:0.000000s ]
INFO: [ template_filter ] --END-- [ RunTime:0.000000s ]
INFO: Run Behavior\ParseTemplateBehavior [ RunTime:0.032000s ]
INFO: [ view_parse ] --END-- [ RunTime:0.032000s ]
INFO: [ view_filter ] --START--
INFO: Run Behavior\WriteHtmlCacheBehavior [ RunTime:0.000000s ]
INFO: Run Behavior\ShowRuntimeBehavior [ RunTime:0.001000s ]
INFO: Run Behavior\TokenBuildBehavior [ RunTime:0.002000s ]
INFO: [ view_filter ] --END-- [ RunTime:0.003000s ]
INFO: [ app_end ] --START--
INFO: Run Behavior\ShowPageTraceBehavior [ RunTime:0.001000s ]
INFO: [ app_end ] --END-- [ RunTime:0.001000s ]

[ 2018-01-10T11:25:43+08:00 ] 127.0.0.1 /sys-index.php/index/ueditorConfig//noCache/1515554743045
INFO: [ app_init ] --START--
INFO: Run Behavior\BuildLiteBehavior [ RunTime:0.000000s ]
INFO: [ app_init ] --END-- [ RunTime:0.000000s ]
INFO: [ app_begin ] --START--
INFO: Run Behavior\ReadHtmlCacheBehavior [ RunTime:0.001000s ]
INFO: Run Behavior\CheckLangBehavior [ RunTime:0.000000s ]
INFO: [ app_begin ] --END-- [ RunTime:0.001000s ]
NOTIC: [8] Undefined index: editorfile C:\Users\Administrator\Desktop\niuniuGame\LQapps\Common\LQPublic\Controller\Base.class.php 第 231 行.

[ 2018-01-10T11:25:47+08:00 ] 127.0.0.1 /sys-index.php/ApiDocument/edit/tnid/76
INFO: [ app_init ] --START--
INFO: Run Behavior\BuildLiteBehavior [ RunTime:0.000000s ]
INFO: [ app_init ] --END-- [ RunTime:0.000000s ]
INFO: [ app_begin ] --START--
INFO: Run Behavior\ReadHtmlCacheBehavior [ RunTime:0.000000s ]
INFO: Run Behavior\CheckLangBehavior [ RunTime:0.001000s ]
INFO: [ app_begin ] --END-- [ RunTime:0.001000s ]
NOTIC: [8] Use of undefined constant SYSTEM_MENU_CURRENT - assumed 'SYSTEM_MENU_CURRENT' C:\Users\Administrator\Desktop\niuniuGame\LQapps\Admin\Controller\PublicController.class.php 第 477 行.
NOTIC: [8] Use of undefined constant SYSTEM_MENU_CURRENT - assumed 'SYSTEM_MENU_CURRENT' C:\Users\Administrator\Desktop\niuniuGame\LQapps\Admin\Controller\PublicController.class.php 第 481 行.
NOTIC: [8] Undefined variable: returndata C:\Users\Administrator\Desktop\niuniuGame\LQapps\Common\LQPublic\Model\Base.class.php 第 39 行.
SQL: SELECT * FROM `lq_api_document` WHERE `zc_title` = '注册' AND `id` <> 76 LIMIT 1   [ RunTime:0.0090s ]
NOTIC: [8] Undefined index: auto C:\Users\Administrator\Desktop\niuniuGame\Public\ThinkPHP\Library\Think\Model.class.php 第 1173 行.
NOTIC: [8192] Function ereg() is deprecated C:\Users\Administrator\Desktop\niuniuGame\LQapps\Common\Common\function.php 第 837 行.
SQL: UPDATE `lq_api_document` SET `zl_type`='1',`zc_title`='注册',`zc_url`='http://niuniugame.dev/Member/registered',`zn_sort`='100',`zc_content`='&lt;table&gt;&lt;tbody&gt;&lt;tr class=&quot;firstRow&quot;&gt;&lt;th width=&quot;79&quot; style=&quot;word-break: break-all;&quot;&gt;&amp;nbsp; &amp;nbsp; &amp;nbsp; &amp;nbsp; &amp;nbsp; &amp;nbsp; &amp;nbsp; &amp;nbsp;
				参数&lt;/th&gt;&lt;th width=&quot;64&quot;&gt;&amp;nbsp; &amp;nbsp; &amp;nbsp; &amp;nbsp; &amp;nbsp; &amp;nbsp; &amp;nbsp; &amp;nbsp;
				类型&lt;/th&gt;&lt;th width=&quot;52&quot;&gt;&amp;nbsp; &amp;nbsp; &amp;nbsp; &amp;nbsp; &amp;nbsp; &amp;nbsp; &amp;nbsp; &amp;nbsp;
				必选&lt;/th&gt;&lt;th width=&quot;106&quot;&gt;&amp;nbsp; &amp;nbsp; &amp;nbsp; &amp;nbsp; &amp;nbsp; &amp;nbsp; &amp;nbsp; &amp;nbsp;
				固定值&lt;/th&gt;&lt;th width=&quot;172&quot;&gt;&amp;nbsp; &amp;nbsp; &amp;nbsp; &amp;nbsp; &amp;nbsp; &amp;nbsp; &amp;nbsp; &amp;nbsp;
				说明&lt;/th&gt;&lt;/tr&gt;&lt;tr&gt;&lt;td&gt;&amp;nbsp; &amp;nbsp; &amp;nbsp; &amp;nbsp; &amp;nbsp; &amp;nbsp; &amp;nbsp; &amp;nbsp;
				mobile&lt;/td&gt;&lt;td&gt;&amp;nbsp; &amp;nbsp; &amp;nbsp; &amp;nbsp; &amp;nbsp; &amp;nbsp; &amp;nbsp; &amp;nbsp;
				string&lt;/td&gt;&lt;td&gt;&amp;nbsp; &amp;nbsp; &amp;nbsp; &amp;nbsp; &amp;nbsp; &amp;nbsp; &amp;nbsp; &amp;nbsp;
				true&lt;/td&gt;&lt;td&gt;&amp;nbsp; &amp;nbsp; &amp;nbsp; &amp;nbsp; &amp;nbsp; &amp;nbsp; &amp;nbsp; &amp;nbsp;
				否&lt;/td&gt;&lt;td style=&quot;word-break: break-all;&quot;&gt;&amp;nbsp; &amp;nbsp; &amp;nbsp; &amp;nbsp; &amp;nbsp; &amp;nbsp; &amp;nbsp; &amp;nbsp;
				登录手机号&lt;/td&gt;&lt;/tr&gt;&lt;tr&gt;&lt;td&gt;&amp;nbsp; &amp;nbsp; &amp;nbsp; &amp;nbsp; &amp;nbsp; &amp;nbsp; &amp;nbsp; &amp;nbsp;
				password&lt;/td&gt;&lt;td&gt;&amp;nbsp; &amp;nbsp; &amp;nbsp; &amp;nbsp; &amp;nbsp; &amp;nbsp; &amp;nbsp; &amp;nbsp;
				string&lt;/td&gt;&lt;td&gt;&amp;nbsp; &amp;nbsp; &amp;nbsp; &amp;nbsp; &amp;nbsp; &amp;nbsp; &amp;nbsp; &amp;nbsp;
				true&lt;/td&gt;&lt;td&gt;&amp;nbsp; &amp;nbsp; &amp;nbsp; &amp;nbsp; &amp;nbsp; &amp;nbsp; &amp;nbsp; &amp;nbsp;
				否&lt;/td&gt;&lt;td&gt;&amp;nbsp; &amp;nbsp; &amp;nbsp; &amp;nbsp; &amp;nbsp; &amp;nbsp; &amp;nbsp; &amp;nbsp;
				密码&lt;/td&gt;&lt;/tr&gt;&lt;tr&gt;&lt;td&gt;&amp;nbsp; &amp;nbsp; &amp;nbsp; &amp;nbsp; &amp;nbsp; &amp;nbsp; &amp;nbsp; &amp;nbsp;
				code&lt;/td&gt;&lt;td&gt;&amp;nbsp; &amp;nbsp; &amp;nbsp; &amp;nbsp; &amp;nbsp; &amp;nbsp; &amp;nbsp; &amp;nbsp;
				string&lt;/td&gt;&lt;td&gt;&amp;nbsp; &amp;nbsp; &amp;nbsp; &amp;nbsp; &amp;nbsp; &amp;nbsp; &amp;nbsp; &amp;nbsp;
				true&lt;/td&gt;&lt;td&gt;&amp;nbsp; &amp;nbsp; &amp;nbsp; &amp;nbsp; &amp;nbsp; &amp;nbsp; &amp;nbsp; &amp;nbsp;
				否&lt;/td&gt;&lt;td&gt;&amp;nbsp; &amp;nbsp; &amp;nbsp; &amp;nbsp; &amp;nbsp; &amp;nbsp; &amp;nbsp; &amp;nbsp;
				手机验证码&lt;/td&gt;&lt;/tr&gt;&lt;tr&gt;&lt;td&gt;&amp;nbsp; &amp;nbsp; &amp;nbsp; &amp;nbsp; &amp;nbsp; &amp;nbsp; &amp;nbsp; &amp;nbsp;
				nikeName&lt;/td&gt;&lt;td&gt;&amp;nbsp; &amp;nbsp; &amp;nbsp; &amp;nbsp; &amp;nbsp; &amp;nbsp; &amp;nbsp; &amp;nbsp;
				string&lt;/td&gt;&lt;td&gt;&amp;nbsp; &amp;nbsp; &amp;nbsp; &amp;nbsp; &amp;nbsp; &amp;nbsp; &amp;nbsp; &amp;nbsp;
				true&lt;/td&gt;&lt;td&gt;&amp;nbsp; &amp;nbsp; &amp;nbsp; &amp;nbsp; &amp;nbsp; &amp;nbsp; &amp;nbsp; &amp;nbsp;
				否&lt;/td&gt;&lt;td&gt;&amp;nbsp; &amp;nbsp; &amp;nbsp; &amp;nbsp; &amp;nbsp; &amp;nbsp; &amp;nbsp; &amp;nbsp;
				昵称&lt;/td&gt;&lt;/tr&gt;&lt;/tbody&gt;&lt;/table&gt;&lt;p&gt;&amp;nbsp; &amp;nbsp;
	返回&lt;/p&gt;&lt;table&gt;&lt;tbody&gt;&lt;tr class=&quot;firstRow&quot;&gt;&lt;th width=&quot;33&quot;&gt;&amp;nbsp; &amp;nbsp; &amp;nbsp; &amp;nbsp; &amp;nbsp; &amp;nbsp; &amp;nbsp; &amp;nbsp;
				参数&lt;/th&gt;&lt;th width=&quot;41&quot;&gt;&amp;nbsp; &amp;nbsp; &amp;nbsp; &amp;nbsp; &amp;nbsp; &amp;nbsp; &amp;nbsp; &amp;nbsp;
				类型&lt;/th&gt;&lt;th width=&quot;202&quot;&gt;&amp;nbsp; &amp;nbsp; &amp;nbsp; &amp;nbsp; &amp;nbsp; &amp;nbsp; &amp;nbsp; &amp;nbsp;
				说明&lt;/th&gt;&lt;/tr&gt;&lt;tr&gt;&lt;td&gt;&amp;nbsp; &amp;nbsp; &amp;nbsp; &amp;nbsp; &amp;nbsp; &amp;nbsp; &amp;nbsp; &amp;nbsp;
				status&lt;/td&gt;&lt;td&gt;&amp;nbsp; &amp;nbsp; &amp;nbsp; &amp;nbsp; &amp;nbsp; &amp;nbsp; &amp;nbsp; &amp;nbsp;
				boolean&lt;/td&gt;&lt;td&gt;&amp;nbsp; &amp;nbsp; &amp;nbsp; &amp;nbsp; &amp;nbsp; &amp;nbsp; &amp;nbsp; &amp;nbsp;
				请求是否成功：1、成功 0、失败&lt;/td&gt;&lt;/tr&gt;&lt;tr&gt;&lt;td&gt;&amp;nbsp; &amp;nbsp; &amp;nbsp; &amp;nbsp; &amp;nbsp; &amp;nbsp; &amp;nbsp; &amp;nbsp;
				msg&lt;/td&gt;&lt;td&gt;&amp;nbsp; &amp;nbsp; &amp;nbsp; &amp;nbsp; &amp;nbsp; &amp;nbsp; &amp;nbsp; &amp;nbsp;
				string&lt;/td&gt;&lt;td&gt;&amp;nbsp; &amp;nbsp; &amp;nbsp; &amp;nbsp; &amp;nbsp; &amp;nbsp; &amp;nbsp; &amp;nbsp;
				回调操作提示&lt;/td&gt;&lt;/tr&gt;&lt;tr&gt;&lt;td&gt;&amp;nbsp; &amp;nbsp; &amp;nbsp; &amp;nbsp; &amp;nbsp; &amp;nbsp; &amp;nbsp; &amp;nbsp;
				data&lt;/td&gt;&lt;td&gt;&amp;nbsp; &amp;nbsp; &amp;nbsp; &amp;nbsp; &amp;nbsp; &amp;nbsp; &amp;nbsp; &amp;nbsp;
				array&lt;/td&gt;&lt;td&gt;&amp;nbsp; &amp;nbsp; &amp;nbsp; &amp;nbsp; &amp;nbsp; &amp;nbsp; &amp;nbsp; &amp;nbsp;
				uid/token/member_info&lt;/td&gt;&lt;/tr&gt;&lt;tr&gt;&lt;td&gt;&amp;nbsp; &amp;nbsp; &amp;nbsp; &amp;nbsp; &amp;nbsp; &amp;nbsp; &amp;nbsp; &amp;nbsp;
				url/note&lt;/td&gt;&lt;td&gt;&amp;nbsp; &amp;nbsp; &amp;nbsp; &amp;nbsp; &amp;nbsp; &amp;nbsp; &amp;nbsp; &amp;nbsp;
				NULL&lt;/td&gt;&lt;td&gt;&amp;nbsp; &amp;nbsp; &amp;nbsp; &amp;nbsp; &amp;nbsp; &amp;nbsp; &amp;nbsp; &amp;nbsp;
				非必要&lt;/td&gt;&lt;/tr&gt;&lt;tr&gt;&lt;td&gt;&amp;nbsp; &amp;nbsp; &amp;nbsp; &amp;nbsp; &amp;nbsp; &amp;nbsp; &amp;nbsp; &amp;nbsp;
				member_info&lt;/td&gt;&lt;td&gt;headimg：头像；&lt;/td&gt;&lt;td&gt;&amp;nbsp; &amp;nbsp; &amp;nbsp; &amp;nbsp; &amp;nbsp; &amp;nbsp; &amp;nbsp; &amp;nbsp;
				回调数据说明&lt;/td&gt;&lt;/tr&gt;&lt;/tbody&gt;&lt;/table&gt;&lt;p&gt;&amp;nbsp; &amp;nbsp;
	返回格式：&lt;/p&gt;&lt;pre&gt;&amp;nbsp;&amp;nbsp;&amp;nbsp;&amp;nbsp;&amp;nbsp;&amp;nbsp;&amp;nbsp;&amp;nbsp;{status:&amp;nbsp;1,&amp;nbsp;msg:&amp;nbsp;&amp;quot;会员登录成功&amp;quot;,&amp;quot;data&amp;quot;:{&amp;quot;uid&amp;quot;:&amp;nbsp;&amp;quot;8&amp;quot;,&amp;quot;token&amp;quot;:&amp;nbsp;&amp;quot;30eea7c1fbcbb8af5b7a1c37ca8fab7307ef38d9&amp;quot;,&amp;quot;member_info&amp;quot;:&amp;nbsp;&amp;quot;会员信息&amp;quot;},&amp;nbsp;url:&amp;nbsp;&amp;quot;&amp;quot;}&lt;/pre&gt;',`zn_mdate`='1515554747' WHERE `id` = 76 [ RunTime:0.0090s ]
NOTIC: [8] unserialize(): Error at offset 0 of 3190 bytes C:\Users\Administrator\Desktop\niuniuGame\Public\ThinkPHP\Common\functions.php 第 1165 行.
NOTIC: [2] array_key_exists() expects parameter 2 to be array, boolean given C:\Users\Administrator\Desktop\niuniuGame\LQapps\User\Api\AdminApi.class.php 第 325 行.
NOTIC: [8] Undefined index: description C:\Users\Administrator\Desktop\niuniuGame\LQapps\User\Api\AdminApi.class.php 第 339 行.
SQL: INSERT INTO `lq_admin_log` (`zn_type`,`zc_action`,`zc_table`,`zc_table_id`,`zc_description`,`zn_ip`,`zn_cdate`,`zn_operator`,`zc_account`) VALUES ('0','edit','api_document','76','littleHe对ApiDocument模型,进行修改页面操作。url请求:niuniugame.dev:80/sys-index.php/ApiDocument/edit/tnid/76','2130706433','1515554747','1','littleHe') [ RunTime:0.0030s ]

[ 2018-01-10T11:25:48+08:00 ] 127.0.0.1 /sys-index.php/ApiDocument/edit/tnid/76
INFO: [ app_init ] --START--
INFO: Run Behavior\BuildLiteBehavior [ RunTime:0.000000s ]
INFO: [ app_init ] --END-- [ RunTime:0.000000s ]
INFO: [ app_begin ] --START--
INFO: Run Behavior\ReadHtmlCacheBehavior [ RunTime:0.001000s ]
INFO: Run Behavior\CheckLangBehavior [ RunTime:0.000000s ]
INFO: [ app_begin ] --END-- [ RunTime:0.001000s ]
NOTIC: [8] Use of undefined constant SYSTEM_MENU_CURRENT - assumed 'SYSTEM_MENU_CURRENT' C:\Users\Administrator\Desktop\niuniuGame\LQapps\Admin\Controller\PublicController.class.php 第 477 行.
NOTIC: [8] Use of undefined constant SYSTEM_MENU_CURRENT - assumed 'SYSTEM_MENU_CURRENT' C:\Users\Administrator\Desktop\niuniuGame\LQapps\Admin\Controller\PublicController.class.php 第 481 行.
SQL: SELECT * FROM `lq_api_document` WHERE ( id=76 ) LIMIT 1   [ RunTime:0.0120s ]
SQL: SELECT `id`,`zc_title` FROM `lq_api_document` WHERE ( id>76 ) ORDER BY `id` ASC LIMIT 0,1   [ RunTime:0.0030s ]
SQL: SELECT `id`,`zc_title` FROM `lq_api_document` WHERE ( id<76 ) ORDER BY `id` DESC LIMIT 0,1   [ RunTime:0.0040s ]
NOTIC: [8] Undefined index: display C:\Users\Administrator\Desktop\niuniuGame\LQapps\Common\LQLibs\Util\BootstrapForm.class.php 第 60 行.
NOTIC: [8] Undefined index: controlTitle C:\Users\Administrator\Desktop\niuniuGame\LQapps\Common\LQLibs\Util\BootstrapForm.class.php 第 90 行.
NOTIC: [8] Undefined index: confirm C:\Users\Administrator\Desktop\niuniuGame\LQapps\Common\LQLibs\Util\BootstrapForm.class.php 第 94 行.
NOTIC: [8] Undefined index: dataBetween C:\Users\Administrator\Desktop\niuniuGame\LQapps\Common\LQLibs\Util\BootstrapForm.class.php 第 96 行.
NOTIC: [8] Undefined index: rows C:\Users\Administrator\Desktop\niuniuGame\LQapps\Common\LQLibs\Util\BootstrapForm.class.php 第 99 行.
NOTIC: [8] Undefined index: maxl C:\Users\Administrator\Desktop\niuniuGame\LQapps\Common\LQLibs\Util\BootstrapForm.class.php 第 100 行.
NOTIC: [8] Undefined index: width C:\Users\Administrator\Desktop\niuniuGame\LQapps\Common\LQLibs\Util\BootstrapForm.class.php 第 101 行.
NOTIC: [8] Undefined index: height C:\Users\Administrator\Desktop\niuniuGame\LQapps\Common\LQLibs\Util\BootstrapForm.class.php 第 102 行.
NOTIC: [8] Undefined index: style C:\Users\Administrator\Desktop\niuniuGame\LQapps\Common\LQLibs\Util\BootstrapForm.class.php 第 103 行.
NOTIC: [8] Undefined index: display C:\Users\Administrator\Desktop\niuniuGame\LQapps\Common\LQLibs\Util\BootstrapForm.class.php 第 60 行.
NOTIC: [8] Undefined index: fast-fill C:\Users\Administrator\Desktop\niuniuGame\LQapps\Common\LQLibs\Util\BootstrapForm.class.php 第 161 行.
NOTIC: [8] Undefined index: controlTitle C:\Users\Administrator\Desktop\niuniuGame\LQapps\Common\LQLibs\Util\BootstrapForm.class.php 第 90 行.
NOTIC: [8] Undefined index: confirm C:\Users\Administrator\Desktop\niuniuGame\LQapps\Common\LQLibs\Util\BootstrapForm.class.php 第 94 行.
NOTIC: [8] Undefined index: dataBetween C:\Users\Administrator\Desktop\niuniuGame\LQapps\Common\LQLibs\Util\BootstrapForm.class.php 第 96 行.
NOTIC: [8] Undefined index: rows C:\Users\Administrator\Desktop\niuniuGame\LQapps\Common\LQLibs\Util\BootstrapForm.class.php 第 99 行.
NOTIC: [8] Undefined index: maxl C:\Users\Administrator\Desktop\niuniuGame\LQapps\Common\LQLibs\Util\BootstrapForm.class.php 第 100 行.
NOTIC: [8] Undefined index: width C:\Users\Administrator\Desktop\niuniuGame\LQapps\Common\LQLibs\Util\BootstrapForm.class.php 第 101 行.
NOTIC: [8] Undefined index: height C:\Users\Administrator\Desktop\niuniuGame\LQapps\Common\LQLibs\Util\BootstrapForm.class.php 第 102 行.
NOTIC: [8] Undefined index: style C:\Users\Administrator\Desktop\niuniuGame\LQapps\Common\LQLibs\Util\BootstrapForm.class.php 第 103 行.
NOTIC: [8] Undefined index: display C:\Users\Administrator\Desktop\niuniuGame\LQapps\Common\LQLibs\Util\BootstrapForm.class.php 第 60 行.
NOTIC: [8] Undefined index: fast-fill C:\Users\Administrator\Desktop\niuniuGame\LQapps\Common\LQLibs\Util\BootstrapForm.class.php 第 161 行.
NOTIC: [8] Undefined index: controlTitle C:\Users\Administrator\Desktop\niuniuGame\LQapps\Common\LQLibs\Util\BootstrapForm.class.php 第 90 行.
NOTIC: [8] Undefined index: confirm C:\Users\Administrator\Desktop\niuniuGame\LQapps\Common\LQLibs\Util\BootstrapForm.class.php 第 94 行.
NOTIC: [8] Undefined index: dataBetween C:\Users\Administrator\Desktop\niuniuGame\LQapps\Common\LQLibs\Util\BootstrapForm.class.php 第 96 行.
NOTIC: [8] Undefined index: rows C:\Users\Administrator\Desktop\niuniuGame\LQapps\Common\LQLibs\Util\BootstrapForm.class.php 第 99 行.
NOTIC: [8] Undefined index: maxl C:\Users\Administrator\Desktop\niuniuGame\LQapps\Common\LQLibs\Util\BootstrapForm.class.php 第 100 行.
NOTIC: [8] Undefined index: width C:\Users\Administrator\Desktop\niuniuGame\LQapps\Common\LQLibs\Util\BootstrapForm.class.php 第 101 行.
NOTIC: [8] Undefined index: height C:\Users\Administrator\Desktop\niuniuGame\LQapps\Common\LQLibs\Util\BootstrapForm.class.php 第 102 行.
NOTIC: [8] Undefined index: style C:\Users\Administrator\Desktop\niuniuGame\LQapps\Common\LQLibs\Util\BootstrapForm.class.php 第 103 行.
NOTIC: [8] Undefined index: display C:\Users\Administrator\Desktop\niuniuGame\LQapps\Common\LQLibs\Util\BootstrapForm.class.php 第 60 行.
NOTIC: [8] Undefined index: fast-fill C:\Users\Administrator\Desktop\niuniuGame\LQapps\Common\LQLibs\Util\BootstrapForm.class.php 第 161 行.
NOTIC: [8] Undefined index: controlTitle C:\Users\Administrator\Desktop\niuniuGame\LQapps\Common\LQLibs\Util\BootstrapForm.class.php 第 90 行.
NOTIC: [8] Undefined index: confirm C:\Users\Administrator\Desktop\niuniuGame\LQapps\Common\LQLibs\Util\BootstrapForm.class.php 第 94 行.
NOTIC: [8] Undefined index: dataBetween C:\Users\Administrator\Desktop\niuniuGame\LQapps\Common\LQLibs\Util\BootstrapForm.class.php 第 96 行.
NOTIC: [8] Undefined index: rows C:\Users\Administrator\Desktop\niuniuGame\LQapps\Common\LQLibs\Util\BootstrapForm.class.php 第 99 行.
NOTIC: [8] Undefined index: maxl C:\Users\Administrator\Desktop\niuniuGame\LQapps\Common\LQLibs\Util\BootstrapForm.class.php 第 100 行.
NOTIC: [8] Undefined index: width C:\Users\Administrator\Desktop\niuniuGame\LQapps\Common\LQLibs\Util\BootstrapForm.class.php 第 101 行.
NOTIC: [8] Undefined index: height C:\Users\Administrator\Desktop\niuniuGame\LQapps\Common\LQLibs\Util\BootstrapForm.class.php 第 102 行.
NOTIC: [8] Undefined index: style C:\Users\Administrator\Desktop\niuniuGame\LQapps\Common\LQLibs\Util\BootstrapForm.class.php 第 103 行.
NOTIC: [8] Undefined index: display C:\Users\Administrator\Desktop\niuniuGame\LQapps\Common\LQLibs\Util\BootstrapForm.class.php 第 60 行.
INFO: [ view_parse ] --START--
INFO: [ template_filter ] --START--
INFO: Run Behavior\ContentReplaceBehavior [ RunTime:0.000000s ]
INFO: [ template_filter ] --END-- [ RunTime:0.000000s ]
INFO: Run Behavior\ParseTemplateBehavior [ RunTime:0.016000s ]
INFO: [ view_parse ] --END-- [ RunTime:0.016000s ]
INFO: [ view_filter ] --START--
INFO: Run Behavior\WriteHtmlCacheBehavior [ RunTime:0.000000s ]
INFO: Run Behavior\ShowRuntimeBehavior [ RunTime:0.001000s ]
INFO: Run Behavior\TokenBuildBehavior [ RunTime:0.001000s ]
INFO: [ view_filter ] --END-- [ RunTime:0.002000s ]
INFO: [ app_end ] --START--
INFO: Run Behavior\ShowPageTraceBehavior [ RunTime:0.000000s ]
INFO: [ app_end ] --END-- [ RunTime:0.000000s ]

[ 2018-01-10T11:25:48+08:00 ] 127.0.0.1 /sys-index.php/index/ueditorConfig//noCache/1515554748891
INFO: [ app_init ] --START--
INFO: Run Behavior\BuildLiteBehavior [ RunTime:0.000000s ]
INFO: [ app_init ] --END-- [ RunTime:0.001000s ]
INFO: [ app_begin ] --START--
INFO: Run Behavior\ReadHtmlCacheBehavior [ RunTime:0.000000s ]
INFO: Run Behavior\CheckLangBehavior [ RunTime:0.001000s ]
INFO: [ app_begin ] --END-- [ RunTime:0.001000s ]
NOTIC: [8] Undefined index: editorfile C:\Users\Administrator\Desktop\niuniuGame\LQapps\Common\LQPublic\Controller\Base.class.php 第 231 行.

[ 2018-01-10T11:25:50+08:00 ] 127.0.0.1 /sys-index.php/ApiDocument/index
INFO: [ app_init ] --START--
INFO: Run Behavior\BuildLiteBehavior [ RunTime:0.000000s ]
INFO: [ app_init ] --END-- [ RunTime:0.000000s ]
INFO: [ app_begin ] --START--
INFO: Run Behavior\ReadHtmlCacheBehavior [ RunTime:0.000000s ]
INFO: Run Behavior\CheckLangBehavior [ RunTime:0.001000s ]
INFO: [ app_begin ] --END-- [ RunTime:0.001000s ]
NOTIC: [8] Use of undefined constant SYSTEM_MENU_CURRENT - assumed 'SYSTEM_MENU_CURRENT' C:\Users\Administrator\Desktop\niuniuGame\LQapps\Admin\Controller\PublicController.class.php 第 477 行.
NOTIC: [8] Use of undefined constant SYSTEM_MENU_CURRENT - assumed 'SYSTEM_MENU_CURRENT' C:\Users\Administrator\Desktop\niuniuGame\LQapps\Admin\Controller\PublicController.class.php 第 481 行.
SQL: SELECT COUNT(*) AS tp_count FROM `lq_api_document` WHERE (  1  ) LIMIT 1   [ RunTime:0.0030s ]
SQL: SELECT `id`,`zl_type`,`zc_title`,`zl_visible` FROM `lq_api_document` WHERE (  1  ) ORDER BY id DESC LIMIT 0,10   [ RunTime:0.0030s ]
INFO: [ view_parse ] --START--
INFO: [ template_filter ] --START--
INFO: Run Behavior\ContentReplaceBehavior [ RunTime:0.001000s ]
INFO: [ template_filter ] --END-- [ RunTime:0.001000s ]
NOTIC: [8] Undefined index: zc_caption C:\Users\Administrator\Desktop\niuniuGame\Runtime\Cache\Admin\a80a2f6d0988ff20ec5a915486da997d.php 第 279 行.
NOTIC: [8] Undefined index: zc_caption C:\Users\Administrator\Desktop\niuniuGame\Runtime\Cache\Admin\a80a2f6d0988ff20ec5a915486da997d.php 第 279 行.
NOTIC: [8] Undefined index: zc_caption C:\Users\Administrator\Desktop\niuniuGame\Runtime\Cache\Admin\a80a2f6d0988ff20ec5a915486da997d.php 第 279 行.
NOTIC: [8] Undefined index: zc_caption C:\Users\Administrator\Desktop\niuniuGame\Runtime\Cache\Admin\a80a2f6d0988ff20ec5a915486da997d.php 第 279 行.
NOTIC: [8] Undefined index: zc_caption C:\Users\Administrator\Desktop\niuniuGame\Runtime\Cache\Admin\a80a2f6d0988ff20ec5a915486da997d.php 第 279 行.
INFO: Run Behavior\ParseTemplateBehavior [ RunTime:0.028000s ]
INFO: [ view_parse ] --END-- [ RunTime:0.028000s ]
INFO: [ view_filter ] --START--
INFO: Run Behavior\WriteHtmlCacheBehavior [ RunTime:0.000000s ]
INFO: Run Behavior\ShowRuntimeBehavior [ RunTime:0.001000s ]
INFO: Run Behavior\TokenBuildBehavior [ RunTime:0.003000s ]
INFO: [ view_filter ] --END-- [ RunTime:0.004000s ]
INFO: [ app_end ] --START--
INFO: Run Behavior\ShowPageTraceBehavior [ RunTime:0.000000s ]
INFO: [ app_end ] --END-- [ RunTime:0.000000s ]

[ 2018-01-10T11:26:01+08:00 ] 127.0.0.1 /sys-index.php/ApiDocument/edit/tnid/76
INFO: [ app_init ] --START--
INFO: Run Behavior\BuildLiteBehavior [ RunTime:0.000000s ]
INFO: [ app_init ] --END-- [ RunTime:0.001000s ]
INFO: [ app_begin ] --START--
INFO: Run Behavior\ReadHtmlCacheBehavior [ RunTime:0.001000s ]
INFO: Run Behavior\CheckLangBehavior [ RunTime:0.001000s ]
INFO: [ app_begin ] --END-- [ RunTime:0.002000s ]
NOTIC: [8] Use of undefined constant SYSTEM_MENU_CURRENT - assumed 'SYSTEM_MENU_CURRENT' C:\Users\Administrator\Desktop\niuniuGame\LQapps\Admin\Controller\PublicController.class.php 第 477 行.
NOTIC: [8] Use of undefined constant SYSTEM_MENU_CURRENT - assumed 'SYSTEM_MENU_CURRENT' C:\Users\Administrator\Desktop\niuniuGame\LQapps\Admin\Controller\PublicController.class.php 第 481 行.
SQL: SELECT * FROM `lq_api_document` WHERE ( id=76 ) LIMIT 1   [ RunTime:0.0150s ]
SQL: SELECT `id`,`zc_title` FROM `lq_api_document` WHERE ( id>76 ) ORDER BY `id` ASC LIMIT 0,1   [ RunTime:0.0030s ]
SQL: SELECT `id`,`zc_title` FROM `lq_api_document` WHERE ( id<76 ) ORDER BY `id` DESC LIMIT 0,1   [ RunTime:0.0060s ]
NOTIC: [8] Undefined index: display C:\Users\Administrator\Desktop\niuniuGame\LQapps\Common\LQLibs\Util\BootstrapForm.class.php 第 60 行.
NOTIC: [8] Undefined index: controlTitle C:\Users\Administrator\Desktop\niuniuGame\LQapps\Common\LQLibs\Util\BootstrapForm.class.php 第 90 行.
NOTIC: [8] Undefined index: confirm C:\Users\Administrator\Desktop\niuniuGame\LQapps\Common\LQLibs\Util\BootstrapForm.class.php 第 94 行.
NOTIC: [8] Undefined index: dataBetween C:\Users\Administrator\Desktop\niuniuGame\LQapps\Common\LQLibs\Util\BootstrapForm.class.php 第 96 行.
NOTIC: [8] Undefined index: rows C:\Users\Administrator\Desktop\niuniuGame\LQapps\Common\LQLibs\Util\BootstrapForm.class.php 第 99 行.
NOTIC: [8] Undefined index: maxl C:\Users\Administrator\Desktop\niuniuGame\LQapps\Common\LQLibs\Util\BootstrapForm.class.php 第 100 行.
NOTIC: [8] Undefined index: width C:\Users\Administrator\Desktop\niuniuGame\LQapps\Common\LQLibs\Util\BootstrapForm.class.php 第 101 行.
NOTIC: [8] Undefined index: height C:\Users\Administrator\Desktop\niuniuGame\LQapps\Common\LQLibs\Util\BootstrapForm.class.php 第 102 行.
NOTIC: [8] Undefined index: style C:\Users\Administrator\Desktop\niuniuGame\LQapps\Common\LQLibs\Util\BootstrapForm.class.php 第 103 行.
NOTIC: [8] Undefined index: display C:\Users\Administrator\Desktop\niuniuGame\LQapps\Common\LQLibs\Util\BootstrapForm.class.php 第 60 行.
NOTIC: [8] Undefined index: fast-fill C:\Users\Administrator\Desktop\niuniuGame\LQapps\Common\LQLibs\Util\BootstrapForm.class.php 第 161 行.
NOTIC: [8] Undefined index: controlTitle C:\Users\Administrator\Desktop\niuniuGame\LQapps\Common\LQLibs\Util\BootstrapForm.class.php 第 90 行.
NOTIC: [8] Undefined index: confirm C:\Users\Administrator\Desktop\niuniuGame\LQapps\Common\LQLibs\Util\BootstrapForm.class.php 第 94 行.
NOTIC: [8] Undefined index: dataBetween C:\Users\Administrator\Desktop\niuniuGame\LQapps\Common\LQLibs\Util\BootstrapForm.class.php 第 96 行.
NOTIC: [8] Undefined index: rows C:\Users\Administrator\Desktop\niuniuGame\LQapps\Common\LQLibs\Util\BootstrapForm.class.php 第 99 行.
NOTIC: [8] Undefined index: maxl C:\Users\Administrator\Desktop\niuniuGame\LQapps\Common\LQLibs\Util\BootstrapForm.class.php 第 100 行.
NOTIC: [8] Undefined index: width C:\Users\Administrator\Desktop\niuniuGame\LQapps\Common\LQLibs\Util\BootstrapForm.class.php 第 101 行.
NOTIC: [8] Undefined index: height C:\Users\Administrator\Desktop\niuniuGame\LQapps\Common\LQLibs\Util\BootstrapForm.class.php 第 102 行.
NOTIC: [8] Undefined index: style C:\Users\Administrator\Desktop\niuniuGame\LQapps\Common\LQLibs\Util\BootstrapForm.class.php 第 103 行.
NOTIC: [8] Undefined index: display C:\Users\Administrator\Desktop\niuniuGame\LQapps\Common\LQLibs\Util\BootstrapForm.class.php 第 60 行.
NOTIC: [8] Undefined index: fast-fill C:\Users\Administrator\Desktop\niuniuGame\LQapps\Common\LQLibs\Util\BootstrapForm.class.php 第 161 行.
NOTIC: [8] Undefined index: controlTitle C:\Users\Administrator\Desktop\niuniuGame\LQapps\Common\LQLibs\Util\BootstrapForm.class.php 第 90 行.
NOTIC: [8] Undefined index: confirm C:\Users\Administrator\Desktop\niuniuGame\LQapps\Common\LQLibs\Util\BootstrapForm.class.php 第 94 行.
NOTIC: [8] Undefined index: dataBetween C:\Users\Administrator\Desktop\niuniuGame\LQapps\Common\LQLibs\Util\BootstrapForm.class.php 第 96 行.
NOTIC: [8] Undefined index: rows C:\Users\Administrator\Desktop\niuniuGame\LQapps\Common\LQLibs\Util\BootstrapForm.class.php 第 99 行.
NOTIC: [8] Undefined index: maxl C:\Users\Administrator\Desktop\niuniuGame\LQapps\Common\LQLibs\Util\BootstrapForm.class.php 第 100 行.
NOTIC: [8] Undefined index: width C:\Users\Administrator\Desktop\niuniuGame\LQapps\Common\LQLibs\Util\BootstrapForm.class.php 第 101 行.
NOTIC: [8] Undefined index: height C:\Users\Administrator\Desktop\niuniuGame\LQapps\Common\LQLibs\Util\BootstrapForm.class.php 第 102 行.
NOTIC: [8] Undefined index: style C:\Users\Administrator\Desktop\niuniuGame\LQapps\Common\LQLibs\Util\BootstrapForm.class.php 第 103 行.
NOTIC: [8] Undefined index: display C:\Users\Administrator\Desktop\niuniuGame\LQapps\Common\LQLibs\Util\BootstrapForm.class.php 第 60 行.
NOTIC: [8] Undefined index: fast-fill C:\Users\Administrator\Desktop\niuniuGame\LQapps\Common\LQLibs\Util\BootstrapForm.class.php 第 161 行.
NOTIC: [8] Undefined index: controlTitle C:\Users\Administrator\Desktop\niuniuGame\LQapps\Common\LQLibs\Util\BootstrapForm.class.php 第 90 行.
NOTIC: [8] Undefined index: confirm C:\Users\Administrator\Desktop\niuniuGame\LQapps\Common\LQLibs\Util\BootstrapForm.class.php 第 94 行.
NOTIC: [8] Undefined index: dataBetween C:\Users\Administrator\Desktop\niuniuGame\LQapps\Common\LQLibs\Util\BootstrapForm.class.php 第 96 行.
NOTIC: [8] Undefined index: rows C:\Users\Administrator\Desktop\niuniuGame\LQapps\Common\LQLibs\Util\BootstrapForm.class.php 第 99 行.
NOTIC: [8] Undefined index: maxl C:\Users\Administrator\Desktop\niuniuGame\LQapps\Common\LQLibs\Util\BootstrapForm.class.php 第 100 行.
NOTIC: [8] Undefined index: width C:\Users\Administrator\Desktop\niuniuGame\LQapps\Common\LQLibs\Util\BootstrapForm.class.php 第 101 行.
NOTIC: [8] Undefined index: height C:\Users\Administrator\Desktop\niuniuGame\LQapps\Common\LQLibs\Util\BootstrapForm.class.php 第 102 行.
NOTIC: [8] Undefined index: style C:\Users\Administrator\Desktop\niuniuGame\LQapps\Common\LQLibs\Util\BootstrapForm.class.php 第 103 行.
NOTIC: [8] Undefined index: display C:\Users\Administrator\Desktop\niuniuGame\LQapps\Common\LQLibs\Util\BootstrapForm.class.php 第 60 行.
INFO: [ view_parse ] --START--
INFO: [ template_filter ] --START--
INFO: Run Behavior\ContentReplaceBehavior [ RunTime:0.000000s ]
INFO: [ template_filter ] --END-- [ RunTime:0.000000s ]
INFO: Run Behavior\ParseTemplateBehavior [ RunTime:0.016000s ]
INFO: [ view_parse ] --END-- [ RunTime:0.016000s ]
INFO: [ view_filter ] --START--
INFO: Run Behavior\WriteHtmlCacheBehavior [ RunTime:0.000000s ]
INFO: Run Behavior\ShowRuntimeBehavior [ RunTime:0.001000s ]
INFO: Run Behavior\TokenBuildBehavior [ RunTime:0.001000s ]
INFO: [ view_filter ] --END-- [ RunTime:0.002000s ]
INFO: [ app_end ] --START--
INFO: Run Behavior\ShowPageTraceBehavior [ RunTime:0.001000s ]
INFO: [ app_end ] --END-- [ RunTime:0.001000s ]

[ 2018-01-10T11:26:02+08:00 ] 127.0.0.1 /sys-index.php/index/ueditorConfig//noCache/1515554762154
INFO: [ app_init ] --START--
INFO: Run Behavior\BuildLiteBehavior [ RunTime:0.000000s ]
INFO: [ app_init ] --END-- [ RunTime:0.000000s ]
INFO: [ app_begin ] --START--
INFO: Run Behavior\ReadHtmlCacheBehavior [ RunTime:0.000000s ]
INFO: Run Behavior\CheckLangBehavior [ RunTime:0.001000s ]
INFO: [ app_begin ] --END-- [ RunTime:0.001000s ]
NOTIC: [8] Undefined index: editorfile C:\Users\Administrator\Desktop\niuniuGame\LQapps\Common\LQPublic\Controller\Base.class.php 第 231 行.

