[ 2018-01-19T11:42:23+08:00 ] 127.0.0.1 /
INFO: [ app_init ] --START--
INFO: Run Behavior\BuildLiteBehavior [ RunTime:0.000000s ]
INFO: [ app_init ] --END-- [ RunTime:0.000000s ]
INFO: [ app_begin ] --START--
INFO: Run Behavior\ReadHtmlCacheBehavior [ RunTime:0.001000s ]
INFO: Run Behavior\CheckLangBehavior [ RunTime:0.001000s ]
INFO: [ app_begin ] --END-- [ RunTime:0.002000s ]
ERR: 无法加载控制器:Index

[ 2018-01-19T11:42:24+08:00 ] 127.0.0.1 /index.php
INFO: [ app_init ] --START--
INFO: Run Behavior\BuildLiteBehavior [ RunTime:0.000000s ]
INFO: [ app_init ] --END-- [ RunTime:0.000000s ]
INFO: [ app_begin ] --START--
INFO: Run Behavior\ReadHtmlCacheBehavior [ RunTime:0.001000s ]
INFO: Run Behavior\CheckLangBehavior [ RunTime:0.001000s ]
INFO: [ app_begin ] --END-- [ RunTime:0.002000s ]
ERR: 无法加载控制器:Index

[ 2018-01-19T11:43:26+08:00 ] 127.0.0.1 /document/index
INFO: [ app_init ] --START--
INFO: Run Behavior\BuildLiteBehavior [ RunTime:0.000000s ]
INFO: [ app_init ] --END-- [ RunTime:0.000000s ]
INFO: [ app_begin ] --START--
INFO: Run Behavior\ReadHtmlCacheBehavior [ RunTime:0.001000s ]
INFO: Run Behavior\CheckLangBehavior [ RunTime:0.002000s ]
INFO: [ app_begin ] --END-- [ RunTime:0.003000s ]
SQL: SELECT * FROM `lq_api_document` WHERE ( zl_visible=1 ) ORDER BY zn_sort asc,id desc  [ RunTime:0.0740s ]
INFO: [ view_parse ] --START--
INFO: [ template_filter ] --START--
INFO: Run Behavior\ContentReplaceBehavior [ RunTime:0.000000s ]
INFO: [ template_filter ] --END-- [ RunTime:0.001000s ]
INFO: Run Behavior\ParseTemplateBehavior [ RunTime:0.030000s ]
INFO: [ view_parse ] --END-- [ RunTime:0.030000s ]
INFO: [ view_filter ] --START--
INFO: Run Behavior\WriteHtmlCacheBehavior [ RunTime:0.001000s ]
INFO: Run Behavior\ShowRuntimeBehavior [ RunTime:0.002000s ]
INFO: Run Behavior\TokenBuildBehavior [ RunTime:0.001000s ]
INFO: [ view_filter ] --END-- [ RunTime:0.004000s ]
INFO: [ app_end ] --START--
INFO: Run Behavior\ShowPageTraceBehavior [ RunTime:0.001000s ]
INFO: [ app_end ] --END-- [ RunTime:0.001000s ]

[ 2018-01-19T11:43:30+08:00 ] 127.0.0.1 /favicon.ico
INFO: [ app_init ] --START--
INFO: Run Behavior\BuildLiteBehavior [ RunTime:0.000000s ]
INFO: [ app_init ] --END-- [ RunTime:0.000000s ]

[ 2018-01-19T11:52:14+08:00 ] 127.0.0.1 /Member/registered
INFO: [ app_init ] --START--
INFO: Run Behavior\BuildLiteBehavior [ RunTime:0.000000s ]
INFO: [ app_init ] --END-- [ RunTime:0.000000s ]
INFO: [ app_begin ] --START--
INFO: Run Behavior\ReadHtmlCacheBehavior [ RunTime:0.001000s ]
INFO: Run Behavior\CheckLangBehavior [ RunTime:0.001000s ]
INFO: [ app_begin ] --END-- [ RunTime:0.002000s ]
NOTIC: [8] Undefined index: validate C:\Users\Administrator\Desktop\niuniuGame\Public\ThinkPHP\Library\Think\Model.class.php 第 1230 行.
SQL: SELECT * FROM `lq_member` WHERE `zc_mobile` = '13450266666' LIMIT 1   [ RunTime:0.0350s ]
NOTIC: [8] Undefined index: auto C:\Users\Administrator\Desktop\niuniuGame\Public\ThinkPHP\Library\Think\Model.class.php 第 1173 行.
NOTIC: [2] Missing argument 1 for lqNull() C:\Users\Administrator\Desktop\niuniuGame\LQapps\Common\Common\function.php 第 855 行.
NOTIC: [8] Undefined variable: val C:\Users\Administrator\Desktop\niuniuGame\LQapps\Common\Common\function.php 第 857 行.
NOTIC: [2] Missing argument 1 for lqNull() C:\Users\Administrator\Desktop\niuniuGame\LQapps\Common\Common\function.php 第 855 行.
NOTIC: [8] Undefined variable: val C:\Users\Administrator\Desktop\niuniuGame\LQapps\Common\Common\function.php 第 857 行.
NOTIC: [2] Missing argument 1 for Member\Model\MemberModel::create_openid() C:\Users\Administrator\Desktop\niuniuGame\LQapps\Member\Model\MemberModel.class.php 第 111 行.
NOTIC: [8] Undefined variable: openid C:\Users\Administrator\Desktop\niuniuGame\LQapps\Member\Model\MemberModel.class.php 第 112 行.
SQL: INSERT INTO `lq_member` (`zc_password`,`zc_nickname`,`zc_mobile`,`zc_account`,`zc_easemob_account`,`zc_easemob_password`,`zc_openid`,`zc_salt`,`zn_cdate`,`zn_mdate`,`zn_reg_ip`,`zn_last_login_ip`) VALUES ('e10adc3949ba59abbe56e057f20f883e','陈12','13450266666','13450266666','','','LQ15163339329YBBYV3JQSIFKB98','597790','1516333932','1516333932','2130706433','2130706433') [ RunTime:0.0060s ]
NOTIC: [8] Undefined index: zl_role C:\Users\Administrator\Desktop\niuniuGame\LQapps\Member\Model\MemberModel.class.php 第 500 行.
NOTIC: [8] Undefined index: zl_role C:\Users\Administrator\Desktop\niuniuGame\LQapps\Member\Model\MemberModel.class.php 第 520 行.
NOTIC: [8] Undefined index: zc_headimg C:\Users\Administrator\Desktop\niuniuGame\LQapps\Member\Model\MemberModel.class.php 第 537 行.

[ 2018-01-19T11:52:14+08:00 ] 127.0.0.1 /Member/login
INFO: [ app_init ] --START--
INFO: Run Behavior\BuildLiteBehavior [ RunTime:0.000000s ]
INFO: [ app_init ] --END-- [ RunTime:0.000000s ]
INFO: [ app_begin ] --START--
INFO: Run Behavior\ReadHtmlCacheBehavior [ RunTime:0.001000s ]
INFO: Run Behavior\CheckLangBehavior [ RunTime:0.001000s ]
INFO: [ app_begin ] --END-- [ RunTime:0.002000s ]
NOTIC: [8192] Function split() is deprecated C:\Users\Administrator\Desktop\niuniuGame\LQapps\Member\Model\MemberModel.class.php 第 283 行.
SQL: SELECT * FROM `lq_member` WHERE ( zc_mobile='13450266666' ) LIMIT 1   [ RunTime:0.0040s ]
SQL: UPDATE `lq_member` SET `zn_login_times`=zn_login_times+1,`zn_last_login_ip`='2130706433',`zn_last_login_time`='1516333934',`zn_mdate`='1516333934',`zn_trylogin_times`='0' WHERE `id` = 949 [ RunTime:0.0050s ]
SQL: SELECT * FROM `lq_member` WHERE (  id = 949 ) LIMIT 1   [ RunTime:0.0050s ]
NOTIC: [8] Undefined index: zl_is_designer C:\Users\Administrator\Desktop\niuniuGame\LQapps\Member\Model\MemberModel.class.php 第 252 行.
NOTIC: [8] Undefined index: zn_trylogin_lasttime C:\Users\Administrator\Desktop\niuniuGame\LQapps\Api\Controller\MemberController.class.php 第 164 行.
SQL: SELECT * FROM `lq_member_token` WHERE ( zc_client_type='APP' and zn_member_id=949 ) LIMIT 1   [ RunTime:0.0340s ]
SQL: INSERT INTO `lq_member_token` (`zn_member_id`,`zc_member_account`,`zc_token`,`zn_login_time`,`zc_client_type`,`zc_openid`) VALUES ('949','13450266666','d09ef9b009fb45363262e7822b609d6718aeba38','1516333934','APP','LQ15163339329YBBYV3JQSIFKB98') [ RunTime:0.0040s ]
SQL: INSERT INTO `lq_member_log` (`zn_member_id`,`zc_member_account`,`zc_action`,`zn_object_id`,`zc_url`,`zc_description`,`zn_ip`,`zn_day`,`zn_cdate`) VALUES ('949','13450266666','login','0','http://niuniugame.dev/Member/login','会员登陆','2130706433','20180119','1516333934') [ RunTime:0.0290s ]
NOTIC: [8] Undefined index: login C:\Users\Administrator\Desktop\niuniuGame\LQapps\Member\Model\MemberModel.class.php 第 720 行.

[ 2018-01-19T12:02:11+08:00 ] 127.0.0.1 /Member/login
INFO: [ app_init ] --START--
INFO: Run Behavior\BuildLiteBehavior [ RunTime:0.000000s ]
INFO: [ app_init ] --END-- [ RunTime:0.000000s ]
INFO: [ app_begin ] --START--
INFO: Run Behavior\ReadHtmlCacheBehavior [ RunTime:0.002000s ]
INFO: Run Behavior\CheckLangBehavior [ RunTime:0.001000s ]
INFO: [ app_begin ] --END-- [ RunTime:0.003000s ]
NOTIC: [8192] Function split() is deprecated C:\Users\Administrator\Desktop\niuniuGame\LQapps\Member\Model\MemberModel.class.php 第 283 行.
SQL: SELECT * FROM `lq_member` WHERE ( zc_mobile='13450266666' ) LIMIT 1   [ RunTime:0.0070s ]
SQL: UPDATE `lq_member` SET `zn_login_times`=zn_login_times+1,`zn_last_login_ip`='2130706433',`zn_last_login_time`='1516334531',`zn_mdate`='1516334531',`zn_trylogin_times`='0' WHERE `id` = 949 [ RunTime:0.0040s ]
SQL: SELECT * FROM `lq_member` WHERE (  id = 949 ) LIMIT 1   [ RunTime:0.0050s ]
NOTIC: [8] Undefined index: zl_is_designer C:\Users\Administrator\Desktop\niuniuGame\LQapps\Member\Model\MemberModel.class.php 第 252 行.
NOTIC: [8] Undefined index: zn_trylogin_lasttime C:\Users\Administrator\Desktop\niuniuGame\LQapps\Api\Controller\MemberController.class.php 第 164 行.
SQL: SELECT * FROM `lq_member_token` WHERE ( zc_client_type='APP' and zn_member_id=949 ) LIMIT 1   [ RunTime:0.0070s ]
SQL: SELECT `id` FROM `lq_member_token` WHERE (  zc_client_type='APP' and zn_member_id=949 ) LIMIT 1   [ RunTime:0.0040s ]
SQL: UPDATE `lq_member_token` SET `zc_token`='2f1031e484acb5de583df5b602bd0895f58f994b',`zn_login_time`='1516334531' WHERE ( zc_client_type='APP' and zn_member_id=949 ) [ RunTime:0.0050s ]
SQL: INSERT INTO `lq_member_log` (`zn_member_id`,`zc_member_account`,`zc_action`,`zn_object_id`,`zc_url`,`zc_description`,`zn_ip`,`zn_day`,`zn_cdate`) VALUES ('949','13450266666','login','0','http://niuniugame.dev/Member/login','会员登陆','2130706433','20180119','1516334531') [ RunTime:0.0050s ]
NOTIC: [8] Undefined index: login C:\Users\Administrator\Desktop\niuniuGame\LQapps\Member\Model\MemberModel.class.php 第 720 行.

[ 2018-01-19T12:03:17+08:00 ] 127.0.0.1 /Member/login
INFO: [ app_init ] --START--
INFO: Run Behavior\BuildLiteBehavior [ RunTime:0.000000s ]
INFO: [ app_init ] --END-- [ RunTime:0.000000s ]
INFO: [ app_begin ] --START--
INFO: Run Behavior\ReadHtmlCacheBehavior [ RunTime:0.001000s ]
INFO: Run Behavior\CheckLangBehavior [ RunTime:0.000000s ]
INFO: [ app_begin ] --END-- [ RunTime:0.001000s ]
NOTIC: [8192] Function split() is deprecated C:\Users\Administrator\Desktop\niuniuGame\LQapps\Member\Model\MemberModel.class.php 第 283 行.
SQL: SELECT * FROM `lq_member` WHERE ( zc_mobile='13450266666' ) LIMIT 1   [ RunTime:0.0060s ]
SQL: UPDATE `lq_member` SET `zn_login_times`=zn_login_times+1,`zn_last_login_ip`='2130706433',`zn_last_login_time`='1516334597',`zn_mdate`='1516334597',`zn_trylogin_times`='0' WHERE `id` = 949 [ RunTime:0.0050s ]
SQL: SELECT * FROM `lq_member` WHERE (  id = 949 ) LIMIT 1   [ RunTime:0.0050s ]
NOTIC: [8] Undefined index: zl_is_designer C:\Users\Administrator\Desktop\niuniuGame\LQapps\Member\Model\MemberModel.class.php 第 252 行.
NOTIC: [8] Undefined index: zn_trylogin_lasttime C:\Users\Administrator\Desktop\niuniuGame\LQapps\Api\Controller\MemberController.class.php 第 164 行.
SQL: SELECT * FROM `lq_member_token` WHERE ( zc_client_type='APP' and zn_member_id=949 ) LIMIT 1   [ RunTime:0.0050s ]
SQL: SELECT `id` FROM `lq_member_token` WHERE (  zc_client_type='APP' and zn_member_id=949 ) LIMIT 1   [ RunTime:0.0050s ]
SQL: UPDATE `lq_member_token` SET `zc_token`='d3847036cd934e9b17ed1ca872747c439c8e7292',`zn_login_time`='1516334597' WHERE ( zc_client_type='APP' and zn_member_id=949 ) [ RunTime:0.0060s ]
SQL: INSERT INTO `lq_member_log` (`zn_member_id`,`zc_member_account`,`zc_action`,`zn_object_id`,`zc_url`,`zc_description`,`zn_ip`,`zn_day`,`zn_cdate`) VALUES ('949','13450266666','login','0','http://niuniugame.dev/Member/login','会员登陆','2130706433','20180119','1516334597') [ RunTime:0.0070s ]
NOTIC: [8] Undefined index: login C:\Users\Administrator\Desktop\niuniuGame\LQapps\Member\Model\MemberModel.class.php 第 720 行.

[ 2018-01-19T12:39:55+08:00 ] 127.0.0.1 /Member/login_out
INFO: [ app_init ] --START--
INFO: Run Behavior\BuildLiteBehavior [ RunTime:0.000000s ]
INFO: [ app_init ] --END-- [ RunTime:0.000000s ]
INFO: [ app_begin ] --START--
INFO: Run Behavior\ReadHtmlCacheBehavior [ RunTime:0.001000s ]
INFO: Run Behavior\CheckLangBehavior [ RunTime:0.001000s ]
INFO: [ app_begin ] --END-- [ RunTime:0.002000s ]

[ 2018-01-19T12:40:10+08:00 ] 127.0.0.1 /Member/login
INFO: [ app_init ] --START--
INFO: Run Behavior\BuildLiteBehavior [ RunTime:0.000000s ]
INFO: [ app_init ] --END-- [ RunTime:0.000000s ]
INFO: [ app_begin ] --START--
INFO: Run Behavior\ReadHtmlCacheBehavior [ RunTime:0.000000s ]
INFO: Run Behavior\CheckLangBehavior [ RunTime:0.001000s ]
INFO: [ app_begin ] --END-- [ RunTime:0.001000s ]
NOTIC: [8192] Function split() is deprecated C:\Users\Administrator\Desktop\niuniuGame\LQapps\Member\Model\MemberModel.class.php 第 283 行.
SQL: SELECT * FROM `lq_member` WHERE ( zc_mobile='13450266666' ) LIMIT 1   [ RunTime:0.0050s ]

[ 2018-01-19T12:41:25+08:00 ] 127.0.0.1 /Member/changePassword
INFO: [ app_init ] --START--
INFO: Run Behavior\BuildLiteBehavior [ RunTime:0.000000s ]
INFO: [ app_init ] --END-- [ RunTime:0.000000s ]
INFO: [ app_begin ] --START--
INFO: Run Behavior\ReadHtmlCacheBehavior [ RunTime:0.001000s ]
INFO: Run Behavior\CheckLangBehavior [ RunTime:0.001000s ]
INFO: [ app_begin ] --END-- [ RunTime:0.002000s ]

[ 2018-01-19T12:41:42+08:00 ] 127.0.0.1 /Member/login
INFO: [ app_init ] --START--
INFO: Run Behavior\BuildLiteBehavior [ RunTime:0.000000s ]
INFO: [ app_init ] --END-- [ RunTime:0.000000s ]
INFO: [ app_begin ] --START--
INFO: Run Behavior\ReadHtmlCacheBehavior [ RunTime:0.001000s ]
INFO: Run Behavior\CheckLangBehavior [ RunTime:0.000000s ]
INFO: [ app_begin ] --END-- [ RunTime:0.001000s ]
NOTIC: [8192] Function split() is deprecated C:\Users\Administrator\Desktop\niuniuGame\LQapps\Member\Model\MemberModel.class.php 第 283 行.
SQL: SELECT * FROM `lq_member` WHERE ( zc_mobile='13450266666' ) LIMIT 1   [ RunTime:0.0060s ]
SQL: UPDATE `lq_member` SET `zn_login_times`=zn_login_times+1,`zn_last_login_ip`='2130706433',`zn_last_login_time`='1516336902',`zn_mdate`='1516336902',`zn_trylogin_times`='0' WHERE `id` = 949 [ RunTime:0.0050s ]
SQL: SELECT * FROM `lq_member` WHERE (  id = 949 ) LIMIT 1   [ RunTime:0.0060s ]
NOTIC: [8] Undefined index: zl_is_designer C:\Users\Administrator\Desktop\niuniuGame\LQapps\Member\Model\MemberModel.class.php 第 252 行.
NOTIC: [8] Undefined index: zn_trylogin_lasttime C:\Users\Administrator\Desktop\niuniuGame\LQapps\Api\Controller\MemberController.class.php 第 164 行.
SQL: SELECT * FROM `lq_member_token` WHERE ( zc_client_type='APP' and zn_member_id=949 ) LIMIT 1   [ RunTime:0.0060s ]
SQL: SELECT `id` FROM `lq_member_token` WHERE (  zc_client_type='APP' and zn_member_id=949 ) LIMIT 1   [ RunTime:0.0040s ]
SQL: UPDATE `lq_member_token` SET `zc_token`='8db0b9ceb943b7518d04b0b8927f5ad4701f2f43',`zn_login_time`='1516336902' WHERE ( zc_client_type='APP' and zn_member_id=949 ) [ RunTime:0.0040s ]
SQL: INSERT INTO `lq_member_log` (`zn_member_id`,`zc_member_account`,`zc_action`,`zn_object_id`,`zc_url`,`zc_description`,`zn_ip`,`zn_day`,`zn_cdate`) VALUES ('949','13450266666','login','0','http://niuniugame.dev/Member/login','会员登陆','2130706433','20180119','1516336902') [ RunTime:0.0160s ]
NOTIC: [8] Undefined index: login C:\Users\Administrator\Desktop\niuniuGame\LQapps\Member\Model\MemberModel.class.php 第 720 行.

[ 2018-01-19T12:41:51+08:00 ] 127.0.0.1 /Member/login_out
INFO: [ app_init ] --START--
INFO: Run Behavior\BuildLiteBehavior [ RunTime:0.000000s ]
INFO: [ app_init ] --END-- [ RunTime:0.000000s ]
INFO: [ app_begin ] --START--
INFO: Run Behavior\ReadHtmlCacheBehavior [ RunTime:0.001000s ]
INFO: Run Behavior\CheckLangBehavior [ RunTime:0.001000s ]
INFO: [ app_begin ] --END-- [ RunTime:0.002000s ]

[ 2018-01-19T12:43:58+08:00 ] 127.0.0.1 /Member/changePassword
INFO: [ app_init ] --START--
INFO: Run Behavior\BuildLiteBehavior [ RunTime:0.000000s ]
INFO: [ app_init ] --END-- [ RunTime:0.000000s ]
INFO: [ app_begin ] --START--
INFO: Run Behavior\ReadHtmlCacheBehavior [ RunTime:0.001000s ]
INFO: Run Behavior\CheckLangBehavior [ RunTime:0.001000s ]
INFO: [ app_begin ] --END-- [ RunTime:0.002000s ]

[ 2018-01-19T12:45:29+08:00 ] 127.0.0.1 /Member/changePassword
INFO: [ app_init ] --START--
INFO: Run Behavior\BuildLiteBehavior [ RunTime:0.000000s ]
INFO: [ app_init ] --END-- [ RunTime:0.001000s ]
INFO: [ app_begin ] --START--
INFO: Run Behavior\ReadHtmlCacheBehavior [ RunTime:0.001000s ]
INFO: Run Behavior\CheckLangBehavior [ RunTime:0.001000s ]
INFO: [ app_begin ] --END-- [ RunTime:0.002000s ]

[ 2018-01-19T12:45:35+08:00 ] 127.0.0.1 /Member/login
INFO: [ app_init ] --START--
INFO: Run Behavior\BuildLiteBehavior [ RunTime:0.000000s ]
INFO: [ app_init ] --END-- [ RunTime:0.000000s ]
INFO: [ app_begin ] --START--
INFO: Run Behavior\ReadHtmlCacheBehavior [ RunTime:0.001000s ]
INFO: Run Behavior\CheckLangBehavior [ RunTime:0.001000s ]
INFO: [ app_begin ] --END-- [ RunTime:0.002000s ]
NOTIC: [8192] Function split() is deprecated C:\Users\Administrator\Desktop\niuniuGame\LQapps\Member\Model\MemberModel.class.php 第 283 行.
SQL: SELECT * FROM `lq_member` WHERE ( zc_mobile='13450266666' ) LIMIT 1   [ RunTime:0.0080s ]

[ 2018-01-19T13:39:26+08:00 ] 127.0.0.1 /Member/changePassword
INFO: [ app_init ] --START--
INFO: Run Behavior\BuildLiteBehavior [ RunTime:0.000000s ]
INFO: [ app_init ] --END-- [ RunTime:0.000000s ]
INFO: [ app_begin ] --START--
INFO: Run Behavior\ReadHtmlCacheBehavior [ RunTime:0.001000s ]
INFO: Run Behavior\CheckLangBehavior [ RunTime:0.000000s ]
INFO: [ app_begin ] --END-- [ RunTime:0.002000s ]

[ 2018-01-19T13:40:20+08:00 ] 127.0.0.1 /Member/changePassword
INFO: [ app_init ] --START--
INFO: Run Behavior\BuildLiteBehavior [ RunTime:0.000000s ]
INFO: [ app_init ] --END-- [ RunTime:0.000000s ]
INFO: [ app_begin ] --START--
INFO: Run Behavior\ReadHtmlCacheBehavior [ RunTime:0.000000s ]
INFO: Run Behavior\CheckLangBehavior [ RunTime:0.001000s ]
INFO: [ app_begin ] --END-- [ RunTime:0.001000s ]

[ 2018-01-19T13:40:46+08:00 ] 127.0.0.1 /Member/changePassword
INFO: [ app_init ] --START--
INFO: Run Behavior\BuildLiteBehavior [ RunTime:0.000000s ]
INFO: [ app_init ] --END-- [ RunTime:0.000000s ]
INFO: [ app_begin ] --START--
INFO: Run Behavior\ReadHtmlCacheBehavior [ RunTime:0.001000s ]
INFO: Run Behavior\CheckLangBehavior [ RunTime:0.001000s ]
INFO: [ app_begin ] --END-- [ RunTime:0.002000s ]

[ 2018-01-19T13:40:46+08:00 ] 127.0.0.1 /Member/changePassword
INFO: [ app_init ] --START--
INFO: Run Behavior\BuildLiteBehavior [ RunTime:0.000000s ]
INFO: [ app_init ] --END-- [ RunTime:0.000000s ]
INFO: [ app_begin ] --START--
INFO: Run Behavior\ReadHtmlCacheBehavior [ RunTime:0.001000s ]
INFO: Run Behavior\CheckLangBehavior [ RunTime:0.001000s ]
INFO: [ app_begin ] --END-- [ RunTime:0.002000s ]

[ 2018-01-19T13:40:57+08:00 ] 127.0.0.1 /Member/changePassword
INFO: [ app_init ] --START--
INFO: Run Behavior\BuildLiteBehavior [ RunTime:0.000000s ]
INFO: [ app_init ] --END-- [ RunTime:0.000000s ]
INFO: [ app_begin ] --START--
INFO: Run Behavior\ReadHtmlCacheBehavior [ RunTime:0.001000s ]
INFO: Run Behavior\CheckLangBehavior [ RunTime:0.001000s ]
INFO: [ app_begin ] --END-- [ RunTime:0.002000s ]

[ 2018-01-19T13:41:59+08:00 ] 127.0.0.1 /Member/changePassword
INFO: [ app_init ] --START--
INFO: Run Behavior\BuildLiteBehavior [ RunTime:0.000000s ]
INFO: [ app_init ] --END-- [ RunTime:0.000000s ]
INFO: [ app_begin ] --START--
INFO: Run Behavior\ReadHtmlCacheBehavior [ RunTime:0.001000s ]
INFO: Run Behavior\CheckLangBehavior [ RunTime:0.001000s ]
INFO: [ app_begin ] --END-- [ RunTime:0.002000s ]

[ 2018-01-19T13:43:54+08:00 ] 127.0.0.1 /Member/changePassword
INFO: [ app_init ] --START--
INFO: Run Behavior\BuildLiteBehavior [ RunTime:0.000000s ]
INFO: [ app_init ] --END-- [ RunTime:0.001000s ]
INFO: [ app_begin ] --START--
INFO: Run Behavior\ReadHtmlCacheBehavior [ RunTime:0.001000s ]
INFO: Run Behavior\CheckLangBehavior [ RunTime:0.001000s ]
INFO: [ app_begin ] --END-- [ RunTime:0.002000s ]

[ 2018-01-19T13:49:04+08:00 ] 127.0.0.1 /Member/changePassword
INFO: [ app_init ] --START--
INFO: Run Behavior\BuildLiteBehavior [ RunTime:0.000000s ]
INFO: [ app_init ] --END-- [ RunTime:0.000000s ]
INFO: [ app_begin ] --START--
INFO: Run Behavior\ReadHtmlCacheBehavior [ RunTime:0.001000s ]
INFO: Run Behavior\CheckLangBehavior [ RunTime:0.000000s ]
INFO: [ app_begin ] --END-- [ RunTime:0.001000s ]

[ 2018-01-19T13:51:07+08:00 ] 127.0.0.1 /Member/changePassword
INFO: [ app_init ] --START--
INFO: Run Behavior\BuildLiteBehavior [ RunTime:0.000000s ]
INFO: [ app_init ] --END-- [ RunTime:0.000000s ]
INFO: [ app_begin ] --START--
INFO: Run Behavior\ReadHtmlCacheBehavior [ RunTime:0.001000s ]
INFO: Run Behavior\CheckLangBehavior [ RunTime:0.001000s ]
INFO: [ app_begin ] --END-- [ RunTime:0.002000s ]

[ 2018-01-19T13:53:27+08:00 ] 127.0.0.1 /Member/changePassword
INFO: [ app_init ] --START--
INFO: Run Behavior\BuildLiteBehavior [ RunTime:0.000000s ]
INFO: [ app_init ] --END-- [ RunTime:0.000000s ]
INFO: [ app_begin ] --START--
INFO: Run Behavior\ReadHtmlCacheBehavior [ RunTime:0.001000s ]
INFO: Run Behavior\CheckLangBehavior [ RunTime:0.002000s ]
INFO: [ app_begin ] --END-- [ RunTime:0.003000s ]
NOTIC: [8] Undefined index: id C:\Users\Administrator\Desktop\niuniuGame\LQapps\Member\Model\MemberModel.class.php 第 571 行.
SQL: SELECT * FROM `lq_member` WHERE (  id = 0 ) LIMIT 1   [ RunTime:0.0060s ]
NOTIC: [8] Undefined index: id C:\Users\Administrator\Desktop\niuniuGame\LQapps\Member\Model\MemberModel.class.php 第 572 行.

[ 2018-01-19T13:56:36+08:00 ] 127.0.0.1 /Member/login
INFO: [ app_init ] --START--
INFO: Run Behavior\BuildLiteBehavior [ RunTime:0.000000s ]
INFO: [ app_init ] --END-- [ RunTime:0.000000s ]
INFO: [ app_begin ] --START--
INFO: Run Behavior\ReadHtmlCacheBehavior [ RunTime:0.001000s ]
INFO: Run Behavior\CheckLangBehavior [ RunTime:0.001000s ]
INFO: [ app_begin ] --END-- [ RunTime:0.002000s ]
NOTIC: [8192] Function split() is deprecated C:\Users\Administrator\Desktop\niuniuGame\LQapps\Member\Model\MemberModel.class.php 第 283 行.
SQL: SELECT * FROM `lq_member` WHERE ( zc_mobile='13450266666' ) LIMIT 1   [ RunTime:0.0160s ]
SQL: UPDATE `lq_member` SET `zn_login_times`=zn_login_times+1,`zn_last_login_ip`='2130706433',`zn_last_login_time`='1516341395',`zn_mdate`='1516341395',`zn_trylogin_times`='0' WHERE `id` = 949 [ RunTime:0.0040s ]
SQL: SELECT * FROM `lq_member` WHERE (  id = 949 ) LIMIT 1   [ RunTime:0.0090s ]
NOTIC: [8] Undefined index: zl_is_designer C:\Users\Administrator\Desktop\niuniuGame\LQapps\Member\Model\MemberModel.class.php 第 252 行.
NOTIC: [8] Undefined index: zn_trylogin_lasttime C:\Users\Administrator\Desktop\niuniuGame\LQapps\Api\Controller\MemberController.class.php 第 165 行.
SQL: SELECT * FROM `lq_member_token` WHERE ( zc_client_type='APP' and zn_member_id=949 ) LIMIT 1   [ RunTime:0.0160s ]
SQL: SELECT `id` FROM `lq_member_token` WHERE (  zc_client_type='APP' and zn_member_id=949 ) LIMIT 1   [ RunTime:0.0040s ]
SQL: UPDATE `lq_member_token` SET `zc_token`='fb55ff5e61ccaacbd356e38a5181856b794f8228',`zn_login_time`='1516341395' WHERE ( zc_client_type='APP' and zn_member_id=949 ) [ RunTime:0.0090s ]
SQL: INSERT INTO `lq_member_log` (`zn_member_id`,`zc_member_account`,`zc_action`,`zn_object_id`,`zc_url`,`zc_description`,`zn_ip`,`zn_day`,`zn_cdate`) VALUES ('949','13450266666','login','0','http://niuniugame.dev/Member/login','会员登陆','2130706433','20180119','1516341395') [ RunTime:0.0170s ]
NOTIC: [8] Undefined index: login C:\Users\Administrator\Desktop\niuniuGame\LQapps\Member\Model\MemberModel.class.php 第 721 行.

[ 2018-01-19T13:57:03+08:00 ] 127.0.0.1 /Member/login_out
INFO: [ app_init ] --START--
INFO: Run Behavior\BuildLiteBehavior [ RunTime:0.000000s ]
INFO: [ app_init ] --END-- [ RunTime:0.000000s ]
INFO: [ app_begin ] --START--
INFO: Run Behavior\ReadHtmlCacheBehavior [ RunTime:0.001000s ]
INFO: Run Behavior\CheckLangBehavior [ RunTime:0.001000s ]
INFO: [ app_begin ] --END-- [ RunTime:0.002000s ]

[ 2018-01-19T13:58:20+08:00 ] 127.0.0.1 /Member/login
INFO: [ app_init ] --START--
INFO: Run Behavior\BuildLiteBehavior [ RunTime:0.000000s ]
INFO: [ app_init ] --END-- [ RunTime:0.000000s ]
INFO: [ app_begin ] --START--
INFO: Run Behavior\ReadHtmlCacheBehavior [ RunTime:0.001000s ]
INFO: Run Behavior\CheckLangBehavior [ RunTime:0.000000s ]
INFO: [ app_begin ] --END-- [ RunTime:0.001000s ]
NOTIC: [8192] Function split() is deprecated C:\Users\Administrator\Desktop\niuniuGame\LQapps\Member\Model\MemberModel.class.php 第 283 行.
SQL: SELECT * FROM `lq_member` WHERE ( zc_mobile='13450266666' ) LIMIT 1   [ RunTime:0.0050s ]
SQL: UPDATE `lq_member` SET `zn_login_times`=zn_login_times+1,`zn_last_login_ip`='2130706433',`zn_last_login_time`='1516341499',`zn_mdate`='1516341499',`zn_trylogin_times`='0' WHERE `id` = 949 [ RunTime:0.0040s ]
SQL: SELECT * FROM `lq_member` WHERE (  id = 949 ) LIMIT 1   [ RunTime:0.0060s ]
NOTIC: [8] Undefined index: zl_is_designer C:\Users\Administrator\Desktop\niuniuGame\LQapps\Member\Model\MemberModel.class.php 第 252 行.
NOTIC: [8] Undefined index: zn_trylogin_lasttime C:\Users\Administrator\Desktop\niuniuGame\LQapps\Api\Controller\MemberController.class.php 第 166 行.
SQL: SELECT * FROM `lq_member_token` WHERE ( zc_client_type='APP' and zn_member_id=949 ) LIMIT 1   [ RunTime:0.0040s ]
SQL: SELECT `id` FROM `lq_member_token` WHERE (  zc_client_type='APP' and zn_member_id=949 ) LIMIT 1   [ RunTime:0.0040s ]
SQL: UPDATE `lq_member_token` SET `zc_token`='c4ffbdd10ec44944bf377375fc70d8666ddbe95b',`zn_login_time`='1516341499' WHERE ( zc_client_type='APP' and zn_member_id=949 ) [ RunTime:0.0060s ]
SQL: INSERT INTO `lq_member_log` (`zn_member_id`,`zc_member_account`,`zc_action`,`zn_object_id`,`zc_url`,`zc_description`,`zn_ip`,`zn_day`,`zn_cdate`) VALUES ('949','13450266666','login','0','http://niuniugame.dev/Member/login','会员登陆','2130706433','20180119','1516341499') [ RunTime:0.0060s ]
NOTIC: [8] Undefined index: login C:\Users\Administrator\Desktop\niuniuGame\LQapps\Member\Model\MemberModel.class.php 第 721 行.

[ 2018-01-19T13:58:43+08:00 ] 127.0.0.1 /Member/login_out
INFO: [ app_init ] --START--
INFO: Run Behavior\BuildLiteBehavior [ RunTime:0.000000s ]
INFO: [ app_init ] --END-- [ RunTime:0.000000s ]
INFO: [ app_begin ] --START--
INFO: Run Behavior\ReadHtmlCacheBehavior [ RunTime:0.001000s ]
INFO: Run Behavior\CheckLangBehavior [ RunTime:0.001000s ]
INFO: [ app_begin ] --END-- [ RunTime:0.002000s ]

[ 2018-01-19T13:58:54+08:00 ] 127.0.0.1 /Member/login
INFO: [ app_init ] --START--
INFO: Run Behavior\BuildLiteBehavior [ RunTime:0.000000s ]
INFO: [ app_init ] --END-- [ RunTime:0.000000s ]
INFO: [ app_begin ] --START--
INFO: Run Behavior\ReadHtmlCacheBehavior [ RunTime:0.001000s ]
INFO: Run Behavior\CheckLangBehavior [ RunTime:0.001000s ]
INFO: [ app_begin ] --END-- [ RunTime:0.002000s ]
NOTIC: [8192] Function split() is deprecated C:\Users\Administrator\Desktop\niuniuGame\LQapps\Member\Model\MemberModel.class.php 第 283 行.
SQL: SELECT * FROM `lq_member` WHERE ( zc_mobile='13450266666' ) LIMIT 1   [ RunTime:0.0040s ]
SQL: UPDATE `lq_member` SET `zn_login_times`=zn_login_times+1,`zn_last_login_ip`='2130706433',`zn_last_login_time`='1516341534',`zn_mdate`='1516341534',`zn_trylogin_times`='0' WHERE `id` = 949 [ RunTime:0.0040s ]
SQL: SELECT * FROM `lq_member` WHERE (  id = 949 ) LIMIT 1   [ RunTime:0.0070s ]
NOTIC: [8] Undefined index: zl_is_designer C:\Users\Administrator\Desktop\niuniuGame\LQapps\Member\Model\MemberModel.class.php 第 252 行.
NOTIC: [8] Undefined index: zn_trylogin_lasttime C:\Users\Administrator\Desktop\niuniuGame\LQapps\Api\Controller\MemberController.class.php 第 166 行.
SQL: SELECT * FROM `lq_member_token` WHERE ( zc_client_type='APP' and zn_member_id=949 ) LIMIT 1   [ RunTime:0.0090s ]
SQL: SELECT `id` FROM `lq_member_token` WHERE (  zc_client_type='APP' and zn_member_id=949 ) LIMIT 1   [ RunTime:0.0050s ]
SQL: UPDATE `lq_member_token` SET `zc_token`='b50ac63b7b1d146a73efedc71232f7ceb4cb3212',`zn_login_time`='1516341534' WHERE ( zc_client_type='APP' and zn_member_id=949 ) [ RunTime:0.0060s ]
SQL: INSERT INTO `lq_member_log` (`zn_member_id`,`zc_member_account`,`zc_action`,`zn_object_id`,`zc_url`,`zc_description`,`zn_ip`,`zn_day`,`zn_cdate`) VALUES ('949','13450266666','login','0','http://niuniugame.dev/Member/login','会员登陆','2130706433','20180119','1516341534') [ RunTime:0.0040s ]
NOTIC: [8] Undefined index: login C:\Users\Administrator\Desktop\niuniuGame\LQapps\Member\Model\MemberModel.class.php 第 721 行.

[ 2018-01-19T13:59:06+08:00 ] 127.0.0.1 /Member/changePassword
INFO: [ app_init ] --START--
INFO: Run Behavior\BuildLiteBehavior [ RunTime:0.000000s ]
INFO: [ app_init ] --END-- [ RunTime:0.000000s ]
INFO: [ app_begin ] --START--
INFO: Run Behavior\ReadHtmlCacheBehavior [ RunTime:0.000000s ]
INFO: Run Behavior\CheckLangBehavior [ RunTime:0.001000s ]
INFO: [ app_begin ] --END-- [ RunTime:0.001000s ]
SQL: SELECT `id` FROM `lq_member` WHERE `zc_mobile` = '18319929077' LIMIT 1   [ RunTime:0.0030s ]
NOTIC: [8] Undefined index: id C:\Users\Administrator\Desktop\niuniuGame\LQapps\Member\Model\MemberModel.class.php 第 572 行.
SQL: SELECT * FROM `lq_member` WHERE (  id = 0 ) LIMIT 1   [ RunTime:0.0040s ]
NOTIC: [8] Undefined index: id C:\Users\Administrator\Desktop\niuniuGame\LQapps\Member\Model\MemberModel.class.php 第 573 行.

[ 2018-01-19T13:59:32+08:00 ] 127.0.0.1 /Member/changePassword
INFO: [ app_init ] --START--
INFO: Run Behavior\BuildLiteBehavior [ RunTime:0.000000s ]
INFO: [ app_init ] --END-- [ RunTime:0.000000s ]
INFO: [ app_begin ] --START--
INFO: Run Behavior\ReadHtmlCacheBehavior [ RunTime:0.000000s ]
INFO: Run Behavior\CheckLangBehavior [ RunTime:0.000000s ]
INFO: [ app_begin ] --END-- [ RunTime:0.001000s ]
SQL: SELECT `id` FROM `lq_member` WHERE `zc_mobile` = '18319929077' LIMIT 1   [ RunTime:0.0040s ]
NOTIC: [8] Undefined index: id C:\Users\Administrator\Desktop\niuniuGame\LQapps\Member\Model\MemberModel.class.php 第 572 行.
SQL: SELECT * FROM `lq_member` WHERE (  id = 0 ) LIMIT 1   [ RunTime:0.0040s ]
NOTIC: [8] Undefined index: id C:\Users\Administrator\Desktop\niuniuGame\LQapps\Member\Model\MemberModel.class.php 第 573 行.

[ 2018-01-19T14:00:58+08:00 ] 127.0.0.1 /Member/changePassword
INFO: [ app_init ] --START--
INFO: Run Behavior\BuildLiteBehavior [ RunTime:0.000000s ]
INFO: [ app_init ] --END-- [ RunTime:0.000000s ]
INFO: [ app_begin ] --START--
INFO: Run Behavior\ReadHtmlCacheBehavior [ RunTime:0.000000s ]
INFO: Run Behavior\CheckLangBehavior [ RunTime:0.001000s ]
INFO: [ app_begin ] --END-- [ RunTime:0.001000s ]
SQL: SELECT `id` FROM `lq_member` WHERE `zc_mobile` = '18319929077' LIMIT 1   [ RunTime:0.0060s ]
SQL: UPDATE `lq_member` SET `zc_password`='4297f44b13955235245b2497399d7a93' WHERE `id` = 947 [ RunTime:0.0160s ]
SQL: SELECT * FROM `lq_member` WHERE (  id = 947 ) LIMIT 1   [ RunTime:0.0160s ]
NOTIC: [8] Undefined index: zl_is_designer C:\Users\Administrator\Desktop\niuniuGame\LQapps\Member\Model\MemberModel.class.php 第 252 行.
SQL: SELECT * FROM `lq_member` WHERE (  id = 947 ) LIMIT 1   [ RunTime:0.0060s ]
NOTIC: [8] Undefined index: zl_is_designer C:\Users\Administrator\Desktop\niuniuGame\LQapps\Member\Model\MemberModel.class.php 第 252 行.

[ 2018-01-19T14:16:23+08:00 ] 127.0.0.1 /Member/login_out
INFO: [ app_init ] --START--
INFO: Run Behavior\BuildLiteBehavior [ RunTime:0.000000s ]
INFO: [ app_init ] --END-- [ RunTime:0.000000s ]
INFO: [ app_begin ] --START--
INFO: Run Behavior\ReadHtmlCacheBehavior [ RunTime:0.001000s ]
INFO: Run Behavior\CheckLangBehavior [ RunTime:0.001000s ]
INFO: [ app_begin ] --END-- [ RunTime:0.002000s ]

[ 2018-01-19T14:16:32+08:00 ] 127.0.0.1 /Member/login
INFO: [ app_init ] --START--
INFO: Run Behavior\BuildLiteBehavior [ RunTime:0.000000s ]
INFO: [ app_init ] --END-- [ RunTime:0.000000s ]
INFO: [ app_begin ] --START--
INFO: Run Behavior\ReadHtmlCacheBehavior [ RunTime:0.002000s ]
INFO: Run Behavior\CheckLangBehavior [ RunTime:0.001000s ]
INFO: [ app_begin ] --END-- [ RunTime:0.003000s ]
NOTIC: [8192] Function split() is deprecated C:\Users\Administrator\Desktop\niuniuGame\LQapps\Member\Model\MemberModel.class.php 第 262 行.
SQL: SELECT * FROM `lq_member` WHERE ( zc_mobile='13450266666' ) LIMIT 1   [ RunTime:0.0050s ]
SQL: UPDATE `lq_member` SET `zn_login_times`=zn_login_times+1,`zn_last_login_ip`='2130706433',`zn_last_login_time`='1516342592',`zn_mdate`='1516342592',`zn_trylogin_times`='0' WHERE `id` = 949 [ RunTime:0.0040s ]
SQL: SELECT * FROM `lq_member` WHERE (  id = 949 ) LIMIT 1   [ RunTime:0.0100s ]
NOTIC: [8] Undefined index: zn_trylogin_lasttime C:\Users\Administrator\Desktop\niuniuGame\LQapps\Api\Controller\MemberController.class.php 第 166 行.
SQL: SELECT * FROM `lq_member_token` WHERE ( zc_client_type='APP' and zn_member_id=949 ) LIMIT 1   [ RunTime:0.0030s ]
SQL: SELECT `id` FROM `lq_member_token` WHERE (  zc_client_type='APP' and zn_member_id=949 ) LIMIT 1   [ RunTime:0.0050s ]
SQL: UPDATE `lq_member_token` SET `zc_token`='8e5fe3455a0fa0ea8dad57f0e5508a239802dc3b',`zn_login_time`='1516342592' WHERE ( zc_client_type='APP' and zn_member_id=949 ) [ RunTime:0.0030s ]
SQL: INSERT INTO `lq_member_log` (`zn_member_id`,`zc_member_account`,`zc_action`,`zn_object_id`,`zc_url`,`zc_description`,`zn_ip`,`zn_day`,`zn_cdate`) VALUES ('949','13450266666','login','0','http://niuniugame.dev/Member/login','会员登陆','2130706433','20180119','1516342592') [ RunTime:0.0040s ]
NOTIC: [8] Undefined index: login C:\Users\Administrator\Desktop\niuniuGame\LQapps\Member\Model\MemberModel.class.php 第 702 行.

[ 2018-01-19T15:57:02+08:00 ] 127.0.0.1 /Member/login
INFO: [ app_init ] --START--
INFO: Run Behavior\BuildLiteBehavior [ RunTime:0.000000s ]
INFO: [ app_init ] --END-- [ RunTime:0.000000s ]
INFO: [ app_begin ] --START--
INFO: Run Behavior\ReadHtmlCacheBehavior [ RunTime:0.000000s ]
INFO: Run Behavior\CheckLangBehavior [ RunTime:0.001000s ]
INFO: [ app_begin ] --END-- [ RunTime:0.001000s ]
NOTIC: [8192] Function split() is deprecated C:\Users\Administrator\Desktop\niuniuGame\LQapps\Member\Model\MemberModel.class.php 第 262 行.
SQL: SELECT * FROM `lq_member` WHERE ( zc_mobile='13011112222' ) LIMIT 1   [ RunTime:0.0070s ]

[ 2018-01-19T15:59:33+08:00 ] 127.0.0.1 /Member/registered
INFO: [ app_init ] --START--
INFO: Run Behavior\BuildLiteBehavior [ RunTime:0.000000s ]
INFO: [ app_init ] --END-- [ RunTime:0.000000s ]
INFO: [ app_begin ] --START--
INFO: Run Behavior\ReadHtmlCacheBehavior [ RunTime:0.000000s ]
INFO: Run Behavior\CheckLangBehavior [ RunTime:0.001000s ]
INFO: [ app_begin ] --END-- [ RunTime:0.001000s ]
NOTIC: [8] Undefined index: validate C:\Users\Administrator\Desktop\niuniuGame\Public\ThinkPHP\Library\Think\Model.class.php 第 1230 行.

[ 2018-01-19T15:59:37+08:00 ] 127.0.0.1 /Member/login
INFO: [ app_init ] --START--
INFO: Run Behavior\BuildLiteBehavior [ RunTime:0.000000s ]
INFO: [ app_init ] --END-- [ RunTime:0.000000s ]
INFO: [ app_begin ] --START--
INFO: Run Behavior\ReadHtmlCacheBehavior [ RunTime:0.001000s ]
INFO: Run Behavior\CheckLangBehavior [ RunTime:0.001000s ]
INFO: [ app_begin ] --END-- [ RunTime:0.002000s ]

[ 2018-01-19T15:59:41+08:00 ] 127.0.0.1 /Member/login
INFO: [ app_init ] --START--
INFO: Run Behavior\BuildLiteBehavior [ RunTime:0.000000s ]
INFO: [ app_init ] --END-- [ RunTime:0.000000s ]
INFO: [ app_begin ] --START--
INFO: Run Behavior\ReadHtmlCacheBehavior [ RunTime:0.001000s ]
INFO: Run Behavior\CheckLangBehavior [ RunTime:0.001000s ]
INFO: [ app_begin ] --END-- [ RunTime:0.002000s ]

[ 2018-01-19T15:59:51+08:00 ] 127.0.0.1 /Member/login
INFO: [ app_init ] --START--
INFO: Run Behavior\BuildLiteBehavior [ RunTime:0.000000s ]
INFO: [ app_init ] --END-- [ RunTime:0.000000s ]
INFO: [ app_begin ] --START--
INFO: Run Behavior\ReadHtmlCacheBehavior [ RunTime:0.000000s ]
INFO: Run Behavior\CheckLangBehavior [ RunTime:0.000000s ]
INFO: [ app_begin ] --END-- [ RunTime:0.001000s ]

[ 2018-01-19T16:05:13+08:00 ] 127.0.0.1 /Member/login
INFO: [ app_init ] --START--
INFO: Run Behavior\BuildLiteBehavior [ RunTime:0.000000s ]
INFO: [ app_init ] --END-- [ RunTime:0.000000s ]
INFO: [ app_begin ] --START--
INFO: Run Behavior\ReadHtmlCacheBehavior [ RunTime:0.001000s ]
INFO: Run Behavior\CheckLangBehavior [ RunTime:0.001000s ]
INFO: [ app_begin ] --END-- [ RunTime:0.002000s ]
NOTIC: [8192] Function split() is deprecated C:\Users\Administrator\Desktop\niuniuGame\LQapps\Member\Model\MemberModel.class.php 第 262 行.
SQL: SELECT * FROM `lq_member` WHERE ( zc_mobile='13450266666' ) LIMIT 1   [ RunTime:0.0090s ]
SQL: UPDATE `lq_member` SET `zn_login_times`=zn_login_times+1,`zn_last_login_ip`='2130706433',`zn_last_login_time`='1516349109',`zn_mdate`='1516349109',`zn_trylogin_times`='0' WHERE `id` = 949 [ RunTime:0.0050s ]
SQL: SELECT * FROM `lq_member` WHERE (  id = 949 ) LIMIT 1   [ RunTime:0.0060s ]
NOTIC: [8] Undefined index: zn_trylogin_lasttime C:\Users\Administrator\Desktop\niuniuGame\LQapps\Api\Controller\MemberController.class.php 第 166 行.
SQL: SELECT * FROM `lq_member_token` WHERE ( zc_client_type='APP' and zn_member_id=949 ) LIMIT 1   [ RunTime:0.0060s ]
SQL: SELECT `id` FROM `lq_member_token` WHERE (  zc_client_type='APP' and zn_member_id=949 ) LIMIT 1   [ RunTime:0.0050s ]
SQL: UPDATE `lq_member_token` SET `zc_token`='ed9be100406f9d0113b7f951ffd5f7ed8043c9b9',`zn_login_time`='1516349109' WHERE ( zc_client_type='APP' and zn_member_id=949 ) [ RunTime:0.0040s ]
SQL: INSERT INTO `lq_member_log` (`zn_member_id`,`zc_member_account`,`zc_action`,`zn_object_id`,`zc_url`,`zc_description`,`zn_ip`,`zn_day`,`zn_cdate`) VALUES ('949','13450266666','login','0','http://niuniugame.dev/Member/login','会员登陆','2130706433','20180119','1516349109') [ RunTime:0.0110s ]
NOTIC: [8] Undefined index: login C:\Users\Administrator\Desktop\niuniuGame\LQapps\Member\Model\MemberModel.class.php 第 702 行.

[ 2018-01-19T16:05:13+08:00 ] 127.0.0.1 /Member/login
INFO: [ app_init ] --START--
INFO: Run Behavior\BuildLiteBehavior [ RunTime:0.000000s ]
INFO: [ app_init ] --END-- [ RunTime:0.000000s ]
INFO: [ app_begin ] --START--
INFO: Run Behavior\ReadHtmlCacheBehavior [ RunTime:0.001000s ]
INFO: Run Behavior\CheckLangBehavior [ RunTime:0.001000s ]
INFO: [ app_begin ] --END-- [ RunTime:0.002000s ]
NOTIC: [8192] Function split() is deprecated C:\Users\Administrator\Desktop\niuniuGame\LQapps\Member\Model\MemberModel.class.php 第 262 行.
SQL: SELECT * FROM `lq_member` WHERE ( zc_mobile='13450266666' ) LIMIT 1   [ RunTime:0.0080s ]
SQL: UPDATE `lq_member` SET `zn_login_times`=zn_login_times+1,`zn_last_login_ip`='2130706433',`zn_last_login_time`='1516349109',`zn_mdate`='1516349109',`zn_trylogin_times`='0' WHERE `id` = 949 [ RunTime:0.0040s ]
SQL: SELECT * FROM `lq_member` WHERE (  id = 949 ) LIMIT 1   [ RunTime:0.0050s ]
NOTIC: [8] Undefined index: zn_trylogin_lasttime C:\Users\Administrator\Desktop\niuniuGame\LQapps\Api\Controller\MemberController.class.php 第 166 行.
SQL: SELECT * FROM `lq_member_token` WHERE ( zc_client_type='APP' and zn_member_id=949 ) LIMIT 1   [ RunTime:0.0070s ]
SQL: SELECT `id` FROM `lq_member_token` WHERE (  zc_client_type='APP' and zn_member_id=949 ) LIMIT 1   [ RunTime:0.0050s ]
SQL: UPDATE `lq_member_token` SET `zc_token`='ed9be100406f9d0113b7f951ffd5f7ed8043c9b9',`zn_login_time`='1516349109' WHERE ( zc_client_type='APP' and zn_member_id=949 ) [ RunTime:0.0040s ]
SQL: INSERT INTO `lq_member_log` (`zn_member_id`,`zc_member_account`,`zc_action`,`zn_object_id`,`zc_url`,`zc_description`,`zn_ip`,`zn_day`,`zn_cdate`) VALUES ('949','13450266666','login','0','http://niuniugame.dev/Member/login','会员登陆','2130706433','20180119','1516349109') [ RunTime:0.0110s ]
NOTIC: [8] Undefined index: login C:\Users\Administrator\Desktop\niuniuGame\LQapps\Member\Model\MemberModel.class.php 第 702 行.

[ 2018-01-19T16:05:13+08:00 ] 127.0.0.1 /Member/login
INFO: [ app_init ] --START--
INFO: Run Behavior\BuildLiteBehavior [ RunTime:0.000000s ]
INFO: [ app_init ] --END-- [ RunTime:0.000000s ]
INFO: [ app_begin ] --START--
INFO: Run Behavior\ReadHtmlCacheBehavior [ RunTime:0.000000s ]
INFO: Run Behavior\CheckLangBehavior [ RunTime:0.001000s ]
INFO: [ app_begin ] --END-- [ RunTime:0.001000s ]
NOTIC: [8192] Function split() is deprecated C:\Users\Administrator\Desktop\niuniuGame\LQapps\Member\Model\MemberModel.class.php 第 262 行.
SQL: SELECT * FROM `lq_member` WHERE ( zc_mobile='13450266666' ) LIMIT 1   [ RunTime:0.0080s ]
SQL: UPDATE `lq_member` SET `zn_login_times`=zn_login_times+1,`zn_last_login_ip`='2130706433',`zn_last_login_time`='1516349113',`zn_mdate`='1516349113',`zn_trylogin_times`='0' WHERE `id` = 949 [ RunTime:0.0030s ]
SQL: SELECT * FROM `lq_member` WHERE (  id = 949 ) LIMIT 1   [ RunTime:0.0050s ]
NOTIC: [8] Undefined index: zn_trylogin_lasttime C:\Users\Administrator\Desktop\niuniuGame\LQapps\Api\Controller\MemberController.class.php 第 166 行.
SQL: SELECT * FROM `lq_member_token` WHERE ( zc_client_type='APP' and zn_member_id=949 ) LIMIT 1   [ RunTime:0.0040s ]
SQL: SELECT `id` FROM `lq_member_token` WHERE (  zc_client_type='APP' and zn_member_id=949 ) LIMIT 1   [ RunTime:0.0060s ]
SQL: UPDATE `lq_member_token` SET `zc_token`='639e85d8c1b8269d5359028eefb92cef8558bf46',`zn_login_time`='1516349113' WHERE ( zc_client_type='APP' and zn_member_id=949 ) [ RunTime:0.0040s ]
SQL: INSERT INTO `lq_member_log` (`zn_member_id`,`zc_member_account`,`zc_action`,`zn_object_id`,`zc_url`,`zc_description`,`zn_ip`,`zn_day`,`zn_cdate`) VALUES ('949','13450266666','login','0','http://niuniugame.dev/Member/login','会员登陆','2130706433','20180119','1516349113') [ RunTime:0.0040s ]
NOTIC: [8] Undefined index: login C:\Users\Administrator\Desktop\niuniuGame\LQapps\Member\Model\MemberModel.class.php 第 702 行.

[ 2018-01-19T16:05:13+08:00 ] 127.0.0.1 /Member/login
INFO: [ app_init ] --START--
INFO: Run Behavior\BuildLiteBehavior [ RunTime:0.000000s ]
INFO: [ app_init ] --END-- [ RunTime:0.001000s ]
INFO: [ app_begin ] --START--
INFO: Run Behavior\ReadHtmlCacheBehavior [ RunTime:0.001000s ]
INFO: Run Behavior\CheckLangBehavior [ RunTime:0.001000s ]
INFO: [ app_begin ] --END-- [ RunTime:0.002000s ]
NOTIC: [8192] Function split() is deprecated C:\Users\Administrator\Desktop\niuniuGame\LQapps\Member\Model\MemberModel.class.php 第 262 行.
SQL: SELECT * FROM `lq_member` WHERE ( zc_mobile='13450266666' ) LIMIT 1   [ RunTime:0.0050s ]
SQL: UPDATE `lq_member` SET `zn_login_times`=zn_login_times+1,`zn_last_login_ip`='2130706433',`zn_last_login_time`='1516349110',`zn_mdate`='1516349110',`zn_trylogin_times`='0' WHERE `id` = 949 [ RunTime:0.0050s ]
SQL: SELECT * FROM `lq_member` WHERE (  id = 949 ) LIMIT 1   [ RunTime:0.0050s ]
NOTIC: [8] Undefined index: zn_trylogin_lasttime C:\Users\Administrator\Desktop\niuniuGame\LQapps\Api\Controller\MemberController.class.php 第 166 行.
SQL: SELECT * FROM `lq_member_token` WHERE ( zc_client_type='APP' and zn_member_id=949 ) LIMIT 1   [ RunTime:0.0080s ]
SQL: SELECT `id` FROM `lq_member_token` WHERE (  zc_client_type='APP' and zn_member_id=949 ) LIMIT 1   [ RunTime:0.0040s ]
SQL: UPDATE `lq_member_token` SET `zc_token`='151910490b6c203b8aaae8294ac043a445e34c47',`zn_login_time`='1516349110' WHERE ( zc_client_type='APP' and zn_member_id=949 ) [ RunTime:0.0040s ]
SQL: INSERT INTO `lq_member_log` (`zn_member_id`,`zc_member_account`,`zc_action`,`zn_object_id`,`zc_url`,`zc_description`,`zn_ip`,`zn_day`,`zn_cdate`) VALUES ('949','13450266666','login','0','http://niuniugame.dev/Member/login','会员登陆','2130706433','20180119','1516349110') [ RunTime:0.0030s ]
NOTIC: [8] Undefined index: login C:\Users\Administrator\Desktop\niuniuGame\LQapps\Member\Model\MemberModel.class.php 第 702 行.

[ 2018-01-19T16:05:13+08:00 ] 127.0.0.1 /Member/login
INFO: [ app_init ] --START--
INFO: Run Behavior\BuildLiteBehavior [ RunTime:0.000000s ]
INFO: [ app_init ] --END-- [ RunTime:0.000000s ]
INFO: [ app_begin ] --START--
INFO: Run Behavior\ReadHtmlCacheBehavior [ RunTime:0.001000s ]
INFO: Run Behavior\CheckLangBehavior [ RunTime:0.000000s ]
INFO: [ app_begin ] --END-- [ RunTime:0.001000s ]
NOTIC: [8192] Function split() is deprecated C:\Users\Administrator\Desktop\niuniuGame\LQapps\Member\Model\MemberModel.class.php 第 262 行.
SQL: SELECT * FROM `lq_member` WHERE ( zc_mobile='13450266666' ) LIMIT 1   [ RunTime:0.0080s ]
SQL: UPDATE `lq_member` SET `zn_login_times`=zn_login_times+1,`zn_last_login_ip`='2130706433',`zn_last_login_time`='1516349110',`zn_mdate`='1516349110',`zn_trylogin_times`='0' WHERE `id` = 949 [ RunTime:0.0040s ]
SQL: SELECT * FROM `lq_member` WHERE (  id = 949 ) LIMIT 1   [ RunTime:0.0090s ]
NOTIC: [8] Undefined index: zn_trylogin_lasttime C:\Users\Administrator\Desktop\niuniuGame\LQapps\Api\Controller\MemberController.class.php 第 166 行.
SQL: SELECT * FROM `lq_member_token` WHERE ( zc_client_type='APP' and zn_member_id=949 ) LIMIT 1   [ RunTime:0.0040s ]
SQL: SELECT `id` FROM `lq_member_token` WHERE (  zc_client_type='APP' and zn_member_id=949 ) LIMIT 1   [ RunTime:0.0040s ]
SQL: UPDATE `lq_member_token` SET `zc_token`='151910490b6c203b8aaae8294ac043a445e34c47',`zn_login_time`='1516349110' WHERE ( zc_client_type='APP' and zn_member_id=949 ) [ RunTime:0.0080s ]
SQL: INSERT INTO `lq_member_log` (`zn_member_id`,`zc_member_account`,`zc_action`,`zn_object_id`,`zc_url`,`zc_description`,`zn_ip`,`zn_day`,`zn_cdate`) VALUES ('949','13450266666','login','0','http://niuniugame.dev/Member/login','会员登陆','2130706433','20180119','1516349110') [ RunTime:0.0050s ]
NOTIC: [8] Undefined index: login C:\Users\Administrator\Desktop\niuniuGame\LQapps\Member\Model\MemberModel.class.php 第 702 行.

[ 2018-01-19T16:05:13+08:00 ] 127.0.0.1 /Member/login
INFO: [ app_init ] --START--
INFO: Run Behavior\BuildLiteBehavior [ RunTime:0.000000s ]
INFO: [ app_init ] --END-- [ RunTime:0.000000s ]
INFO: [ app_begin ] --START--
INFO: Run Behavior\ReadHtmlCacheBehavior [ RunTime:0.001000s ]
INFO: Run Behavior\CheckLangBehavior [ RunTime:0.001000s ]
INFO: [ app_begin ] --END-- [ RunTime:0.002000s ]
NOTIC: [8192] Function split() is deprecated C:\Users\Administrator\Desktop\niuniuGame\LQapps\Member\Model\MemberModel.class.php 第 262 行.
SQL: SELECT * FROM `lq_member` WHERE ( zc_mobile='13450266666' ) LIMIT 1   [ RunTime:0.0100s ]
SQL: UPDATE `lq_member` SET `zn_login_times`=zn_login_times+1,`zn_last_login_ip`='2130706433',`zn_last_login_time`='1516349110',`zn_mdate`='1516349110',`zn_trylogin_times`='0' WHERE `id` = 949 [ RunTime:0.0080s ]
SQL: SELECT * FROM `lq_member` WHERE (  id = 949 ) LIMIT 1   [ RunTime:0.0040s ]
NOTIC: [8] Undefined index: zn_trylogin_lasttime C:\Users\Administrator\Desktop\niuniuGame\LQapps\Api\Controller\MemberController.class.php 第 166 行.
SQL: SELECT * FROM `lq_member_token` WHERE ( zc_client_type='APP' and zn_member_id=949 ) LIMIT 1   [ RunTime:0.0040s ]
SQL: SELECT `id` FROM `lq_member_token` WHERE (  zc_client_type='APP' and zn_member_id=949 ) LIMIT 1   [ RunTime:0.0040s ]
SQL: UPDATE `lq_member_token` SET `zc_token`='151910490b6c203b8aaae8294ac043a445e34c47',`zn_login_time`='1516349110' WHERE ( zc_client_type='APP' and zn_member_id=949 ) [ RunTime:0.0070s ]
SQL: INSERT INTO `lq_member_log` (`zn_member_id`,`zc_member_account`,`zc_action`,`zn_object_id`,`zc_url`,`zc_description`,`zn_ip`,`zn_day`,`zn_cdate`) VALUES ('949','13450266666','login','0','http://niuniugame.dev/Member/login','会员登陆','2130706433','20180119','1516349110') [ RunTime:0.0040s ]
NOTIC: [8] Undefined index: login C:\Users\Administrator\Desktop\niuniuGame\LQapps\Member\Model\MemberModel.class.php 第 702 行.

[ 2018-01-19T16:05:14+08:00 ] 127.0.0.1 /Member/login
INFO: [ app_init ] --START--
INFO: Run Behavior\BuildLiteBehavior [ RunTime:0.000000s ]
INFO: [ app_init ] --END-- [ RunTime:0.000000s ]
INFO: [ app_begin ] --START--
INFO: Run Behavior\ReadHtmlCacheBehavior [ RunTime:0.002000s ]
INFO: Run Behavior\CheckLangBehavior [ RunTime:0.001000s ]
INFO: [ app_begin ] --END-- [ RunTime:0.003000s ]
NOTIC: [8192] Function split() is deprecated C:\Users\Administrator\Desktop\niuniuGame\LQapps\Member\Model\MemberModel.class.php 第 262 行.
SQL: SELECT * FROM `lq_member` WHERE ( zc_mobile='13450266666' ) LIMIT 1   [ RunTime:0.0080s ]
SQL: UPDATE `lq_member` SET `zn_login_times`=zn_login_times+1,`zn_last_login_ip`='2130706433',`zn_last_login_time`='1516349110',`zn_mdate`='1516349110',`zn_trylogin_times`='0' WHERE `id` = 949 [ RunTime:0.0130s ]
SQL: SELECT * FROM `lq_member` WHERE (  id = 949 ) LIMIT 1   [ RunTime:0.0120s ]
NOTIC: [8] Undefined index: zn_trylogin_lasttime C:\Users\Administrator\Desktop\niuniuGame\LQapps\Api\Controller\MemberController.class.php 第 166 行.
SQL: SELECT * FROM `lq_member_token` WHERE ( zc_client_type='APP' and zn_member_id=949 ) LIMIT 1   [ RunTime:0.0060s ]
SQL: SELECT `id` FROM `lq_member_token` WHERE (  zc_client_type='APP' and zn_member_id=949 ) LIMIT 1   [ RunTime:0.0060s ]
SQL: UPDATE `lq_member_token` SET `zc_token`='151910490b6c203b8aaae8294ac043a445e34c47',`zn_login_time`='1516349110' WHERE ( zc_client_type='APP' and zn_member_id=949 ) [ RunTime:0.0060s ]
SQL: INSERT INTO `lq_member_log` (`zn_member_id`,`zc_member_account`,`zc_action`,`zn_object_id`,`zc_url`,`zc_description`,`zn_ip`,`zn_day`,`zn_cdate`) VALUES ('949','13450266666','login','0','http://niuniugame.dev/Member/login','会员登陆','2130706433','20180119','1516349110') [ RunTime:0.0100s ]
NOTIC: [8] Undefined index: login C:\Users\Administrator\Desktop\niuniuGame\LQapps\Member\Model\MemberModel.class.php 第 702 行.

[ 2018-01-19T16:06:19+08:00 ] 127.0.0.1 /document/index
INFO: [ app_init ] --START--
INFO: Run Behavior\BuildLiteBehavior [ RunTime:0.000000s ]
INFO: [ app_init ] --END-- [ RunTime:0.000000s ]
INFO: [ app_begin ] --START--
INFO: Run Behavior\ReadHtmlCacheBehavior [ RunTime:0.000000s ]
INFO: Run Behavior\CheckLangBehavior [ RunTime:0.001000s ]
INFO: [ app_begin ] --END-- [ RunTime:0.001000s ]
SQL: SELECT * FROM `lq_api_document` WHERE ( zl_visible=1 ) ORDER BY zn_sort asc,id desc  [ RunTime:0.0340s ]
INFO: [ view_parse ] --START--
INFO: [ template_filter ] --START--
INFO: Run Behavior\ContentReplaceBehavior [ RunTime:0.000000s ]
INFO: [ template_filter ] --END-- [ RunTime:0.001000s ]
INFO: Run Behavior\ParseTemplateBehavior [ RunTime:0.020000s ]
INFO: [ view_parse ] --END-- [ RunTime:0.020000s ]
INFO: [ view_filter ] --START--
INFO: Run Behavior\WriteHtmlCacheBehavior [ RunTime:0.001000s ]
INFO: Run Behavior\ShowRuntimeBehavior [ RunTime:0.001000s ]
INFO: Run Behavior\TokenBuildBehavior [ RunTime:0.001000s ]
INFO: [ view_filter ] --END-- [ RunTime:0.003000s ]
INFO: [ app_end ] --START--
INFO: Run Behavior\ShowPageTraceBehavior [ RunTime:0.002000s ]
INFO: [ app_end ] --END-- [ RunTime:0.002000s ]

[ 2018-01-19T16:06:54+08:00 ] 127.0.0.1 /Member/login_out
INFO: [ app_init ] --START--
INFO: Run Behavior\BuildLiteBehavior [ RunTime:0.000000s ]
INFO: [ app_init ] --END-- [ RunTime:0.000000s ]
INFO: [ app_begin ] --START--
INFO: Run Behavior\ReadHtmlCacheBehavior [ RunTime:0.001000s ]
INFO: Run Behavior\CheckLangBehavior [ RunTime:0.000000s ]
INFO: [ app_begin ] --END-- [ RunTime:0.001000s ]

[ 2018-01-19T16:07:07+08:00 ] 127.0.0.1 /Member/login
INFO: [ app_init ] --START--
INFO: Run Behavior\BuildLiteBehavior [ RunTime:0.000000s ]
INFO: [ app_init ] --END-- [ RunTime:0.000000s ]
INFO: [ app_begin ] --START--
INFO: Run Behavior\ReadHtmlCacheBehavior [ RunTime:0.000000s ]
INFO: Run Behavior\CheckLangBehavior [ RunTime:0.000000s ]
INFO: [ app_begin ] --END-- [ RunTime:0.000000s ]

[ 2018-01-19T16:08:26+08:00 ] 127.0.0.1 /Member/login
INFO: [ app_init ] --START--
INFO: Run Behavior\BuildLiteBehavior [ RunTime:0.000000s ]
INFO: [ app_init ] --END-- [ RunTime:0.000000s ]
INFO: [ app_begin ] --START--
INFO: Run Behavior\ReadHtmlCacheBehavior [ RunTime:0.001000s ]
INFO: Run Behavior\CheckLangBehavior [ RunTime:0.000000s ]
INFO: [ app_begin ] --END-- [ RunTime:0.001000s ]

[ 2018-01-19T16:08:53+08:00 ] 127.0.0.1 /Member/login
INFO: [ app_init ] --START--
INFO: Run Behavior\BuildLiteBehavior [ RunTime:0.000000s ]
INFO: [ app_init ] --END-- [ RunTime:0.000000s ]
INFO: [ app_begin ] --START--
INFO: Run Behavior\ReadHtmlCacheBehavior [ RunTime:0.001000s ]
INFO: Run Behavior\CheckLangBehavior [ RunTime:0.001000s ]
INFO: [ app_begin ] --END-- [ RunTime:0.002000s ]
NOTIC: [8192] Function split() is deprecated C:\Users\Administrator\Desktop\niuniuGame\LQapps\Member\Model\MemberModel.class.php 第 262 行.
SQL: SELECT * FROM `lq_member` WHERE ( zc_mobile='13450266666' ) LIMIT 1   [ RunTime:0.0050s ]
SQL: UPDATE `lq_member` SET `zn_login_times`=zn_login_times+1,`zn_last_login_ip`='2130706433',`zn_last_login_time`='1516349333',`zn_mdate`='1516349333',`zn_trylogin_times`='0' WHERE `id` = 949 [ RunTime:0.0040s ]
SQL: SELECT * FROM `lq_member` WHERE (  id = 949 ) LIMIT 1   [ RunTime:0.0050s ]
NOTIC: [8] Undefined index: zn_trylogin_lasttime C:\Users\Administrator\Desktop\niuniuGame\LQapps\Api\Controller\MemberController.class.php 第 166 行.
SQL: SELECT * FROM `lq_member_token` WHERE ( zc_client_type='APP' and zn_member_id=949 ) LIMIT 1   [ RunTime:0.0040s ]
SQL: SELECT `id` FROM `lq_member_token` WHERE (  zc_client_type='APP' and zn_member_id=949 ) LIMIT 1   [ RunTime:0.0050s ]
SQL: UPDATE `lq_member_token` SET `zc_token`='b7f36e3b515085e05664846892e4fdb6cc74f1e6',`zn_login_time`='1516349333' WHERE ( zc_client_type='APP' and zn_member_id=949 ) [ RunTime:0.0040s ]
SQL: INSERT INTO `lq_member_log` (`zn_member_id`,`zc_member_account`,`zc_action`,`zn_object_id`,`zc_url`,`zc_description`,`zn_ip`,`zn_day`,`zn_cdate`) VALUES ('949','13450266666','login','0','http://niuniugame.dev/Member/login','会员登陆','2130706433','20180119','1516349333') [ RunTime:0.0040s ]
NOTIC: [8] Undefined index: login C:\Users\Administrator\Desktop\niuniuGame\LQapps\Member\Model\MemberModel.class.php 第 702 行.

[ 2018-01-19T17:24:25+08:00 ] 127.0.0.1 /index.php/api/document
INFO: [ app_init ] --START--
INFO: Run Behavior\BuildLiteBehavior [ RunTime:0.000000s ]
INFO: [ app_init ] --END-- [ RunTime:0.000000s ]
INFO: [ app_begin ] --START--
INFO: Run Behavior\ReadHtmlCacheBehavior [ RunTime:0.001000s ]
INFO: Run Behavior\CheckLangBehavior [ RunTime:0.000000s ]
INFO: [ app_begin ] --END-- [ RunTime:0.001000s ]
SQL: SELECT * FROM `lq_api_document` WHERE ( zl_visible=1 ) ORDER BY zn_sort asc,id desc  [ RunTime:0.0230s ]
INFO: [ view_parse ] --START--
INFO: [ template_filter ] --START--
INFO: Run Behavior\ContentReplaceBehavior [ RunTime:0.000000s ]
INFO: [ template_filter ] --END-- [ RunTime:0.000000s ]
INFO: Run Behavior\ParseTemplateBehavior [ RunTime:0.010000s ]
INFO: [ view_parse ] --END-- [ RunTime:0.011000s ]
INFO: [ view_filter ] --START--
INFO: Run Behavior\WriteHtmlCacheBehavior [ RunTime:0.000000s ]
INFO: Run Behavior\ShowRuntimeBehavior [ RunTime:0.001000s ]
INFO: Run Behavior\TokenBuildBehavior [ RunTime:0.000000s ]
INFO: [ view_filter ] --END-- [ RunTime:0.001000s ]
INFO: [ app_end ] --START--
INFO: Run Behavior\ShowPageTraceBehavior [ RunTime:0.001000s ]
INFO: [ app_end ] --END-- [ RunTime:0.001000s ]

[ 2018-01-19T17:24:42+08:00 ] 127.0.0.1 /index.php/api/document
INFO: [ app_init ] --START--
INFO: Run Behavior\BuildLiteBehavior [ RunTime:0.000000s ]
INFO: [ app_init ] --END-- [ RunTime:0.000000s ]
INFO: [ app_begin ] --START--
INFO: Run Behavior\ReadHtmlCacheBehavior [ RunTime:0.001000s ]
INFO: Run Behavior\CheckLangBehavior [ RunTime:0.000000s ]
INFO: [ app_begin ] --END-- [ RunTime:0.002000s ]
SQL: SELECT * FROM `lq_api_document` WHERE ( zl_visible=1 ) ORDER BY zn_sort asc,id desc  [ RunTime:0.0270s ]
INFO: [ view_parse ] --START--
INFO: [ template_filter ] --START--
INFO: Run Behavior\ContentReplaceBehavior [ RunTime:0.000000s ]
INFO: [ template_filter ] --END-- [ RunTime:0.000000s ]
INFO: Run Behavior\ParseTemplateBehavior [ RunTime:0.018000s ]
INFO: [ view_parse ] --END-- [ RunTime:0.019000s ]
INFO: [ view_filter ] --START--
INFO: Run Behavior\WriteHtmlCacheBehavior [ RunTime:0.000000s ]
INFO: Run Behavior\ShowRuntimeBehavior [ RunTime:0.001000s ]
INFO: Run Behavior\TokenBuildBehavior [ RunTime:0.001000s ]
INFO: [ view_filter ] --END-- [ RunTime:0.003000s ]
INFO: [ app_end ] --START--
INFO: Run Behavior\ShowPageTraceBehavior [ RunTime:0.001000s ]
INFO: [ app_end ] --END-- [ RunTime:0.001000s ]

[ 2018-01-19T17:25:22+08:00 ] 127.0.0.1 /api/document
INFO: [ app_init ] --START--
INFO: Run Behavior\BuildLiteBehavior [ RunTime:0.000000s ]
INFO: [ app_init ] --END-- [ RunTime:0.000000s ]
INFO: [ app_begin ] --START--
INFO: Run Behavior\ReadHtmlCacheBehavior [ RunTime:0.001000s ]
INFO: Run Behavior\CheckLangBehavior [ RunTime:0.000000s ]
INFO: [ app_begin ] --END-- [ RunTime:0.002000s ]
SQL: SELECT * FROM `lq_api_document` WHERE ( zl_visible=1 ) ORDER BY zn_sort asc,id desc  [ RunTime:0.0280s ]
INFO: [ view_parse ] --START--
INFO: [ template_filter ] --START--
INFO: Run Behavior\ContentReplaceBehavior [ RunTime:0.001000s ]
INFO: [ template_filter ] --END-- [ RunTime:0.001000s ]
INFO: Run Behavior\ParseTemplateBehavior [ RunTime:0.020000s ]
INFO: [ view_parse ] --END-- [ RunTime:0.020000s ]
INFO: [ view_filter ] --START--
INFO: Run Behavior\WriteHtmlCacheBehavior [ RunTime:0.000000s ]
INFO: Run Behavior\ShowRuntimeBehavior [ RunTime:0.000000s ]
INFO: Run Behavior\TokenBuildBehavior [ RunTime:0.000000s ]
INFO: [ view_filter ] --END-- [ RunTime:0.002000s ]
INFO: [ app_end ] --START--
INFO: Run Behavior\ShowPageTraceBehavior [ RunTime:0.001000s ]
INFO: [ app_end ] --END-- [ RunTime:0.001000s ]

[ 2018-01-19T17:25:50+08:00 ] 127.0.0.1 /api/document
INFO: [ app_init ] --START--
INFO: Run Behavior\BuildLiteBehavior [ RunTime:0.000000s ]
INFO: [ app_init ] --END-- [ RunTime:0.000000s ]
INFO: [ app_begin ] --START--
INFO: Run Behavior\ReadHtmlCacheBehavior [ RunTime:0.000000s ]
INFO: Run Behavior\CheckLangBehavior [ RunTime:0.001000s ]
INFO: [ app_begin ] --END-- [ RunTime:0.001000s ]
SQL: SELECT * FROM `lq_api_document` WHERE ( zl_visible=1 ) ORDER BY zn_sort asc,id desc  [ RunTime:0.0290s ]
INFO: [ view_parse ] --START--
INFO: [ template_filter ] --START--
INFO: Run Behavior\ContentReplaceBehavior [ RunTime:0.000000s ]
INFO: [ template_filter ] --END-- [ RunTime:0.000000s ]
INFO: Run Behavior\ParseTemplateBehavior [ RunTime:0.009000s ]
INFO: [ view_parse ] --END-- [ RunTime:0.010000s ]
INFO: [ view_filter ] --START--
INFO: Run Behavior\WriteHtmlCacheBehavior [ RunTime:0.001000s ]
INFO: Run Behavior\ShowRuntimeBehavior [ RunTime:0.000000s ]
INFO: Run Behavior\TokenBuildBehavior [ RunTime:0.000000s ]
INFO: [ view_filter ] --END-- [ RunTime:0.001000s ]
INFO: [ app_end ] --START--
INFO: Run Behavior\ShowPageTraceBehavior [ RunTime:0.001000s ]
INFO: [ app_end ] --END-- [ RunTime:0.001000s ]

[ 2018-01-19T17:55:32+08:00 ] 127.0.0.1 /api/document
INFO: [ app_init ] --START--
INFO: Run Behavior\BuildLiteBehavior [ RunTime:0.000000s ]
INFO: [ app_init ] --END-- [ RunTime:0.000000s ]
INFO: [ app_begin ] --START--
INFO: Run Behavior\ReadHtmlCacheBehavior [ RunTime:0.000000s ]
INFO: Run Behavior\CheckLangBehavior [ RunTime:0.001000s ]
INFO: [ app_begin ] --END-- [ RunTime:0.001000s ]
SQL: SELECT * FROM `lq_api_document` WHERE ( zl_visible=1 ) ORDER BY zn_sort asc,id desc  [ RunTime:0.0300s ]
INFO: [ view_parse ] --START--
INFO: [ template_filter ] --START--
INFO: Run Behavior\ContentReplaceBehavior [ RunTime:0.001000s ]
INFO: [ template_filter ] --END-- [ RunTime:0.001000s ]
INFO: Run Behavior\ParseTemplateBehavior [ RunTime:0.014000s ]
INFO: [ view_parse ] --END-- [ RunTime:0.014000s ]
INFO: [ view_filter ] --START--
INFO: Run Behavior\WriteHtmlCacheBehavior [ RunTime:0.001000s ]
INFO: Run Behavior\ShowRuntimeBehavior [ RunTime:0.000000s ]
INFO: Run Behavior\TokenBuildBehavior [ RunTime:0.000000s ]
INFO: [ view_filter ] --END-- [ RunTime:0.002000s ]
INFO: [ app_end ] --START--
INFO: Run Behavior\ShowPageTraceBehavior [ RunTime:0.001000s ]
INFO: [ app_end ] --END-- [ RunTime:0.001000s ]

[ 2018-01-19T18:01:20+08:00 ] 127.0.0.1 /api/document
INFO: [ app_init ] --START--
INFO: Run Behavior\BuildLiteBehavior [ RunTime:0.000000s ]
INFO: [ app_init ] --END-- [ RunTime:0.000000s ]
INFO: [ app_begin ] --START--
INFO: Run Behavior\ReadHtmlCacheBehavior [ RunTime:0.000000s ]
INFO: Run Behavior\CheckLangBehavior [ RunTime:0.001000s ]
INFO: [ app_begin ] --END-- [ RunTime:0.001000s ]
SQL: SELECT * FROM `lq_api_document` WHERE ( zl_visible=1 ) ORDER BY zn_sort asc,id desc  [ RunTime:0.0520s ]
INFO: [ view_parse ] --START--
INFO: [ template_filter ] --START--
INFO: Run Behavior\ContentReplaceBehavior [ RunTime:0.000000s ]
INFO: [ template_filter ] --END-- [ RunTime:0.000000s ]
INFO: Run Behavior\ParseTemplateBehavior [ RunTime:0.007000s ]
INFO: [ view_parse ] --END-- [ RunTime:0.007000s ]
INFO: [ view_filter ] --START--
INFO: Run Behavior\WriteHtmlCacheBehavior [ RunTime:0.000000s ]
INFO: Run Behavior\ShowRuntimeBehavior [ RunTime:0.000000s ]
INFO: Run Behavior\TokenBuildBehavior [ RunTime:0.001000s ]
INFO: [ view_filter ] --END-- [ RunTime:0.003000s ]
INFO: [ app_end ] --START--
INFO: Run Behavior\ShowPageTraceBehavior [ RunTime:0.000000s ]
INFO: [ app_end ] --END-- [ RunTime:0.002000s ]

[ 2018-01-19T18:08:14+08:00 ] 127.0.0.1 /api/document
INFO: [ app_init ] --START--
INFO: Run Behavior\BuildLiteBehavior [ RunTime:0.000000s ]
INFO: [ app_init ] --END-- [ RunTime:0.000000s ]
INFO: [ app_begin ] --START--
INFO: Run Behavior\ReadHtmlCacheBehavior [ RunTime:0.000000s ]
INFO: Run Behavior\CheckLangBehavior [ RunTime:0.001000s ]
INFO: [ app_begin ] --END-- [ RunTime:0.001000s ]
SQL: SELECT * FROM `lq_api_document` WHERE ( zl_visible=1 ) ORDER BY zn_sort asc,id desc  [ RunTime:0.0380s ]
INFO: [ view_parse ] --START--
INFO: [ template_filter ] --START--
INFO: Run Behavior\ContentReplaceBehavior [ RunTime:0.000000s ]
INFO: [ template_filter ] --END-- [ RunTime:0.000000s ]
INFO: Run Behavior\ParseTemplateBehavior [ RunTime:0.012000s ]
INFO: [ view_parse ] --END-- [ RunTime:0.012000s ]
INFO: [ view_filter ] --START--
INFO: Run Behavior\WriteHtmlCacheBehavior [ RunTime:0.000000s ]
INFO: Run Behavior\ShowRuntimeBehavior [ RunTime:0.001000s ]
INFO: Run Behavior\TokenBuildBehavior [ RunTime:0.000000s ]
INFO: [ view_filter ] --END-- [ RunTime:0.001000s ]
INFO: [ app_end ] --START--
INFO: Run Behavior\ShowPageTraceBehavior [ RunTime:0.001000s ]
INFO: [ app_end ] --END-- [ RunTime:0.001000s ]

[ 2018-01-19T18:22:12+08:00 ] 127.0.0.1 /api/document
INFO: [ app_init ] --START--
INFO: Run Behavior\BuildLiteBehavior [ RunTime:0.000000s ]
INFO: [ app_init ] --END-- [ RunTime:0.000000s ]
INFO: [ app_begin ] --START--
INFO: Run Behavior\ReadHtmlCacheBehavior [ RunTime:0.001000s ]
INFO: Run Behavior\CheckLangBehavior [ RunTime:0.000000s ]
INFO: [ app_begin ] --END-- [ RunTime:0.001000s ]
SQL: SELECT * FROM `lq_api_document` WHERE ( zl_visible=1 ) ORDER BY zn_sort asc,id desc  [ RunTime:0.0660s ]
INFO: [ view_parse ] --START--
INFO: [ template_filter ] --START--
INFO: Run Behavior\ContentReplaceBehavior [ RunTime:0.000000s ]
INFO: [ template_filter ] --END-- [ RunTime:0.001000s ]
INFO: Run Behavior\ParseTemplateBehavior [ RunTime:0.017000s ]
INFO: [ view_parse ] --END-- [ RunTime:0.017000s ]
INFO: [ view_filter ] --START--
INFO: Run Behavior\WriteHtmlCacheBehavior [ RunTime:0.000000s ]
INFO: Run Behavior\ShowRuntimeBehavior [ RunTime:0.001000s ]
INFO: Run Behavior\TokenBuildBehavior [ RunTime:0.000000s ]
INFO: [ view_filter ] --END-- [ RunTime:0.001000s ]
INFO: [ app_end ] --START--
INFO: Run Behavior\ShowPageTraceBehavior [ RunTime:0.000000s ]
INFO: [ app_end ] --END-- [ RunTime:0.000000s ]

[ 2018-01-19T18:23:20+08:00 ] 127.0.0.1 /
INFO: [ app_init ] --START--
INFO: Run Behavior\BuildLiteBehavior [ RunTime:0.000000s ]
INFO: [ app_init ] --END-- [ RunTime:0.000000s ]
INFO: [ app_begin ] --START--
INFO: Run Behavior\ReadHtmlCacheBehavior [ RunTime:0.000000s ]
INFO: Run Behavior\CheckLangBehavior [ RunTime:0.000000s ]
INFO: [ app_begin ] --END-- [ RunTime:0.000000s ]
ERR: 无法加载控制器:Index

[ 2018-01-19T18:23:29+08:00 ] 127.0.0.1 /Member/login
INFO: [ app_init ] --START--
INFO: Run Behavior\BuildLiteBehavior [ RunTime:0.000000s ]
INFO: [ app_init ] --END-- [ RunTime:0.000000s ]
INFO: [ app_begin ] --START--
INFO: Run Behavior\ReadHtmlCacheBehavior [ RunTime:0.000000s ]
INFO: Run Behavior\CheckLangBehavior [ RunTime:0.000000s ]
INFO: [ app_begin ] --END-- [ RunTime:0.000000s ]
NOTIC: [8192] Function split() is deprecated C:\Users\Administrator\Desktop\niuniuGame\LQapps\Member\Model\MemberModel.class.php 第 262 行.
SQL: SELECT * FROM `lq_member` WHERE ( zc_mobile='18319929077' ) LIMIT 1   [ RunTime:0.0050s ]
SQL: UPDATE `lq_member` SET `zn_login_times`=zn_login_times+1,`zn_last_login_ip`='2130706433',`zn_last_login_time`='1516357409',`zn_mdate`='1516357409',`zn_trylogin_times`='0' WHERE `id` = 947 [ RunTime:0.0050s ]
SQL: SELECT * FROM `lq_member` WHERE (  id = 947 ) LIMIT 1   [ RunTime:0.0050s ]
NOTIC: [8] Undefined index: zn_trylogin_lasttime C:\Users\Administrator\Desktop\niuniuGame\LQapps\Api\Controller\MemberController.class.php 第 166 行.
SQL: SELECT * FROM `lq_member_token` WHERE ( zc_client_type='APP' and zn_member_id=947 ) LIMIT 1   [ RunTime:0.0050s ]
SQL: INSERT INTO `lq_member_token` (`zn_member_id`,`zc_member_account`,`zc_token`,`zn_login_time`,`zc_client_type`,`zc_openid`) VALUES ('947','18319929077','4320ce4542e4ff9a3bb7d6be87836df2fcdd511e','1516357409','APP','LQ1516266262M0EBWN0Y7X9O3KGX') [ RunTime:0.0040s ]
SQL: INSERT INTO `lq_member_log` (`zn_member_id`,`zc_member_account`,`zc_action`,`zn_object_id`,`zc_url`,`zc_description`,`zn_ip`,`zn_day`,`zn_cdate`) VALUES ('947','18319929077','login','0','http://niuniugame.dev/Member/login','会员登陆','2130706433','20180119','1516357409') [ RunTime:0.0050s ]
NOTIC: [8] Undefined index: login C:\Users\Administrator\Desktop\niuniuGame\LQapps\Member\Model\MemberModel.class.php 第 702 行.

[ 2018-01-19T18:26:31+08:00 ] 127.0.0.1 /Room/createRoom
INFO: [ app_init ] --START--
INFO: Run Behavior\BuildLiteBehavior [ RunTime:0.001000s ]
INFO: [ app_init ] --END-- [ RunTime:0.001000s ]
INFO: [ app_begin ] --START--
INFO: Run Behavior\ReadHtmlCacheBehavior [ RunTime:0.001000s ]
INFO: Run Behavior\CheckLangBehavior [ RunTime:0.001000s ]
INFO: [ app_begin ] --END-- [ RunTime:0.002000s ]

[ 2018-01-19T18:28:59+08:00 ] 127.0.0.1 /Room/createRoom
INFO: [ app_init ] --START--
INFO: Run Behavior\BuildLiteBehavior [ RunTime:0.000000s ]
INFO: [ app_init ] --END-- [ RunTime:0.000000s ]
INFO: [ app_begin ] --START--
INFO: Run Behavior\ReadHtmlCacheBehavior [ RunTime:0.001000s ]
INFO: Run Behavior\CheckLangBehavior [ RunTime:0.000000s ]
INFO: [ app_begin ] --END-- [ RunTime:0.001000s ]

[ 2018-01-19T18:30:32+08:00 ] 127.0.0.1 /Room/createRoom
INFO: [ app_init ] --START--
INFO: Run Behavior\BuildLiteBehavior [ RunTime:0.000000s ]
INFO: [ app_init ] --END-- [ RunTime:0.000000s ]
INFO: [ app_begin ] --START--
INFO: Run Behavior\ReadHtmlCacheBehavior [ RunTime:0.000000s ]
INFO: Run Behavior\CheckLangBehavior [ RunTime:0.001000s ]
INFO: [ app_begin ] --END-- [ RunTime:0.001000s ]

[ 2018-01-19T18:31:38+08:00 ] 127.0.0.1 /Room/createRoom
INFO: [ app_init ] --START--
INFO: Run Behavior\BuildLiteBehavior [ RunTime:0.000000s ]
INFO: [ app_init ] --END-- [ RunTime:0.000000s ]
INFO: [ app_begin ] --START--
INFO: Run Behavior\ReadHtmlCacheBehavior [ RunTime:0.000000s ]
INFO: Run Behavior\CheckLangBehavior [ RunTime:0.000000s ]
INFO: [ app_begin ] --END-- [ RunTime:0.000000s ]

[ 2018-01-19T18:32:24+08:00 ] 127.0.0.1 /Room/createRoom
INFO: [ app_init ] --START--
INFO: Run Behavior\BuildLiteBehavior [ RunTime:0.000000s ]
INFO: [ app_init ] --END-- [ RunTime:0.000000s ]
INFO: [ app_begin ] --START--
INFO: Run Behavior\ReadHtmlCacheBehavior [ RunTime:0.000000s ]
INFO: Run Behavior\CheckLangBehavior [ RunTime:0.001000s ]
INFO: [ app_begin ] --END-- [ RunTime:0.001000s ]

[ 2018-01-19T18:32:51+08:00 ] 127.0.0.1 /Room/createRoom
INFO: [ app_init ] --START--
INFO: Run Behavior\BuildLiteBehavior [ RunTime:0.000000s ]
INFO: [ app_init ] --END-- [ RunTime:0.000000s ]
INFO: [ app_begin ] --START--
INFO: Run Behavior\ReadHtmlCacheBehavior [ RunTime:0.000000s ]
INFO: Run Behavior\CheckLangBehavior [ RunTime:0.001000s ]
INFO: [ app_begin ] --END-- [ RunTime:0.001000s ]
SQL: SELECT * FROM `lq_member_token` WHERE ( zn_member_id=947 ) LIMIT 1   [ RunTime:0.0110s ]

[ 2018-01-19T18:33:52+08:00 ] 127.0.0.1 /Room/createRoom
INFO: [ app_init ] --START--
INFO: Run Behavior\BuildLiteBehavior [ RunTime:0.000000s ]
INFO: [ app_init ] --END-- [ RunTime:0.000000s ]
INFO: [ app_begin ] --START--
INFO: Run Behavior\ReadHtmlCacheBehavior [ RunTime:0.000000s ]
INFO: Run Behavior\CheckLangBehavior [ RunTime:0.001000s ]
INFO: [ app_begin ] --END-- [ RunTime:0.001000s ]
SQL: SELECT * FROM `lq_member_token` WHERE ( zn_member_id=947 ) LIMIT 1   [ RunTime:0.0260s ]

[ 2018-01-19T18:34:17+08:00 ] 127.0.0.1 /Room/createRoom
INFO: [ app_init ] --START--
INFO: Run Behavior\BuildLiteBehavior [ RunTime:0.000000s ]
INFO: [ app_init ] --END-- [ RunTime:0.000000s ]
INFO: [ app_begin ] --START--
INFO: Run Behavior\ReadHtmlCacheBehavior [ RunTime:0.000000s ]
INFO: Run Behavior\CheckLangBehavior [ RunTime:0.000000s ]
INFO: [ app_begin ] --END-- [ RunTime:0.000000s ]
SQL: SELECT * FROM `lq_member_token` WHERE ( zn_member_id=947 ) LIMIT 1   [ RunTime:0.0130s ]
NOTIC: [8] Undefined index: zc_number C:\Users\Administrator\Desktop\niuniuGame\LQapps\Api\Controller\RoomController.class.php 第 46 行.
NOTIC: [8] Undefined index: validate C:\Users\Administrator\Desktop\niuniuGame\Public\ThinkPHP\Library\Think\Model.class.php 第 1230 行.
NOTIC: [8] Undefined index: auto C:\Users\Administrator\Desktop\niuniuGame\Public\ThinkPHP\Library\Think\Model.class.php 第 1173 行.
ERR: 1054:Unknown column 'uid' in 'field list'
 [ SQL语句 ] : INSERT INTO `lq_room` (`zc_rate`,`zn_min_score`,`uid`,`token`,`zn_bet_between_s`,`zn_bet_between_e`,`zn_extract`,`zn_room_type`,`zn_confirm`,`zn_pay_type`,`zn_play_type`,`zc_title`,`zc_number`,`zl_visible`) VALUES ('\"1\"','1','947','4320ce4542e4ff9a3bb7d6be87836df2fcdd511e','1','10000','1','1','2','1','1','dsadsa',NULL,'1')
ERR: 1054:Unknown column 'uid' in 'field list'
 [ SQL语句 ] : INSERT INTO `lq_room` (`zc_rate`,`zn_min_score`,`uid`,`token`,`zn_bet_between_s`,`zn_bet_between_e`,`zn_extract`,`zn_room_type`,`zn_confirm`,`zn_pay_type`,`zn_play_type`,`zc_title`,`zc_number`,`zl_visible`) VALUES ('\"1\"','1','947','4320ce4542e4ff9a3bb7d6be87836df2fcdd511e','1','10000','1','1','2','1','1','dsadsa',NULL,'1')

[ 2018-01-19T18:35:22+08:00 ] 127.0.0.1 /Room/createRoom
INFO: [ app_init ] --START--
INFO: Run Behavior\BuildLiteBehavior [ RunTime:0.000000s ]
INFO: [ app_init ] --END-- [ RunTime:0.000000s ]
INFO: [ app_begin ] --START--
INFO: Run Behavior\ReadHtmlCacheBehavior [ RunTime:0.001000s ]
INFO: Run Behavior\CheckLangBehavior [ RunTime:0.000000s ]
INFO: [ app_begin ] --END-- [ RunTime:0.001000s ]
SQL: SELECT * FROM `lq_member_token` WHERE ( zc_client_type='APP' and zn_member_id=947 ) LIMIT 1   [ RunTime:0.0040s ]
NOTIC: [8] Undefined index: zc_number C:\Users\Administrator\Desktop\niuniuGame\LQapps\Api\Controller\RoomController.class.php 第 46 行.
NOTIC: [8] Undefined index: validate C:\Users\Administrator\Desktop\niuniuGame\Public\ThinkPHP\Library\Think\Model.class.php 第 1230 行.
NOTIC: [8] Undefined index: auto C:\Users\Administrator\Desktop\niuniuGame\Public\ThinkPHP\Library\Think\Model.class.php 第 1173 行.
ERR: 1054:Unknown column 'uid' in 'field list'
 [ SQL语句 ] : INSERT INTO `lq_room` (`zc_rate`,`zn_min_score`,`uid`,`token`,`zn_bet_between_s`,`zn_bet_between_e`,`zn_extract`,`zn_room_type`,`zn_confirm`,`zn_pay_type`,`zn_play_type`,`zc_title`,`zc_number`,`zl_visible`) VALUES ('\"1\"','1','947','4320ce4542e4ff9a3bb7d6be87836df2fcdd511e','1','10000','1','1','2','1','1','dsadsa',NULL,'1')
ERR: 1054:Unknown column 'uid' in 'field list'
 [ SQL语句 ] : INSERT INTO `lq_room` (`zc_rate`,`zn_min_score`,`uid`,`token`,`zn_bet_between_s`,`zn_bet_between_e`,`zn_extract`,`zn_room_type`,`zn_confirm`,`zn_pay_type`,`zn_play_type`,`zc_title`,`zc_number`,`zl_visible`) VALUES ('\"1\"','1','947','4320ce4542e4ff9a3bb7d6be87836df2fcdd511e','1','10000','1','1','2','1','1','dsadsa',NULL,'1')

[ 2018-01-19T18:39:21+08:00 ] 127.0.0.1 /Room/createRoom
INFO: [ app_init ] --START--
INFO: Run Behavior\BuildLiteBehavior [ RunTime:0.000000s ]
INFO: [ app_init ] --END-- [ RunTime:0.000000s ]
INFO: [ app_begin ] --START--
INFO: Run Behavior\ReadHtmlCacheBehavior [ RunTime:0.001000s ]
INFO: Run Behavior\CheckLangBehavior [ RunTime:0.000000s ]
INFO: [ app_begin ] --END-- [ RunTime:0.001000s ]
SQL: SELECT * FROM `lq_member_token` WHERE ( zc_client_type='APP' and zn_member_id=947 ) LIMIT 1   [ RunTime:0.0050s ]
NOTIC: [8] Undefined index: zc_number C:\Users\Administrator\Desktop\niuniuGame\LQapps\Api\Controller\RoomController.class.php 第 46 行.
NOTIC: [8] Undefined index: validate C:\Users\Administrator\Desktop\niuniuGame\Public\ThinkPHP\Library\Think\Model.class.php 第 1230 行.
NOTIC: [8] Undefined index: auto C:\Users\Administrator\Desktop\niuniuGame\Public\ThinkPHP\Library\Think\Model.class.php 第 1173 行.
ERR: 1048:Column 'zc_number' cannot be null
 [ SQL语句 ] : INSERT INTO `lq_room` (`zc_rate`,`zn_min_score`,`zn_bet_between_s`,`zn_bet_between_e`,`zn_extract`,`zn_room_type`,`zn_confirm`,`zn_pay_type`,`zn_play_type`,`zc_title`,`zc_number`,`zl_visible`) VALUES ('\"1\"','1','1','10000','1','1','2','1','1','dsadsa',NULL,'1')
ERR: 1048:Column 'zc_number' cannot be null
 [ SQL语句 ] : INSERT INTO `lq_room` (`zc_rate`,`zn_min_score`,`zn_bet_between_s`,`zn_bet_between_e`,`zn_extract`,`zn_room_type`,`zn_confirm`,`zn_pay_type`,`zn_play_type`,`zc_title`,`zc_number`,`zl_visible`) VALUES ('\"1\"','1','1','10000','1','1','2','1','1','dsadsa',NULL,'1')

[ 2018-01-19T18:45:53+08:00 ] 127.0.0.1 /Room/createRoom
INFO: [ app_init ] --START--
INFO: Run Behavior\BuildLiteBehavior [ RunTime:0.000000s ]
INFO: [ app_init ] --END-- [ RunTime:0.000000s ]
INFO: [ app_begin ] --START--
INFO: Run Behavior\ReadHtmlCacheBehavior [ RunTime:0.001000s ]
INFO: Run Behavior\CheckLangBehavior [ RunTime:0.000000s ]
INFO: [ app_begin ] --END-- [ RunTime:0.001000s ]
SQL: SELECT * FROM `lq_member_token` WHERE ( zc_client_type='APP' and zn_member_id=947 ) LIMIT 1   [ RunTime:0.0060s ]
NOTIC: [8] Undefined index: validate C:\Users\Administrator\Desktop\niuniuGame\Public\ThinkPHP\Library\Think\Model.class.php 第 1230 行.
NOTIC: [8] Undefined index: auto C:\Users\Administrator\Desktop\niuniuGame\Public\ThinkPHP\Library\Think\Model.class.php 第 1173 行.
SQL: INSERT INTO `lq_room` (`zc_rate`,`zn_min_score`,`zn_bet_between_s`,`zn_bet_between_e`,`zn_extract`,`zn_room_type`,`zn_confirm`,`zn_pay_type`,`zn_play_type`,`zc_number`,`zc_title`,`zl_visible`) VALUES ('\"1\"','1','1','10000','1','1','2','1','1','1111','dsadsa','1') [ RunTime:0.0030s ]

[ 2018-01-19T18:47:12+08:00 ] 127.0.0.1 /Room/createRoom
INFO: [ app_init ] --START--
INFO: Run Behavior\BuildLiteBehavior [ RunTime:0.000000s ]
INFO: [ app_init ] --END-- [ RunTime:0.000000s ]
INFO: [ app_begin ] --START--
INFO: Run Behavior\ReadHtmlCacheBehavior [ RunTime:0.000000s ]
INFO: Run Behavior\CheckLangBehavior [ RunTime:0.000000s ]
INFO: [ app_begin ] --END-- [ RunTime:0.000000s ]
SQL: SELECT * FROM `lq_member_token` WHERE ( zc_client_type='APP' and zn_member_id=947 ) LIMIT 1   [ RunTime:0.0030s ]
NOTIC: [8] Undefined index: validate C:\Users\Administrator\Desktop\niuniuGame\Public\ThinkPHP\Library\Think\Model.class.php 第 1230 行.
NOTIC: [8] Undefined index: auto C:\Users\Administrator\Desktop\niuniuGame\Public\ThinkPHP\Library\Think\Model.class.php 第 1173 行.
SQL: INSERT INTO `lq_room` (`zc_rate`,`zn_min_score`,`zn_bet_between_s`,`zn_bet_between_e`,`zn_extract`,`zn_room_type`,`zn_confirm`,`zn_pay_type`,`zn_play_type`,`zc_number`,`zc_title`,`zl_visible`) VALUES ('\"1\"','1','1','10000','1','1','2','1','1','1111','dsadsa','1') [ RunTime:0.0070s ]

[ 2018-01-19T18:48:45+08:00 ] 127.0.0.1 /Room/createRoom
INFO: [ app_init ] --START--
INFO: Run Behavior\BuildLiteBehavior [ RunTime:0.000000s ]
INFO: [ app_init ] --END-- [ RunTime:0.000000s ]
INFO: [ app_begin ] --START--
INFO: Run Behavior\ReadHtmlCacheBehavior [ RunTime:0.000000s ]
INFO: Run Behavior\CheckLangBehavior [ RunTime:0.001000s ]
INFO: [ app_begin ] --END-- [ RunTime:0.001000s ]
SQL: SELECT * FROM `lq_member_token` WHERE ( zc_client_type='APP' and zn_member_id=947 ) LIMIT 1   [ RunTime:0.0100s ]
NOTIC: [8] Undefined index: validate C:\Users\Administrator\Desktop\niuniuGame\Public\ThinkPHP\Library\Think\Model.class.php 第 1230 行.
NOTIC: [8] Undefined index: auto C:\Users\Administrator\Desktop\niuniuGame\Public\ThinkPHP\Library\Think\Model.class.php 第 1173 行.
ERR: 1062:Duplicate entry '1111' for key 'zc_number'
 [ SQL语句 ] : INSERT INTO `lq_room` (`zc_rate`,`zn_min_score`,`zn_bet_between_s`,`zn_bet_between_e`,`zn_extract`,`zn_room_type`,`zn_confirm`,`zn_pay_type`,`zn_play_type`,`zc_number`,`zc_title`,`zl_visible`) VALUES ('\"1\"','1','1','10000','1','1','2','1','1','1111','dsadsa','1')
ERR: 1062:Duplicate entry '1111' for key 'zc_number'
 [ SQL语句 ] : INSERT INTO `lq_room` (`zc_rate`,`zn_min_score`,`zn_bet_between_s`,`zn_bet_between_e`,`zn_extract`,`zn_room_type`,`zn_confirm`,`zn_pay_type`,`zn_play_type`,`zc_number`,`zc_title`,`zl_visible`) VALUES ('\"1\"','1','1','10000','1','1','2','1','1','1111','dsadsa','1')

[ 2018-01-19T18:53:14+08:00 ] 127.0.0.1 /Room/createRoom
INFO: [ app_init ] --START--
INFO: Run Behavior\BuildLiteBehavior [ RunTime:0.000000s ]
INFO: [ app_init ] --END-- [ RunTime:0.000000s ]
INFO: [ app_begin ] --START--
INFO: Run Behavior\ReadHtmlCacheBehavior [ RunTime:0.000000s ]
INFO: Run Behavior\CheckLangBehavior [ RunTime:0.000000s ]
INFO: [ app_begin ] --END-- [ RunTime:0.000000s ]
SQL: SELECT * FROM `lq_member_token` WHERE ( zc_client_type='APP' and zn_member_id=947 ) LIMIT 1   [ RunTime:0.0110s ]
NOTIC: [8] Undefined index: validate C:\Users\Administrator\Desktop\niuniuGame\Public\ThinkPHP\Library\Think\Model.class.php 第 1230 行.
NOTIC: [8] Undefined index: auto C:\Users\Administrator\Desktop\niuniuGame\Public\ThinkPHP\Library\Think\Model.class.php 第 1173 行.
ERR: 1062:Duplicate entry '1111' for key 'zc_number'
 [ SQL语句 ] : INSERT INTO `lq_room` (`zc_rate`,`zn_min_score`,`zn_bet_between_s`,`zn_bet_between_e`,`zn_extract`,`zn_room_type`,`zn_confirm`,`zn_pay_type`,`zn_play_type`,`zc_number`,`zc_title`,`zl_visible`) VALUES ('\"1\"','1','1','10000','1','1','2','1','1','1111','dsadsa','1')
ERR: 1062:Duplicate entry '1111' for key 'zc_number'
 [ SQL语句 ] : INSERT INTO `lq_room` (`zc_rate`,`zn_min_score`,`zn_bet_between_s`,`zn_bet_between_e`,`zn_extract`,`zn_room_type`,`zn_confirm`,`zn_pay_type`,`zn_play_type`,`zc_number`,`zc_title`,`zl_visible`) VALUES ('\"1\"','1','1','10000','1','1','2','1','1','1111','dsadsa','1')

[ 2018-01-19T18:54:21+08:00 ] 127.0.0.1 /Room/createRoom
INFO: [ app_init ] --START--
INFO: Run Behavior\BuildLiteBehavior [ RunTime:0.000000s ]
INFO: [ app_init ] --END-- [ RunTime:0.000000s ]
INFO: [ app_begin ] --START--
INFO: Run Behavior\ReadHtmlCacheBehavior [ RunTime:0.000000s ]
INFO: Run Behavior\CheckLangBehavior [ RunTime:0.000000s ]
INFO: [ app_begin ] --END-- [ RunTime:0.000000s ]
SQL: SELECT * FROM `lq_member_token` WHERE ( zc_client_type='APP' and zn_member_id=947 ) LIMIT 1   [ RunTime:0.0040s ]
NOTIC: [8] Undefined index: validate C:\Users\Administrator\Desktop\niuniuGame\Public\ThinkPHP\Library\Think\Model.class.php 第 1230 行.
NOTIC: [8] Undefined index: auto C:\Users\Administrator\Desktop\niuniuGame\Public\ThinkPHP\Library\Think\Model.class.php 第 1173 行.
ERR: 1062:Duplicate entry '1111' for key 'zc_number'
 [ SQL语句 ] : INSERT INTO `lq_room` (`zc_rate`,`zn_min_score`,`zn_bet_between_s`,`zn_bet_between_e`,`zn_extract`,`zn_room_type`,`zn_confirm`,`zn_pay_type`,`zn_play_type`,`zc_number`,`zc_title`,`zl_visible`) VALUES ('\"1\"','1','1','10000','1','1','2','1','1','1111','dsadsa','1')
ERR: 1062:Duplicate entry '1111' for key 'zc_number'
 [ SQL语句 ] : INSERT INTO `lq_room` (`zc_rate`,`zn_min_score`,`zn_bet_between_s`,`zn_bet_between_e`,`zn_extract`,`zn_room_type`,`zn_confirm`,`zn_pay_type`,`zn_play_type`,`zc_number`,`zc_title`,`zl_visible`) VALUES ('\"1\"','1','1','10000','1','1','2','1','1','1111','dsadsa','1')

[ 2018-01-19T18:55:11+08:00 ] 127.0.0.1 /Room/createRoom
INFO: [ app_init ] --START--
INFO: Run Behavior\BuildLiteBehavior [ RunTime:0.000000s ]
INFO: [ app_init ] --END-- [ RunTime:0.000000s ]
INFO: [ app_begin ] --START--
INFO: Run Behavior\ReadHtmlCacheBehavior [ RunTime:0.000000s ]
INFO: Run Behavior\CheckLangBehavior [ RunTime:0.000000s ]
INFO: [ app_begin ] --END-- [ RunTime:0.000000s ]
SQL: SELECT * FROM `lq_member_token` WHERE ( zc_client_type='APP' and zn_member_id=947 ) LIMIT 1   [ RunTime:0.0040s ]
NOTIC: [8] Undefined index: validate C:\Users\Administrator\Desktop\niuniuGame\Public\ThinkPHP\Library\Think\Model.class.php 第 1230 行.
NOTIC: [8] Undefined index: auto C:\Users\Administrator\Desktop\niuniuGame\Public\ThinkPHP\Library\Think\Model.class.php 第 1173 行.
ERR: 1062:Duplicate entry '1111' for key 'zc_number'
 [ SQL语句 ] : INSERT INTO `lq_room` (`zc_rate`,`zn_min_score`,`zn_bet_between_s`,`zn_bet_between_e`,`zn_extract`,`zn_room_type`,`zn_confirm`,`zn_pay_type`,`zn_play_type`,`zc_number`,`zc_title`,`zl_visible`) VALUES ('\"1\"','1','1','10000','1','1','2','1','1','1111','dsadsa','1')
ERR: 1062:Duplicate entry '1111' for key 'zc_number'
 [ SQL语句 ] : INSERT INTO `lq_room` (`zc_rate`,`zn_min_score`,`zn_bet_between_s`,`zn_bet_between_e`,`zn_extract`,`zn_room_type`,`zn_confirm`,`zn_pay_type`,`zn_play_type`,`zc_number`,`zc_title`,`zl_visible`) VALUES ('\"1\"','1','1','10000','1','1','2','1','1','1111','dsadsa','1')

[ 2018-01-19T18:55:55+08:00 ] 127.0.0.1 /Room/createRoom
INFO: [ app_init ] --START--
INFO: Run Behavior\BuildLiteBehavior [ RunTime:0.000000s ]
INFO: [ app_init ] --END-- [ RunTime:0.000000s ]
INFO: [ app_begin ] --START--
INFO: Run Behavior\ReadHtmlCacheBehavior [ RunTime:0.000000s ]
INFO: Run Behavior\CheckLangBehavior [ RunTime:0.000000s ]
INFO: [ app_begin ] --END-- [ RunTime:0.000000s ]
SQL: SELECT * FROM `lq_member_token` WHERE ( zc_client_type='APP' and zn_member_id=947 ) LIMIT 1   [ RunTime:0.0040s ]
NOTIC: [8] Undefined index: validate C:\Users\Administrator\Desktop\niuniuGame\Public\ThinkPHP\Library\Think\Model.class.php 第 1230 行.
NOTIC: [8] Undefined index: auto C:\Users\Administrator\Desktop\niuniuGame\Public\ThinkPHP\Library\Think\Model.class.php 第 1173 行.
ERR: 1062:Duplicate entry '1111' for key 'zc_number'
 [ SQL语句 ] : INSERT INTO `lq_room` (`zc_rate`,`zn_min_score`,`zn_bet_between_s`,`zn_bet_between_e`,`zn_extract`,`zn_room_type`,`zn_confirm`,`zn_pay_type`,`zn_play_type`,`zc_number`,`zc_title`,`zl_visible`) VALUES ('\"1\"','1','1','10000','1','1','2','1','1','1111','dsadsa','1')
ERR: 1062:Duplicate entry '1111' for key 'zc_number'
 [ SQL语句 ] : INSERT INTO `lq_room` (`zc_rate`,`zn_min_score`,`zn_bet_between_s`,`zn_bet_between_e`,`zn_extract`,`zn_room_type`,`zn_confirm`,`zn_pay_type`,`zn_play_type`,`zc_number`,`zc_title`,`zl_visible`) VALUES ('\"1\"','1','1','10000','1','1','2','1','1','1111','dsadsa','1')

[ 2018-01-19T18:56:14+08:00 ] 127.0.0.1 /Room/createRoom
INFO: [ app_init ] --START--
INFO: Run Behavior\BuildLiteBehavior [ RunTime:0.000000s ]
INFO: [ app_init ] --END-- [ RunTime:0.000000s ]
INFO: [ app_begin ] --START--
INFO: Run Behavior\ReadHtmlCacheBehavior [ RunTime:0.001000s ]
INFO: Run Behavior\CheckLangBehavior [ RunTime:0.000000s ]
INFO: [ app_begin ] --END-- [ RunTime:0.001000s ]
SQL: SELECT * FROM `lq_member_token` WHERE ( zc_client_type='APP' and zn_member_id=947 ) LIMIT 1   [ RunTime:0.0040s ]
NOTIC: [8] Undefined index: validate C:\Users\Administrator\Desktop\niuniuGame\Public\ThinkPHP\Library\Think\Model.class.php 第 1230 行.
NOTIC: [8] Undefined index: auto C:\Users\Administrator\Desktop\niuniuGame\Public\ThinkPHP\Library\Think\Model.class.php 第 1173 行.
ERR: 1062:Duplicate entry '1111' for key 'zc_number'
 [ SQL语句 ] : INSERT INTO `lq_room` (`zc_rate`,`zn_min_score`,`zn_bet_between_s`,`zn_bet_between_e`,`zn_extract`,`zn_room_type`,`zn_confirm`,`zn_pay_type`,`zn_play_type`,`zc_number`,`zc_title`,`zl_visible`) VALUES ('\"1\"','1','1','10000','1','1','2','1','1','1111','dsadsa','1')
ERR: 1062:Duplicate entry '1111' for key 'zc_number'
 [ SQL语句 ] : INSERT INTO `lq_room` (`zc_rate`,`zn_min_score`,`zn_bet_between_s`,`zn_bet_between_e`,`zn_extract`,`zn_room_type`,`zn_confirm`,`zn_pay_type`,`zn_play_type`,`zc_number`,`zc_title`,`zl_visible`) VALUES ('\"1\"','1','1','10000','1','1','2','1','1','1111','dsadsa','1')

[ 2018-01-19T18:57:46+08:00 ] 127.0.0.1 /Room/createRoom
INFO: [ app_init ] --START--
INFO: Run Behavior\BuildLiteBehavior [ RunTime:0.000000s ]
INFO: [ app_init ] --END-- [ RunTime:0.000000s ]
INFO: [ app_begin ] --START--
INFO: Run Behavior\ReadHtmlCacheBehavior [ RunTime:0.000000s ]
INFO: Run Behavior\CheckLangBehavior [ RunTime:0.001000s ]
INFO: [ app_begin ] --END-- [ RunTime:0.001000s ]
SQL: SELECT * FROM `lq_member_token` WHERE ( zc_client_type='APP' and zn_member_id=947 ) LIMIT 1   [ RunTime:0.0040s ]
NOTIC: [8] Undefined index: validate C:\Users\Administrator\Desktop\niuniuGame\Public\ThinkPHP\Library\Think\Model.class.php 第 1230 行.
NOTIC: [8] Undefined index: auto C:\Users\Administrator\Desktop\niuniuGame\Public\ThinkPHP\Library\Think\Model.class.php 第 1173 行.
ERR: 1062:Duplicate entry '1111' for key 'zc_number'
 [ SQL语句 ] : INSERT INTO `lq_room` (`zc_rate`,`zn_min_score`,`zn_bet_between_s`,`zn_bet_between_e`,`zn_extract`,`zn_room_type`,`zn_confirm`,`zn_pay_type`,`zn_play_type`,`zc_number`,`zc_title`,`zl_visible`) VALUES ('\"1\"','1','1','10000','1','1','2','1','1','1111','dsadsa','1')
ERR: 1062:Duplicate entry '1111' for key 'zc_number'
 [ SQL语句 ] : INSERT INTO `lq_room` (`zc_rate`,`zn_min_score`,`zn_bet_between_s`,`zn_bet_between_e`,`zn_extract`,`zn_room_type`,`zn_confirm`,`zn_pay_type`,`zn_play_type`,`zc_number`,`zc_title`,`zl_visible`) VALUES ('\"1\"','1','1','10000','1','1','2','1','1','1111','dsadsa','1')

[ 2018-01-19T19:00:10+08:00 ] 127.0.0.1 /Room/createRoom
INFO: [ app_init ] --START--
INFO: Run Behavior\BuildLiteBehavior [ RunTime:0.000000s ]
INFO: [ app_init ] --END-- [ RunTime:0.000000s ]
INFO: [ app_begin ] --START--
INFO: Run Behavior\ReadHtmlCacheBehavior [ RunTime:0.000000s ]
INFO: Run Behavior\CheckLangBehavior [ RunTime:0.000000s ]
INFO: [ app_begin ] --END-- [ RunTime:0.000000s ]
SQL: SELECT * FROM `lq_member_token` WHERE ( zc_client_type='APP' and zn_member_id=947 ) LIMIT 1   [ RunTime:0.0080s ]
NOTIC: [8] Undefined index: validate C:\Users\Administrator\Desktop\niuniuGame\Public\ThinkPHP\Library\Think\Model.class.php 第 1230 行.
SQL: SELECT * FROM `lq_room` WHERE `zc_number` = '1111' LIMIT 1   [ RunTime:0.0040s ]

[ 2018-01-19T19:02:04+08:00 ] 127.0.0.1 /Room/createRoom
INFO: [ app_init ] --START--
INFO: Run Behavior\BuildLiteBehavior [ RunTime:0.000000s ]
INFO: [ app_init ] --END-- [ RunTime:0.000000s ]
INFO: [ app_begin ] --START--
INFO: Run Behavior\ReadHtmlCacheBehavior [ RunTime:0.000000s ]
INFO: Run Behavior\CheckLangBehavior [ RunTime:0.001000s ]
INFO: [ app_begin ] --END-- [ RunTime:0.001000s ]
SQL: SELECT * FROM `lq_member_token` WHERE ( zc_client_type='APP' and zn_member_id=947 ) LIMIT 1   [ RunTime:0.0080s ]
NOTIC: [8] Undefined index: validate C:\Users\Administrator\Desktop\niuniuGame\Public\ThinkPHP\Library\Think\Model.class.php 第 1230 行.
SQL: SELECT * FROM `lq_room` WHERE `zc_number` = '11111' LIMIT 1   [ RunTime:0.0210s ]
NOTIC: [8] Undefined index: auto C:\Users\Administrator\Desktop\niuniuGame\Public\ThinkPHP\Library\Think\Model.class.php 第 1173 行.
SQL: INSERT INTO `lq_room` (`zc_rate`,`zn_min_score`,`zn_bet_between_s`,`zn_bet_between_e`,`zn_extract`,`zn_room_type`,`zn_confirm`,`zn_pay_type`,`zn_play_type`,`zc_number`,`zc_title`,`zl_visible`) VALUES ('\"{\'niu1\':\'1\',\'niu2\':10}\"','1','1','10000','1','1','2','1','1','11111','dsadsa','1') [ RunTime:0.0060s ]

[ 2018-01-19T19:03:34+08:00 ] 127.0.0.1 /Room/createRoom
INFO: [ app_init ] --START--
INFO: Run Behavior\BuildLiteBehavior [ RunTime:0.000000s ]
INFO: [ app_init ] --END-- [ RunTime:0.000000s ]
INFO: [ app_begin ] --START--
INFO: Run Behavior\ReadHtmlCacheBehavior [ RunTime:0.000000s ]
INFO: Run Behavior\CheckLangBehavior [ RunTime:0.000000s ]
INFO: [ app_begin ] --END-- [ RunTime:0.000000s ]
SQL: SELECT * FROM `lq_member_token` WHERE ( zc_client_type='APP' and zn_member_id=947 ) LIMIT 1   [ RunTime:0.0070s ]
NOTIC: [8] Undefined index: validate C:\Users\Administrator\Desktop\niuniuGame\Public\ThinkPHP\Library\Think\Model.class.php 第 1230 行.
SQL: SELECT * FROM `lq_room` WHERE `zc_number` = '11111' LIMIT 1   [ RunTime:0.1260s ]

[ 2018-01-19T19:09:09+08:00 ] 127.0.0.1 /Room/createRoom
INFO: [ app_init ] --START--
INFO: Run Behavior\BuildLiteBehavior [ RunTime:0.000000s ]
INFO: [ app_init ] --END-- [ RunTime:0.000000s ]
INFO: [ app_begin ] --START--
INFO: Run Behavior\ReadHtmlCacheBehavior [ RunTime:0.000000s ]
INFO: Run Behavior\CheckLangBehavior [ RunTime:0.000000s ]
INFO: [ app_begin ] --END-- [ RunTime:0.000000s ]
ERR: SQLSTATE[HY000] [2002] ӷһʱûȷ𸴻ӵûзӦӳʧܡ


[ 2018-01-19T19:09:52+08:00 ] 127.0.0.1 /Room/createRoom
INFO: [ app_init ] --START--
INFO: Run Behavior\BuildLiteBehavior [ RunTime:0.000000s ]
INFO: [ app_init ] --END-- [ RunTime:0.000000s ]
INFO: [ app_begin ] --START--
INFO: Run Behavior\ReadHtmlCacheBehavior [ RunTime:0.000000s ]
INFO: Run Behavior\CheckLangBehavior [ RunTime:0.001000s ]
INFO: [ app_begin ] --END-- [ RunTime:0.001000s ]
ERR: SQLSTATE[HY000] [2002] ӷһʱûȷ𸴻ӵûзӦӳʧܡ


[ 2018-01-19T19:10:13+08:00 ] 127.0.0.1 /Room/createRoom
INFO: [ app_init ] --START--
INFO: Run Behavior\BuildLiteBehavior [ RunTime:0.000000s ]
INFO: [ app_init ] --END-- [ RunTime:0.000000s ]
INFO: [ app_begin ] --START--
INFO: Run Behavior\ReadHtmlCacheBehavior [ RunTime:0.001000s ]
INFO: Run Behavior\CheckLangBehavior [ RunTime:0.000000s ]
INFO: [ app_begin ] --END-- [ RunTime:0.001000s ]

[ 2018-01-19T19:11:11+08:00 ] 127.0.0.1 /Room/createRoom
INFO: [ app_init ] --START--
INFO: Run Behavior\BuildLiteBehavior [ RunTime:0.000000s ]
INFO: [ app_init ] --END-- [ RunTime:0.000000s ]
INFO: [ app_begin ] --START--
INFO: Run Behavior\ReadHtmlCacheBehavior [ RunTime:0.001000s ]
INFO: Run Behavior\CheckLangBehavior [ RunTime:0.000000s ]
INFO: [ app_begin ] --END-- [ RunTime:0.001000s ]
ERR: SQLSTATE[HY000] [2002] ӷһʱûȷ𸴻ӵûзӦӳʧܡ


[ 2018-01-19T19:11:32+08:00 ] 127.0.0.1 /Room/createRoom
INFO: [ app_init ] --START--
INFO: Run Behavior\BuildLiteBehavior [ RunTime:0.000000s ]
INFO: [ app_init ] --END-- [ RunTime:0.000000s ]
INFO: [ app_begin ] --START--
INFO: Run Behavior\ReadHtmlCacheBehavior [ RunTime:0.000000s ]
INFO: Run Behavior\CheckLangBehavior [ RunTime:0.001000s ]
INFO: [ app_begin ] --END-- [ RunTime:0.001000s ]

[ 2018-01-19T19:11:32+08:00 ] 127.0.0.1 /Room/createRoom
INFO: [ app_init ] --START--
INFO: Run Behavior\BuildLiteBehavior [ RunTime:0.000000s ]
INFO: [ app_init ] --END-- [ RunTime:0.000000s ]
INFO: [ app_begin ] --START--
INFO: Run Behavior\ReadHtmlCacheBehavior [ RunTime:0.001000s ]
INFO: Run Behavior\CheckLangBehavior [ RunTime:0.000000s ]
INFO: [ app_begin ] --END-- [ RunTime:0.001000s ]

[ 2018-01-19T19:11:53+08:00 ] 127.0.0.1 /Member/login
INFO: [ app_init ] --START--
INFO: Run Behavior\BuildLiteBehavior [ RunTime:0.000000s ]
INFO: [ app_init ] --END-- [ RunTime:0.000000s ]
INFO: [ app_begin ] --START--
INFO: Run Behavior\ReadHtmlCacheBehavior [ RunTime:0.000000s ]
INFO: Run Behavior\CheckLangBehavior [ RunTime:0.000000s ]
INFO: [ app_begin ] --END-- [ RunTime:0.000000s ]
NOTIC: [8192] Function split() is deprecated C:\Users\Administrator\Desktop\niuniuGame\LQapps\Member\Model\MemberModel.class.php 第 262 行.

