[ 2018-02-01T21:41:03+08:00 ] 127.0.0.1 /MemberFriend/getFrientList
INFO: [ app_init ] --START--
INFO: Run Behavior\BuildLiteBehavior [ RunTime:0.000000s ]
INFO: [ app_init ] --END-- [ RunTime:0.000000s ]
INFO: [ app_begin ] --START--
INFO: Run Behavior\ReadHtmlCacheBehavior [ RunTime:0.000000s ]
INFO: Run Behavior\CheckLangBehavior [ RunTime:0.000000s ]
INFO: [ app_begin ] --END-- [ RunTime:0.000000s ]
SQL: SELECT * FROM `lq_member_token` WHERE ( zn_member_id=958 ) LIMIT 1   [ RunTime:0.0000s ]
SQL: SELECT COUNT(*) AS tp_count FROM `lq_member_friend` WHERE `zl_visible` = 1 AND `zn_mid` = '958' LIMIT 1   [ RunTime:0.0156s ]
SQL: SELECT * FROM `lq_member_friend` WHERE `zl_visible` = 1 AND `zn_mid` = '958' ORDER BY zn_cdate LIMIT 0,15   [ RunTime:0.0000s ]

[ 2018-02-01T21:41:03+08:00 ] 127.0.0.1 /MemberNotice/getNotify
INFO: [ app_init ] --START--
INFO: Run Behavior\BuildLiteBehavior [ RunTime:0.000000s ]
INFO: [ app_init ] --END-- [ RunTime:0.000000s ]
INFO: [ app_begin ] --START--
INFO: Run Behavior\ReadHtmlCacheBehavior [ RunTime:0.000000s ]
INFO: Run Behavior\CheckLangBehavior [ RunTime:0.015600s ]
INFO: [ app_begin ] --END-- [ RunTime:0.015600s ]
SQL: SELECT * FROM `lq_member_token` WHERE ( zn_member_id=958 ) LIMIT 1   [ RunTime:0.0000s ]
SQL: SELECT * FROM `lq_member_notice` WHERE `zl_visible` = 1 AND `zn_mid` = '958' ORDER BY zn_way,zn_cdate LIMIT 5   [ RunTime:0.0156s ]
SQL: SELECT `zc_title`,`zc_content` FROM `lq_article` WHERE ( id=156 ) LIMIT 1   [ RunTime:0.0000s ]
SQL: SELECT `zc_title`,`zc_content` FROM `lq_article` WHERE ( id=156 ) LIMIT 1   [ RunTime:0.0000s ]
SQL: SELECT `zc_title`,`zc_content` FROM `lq_article` WHERE ( id=157 ) LIMIT 1   [ RunTime:0.0000s ]

[ 2018-02-01T21:49:13+08:00 ] 127.0.0.1 /MemberFriend/getFrientList
INFO: [ app_init ] --START--
INFO: Run Behavior\BuildLiteBehavior [ RunTime:0.000000s ]
INFO: [ app_init ] --END-- [ RunTime:0.000000s ]
INFO: [ app_begin ] --START--
INFO: Run Behavior\ReadHtmlCacheBehavior [ RunTime:0.000000s ]
INFO: Run Behavior\CheckLangBehavior [ RunTime:0.000000s ]
INFO: [ app_begin ] --END-- [ RunTime:0.000000s ]
SQL: SELECT * FROM `lq_member_token` WHERE ( zn_member_id=958 ) LIMIT 1   [ RunTime:0.0156s ]
SQL: SELECT COUNT(*) AS tp_count FROM `lq_member_friend` WHERE `zl_visible` = 1 AND `zn_mid` = '958' LIMIT 1   [ RunTime:0.0000s ]
SQL: SELECT * FROM `lq_member_friend` WHERE `zl_visible` = 1 AND `zn_mid` = '958' ORDER BY zn_cdate LIMIT 0,15   [ RunTime:0.0000s ]

[ 2018-02-01T21:49:16+08:00 ] 127.0.0.1 /MemberNotice/getNotify
INFO: [ app_init ] --START--
INFO: Run Behavior\BuildLiteBehavior [ RunTime:0.000000s ]
INFO: [ app_init ] --END-- [ RunTime:0.000000s ]
INFO: [ app_begin ] --START--
INFO: Run Behavior\ReadHtmlCacheBehavior [ RunTime:0.000000s ]
INFO: Run Behavior\CheckLangBehavior [ RunTime:0.000000s ]
INFO: [ app_begin ] --END-- [ RunTime:0.000000s ]
SQL: SELECT * FROM `lq_member_token` WHERE ( zn_member_id=958 ) LIMIT 1   [ RunTime:0.0000s ]
SQL: SELECT * FROM `lq_member_notice` WHERE `zl_visible` = 1 AND `zn_mid` = '958' ORDER BY zn_way,zn_cdate LIMIT 5   [ RunTime:0.0156s ]
SQL: SELECT `zc_title`,`zc_content` FROM `lq_article` WHERE ( id=156 ) LIMIT 1   [ RunTime:0.0000s ]
SQL: SELECT `zc_title`,`zc_content` FROM `lq_article` WHERE ( id=156 ) LIMIT 1   [ RunTime:0.0000s ]
SQL: SELECT `zc_title`,`zc_content` FROM `lq_article` WHERE ( id=157 ) LIMIT 1   [ RunTime:0.0000s ]

[ 2018-02-01T21:49:33+08:00 ] 127.0.0.1 /MemberNotice/getNotify
INFO: [ app_init ] --START--
INFO: Run Behavior\BuildLiteBehavior [ RunTime:0.000000s ]
INFO: [ app_init ] --END-- [ RunTime:0.000000s ]
INFO: [ app_begin ] --START--
INFO: Run Behavior\ReadHtmlCacheBehavior [ RunTime:0.000000s ]
INFO: Run Behavior\CheckLangBehavior [ RunTime:0.000000s ]
INFO: [ app_begin ] --END-- [ RunTime:0.000000s ]
SQL: SELECT * FROM `lq_member_token` WHERE ( zn_member_id=958 ) LIMIT 1   [ RunTime:0.0000s ]
SQL: SELECT * FROM `lq_member_notice` WHERE `zl_visible` = 1 AND `zn_mid` = '958' ORDER BY zn_way,zn_cdate LIMIT 5   [ RunTime:0.0000s ]
SQL: SELECT `zc_title`,`zc_content` FROM `lq_article` WHERE ( id=156 ) LIMIT 1   [ RunTime:0.0156s ]
SQL: SELECT `zc_title`,`zc_content` FROM `lq_article` WHERE ( id=156 ) LIMIT 1   [ RunTime:0.0000s ]
SQL: SELECT `zc_title`,`zc_content` FROM `lq_article` WHERE ( id=157 ) LIMIT 1   [ RunTime:0.0000s ]

[ 2018-02-01T21:49:33+08:00 ] 127.0.0.1 /MemberFriend/getFrientList
INFO: [ app_init ] --START--
INFO: Run Behavior\BuildLiteBehavior [ RunTime:0.000000s ]
INFO: [ app_init ] --END-- [ RunTime:0.000000s ]
INFO: [ app_begin ] --START--
INFO: Run Behavior\ReadHtmlCacheBehavior [ RunTime:0.000000s ]
INFO: Run Behavior\CheckLangBehavior [ RunTime:0.000000s ]
INFO: [ app_begin ] --END-- [ RunTime:0.000000s ]
SQL: SELECT * FROM `lq_member_token` WHERE ( zn_member_id=958 ) LIMIT 1   [ RunTime:0.0156s ]
SQL: SELECT COUNT(*) AS tp_count FROM `lq_member_friend` WHERE `zl_visible` = 1 AND `zn_mid` = '958' LIMIT 1   [ RunTime:0.0000s ]
SQL: SELECT * FROM `lq_member_friend` WHERE `zl_visible` = 1 AND `zn_mid` = '958' ORDER BY zn_cdate LIMIT 0,15   [ RunTime:0.0000s ]

[ 2018-02-01T21:50:01+08:00 ] 127.0.0.1 /MemberFriend/getFrientList
INFO: [ app_init ] --START--
INFO: Run Behavior\BuildLiteBehavior [ RunTime:0.000000s ]
INFO: [ app_init ] --END-- [ RunTime:0.000000s ]
INFO: [ app_begin ] --START--
INFO: Run Behavior\ReadHtmlCacheBehavior [ RunTime:0.000000s ]
INFO: Run Behavior\CheckLangBehavior [ RunTime:0.000000s ]
INFO: [ app_begin ] --END-- [ RunTime:0.000000s ]
SQL: SELECT * FROM `lq_member_token` WHERE ( zn_member_id=958 ) LIMIT 1   [ RunTime:0.0000s ]
SQL: SELECT COUNT(*) AS tp_count FROM `lq_member_friend` WHERE `zl_visible` = 1 AND `zn_mid` = '958' LIMIT 1   [ RunTime:0.0000s ]
SQL: SELECT * FROM `lq_member_friend` WHERE `zl_visible` = 1 AND `zn_mid` = '958' ORDER BY zn_cdate LIMIT 0,15   [ RunTime:0.0000s ]

[ 2018-02-01T21:50:01+08:00 ] 127.0.0.1 /MemberNotice/getNotify
INFO: [ app_init ] --START--
INFO: Run Behavior\BuildLiteBehavior [ RunTime:0.000000s ]
INFO: [ app_init ] --END-- [ RunTime:0.000000s ]
INFO: [ app_begin ] --START--
INFO: Run Behavior\ReadHtmlCacheBehavior [ RunTime:0.000000s ]
INFO: Run Behavior\CheckLangBehavior [ RunTime:0.000000s ]
INFO: [ app_begin ] --END-- [ RunTime:0.000000s ]
SQL: SELECT * FROM `lq_member_token` WHERE ( zn_member_id=958 ) LIMIT 1   [ RunTime:0.0000s ]
SQL: SELECT * FROM `lq_member_notice` WHERE `zl_visible` = 1 AND `zn_mid` = '958' ORDER BY zn_way,zn_cdate LIMIT 5   [ RunTime:0.0156s ]
SQL: SELECT `zc_title`,`zc_content` FROM `lq_article` WHERE ( id=156 ) LIMIT 1   [ RunTime:0.0000s ]
SQL: SELECT `zc_title`,`zc_content` FROM `lq_article` WHERE ( id=156 ) LIMIT 1   [ RunTime:0.0000s ]
SQL: SELECT `zc_title`,`zc_content` FROM `lq_article` WHERE ( id=157 ) LIMIT 1   [ RunTime:0.0000s ]

[ 2018-02-01T21:52:24+08:00 ] 127.0.0.1 /MemberFriend/getFrientList
INFO: [ app_init ] --START--
INFO: Run Behavior\BuildLiteBehavior [ RunTime:0.000000s ]
INFO: [ app_init ] --END-- [ RunTime:0.000000s ]
INFO: [ app_begin ] --START--
INFO: Run Behavior\ReadHtmlCacheBehavior [ RunTime:0.000000s ]
INFO: Run Behavior\CheckLangBehavior [ RunTime:0.015600s ]
INFO: [ app_begin ] --END-- [ RunTime:0.015600s ]
SQL: SELECT * FROM `lq_member_token` WHERE ( zn_member_id=958 ) LIMIT 1   [ RunTime:0.0156s ]
SQL: SELECT COUNT(*) AS tp_count FROM `lq_member_friend` WHERE `zl_visible` = 1 AND `zn_mid` = '958' LIMIT 1   [ RunTime:0.0156s ]
SQL: SELECT * FROM `lq_member_friend` WHERE `zl_visible` = 1 AND `zn_mid` = '958' ORDER BY zn_cdate LIMIT 0,15   [ RunTime:0.0000s ]

[ 2018-02-01T21:52:27+08:00 ] 127.0.0.1 /MemberNotice/getNotify
INFO: [ app_init ] --START--
INFO: Run Behavior\BuildLiteBehavior [ RunTime:0.000000s ]
INFO: [ app_init ] --END-- [ RunTime:0.000000s ]
INFO: [ app_begin ] --START--
INFO: Run Behavior\ReadHtmlCacheBehavior [ RunTime:0.000000s ]
INFO: Run Behavior\CheckLangBehavior [ RunTime:0.000000s ]
INFO: [ app_begin ] --END-- [ RunTime:0.000000s ]
SQL: SELECT * FROM `lq_member_token` WHERE ( zn_member_id=958 ) LIMIT 1   [ RunTime:0.0156s ]
SQL: SELECT * FROM `lq_member_notice` WHERE `zl_visible` = 1 AND `zn_mid` = '958' ORDER BY zn_way,zn_cdate LIMIT 5   [ RunTime:0.0000s ]
SQL: SELECT `zc_title`,`zc_content` FROM `lq_article` WHERE ( id=156 ) LIMIT 1   [ RunTime:0.0156s ]
SQL: SELECT `zc_title`,`zc_content` FROM `lq_article` WHERE ( id=156 ) LIMIT 1   [ RunTime:0.0000s ]
SQL: SELECT `zc_title`,`zc_content` FROM `lq_article` WHERE ( id=157 ) LIMIT 1   [ RunTime:0.0000s ]

[ 2018-02-01T21:52:47+08:00 ] 127.0.0.1 /MemberFriend/getFrientList
INFO: [ app_init ] --START--
INFO: Run Behavior\BuildLiteBehavior [ RunTime:0.000000s ]
INFO: [ app_init ] --END-- [ RunTime:0.000000s ]
INFO: [ app_begin ] --START--
INFO: Run Behavior\ReadHtmlCacheBehavior [ RunTime:0.000000s ]
INFO: Run Behavior\CheckLangBehavior [ RunTime:0.000000s ]
INFO: [ app_begin ] --END-- [ RunTime:0.000000s ]
SQL: SELECT * FROM `lq_member_token` WHERE ( zn_member_id=958 ) LIMIT 1   [ RunTime:0.0000s ]
SQL: SELECT COUNT(*) AS tp_count FROM `lq_member_friend` WHERE `zl_visible` = 1 AND `zn_mid` = '958' LIMIT 1   [ RunTime:0.0156s ]
SQL: SELECT * FROM `lq_member_friend` WHERE `zl_visible` = 1 AND `zn_mid` = '958' ORDER BY zn_cdate LIMIT 0,15   [ RunTime:0.0000s ]

[ 2018-02-01T21:52:47+08:00 ] 127.0.0.1 /MemberNotice/getNotify
INFO: [ app_init ] --START--
INFO: Run Behavior\BuildLiteBehavior [ RunTime:0.000000s ]
INFO: [ app_init ] --END-- [ RunTime:0.000000s ]
INFO: [ app_begin ] --START--
INFO: Run Behavior\ReadHtmlCacheBehavior [ RunTime:0.000000s ]
INFO: Run Behavior\CheckLangBehavior [ RunTime:0.000000s ]
INFO: [ app_begin ] --END-- [ RunTime:0.000000s ]
SQL: SELECT * FROM `lq_member_token` WHERE ( zn_member_id=958 ) LIMIT 1   [ RunTime:0.0000s ]
SQL: SELECT * FROM `lq_member_notice` WHERE `zl_visible` = 1 AND `zn_mid` = '958' ORDER BY zn_way,zn_cdate LIMIT 5   [ RunTime:0.0156s ]
SQL: SELECT `zc_title`,`zc_content` FROM `lq_article` WHERE ( id=156 ) LIMIT 1   [ RunTime:0.0000s ]
SQL: SELECT `zc_title`,`zc_content` FROM `lq_article` WHERE ( id=156 ) LIMIT 1   [ RunTime:0.0156s ]
SQL: SELECT `zc_title`,`zc_content` FROM `lq_article` WHERE ( id=157 ) LIMIT 1   [ RunTime:0.0000s ]

[ 2018-02-01T21:55:13+08:00 ] 127.0.0.1 /MemberFriend/getFrientList
INFO: [ app_init ] --START--
INFO: Run Behavior\BuildLiteBehavior [ RunTime:0.000000s ]
INFO: [ app_init ] --END-- [ RunTime:0.000000s ]
INFO: [ app_begin ] --START--
INFO: Run Behavior\ReadHtmlCacheBehavior [ RunTime:0.000000s ]
INFO: Run Behavior\CheckLangBehavior [ RunTime:0.000000s ]
INFO: [ app_begin ] --END-- [ RunTime:0.015600s ]
SQL: SELECT * FROM `lq_member_token` WHERE ( zn_member_id=958 ) LIMIT 1   [ RunTime:0.0000s ]
SQL: SELECT COUNT(*) AS tp_count FROM `lq_member_friend` WHERE `zl_visible` = 1 AND `zn_mid` = '958' LIMIT 1   [ RunTime:0.0000s ]
SQL: SELECT * FROM `lq_member_friend` WHERE `zl_visible` = 1 AND `zn_mid` = '958' ORDER BY zn_cdate LIMIT 0,15   [ RunTime:0.0156s ]

[ 2018-02-01T21:55:16+08:00 ] 127.0.0.1 /MemberNotice/getNotify
INFO: [ app_init ] --START--
INFO: Run Behavior\BuildLiteBehavior [ RunTime:0.000000s ]
INFO: [ app_init ] --END-- [ RunTime:0.000000s ]
INFO: [ app_begin ] --START--
INFO: Run Behavior\ReadHtmlCacheBehavior [ RunTime:0.000000s ]
INFO: Run Behavior\CheckLangBehavior [ RunTime:0.000000s ]
INFO: [ app_begin ] --END-- [ RunTime:0.000000s ]
SQL: SELECT * FROM `lq_member_token` WHERE ( zn_member_id=958 ) LIMIT 1   [ RunTime:0.0000s ]
SQL: SELECT * FROM `lq_member_notice` WHERE `zl_visible` = 1 AND `zn_mid` = '958' ORDER BY zn_way,zn_cdate LIMIT 5   [ RunTime:0.0000s ]
SQL: SELECT `zc_title`,`zc_content` FROM `lq_article` WHERE ( id=156 ) LIMIT 1   [ RunTime:0.0000s ]
SQL: SELECT `zc_title`,`zc_content` FROM `lq_article` WHERE ( id=156 ) LIMIT 1   [ RunTime:0.0156s ]
SQL: SELECT `zc_title`,`zc_content` FROM `lq_article` WHERE ( id=157 ) LIMIT 1   [ RunTime:0.0000s ]

[ 2018-02-01T21:55:18+08:00 ] 127.0.0.1 /MemberNotice/getNotify
INFO: [ app_init ] --START--
INFO: Run Behavior\BuildLiteBehavior [ RunTime:0.000000s ]
INFO: [ app_init ] --END-- [ RunTime:0.000000s ]
INFO: [ app_begin ] --START--
INFO: Run Behavior\ReadHtmlCacheBehavior [ RunTime:0.015600s ]
INFO: Run Behavior\CheckLangBehavior [ RunTime:0.000000s ]
INFO: [ app_begin ] --END-- [ RunTime:0.015600s ]
SQL: SELECT * FROM `lq_member_token` WHERE ( zn_member_id=958 ) LIMIT 1   [ RunTime:0.0000s ]
SQL: SELECT * FROM `lq_member_notice` WHERE `zl_visible` = 1 AND `zn_mid` = '958' ORDER BY zn_way,zn_cdate LIMIT 5   [ RunTime:0.0000s ]
SQL: SELECT `zc_title`,`zc_content` FROM `lq_article` WHERE ( id=156 ) LIMIT 1   [ RunTime:0.0156s ]
SQL: SELECT `zc_title`,`zc_content` FROM `lq_article` WHERE ( id=156 ) LIMIT 1   [ RunTime:0.0000s ]
SQL: SELECT `zc_title`,`zc_content` FROM `lq_article` WHERE ( id=157 ) LIMIT 1   [ RunTime:0.0000s ]

[ 2018-02-01T21:55:18+08:00 ] 127.0.0.1 /MemberFriend/getFrientList
INFO: [ app_init ] --START--
INFO: Run Behavior\BuildLiteBehavior [ RunTime:0.000000s ]
INFO: [ app_init ] --END-- [ RunTime:0.000000s ]
INFO: [ app_begin ] --START--
INFO: Run Behavior\ReadHtmlCacheBehavior [ RunTime:0.000000s ]
INFO: Run Behavior\CheckLangBehavior [ RunTime:0.000000s ]
INFO: [ app_begin ] --END-- [ RunTime:0.000000s ]
SQL: SELECT * FROM `lq_member_token` WHERE ( zn_member_id=958 ) LIMIT 1   [ RunTime:0.0156s ]
SQL: SELECT COUNT(*) AS tp_count FROM `lq_member_friend` WHERE `zl_visible` = 1 AND `zn_mid` = '958' LIMIT 1   [ RunTime:0.0000s ]
SQL: SELECT * FROM `lq_member_friend` WHERE `zl_visible` = 1 AND `zn_mid` = '958' ORDER BY zn_cdate LIMIT 0,15   [ RunTime:0.0000s ]

[ 2018-02-01T22:03:30+08:00 ] 127.0.0.1 /MemberFriend/getFrientList
INFO: [ app_init ] --START--
INFO: Run Behavior\BuildLiteBehavior [ RunTime:0.000000s ]
INFO: [ app_init ] --END-- [ RunTime:0.000000s ]
INFO: [ app_begin ] --START--
INFO: Run Behavior\ReadHtmlCacheBehavior [ RunTime:0.015600s ]
INFO: Run Behavior\CheckLangBehavior [ RunTime:0.000000s ]
INFO: [ app_begin ] --END-- [ RunTime:0.015600s ]
SQL: SELECT * FROM `lq_member_token` WHERE ( zn_member_id=958 ) LIMIT 1   [ RunTime:0.0156s ]
SQL: SELECT COUNT(*) AS tp_count FROM `lq_member_friend` WHERE `zl_visible` = 1 AND `zn_mid` = '958' LIMIT 1   [ RunTime:0.0000s ]
SQL: SELECT * FROM `lq_member_friend` WHERE `zl_visible` = 1 AND `zn_mid` = '958' ORDER BY zn_cdate LIMIT 0,15   [ RunTime:0.0000s ]

[ 2018-02-01T22:03:33+08:00 ] 127.0.0.1 /MemberNotice/getNotify
INFO: [ app_init ] --START--
INFO: Run Behavior\BuildLiteBehavior [ RunTime:0.000000s ]
INFO: [ app_init ] --END-- [ RunTime:0.000000s ]
INFO: [ app_begin ] --START--
INFO: Run Behavior\ReadHtmlCacheBehavior [ RunTime:0.000000s ]
INFO: Run Behavior\CheckLangBehavior [ RunTime:0.015600s ]
INFO: [ app_begin ] --END-- [ RunTime:0.015600s ]
SQL: SELECT * FROM `lq_member_token` WHERE ( zn_member_id=958 ) LIMIT 1   [ RunTime:0.0000s ]
SQL: SELECT * FROM `lq_member_notice` WHERE `zl_visible` = 1 AND `zn_mid` = '958' ORDER BY zn_way,zn_cdate LIMIT 5   [ RunTime:0.0000s ]
SQL: SELECT `zc_title`,`zc_content` FROM `lq_article` WHERE ( id=156 ) LIMIT 1   [ RunTime:0.0000s ]
SQL: SELECT `zc_title`,`zc_content` FROM `lq_article` WHERE ( id=156 ) LIMIT 1   [ RunTime:0.0000s ]
SQL: SELECT `zc_title`,`zc_content` FROM `lq_article` WHERE ( id=157 ) LIMIT 1   [ RunTime:0.0156s ]

[ 2018-02-01T22:03:39+08:00 ] 127.0.0.1 /MemberFriend/getFrientList
INFO: [ app_init ] --START--
INFO: Run Behavior\BuildLiteBehavior [ RunTime:0.000000s ]
INFO: [ app_init ] --END-- [ RunTime:0.000000s ]
INFO: [ app_begin ] --START--
INFO: Run Behavior\ReadHtmlCacheBehavior [ RunTime:0.000000s ]
INFO: Run Behavior\CheckLangBehavior [ RunTime:0.000000s ]
INFO: [ app_begin ] --END-- [ RunTime:0.000000s ]
SQL: SELECT * FROM `lq_member_token` WHERE ( zn_member_id=958 ) LIMIT 1   [ RunTime:0.0000s ]
SQL: SELECT COUNT(*) AS tp_count FROM `lq_member_friend` WHERE `zl_visible` = 1 AND `zn_mid` = '958' LIMIT 1   [ RunTime:0.0156s ]
SQL: SELECT * FROM `lq_member_friend` WHERE `zl_visible` = 1 AND `zn_mid` = '958' ORDER BY zn_cdate LIMIT 0,15   [ RunTime:0.0156s ]

[ 2018-02-01T22:03:39+08:00 ] 127.0.0.1 /MemberNotice/getNotify
INFO: [ app_init ] --START--
INFO: Run Behavior\BuildLiteBehavior [ RunTime:0.000000s ]
INFO: [ app_init ] --END-- [ RunTime:0.000000s ]
INFO: [ app_begin ] --START--
INFO: Run Behavior\ReadHtmlCacheBehavior [ RunTime:0.000000s ]
INFO: Run Behavior\CheckLangBehavior [ RunTime:0.000000s ]
INFO: [ app_begin ] --END-- [ RunTime:0.000000s ]
SQL: SELECT * FROM `lq_member_token` WHERE ( zn_member_id=958 ) LIMIT 1   [ RunTime:0.0000s ]
SQL: SELECT * FROM `lq_member_notice` WHERE `zl_visible` = 1 AND `zn_mid` = '958' ORDER BY zn_way,zn_cdate LIMIT 5   [ RunTime:0.0156s ]
SQL: SELECT `zc_title`,`zc_content` FROM `lq_article` WHERE ( id=156 ) LIMIT 1   [ RunTime:0.0156s ]
SQL: SELECT `zc_title`,`zc_content` FROM `lq_article` WHERE ( id=156 ) LIMIT 1   [ RunTime:0.0312s ]
SQL: SELECT `zc_title`,`zc_content` FROM `lq_article` WHERE ( id=157 ) LIMIT 1   [ RunTime:0.0156s ]

[ 2018-02-01T22:03:44+08:00 ] 127.0.0.1 /MemberFriend/getFrientList
INFO: [ app_init ] --START--
INFO: Run Behavior\BuildLiteBehavior [ RunTime:0.000000s ]
INFO: [ app_init ] --END-- [ RunTime:0.000000s ]
INFO: [ app_begin ] --START--
INFO: Run Behavior\ReadHtmlCacheBehavior [ RunTime:0.000000s ]
INFO: Run Behavior\CheckLangBehavior [ RunTime:0.000000s ]
INFO: [ app_begin ] --END-- [ RunTime:0.000000s ]
SQL: SELECT * FROM `lq_member_token` WHERE ( zn_member_id=958 ) LIMIT 1   [ RunTime:0.0156s ]
SQL: SELECT COUNT(*) AS tp_count FROM `lq_member_friend` WHERE `zl_visible` = 1 AND `zn_mid` = '958' LIMIT 1   [ RunTime:0.0156s ]
SQL: SELECT * FROM `lq_member_friend` WHERE `zl_visible` = 1 AND `zn_mid` = '958' ORDER BY zn_cdate LIMIT 0,15   [ RunTime:0.0000s ]

[ 2018-02-01T22:03:44+08:00 ] 127.0.0.1 /MemberNotice/getNotify
INFO: [ app_init ] --START--
INFO: Run Behavior\BuildLiteBehavior [ RunTime:0.000000s ]
INFO: [ app_init ] --END-- [ RunTime:0.000000s ]
INFO: [ app_begin ] --START--
INFO: Run Behavior\ReadHtmlCacheBehavior [ RunTime:0.000000s ]
INFO: Run Behavior\CheckLangBehavior [ RunTime:0.000000s ]
INFO: [ app_begin ] --END-- [ RunTime:0.000000s ]
SQL: SELECT * FROM `lq_member_token` WHERE ( zn_member_id=958 ) LIMIT 1   [ RunTime:0.0156s ]
SQL: SELECT * FROM `lq_member_notice` WHERE `zl_visible` = 1 AND `zn_mid` = '958' ORDER BY zn_way,zn_cdate LIMIT 5   [ RunTime:0.0156s ]
SQL: SELECT `zc_title`,`zc_content` FROM `lq_article` WHERE ( id=156 ) LIMIT 1   [ RunTime:0.0000s ]
SQL: SELECT `zc_title`,`zc_content` FROM `lq_article` WHERE ( id=156 ) LIMIT 1   [ RunTime:0.0156s ]
SQL: SELECT `zc_title`,`zc_content` FROM `lq_article` WHERE ( id=157 ) LIMIT 1   [ RunTime:0.0000s ]

[ 2018-02-01T22:04:36+08:00 ] 127.0.0.1 /MemberFriend/getFrientList
INFO: [ app_init ] --START--
INFO: Run Behavior\BuildLiteBehavior [ RunTime:0.000000s ]
INFO: [ app_init ] --END-- [ RunTime:0.000000s ]
INFO: [ app_begin ] --START--
INFO: Run Behavior\ReadHtmlCacheBehavior [ RunTime:0.000000s ]
INFO: Run Behavior\CheckLangBehavior [ RunTime:0.000000s ]
INFO: [ app_begin ] --END-- [ RunTime:0.000000s ]
SQL: SELECT * FROM `lq_member_token` WHERE ( zn_member_id=958 ) LIMIT 1   [ RunTime:0.0000s ]
SQL: SELECT * FROM `lq_member` WHERE (  id = 958 ) LIMIT 1   [ RunTime:0.0156s ]
SQL: SELECT COUNT(*) AS tp_count FROM `lq_member_friend` WHERE `zl_visible` = 1 AND `zn_mid` = '958' LIMIT 1   [ RunTime:0.0000s ]
SQL: SELECT * FROM `lq_member_friend` WHERE `zl_visible` = 1 AND `zn_mid` = '958' ORDER BY zn_cdate LIMIT 0,15   [ RunTime:0.0000s ]

[ 2018-02-01T22:04:36+08:00 ] 127.0.0.1 /MemberNotice/getNotify
INFO: [ app_init ] --START--
INFO: Run Behavior\BuildLiteBehavior [ RunTime:0.000000s ]
INFO: [ app_init ] --END-- [ RunTime:0.000000s ]
INFO: [ app_begin ] --START--
INFO: Run Behavior\ReadHtmlCacheBehavior [ RunTime:0.000000s ]
INFO: Run Behavior\CheckLangBehavior [ RunTime:0.000000s ]
INFO: [ app_begin ] --END-- [ RunTime:0.000000s ]
SQL: SELECT * FROM `lq_member_token` WHERE ( zn_member_id=958 ) LIMIT 1   [ RunTime:0.0156s ]
SQL: SELECT * FROM `lq_member` WHERE (  id = 958 ) LIMIT 1   [ RunTime:0.0156s ]
SQL: SELECT * FROM `lq_member_notice` WHERE `zl_visible` = 1 AND `zn_mid` = '958' ORDER BY zn_way,zn_cdate LIMIT 5   [ RunTime:0.0000s ]
SQL: SELECT `zc_title`,`zc_content` FROM `lq_article` WHERE ( id=156 ) LIMIT 1   [ RunTime:0.0156s ]
SQL: SELECT `zc_title`,`zc_content` FROM `lq_article` WHERE ( id=156 ) LIMIT 1   [ RunTime:0.0000s ]
SQL: SELECT `zc_title`,`zc_content` FROM `lq_article` WHERE ( id=157 ) LIMIT 1   [ RunTime:0.0156s ]

[ 2018-02-01T22:04:39+08:00 ] 127.0.0.1 /MemberFriend/getFrientList
INFO: [ app_init ] --START--
INFO: Run Behavior\BuildLiteBehavior [ RunTime:0.000000s ]
INFO: [ app_init ] --END-- [ RunTime:0.000000s ]
INFO: [ app_begin ] --START--
INFO: Run Behavior\ReadHtmlCacheBehavior [ RunTime:0.000000s ]
INFO: Run Behavior\CheckLangBehavior [ RunTime:0.000000s ]
INFO: [ app_begin ] --END-- [ RunTime:0.000000s ]
SQL: SELECT * FROM `lq_member_token` WHERE ( zn_member_id=958 ) LIMIT 1   [ RunTime:0.0156s ]
SQL: SELECT COUNT(*) AS tp_count FROM `lq_member_friend` WHERE `zl_visible` = 1 AND `zn_mid` = '958' LIMIT 1   [ RunTime:0.0000s ]
SQL: SELECT * FROM `lq_member_friend` WHERE `zl_visible` = 1 AND `zn_mid` = '958' ORDER BY zn_cdate LIMIT 0,15   [ RunTime:0.0000s ]

[ 2018-02-01T22:04:39+08:00 ] 127.0.0.1 /MemberNotice/getNotify
INFO: [ app_init ] --START--
INFO: Run Behavior\BuildLiteBehavior [ RunTime:0.000000s ]
INFO: [ app_init ] --END-- [ RunTime:0.000000s ]
INFO: [ app_begin ] --START--
INFO: Run Behavior\ReadHtmlCacheBehavior [ RunTime:0.000000s ]
INFO: Run Behavior\CheckLangBehavior [ RunTime:0.000000s ]
INFO: [ app_begin ] --END-- [ RunTime:0.000000s ]
SQL: SELECT * FROM `lq_member_token` WHERE ( zn_member_id=958 ) LIMIT 1   [ RunTime:0.0000s ]
SQL: SELECT * FROM `lq_member_notice` WHERE `zl_visible` = 1 AND `zn_mid` = '958' ORDER BY zn_way,zn_cdate LIMIT 5   [ RunTime:0.0000s ]
SQL: SELECT `zc_title`,`zc_content` FROM `lq_article` WHERE ( id=156 ) LIMIT 1   [ RunTime:0.0156s ]
SQL: SELECT `zc_title`,`zc_content` FROM `lq_article` WHERE ( id=156 ) LIMIT 1   [ RunTime:0.0000s ]
SQL: SELECT `zc_title`,`zc_content` FROM `lq_article` WHERE ( id=157 ) LIMIT 1   [ RunTime:0.0000s ]

